#
# A fatal error has been detected by the Java Runtime Environment:
#
#  SIGSEGV (0xb) at pc=0x00007f259e712c9e, pid=2391, tid=0x00007f259ee74700
#
# JRE version: OpenJDK Runtime Environment (8.0_111-b14) (build 1.8.0_111-8u111-b14-2ubuntu0.16.04.2-b14)
# Java VM: OpenJDK 64-Bit Server VM (25.111-b14 mixed mode linux-amd64 compressed oops)
# Problematic frame:
# C  [libc.so.6+0x9ec9e]
#
# Failed to write core dump. Core dumps have been disabled. To enable core dumping, try "ulimit -c unlimited" before starting Java again
#
# If you would like to submit a bug report, please visit:
#   http://bugreport.java.com/bugreport/crash.jsp
# The crash happened outside the Java Virtual Machine in native code.
# See problematic frame for where to report the bug.
#

---------------  T H R E A D  ---------------

Current thread (0x00007f259800e000):  JavaThread "main" [_thread_in_native, id=2392, stack(0x00007f259ed74000,0x00007f259ee75000)]

siginfo: si_signo: 11 (SIGSEGV), si_code: 2 (SEGV_ACCERR), si_addr: 0x00007f2599b84740

Registers:
RAX=0x000000005afd6750, RBX=0x00007f253cbae000, RCX=0x0000000002000000, RDX=0x0000000001000000
RSP=0x00007f259ee72918, RBP=0x00007f259ee729a0, RSI=0x00007f2598b84750, RDI=0x00007f253cbae000
R8 =0x0000000000002000, R9 =0x0000000000000001, R10=0x0000000000002000, R11=0x0000000000000246
R12=0x00007f2598b84750, R13=0x0000000000002000, R14=0x0000000000000800, R15=0x0000000000000001
RIP=0x00007f259e712c9e, EFLAGS=0x0000000000010202, CSGSFS=0x0000000000000033, ERR=0x0000000000000004
  TRAPNO=0x000000000000000e

Top of Stack: (sp=0x00007f259ee72918)
0x00007f259ee72918:   00007f254611f09f 0000000000000800
0x00007f259ee72928:   00007f2598b84750 0000000000002000
0x00007f259ee72938:   0000000000000000 0000000000000000
0x00007f259ee72948:   0000000000000000 0000000000000000
0x00007f259ee72958:   0000004300002000 0000000001000000
0x00007f259ee72968:   0000000001000000 0000000000000000
0x00007f259ee72978:   00007f259846ff60 00007f259ee72b20
0x00007f259ee72988:   00007f2598b84750 00007f25987305a0
0x00007f259ee72998:   0000000000002000 00007f259ee72a30
0x00007f259ee729a8:   00007f2546123297 0000000000000000
0x00007f259ee729b8:   0000000000000800 0000000000000800
0x00007f259ee729c8:   0000000000000001 00007f2598b84750
0x00007f259ee729d8:   0000000000002000 0000000001000000
0x00007f259ee729e8:   0000000000000000 0000000000000000
0x00007f259ee729f8:   0000000000000000 00007f2598781e10
0x00007f259ee72a08:   5b64c2f9148ad200 0000000001000000
0x00007f259ee72a18:   00007f25985fc040 00007f2598b56160
0x00007f259ee72a28:   00007f25985e0dd0 00007f259ee72c60
0x00007f259ee72a38:   00007f2545efef3c 0000000000002000
0x00007f259ee72a48:   0000000001000000 0000000000000000
0x00007f259ee72a58:   000000000000000e 0000000000000000
0x00007f259ee72a68:   0000000000000000 0000000000000000
0x00007f259ee72a78:   5b64c2f9148ad200 ffffffffffffffff
0x00007f259ee72a88:   0000000000000000 0000000000000043
0x00007f259ee72a98:   00007f25986145b0 00007f25984cfad0
0x00007f259ee72aa8:   000000000000000a 00007f259846ff60
0x00007f259ee72ab8:   0000000000000de1 0000000000000000
0x00007f259ee72ac8:   0000000200000000 00007f25987305a0
0x00007f259ee72ad8:   00007f2598b84750 0000000000000000
0x00007f259ee72ae8:   0000000a00000000 0000000000000004
0x00007f259ee72af8:   0000000000000000 0000000000000043
0x00007f259ee72b08:   5b64c2f9148ad200 0000000000000000 

Instructions: (pc=0x00007f259e712c9e)
0x00007f259e712c7e:   39 c8 0f 82 07 01 00 00 48 83 fa 10 0f 86 8b 01
0x00007f259e712c8e:   00 00 f3 44 0f 6f 06 48 83 fa 20 f3 44 0f 7f 07
0x00007f259e712c9e:   f3 44 0f 6f 44 16 f0 f3 44 0f 7f 44 17 f0 77 12
0x00007f259e712cae:   48 89 f8 c3 0f 1f 40 00 66 2e 0f 1f 84 00 00 00 

Register to memory mapping:

RAX=0x000000005afd6750 is an unknown value
RBX=0x00007f253cbae000 is an unknown value
RCX=0x0000000002000000 is an unknown value
RDX=0x0000000001000000 is an unknown value
RSP=0x00007f259ee72918 is pointing into the stack for thread: 0x00007f259800e000
RBP=0x00007f259ee729a0 is pointing into the stack for thread: 0x00007f259800e000
RSI=0x00007f2598b84750 is an unknown value
RDI=0x00007f253cbae000 is an unknown value
R8 =0x0000000000002000 is an unknown value
R9 =0x0000000000000001 is an unknown value
R10=0x0000000000002000 is an unknown value
R11=0x0000000000000246 is an unknown value
R12=0x00007f2598b84750 is an unknown value
R13=0x0000000000002000 is an unknown value
R14=0x0000000000000800 is an unknown value
R15=0x0000000000000001 is an unknown value


Stack: [0x00007f259ed74000,0x00007f259ee75000],  sp=0x00007f259ee72918,  free space=1018k
Native frames: (J=compiled Java code, j=interpreted, Vv=VM code, C=native code)
C  [libc.so.6+0x9ec9e]
C  [radeonsi_dri.so+0x417297]
C  [radeonsi_dri.so+0x1f2f3c]
C  [radeonsi_dri.so+0x1f48bb]
C  [radeonsi_dri.so+0x17641a]
C  [radeonsi_dri.so+0x17722d]
j  org.lwjgl.system.JNI.callPV(JIIIIIIIIJ)V+0
j  org.lwjgl.opengl.GL11.nglTexImage2D(IIIIIIIIJ)V+24
j  org.lwjgl.opengl.GL11.glTexImage2D(IIIIIIIILjava/nio/ByteBuffer;)V+17
j  Main.Loader.createTextureFromByteBuffer(Ljava/nio/ByteBuffer;II)LMain/Texture;+52
j  Main.Map.<init>(LMain/Camera;LMain/Shader;LMain/Loader;LMain/Renderer;Lorg/joml/Vector3f;)V+345
j  Main.Game.<init>(LMain/Window;)V+186
j  Main.Main.<init>()V+104
j  Main.Main.main([Ljava/lang/String;)V+4
v  ~StubRoutines::call_stub
V  [libjvm.so+0x66088b]
V  [libjvm.so+0x935a26]
V  [libjvm.so+0x93773f]
V  [libjvm.so+0x6ac489]  JVM_InvokeMethod+0x119
j  sun.reflect.NativeMethodAccessorImpl.invoke0(Ljava/lang/reflect/Method;Ljava/lang/Object;[Ljava/lang/Object;)Ljava/lang/Object;+0
j  sun.reflect.NativeMethodAccessorImpl.invoke(Ljava/lang/Object;[Ljava/lang/Object;)Ljava/lang/Object;+100
j  sun.reflect.DelegatingMethodAccessorImpl.invoke(Ljava/lang/Object;[Ljava/lang/Object;)Ljava/lang/Object;+6
j  java.lang.reflect.Method.invoke(Ljava/lang/Object;[Ljava/lang/Object;)Ljava/lang/Object;+56
j  com.intellij.rt.execution.application.AppMain.main([Ljava/lang/String;)V+180
v  ~StubRoutines::call_stub
V  [libjvm.so+0x66088b]
V  [libjvm.so+0x6825ce]
V  [libjvm.so+0x684eff]
C  [libjli.so+0x3552]
C  [libjli.so+0x73dd]
C  [libpthread.so.0+0x76ba]  start_thread+0xca

Java frames: (J=compiled Java code, j=interpreted, Vv=VM code)
j  org.lwjgl.system.JNI.callPV(JIIIIIIIIJ)V+0
j  org.lwjgl.opengl.GL11.nglTexImage2D(IIIIIIIIJ)V+24
j  org.lwjgl.opengl.GL11.glTexImage2D(IIIIIIIILjava/nio/ByteBuffer;)V+17
j  Main.Loader.createTextureFromByteBuffer(Ljava/nio/ByteBuffer;II)LMain/Texture;+52
j  Main.Map.<init>(LMain/Camera;LMain/Shader;LMain/Loader;LMain/Renderer;Lorg/joml/Vector3f;)V+345
j  Main.Game.<init>(LMain/Window;)V+186
j  Main.Main.<init>()V+104
j  Main.Main.main([Ljava/lang/String;)V+4
v  ~StubRoutines::call_stub
j  sun.reflect.NativeMethodAccessorImpl.invoke0(Ljava/lang/reflect/Method;Ljava/lang/Object;[Ljava/lang/Object;)Ljava/lang/Object;+0
j  sun.reflect.NativeMethodAccessorImpl.invoke(Ljava/lang/Object;[Ljava/lang/Object;)Ljava/lang/Object;+100
j  sun.reflect.DelegatingMethodAccessorImpl.invoke(Ljava/lang/Object;[Ljava/lang/Object;)Ljava/lang/Object;+6
j  java.lang.reflect.Method.invoke(Ljava/lang/Object;[Ljava/lang/Object;)Ljava/lang/Object;+56
j  com.intellij.rt.execution.application.AppMain.main([Ljava/lang/String;)V+180
v  ~StubRoutines::call_stub

---------------  P R O C E S S  ---------------

Java Threads: ( => current thread )
  0x00007f2598b6c800 JavaThread "Java2D Disposer" daemon [_thread_blocked, id=2417, stack(0x00007f253dbb3000,0x00007f253dcb4000)]
  0x00007f259833f000 JavaThread "Monitor Ctrl-Break" daemon [_thread_in_native, id=2406, stack(0x00007f256ee0b000,0x00007f256ef0c000)]
  0x00007f25980be000 JavaThread "Service Thread" daemon [_thread_blocked, id=2404, stack(0x00007f256f49f000,0x00007f256f5a0000)]
  0x00007f25980b6800 JavaThread "C1 CompilerThread2" daemon [_thread_blocked, id=2403, stack(0x00007f256f5a0000,0x00007f256f6a1000)]
  0x00007f25980b5000 JavaThread "C2 CompilerThread1" daemon [_thread_blocked, id=2402, stack(0x00007f256f6a1000,0x00007f256f7a2000)]
  0x00007f25980b2000 JavaThread "C2 CompilerThread0" daemon [_thread_blocked, id=2401, stack(0x00007f256f7a2000,0x00007f256f8a3000)]
  0x00007f25980b0000 JavaThread "Signal Dispatcher" daemon [_thread_blocked, id=2400, stack(0x00007f256f8a3000,0x00007f256f9a4000)]
  0x00007f2598087800 JavaThread "Finalizer" daemon [_thread_blocked, id=2399, stack(0x00007f256fdfe000,0x00007f256feff000)]
  0x00007f2598083000 JavaThread "Reference Handler" daemon [_thread_blocked, id=2398, stack(0x00007f256feff000,0x00007f2570000000)]
=>0x00007f259800e000 JavaThread "main" [_thread_in_native, id=2392, stack(0x00007f259ed74000,0x00007f259ee75000)]

Other Threads:
  0x00007f259807b000 VMThread [stack: 0x00007f2584081000,0x00007f2584182000] [id=2397]
  0x00007f25980c0800 WatcherThread [stack: 0x00007f256f39e000,0x00007f256f49f000] [id=2405]

VM state:not at safepoint (normal execution)

VM Mutex/Monitor currently owned by a thread: None

Heap:
 PSYoungGen      total 35328K, used 12254K [0x00000000eb500000, 0x00000000eda00000, 0x0000000100000000)
  eden space 32768K, 29% used [0x00000000eb500000,0x00000000ebe7f878,0x00000000ed500000)
  from space 2560K, 98% used [0x00000000ed780000,0x00000000ed9f8010,0x00000000eda00000)
  to   space 2560K, 0% used [0x00000000ed500000,0x00000000ed500000,0x00000000ed780000)
 ParOldGen       total 44032K, used 2149K [0x00000000c1e00000, 0x00000000c4900000, 0x00000000eb500000)
  object space 44032K, 4% used [0x00000000c1e00000,0x00000000c20195f8,0x00000000c4900000)
 Metaspace       used 10765K, capacity 10971K, committed 11264K, reserved 1058816K
  class space    used 962K, capacity 1023K, committed 1024K, reserved 1048576K

Card table byte_map: [0x00007f2587fea000,0x00007f25881dc000] byte_map_base: 0x00007f25879db000

Marking Bits: (ParMarkBitMap*) 0x00007f259e009220
 Begin Bits: [0x00007f2585cd6000, 0x00007f2586c5e000)
 End Bits:   [0x00007f2586c5e000, 0x00007f2587be6000)

Polling page: 0x00007f259ed73000

CodeCache: size=245760Kb used=3107Kb max_used=3121Kb free=242652Kb
 bounds [0x00007f258859c000, 0x00007f25888ac000, 0x00007f259759c000]
 total_blobs=1561 nmethods=749 adapters=728
 compilation: enabled

Compilation events (10 events):
Event: 1,777 Thread 0x00007f25980b5000  745       4       java.util.zip.Inflater::ensureOpen (47 bytes)
Event: 1,778 Thread 0x00007f25980b5000 nmethod 745 0x00007f2588892590 code [0x00007f25888926e0, 0x00007f2588892778]
Event: 1,779 Thread 0x00007f25980b5000  746   !   4       java.util.zip.Inflater::inflate (113 bytes)
Event: 1,782 Thread 0x00007f25980b5000 nmethod 746 0x00007f25888a38d0 code [0x00007f25888a3a40, 0x00007f25888a3f08]
Event: 1,787 Thread 0x00007f25980b2000  747       4       java.io.BufferedInputStream::read1 (108 bytes)
Event: 1,791 Thread 0x00007f25980b2000 nmethod 747 0x00007f25888a3090 code [0x00007f25888a3200, 0x00007f25888a3548]
Event: 1,795 Thread 0x00007f25980b5000  748 %     4       Main.Loader::loadImageFileToByteBuffer @ 89 (184 bytes)
Event: 1,810 Thread 0x00007f25980b5000 nmethod 748% 0x00007f25888a4d90 code [0x00007f25888a4f40, 0x00007f25888a5638]
Event: 1,810 Thread 0x00007f25980b2000  749       4       Main.Loader::loadImageFileToByteBuffer (184 bytes)
Event: 1,849 Thread 0x00007f25980b2000 nmethod 749 0x00007f25888a6210 code [0x00007f25888a6440, 0x00007f25888a70a0]

GC Heap History (8 events):
Event: 1,135 GC heap before
{Heap before GC invocations=1 (full 0):
 PSYoungGen      total 18944K, used 16384K [0x00000000eb500000, 0x00000000eca00000, 0x0000000100000000)
  eden space 16384K, 100% used [0x00000000eb500000,0x00000000ec500000,0x00000000ec500000)
  from space 2560K, 0% used [0x00000000ec780000,0x00000000ec780000,0x00000000eca00000)
  to   space 2560K, 0% used [0x00000000ec500000,0x00000000ec500000,0x00000000ec780000)
 ParOldGen       total 44032K, used 0K [0x00000000c1e00000, 0x00000000c4900000, 0x00000000eb500000)
  object space 44032K, 0% used [0x00000000c1e00000,0x00000000c1e00000,0x00000000c4900000)
 Metaspace       used 8030K, capacity 8209K, committed 8448K, reserved 1056768K
  class space    used 692K, capacity 762K, committed 768K, reserved 1048576K
Event: 1,140 GC heap after
Heap after GC invocations=1 (full 0):
 PSYoungGen      total 18944K, used 2538K [0x00000000eb500000, 0x00000000eca00000, 0x0000000100000000)
  eden space 16384K, 0% used [0x00000000eb500000,0x00000000eb500000,0x00000000ec500000)
  from space 2560K, 99% used [0x00000000ec500000,0x00000000ec77a910,0x00000000ec780000)
  to   space 2560K, 0% used [0x00000000ec780000,0x00000000ec780000,0x00000000eca00000)
 ParOldGen       total 44032K, used 456K [0x00000000c1e00000, 0x00000000c4900000, 0x00000000eb500000)
  object space 44032K, 1% used [0x00000000c1e00000,0x00000000c1e722e8,0x00000000c4900000)
 Metaspace       used 8030K, capacity 8209K, committed 8448K, reserved 1056768K
  class space    used 692K, capacity 762K, committed 768K, reserved 1048576K
}
Event: 1,724 GC heap before
{Heap before GC invocations=2 (full 0):
 PSYoungGen      total 18944K, used 18922K [0x00000000eb500000, 0x00000000eca00000, 0x0000000100000000)
  eden space 16384K, 100% used [0x00000000eb500000,0x00000000ec500000,0x00000000ec500000)
  from space 2560K, 99% used [0x00000000ec500000,0x00000000ec77a910,0x00000000ec780000)
  to   space 2560K, 0% used [0x00000000ec780000,0x00000000ec780000,0x00000000eca00000)
 ParOldGen       total 44032K, used 456K [0x00000000c1e00000, 0x00000000c4900000, 0x00000000eb500000)
  object space 44032K, 1% used [0x00000000c1e00000,0x00000000c1e722e8,0x00000000c4900000)
 Metaspace       used 10754K, capacity 10971K, committed 11264K, reserved 1058816K
  class space    used 961K, capacity 1023K, committed 1024K, reserved 1048576K
Event: 1,733 GC heap after
Heap after GC invocations=2 (full 0):
 PSYoungGen      total 18944K, used 2528K [0x00000000eb500000, 0x00000000eca00000, 0x0000000100000000)
  eden space 16384K, 0% used [0x00000000eb500000,0x00000000eb500000,0x00000000ec500000)
  from space 2560K, 98% used [0x00000000ec780000,0x00000000ec9f8010,0x00000000eca00000)
  to   space 2560K, 0% used [0x00000000ec500000,0x00000000ec500000,0x00000000ec780000)
 ParOldGen       total 44032K, used 2141K [0x00000000c1e00000, 0x00000000c4900000, 0x00000000eb500000)
  object space 44032K, 4% used [0x00000000c1e00000,0x00000000c20175f8,0x00000000c4900000)
 Metaspace       used 10754K, capacity 10971K, committed 11264K, reserved 1058816K
  class space    used 961K, capacity 1023K, committed 1024K, reserved 1048576K
}
Event: 1,761 GC heap before
{Heap before GC invocations=3 (full 0):
 PSYoungGen      total 18944K, used 18840K [0x00000000eb500000, 0x00000000eca00000, 0x0000000100000000)
  eden space 16384K, 99% used [0x00000000eb500000,0x00000000ec4ee1d8,0x00000000ec500000)
  from space 2560K, 98% used [0x00000000ec780000,0x00000000ec9f8010,0x00000000eca00000)
  to   space 2560K, 0% used [0x00000000ec500000,0x00000000ec500000,0x00000000ec780000)
 ParOldGen       total 44032K, used 2141K [0x00000000c1e00000, 0x00000000c4900000, 0x00000000eb500000)
  object space 44032K, 4% used [0x00000000c1e00000,0x00000000c20175f8,0x00000000c4900000)
 Metaspace       used 10765K, capacity 10971K, committed 11264K, reserved 1058816K
  class space    used 962K, capacity 1023K, committed 1024K, reserved 1048576K
Event: 1,772 GC heap after
Heap after GC invocations=3 (full 0):
 PSYoungGen      total 18944K, used 1568K [0x00000000eb500000, 0x00000000eda00000, 0x0000000100000000)
  eden space 16384K, 0% used [0x00000000eb500000,0x00000000eb500000,0x00000000ec500000)
  from space 2560K, 61% used [0x00000000ec500000,0x00000000ec688000,0x00000000ec780000)
  to   space 2560K, 0% used [0x00000000ed780000,0x00000000ed780000,0x00000000eda00000)
 ParOldGen       total 44032K, used 2141K [0x00000000c1e00000, 0x00000000c4900000, 0x00000000eb500000)
  object space 44032K, 4% used [0x00000000c1e00000,0x00000000c20175f8,0x00000000c4900000)
 Metaspace       used 10765K, capacity 10971K, committed 11264K, reserved 1058816K
  class space    used 962K, capacity 1023K, committed 1024K, reserved 1048576K
}
Event: 1,840 GC heap before
{Heap before GC invocations=4 (full 0):
 PSYoungGen      total 18944K, used 17952K [0x00000000eb500000, 0x00000000eda00000, 0x0000000100000000)
  eden space 16384K, 100% used [0x00000000eb500000,0x00000000ec500000,0x00000000ec500000)
  from space 2560K, 61% used [0x00000000ec500000,0x00000000ec688000,0x00000000ec780000)
  to   space 2560K, 0% used [0x00000000ed780000,0x00000000ed780000,0x00000000eda00000)
 ParOldGen       total 44032K, used 2141K [0x00000000c1e00000, 0x00000000c4900000, 0x00000000eb500000)
  object space 44032K, 4% used [0x00000000c1e00000,0x00000000c20175f8,0x00000000c4900000)
 Metaspace       used 10765K, capacity 10971K, committed 11264K, reserved 1058816K
  class space    used 962K, capacity 1023K, committed 1024K, reserved 1048576K
Event: 1,847 GC heap after
Heap after GC invocations=4 (full 0):
 PSYoungGen      total 35328K, used 2528K [0x00000000eb500000, 0x00000000eda00000, 0x0000000100000000)
  eden space 32768K, 0% used [0x00000000eb500000,0x00000000eb500000,0x00000000ed500000)
  from space 2560K, 98% used [0x00000000ed780000,0x00000000ed9f8010,0x00000000eda00000)
  to   space 2560K, 0% used [0x00000000ed500000,0x00000000ed500000,0x00000000ed780000)
 ParOldGen       total 44032K, used 2149K [0x00000000c1e00000, 0x00000000c4900000, 0x00000000eb500000)
  object space 44032K, 4% used [0x00000000c1e00000,0x00000000c20195f8,0x00000000c4900000)
 Metaspace       used 10765K, capacity 10971K, committed 11264K, reserved 1058816K
  class space    used 962K, capacity 1023K, committed 1024K, reserved 1048576K
}

Deoptimization events (7 events):
Event: 0,138 Thread 0x00007f259800e000 Uncommon trap: reason=unstable_if action=reinterpret pc=0x00007f25886b7204 method=java.lang.String.indexOf(II)I @ 49
Event: 0,140 Thread 0x00007f259800e000 Uncommon trap: reason=unstable_if action=reinterpret pc=0x00007f25886b2e70 method=java.lang.String.hashCode()I @ 14
Event: 1,046 Thread 0x00007f259800e000 Uncommon trap: reason=unstable_if action=reinterpret pc=0x00007f2588748878 method=java.lang.String.replace(CC)Ljava/lang/String; @ 26
Event: 1,079 Thread 0x00007f259800e000 Uncommon trap: reason=unstable_if action=reinterpret pc=0x00007f25887da888 method=java.lang.AbstractStringBuilder.append(Ljava/lang/String;)Ljava/lang/AbstractStringBuilder; @ 1
Event: 1,214 Thread 0x00007f259800e000 Uncommon trap: reason=unstable_if action=reinterpret pc=0x00007f25887464ac method=java.lang.String.indexOf([CII[CIII)I @ 3
Event: 1,376 Thread 0x00007f259800e000 Uncommon trap: reason=unstable_if action=reinterpret pc=0x00007f258882efdc method=org.sqlite.SQLiteJDBCLoader.contentsEquals(Ljava/io/InputStream;Ljava/io/InputStream;)Z @ 39
Event: 1,755 Thread 0x00007f259800e000 Uncommon trap: reason=unstable_if action=reinterpret pc=0x00007f25888a0364 method=Main.Loader.loadImageFileToByteBuffer(Ljava/lang/String;)Ljava/nio/ByteBuffer; @ 83

Internal exceptions (10 events):
Event: 0,707 Thread 0x00007f259800e000 Exception <a 'sun/nio/fs/UnixException'> (0x00000000ebba2ec8) thrown at [/build/openjdk-8-8jAw7G/openjdk-8-8u111-b14/src/hotspot/src/share/vm/prims/jni.cpp, line 709]
Event: 0,707 Thread 0x00007f259800e000 Exception <a 'sun/nio/fs/UnixException'> (0x00000000ebba3710) thrown at [/build/openjdk-8-8jAw7G/openjdk-8-8u111-b14/src/hotspot/src/share/vm/prims/jni.cpp, line 709]
Event: 0,708 Thread 0x00007f259800e000 Exception <a 'sun/nio/fs/UnixException'> (0x00000000ebba3e78) thrown at [/build/openjdk-8-8jAw7G/openjdk-8-8u111-b14/src/hotspot/src/share/vm/prims/jni.cpp, line 709]
Event: 0,708 Thread 0x00007f259800e000 Exception <a 'sun/nio/fs/UnixException'> (0x00000000ebba4698) thrown at [/build/openjdk-8-8jAw7G/openjdk-8-8u111-b14/src/hotspot/src/share/vm/prims/jni.cpp, line 709]
Event: 0,708 Thread 0x00007f259800e000 Exception <a 'sun/nio/fs/UnixException'> (0x00000000ebba4db8) thrown at [/build/openjdk-8-8jAw7G/openjdk-8-8u111-b14/src/hotspot/src/share/vm/prims/jni.cpp, line 709]
Event: 0,708 Thread 0x00007f259800e000 Exception <a 'sun/nio/fs/UnixException'> (0x00000000ebba5428) thrown at [/build/openjdk-8-8jAw7G/openjdk-8-8u111-b14/src/hotspot/src/share/vm/prims/jni.cpp, line 709]
Event: 0,708 Thread 0x00007f259800e000 Exception <a 'sun/nio/fs/UnixException'> (0x00000000ebba5b08) thrown at [/build/openjdk-8-8jAw7G/openjdk-8-8u111-b14/src/hotspot/src/share/vm/prims/jni.cpp, line 709]
Event: 1,079 Thread 0x00007f259800e000 Implicit null exception at 0x00007f25887da4b6 to 0x00007f25887da871
Event: 1,607 Thread 0x00007f259800e000 Exception <a 'java/io/FileNotFoundException'> (0x00000000ebb23618) thrown at [/build/openjdk-8-8jAw7G/openjdk-8-8u111-b14/src/hotspot/src/share/vm/prims/jni.cpp, line 709]
Event: 1,608 Thread 0x00007f259800e000 Exception <a 'java/io/FileNotFoundException'> (0x00000000ebb24000) thrown at [/build/openjdk-8-8jAw7G/openjdk-8-8u111-b14/src/hotspot/src/share/vm/prims/jni.cpp, line 709]

Events (10 events):
Event: 1,756 loading class Main/Texture
Event: 1,756 loading class Main/Texture done
Event: 1,758 loading class Main/TexturedModel
Event: 1,758 loading class Main/TexturedModel done
Event: 1,761 Executing VM operation: ParallelGCFailedAllocation
Event: 1,772 Executing VM operation: ParallelGCFailedAllocation done
Event: 1,819 Thread 0x00007f259800e000 DEOPT PACKING pc=0x00007f258889c329 sp=0x00007f259ee73030
Event: 1,819 Thread 0x00007f259800e000 DEOPT UNPACKING pc=0x00007f25885e2f73 sp=0x00007f259ee72e48 mode 0
Event: 1,840 Executing VM operation: ParallelGCFailedAllocation
Event: 1,847 Executing VM operation: ParallelGCFailedAllocation done


Dynamic libraries:
00400000-00401000 r-xp 00000000 08:02 11408795                           /usr/lib/jvm/java-8-openjdk-amd64/jre/bin/java
00600000-00601000 r--p 00000000 08:02 11408795                           /usr/lib/jvm/java-8-openjdk-amd64/jre/bin/java
00601000-00602000 rw-p 00001000 08:02 11408795                           /usr/lib/jvm/java-8-openjdk-amd64/jre/bin/java
01339000-0135a000 rw-p 00000000 00:00 0                                  [heap]
c1e00000-c4900000 rw-p 00000000 00:00 0 
c4900000-eb500000 ---p 00000000 00:00 0 
eb500000-eda00000 rw-p 00000000 00:00 0 
eda00000-100000000 ---p 00000000 00:00 0 
100000000-100100000 rw-p 00000000 00:00 0 
100100000-140000000 ---p 00000000 00:00 0 
7f2528000000-7f2528021000 rw-p 00000000 00:00 0 
7f2528021000-7f252c000000 ---p 00000000 00:00 0 
7f2530000000-7f2530168000 rw-p 00000000 00:00 0 
7f2530168000-7f2534000000 ---p 00000000 00:00 0 
7f2534000000-7f2534167000 rw-p 00000000 00:00 0 
7f2534167000-7f2538000000 ---p 00000000 00:00 0 
7f2538000000-7f253819d000 rw-p 00000000 00:00 0 
7f253819d000-7f253c000000 ---p 00000000 00:00 0 
7f253cbae000-7f253dbae000 rw-s 11ac82000 00:06 369                       /dev/dri/renderD128
7f253dbb3000-7f253dbb6000 ---p 00000000 00:00 0 
7f253dbb6000-7f253dcb4000 rw-p 00000000 00:00 0 
7f253dcb4000-7f253dcc3000 r-xp 00000000 08:02 9707414                    /usr/lib/x86_64-linux-gnu/libXi.so.6.1.0
7f253dcc3000-7f253dec2000 ---p 0000f000 08:02 9707414                    /usr/lib/x86_64-linux-gnu/libXi.so.6.1.0
7f253dec2000-7f253dec3000 r--p 0000e000 08:02 9707414                    /usr/lib/x86_64-linux-gnu/libXi.so.6.1.0
7f253dec3000-7f253dec4000 rw-p 0000f000 08:02 9707414                    /usr/lib/x86_64-linux-gnu/libXi.so.6.1.0
7f253dec4000-7f253dec9000 r-xp 00000000 08:02 9707432                    /usr/lib/x86_64-linux-gnu/libXtst.so.6.1.0
7f253dec9000-7f253e0c8000 ---p 00005000 08:02 9707432                    /usr/lib/x86_64-linux-gnu/libXtst.so.6.1.0
7f253e0c8000-7f253e0c9000 r--p 00004000 08:02 9707432                    /usr/lib/x86_64-linux-gnu/libXtst.so.6.1.0
7f253e0c9000-7f253e0ca000 rw-p 00005000 08:02 9707432                    /usr/lib/x86_64-linux-gnu/libXtst.so.6.1.0
7f253e0cc000-7f253e120000 r-xp 00000000 08:02 11284722                   /usr/lib/jvm/java-8-openjdk-amd64/jre/lib/amd64/libawt_xawt.so
7f253e120000-7f253e320000 ---p 00054000 08:02 11284722                   /usr/lib/jvm/java-8-openjdk-amd64/jre/lib/amd64/libawt_xawt.so
7f253e320000-7f253e321000 r--p 00054000 08:02 11284722                   /usr/lib/jvm/java-8-openjdk-amd64/jre/lib/amd64/libawt_xawt.so
7f253e321000-7f253e324000 rw-p 00055000 08:02 11284722                   /usr/lib/jvm/java-8-openjdk-amd64/jre/lib/amd64/libawt_xawt.so
7f253e324000-7f253e325000 rw-p 00000000 00:00 0 
7f253e32c000-7f253e3cc000 r-xp 00000000 08:02 11284729                   /usr/lib/jvm/java-8-openjdk-amd64/jre/lib/amd64/libawt.so
7f253e3cc000-7f253e5cc000 ---p 000a0000 08:02 11284729                   /usr/lib/jvm/java-8-openjdk-amd64/jre/lib/amd64/libawt.so
7f253e5cc000-7f253e5cd000 r--p 000a0000 08:02 11284729                   /usr/lib/jvm/java-8-openjdk-amd64/jre/lib/amd64/libawt.so
7f253e5cd000-7f253e5d8000 rw-p 000a1000 08:02 11284729                   /usr/lib/jvm/java-8-openjdk-amd64/jre/lib/amd64/libawt.so
7f253e5d8000-7f253e5fd000 rw-p 00000000 00:00 0 
7f253e600000-7f253e800000 rw-p 00000000 00:00 0 
7f253e832000-7f253e872000 rw-s 1191ee000 00:06 369                       /dev/dri/renderD128
7f253e879000-7f253e8e4000 rw-p 00000000 00:00 0 
7f253e8e4000-7f253e9c3000 r-xp 00000000 08:02 10749449                   /tmp/sqlite-3.14.2.1-0068d9c9-184e-4faa-94de-b2f4e7ebe8d3-libsqlitejdbc.so
7f253e9c3000-7f253ebc3000 ---p 000df000 08:02 10749449                   /tmp/sqlite-3.14.2.1-0068d9c9-184e-4faa-94de-b2f4e7ebe8d3-libsqlitejdbc.so
7f253ebc3000-7f253ebc8000 rw-p 000df000 08:02 10749449                   /tmp/sqlite-3.14.2.1-0068d9c9-184e-4faa-94de-b2f4e7ebe8d3-libsqlitejdbc.so
7f253ebc8000-7f253edc8000 rw-p 00000000 00:00 0 
7f253edc8000-7f253edc9000 ---p 00000000 00:00 0 
7f253edc9000-7f253f5c9000 rw-p 00000000 00:00 0 
7f253f5c9000-7f253f5ca000 ---p 00000000 00:00 0 
7f253f5ca000-7f253fdca000 rw-p 00000000 00:00 0 
7f253fdca000-7f253fdcb000 ---p 00000000 00:00 0 
7f253fdcb000-7f25405cb000 rw-p 00000000 00:00 0 
7f25405cb000-7f25405cc000 ---p 00000000 00:00 0 
7f25405cc000-7f2540dcc000 rw-p 00000000 00:00 0 
7f2540dcc000-7f2540e03000 r-xp 00000000 08:02 9708578                    /usr/lib/x86_64-linux-gnu/libtxc_dxtn_s2tc.so.0.0.0
7f2540e03000-7f2541002000 ---p 00037000 08:02 9708578                    /usr/lib/x86_64-linux-gnu/libtxc_dxtn_s2tc.so.0.0.0
7f2541002000-7f2541003000 r--p 00036000 08:02 9708578                    /usr/lib/x86_64-linux-gnu/libtxc_dxtn_s2tc.so.0.0.0
7f2541003000-7f2541004000 rw-p 00037000 08:02 9708578                    /usr/lib/x86_64-linux-gnu/libtxc_dxtn_s2tc.so.0.0.0
7f254100b000-7f254100c000 ---p 00000000 00:00 0 
7f254100c000-7f254180c000 rw-p 00000000 00:00 0 
7f254180c000-7f254181f000 r-xp 00000000 08:02 659870                     /lib/x86_64-linux-gnu/libbsd.so.0.8.2
7f254181f000-7f2541a1e000 ---p 00013000 08:02 659870                     /lib/x86_64-linux-gnu/libbsd.so.0.8.2
7f2541a1e000-7f2541a1f000 r--p 00012000 08:02 659870                     /lib/x86_64-linux-gnu/libbsd.so.0.8.2
7f2541a1f000-7f2541a20000 rw-p 00013000 08:02 659870                     /lib/x86_64-linux-gnu/libbsd.so.0.8.2
7f2541a20000-7f2541a21000 rw-p 00000000 00:00 0 
7f2541a24000-7f2541a49000 r-xp 00000000 08:02 660046                     /lib/x86_64-linux-gnu/libtinfo.so.5.9
7f2541a49000-7f2541c48000 ---p 00025000 08:02 660046                     /lib/x86_64-linux-gnu/libtinfo.so.5.9
7f2541c48000-7f2541c4c000 r--p 00024000 08:02 660046                     /lib/x86_64-linux-gnu/libtinfo.so.5.9
7f2541c4c000-7f2541c4d000 rw-p 00028000 08:02 660046                     /lib/x86_64-linux-gnu/libtinfo.so.5.9
7f2541c54000-7f2541c85000 r-xp 00000000 08:02 9707727                    /usr/lib/x86_64-linux-gnu/libedit.so.2.0.53
7f2541c85000-7f2541e85000 ---p 00031000 08:02 9707727                    /usr/lib/x86_64-linux-gnu/libedit.so.2.0.53
7f2541e85000-7f2541e87000 r--p 00031000 08:02 9707727                    /usr/lib/x86_64-linux-gnu/libedit.so.2.0.53
7f2541e87000-7f2541e88000 rw-p 00033000 08:02 9707727                    /usr/lib/x86_64-linux-gnu/libedit.so.2.0.53
7f2541e88000-7f2541e8c000 rw-p 00000000 00:00 0 
7f2541e8c000-7f2541e93000 r-xp 00000000 08:02 9707775                    /usr/lib/x86_64-linux-gnu/libffi.so.6.0.4
7f2541e93000-7f2542092000 ---p 00007000 08:02 9707775                    /usr/lib/x86_64-linux-gnu/libffi.so.6.0.4
7f2542092000-7f2542093000 r--p 00006000 08:02 9707775                    /usr/lib/x86_64-linux-gnu/libffi.so.6.0.4
7f2542093000-7f2542094000 rw-p 00007000 08:02 9707775                    /usr/lib/x86_64-linux-gnu/libffi.so.6.0.4
7f2542094000-7f254209c000 r-xp 00000000 08:02 9708340                    /usr/lib/x86_64-linux-gnu/libpciaccess.so.0.11.1
7f254209c000-7f254229c000 ---p 00008000 08:02 9708340                    /usr/lib/x86_64-linux-gnu/libpciaccess.so.0.11.1
7f254229c000-7f254229d000 r--p 00008000 08:02 9708340                    /usr/lib/x86_64-linux-gnu/libpciaccess.so.0.11.1
7f254229d000-7f254229e000 rw-p 00009000 08:02 9708340                    /usr/lib/x86_64-linux-gnu/libpciaccess.so.0.11.1
7f25422a4000-7f2544b20000 r-xp 00000000 08:02 9700710                    /usr/lib/x86_64-linux-gnu/libLLVM-3.9.so.1
7f2544b20000-7f2544b21000 ---p 0287c000 08:02 9700710                    /usr/lib/x86_64-linux-gnu/libLLVM-3.9.so.1
7f2544b21000-7f2544e10000 r--p 0287c000 08:02 9700710                    /usr/lib/x86_64-linux-gnu/libLLVM-3.9.so.1
7f2544e10000-7f2544e13000 rw-p 02b6b000 08:02 9700710                    /usr/lib/x86_64-linux-gnu/libLLVM-3.9.so.1
7f2544e13000-7f2544e57000 rw-p 00000000 00:00 0 
7f2544e5c000-7f2544e73000 r-xp 00000000 08:02 9707732                    /usr/lib/x86_64-linux-gnu/libelf-0.165.so
7f2544e73000-7f2545072000 ---p 00017000 08:02 9707732                    /usr/lib/x86_64-linux-gnu/libelf-0.165.so
7f2545072000-7f2545073000 r--p 00016000 08:02 9707732                    /usr/lib/x86_64-linux-gnu/libelf-0.165.so
7f2545073000-7f2545074000 rw-p 00017000 08:02 9707732                    /usr/lib/x86_64-linux-gnu/libelf-0.165.so
7f2545074000-7f254507d000 r-xp 00000000 08:02 9699592                    /usr/lib/x86_64-linux-gnu/libdrm_amdgpu.so.1.0.0
7f254507d000-7f254527c000 ---p 00009000 08:02 9699592                    /usr/lib/x86_64-linux-gnu/libdrm_amdgpu.so.1.0.0
7f254527c000-7f254527d000 r--p 00008000 08:02 9699592                    /usr/lib/x86_64-linux-gnu/libdrm_amdgpu.so.1.0.0
7f254527d000-7f254527e000 rw-p 00009000 08:02 9699592                    /usr/lib/x86_64-linux-gnu/libdrm_amdgpu.so.1.0.0
7f2545284000-7f254528f000 r-xp 00000000 08:02 9700551                    /usr/lib/x86_64-linux-gnu/libdrm_radeon.so.1.0.1
7f254528f000-7f254548e000 ---p 0000b000 08:02 9700551                    /usr/lib/x86_64-linux-gnu/libdrm_radeon.so.1.0.1
7f254548e000-7f254548f000 r--p 0000a000 08:02 9700551                    /usr/lib/x86_64-linux-gnu/libdrm_radeon.so.1.0.1
7f254548f000-7f2545490000 rw-p 0000b000 08:02 9700551                    /usr/lib/x86_64-linux-gnu/libdrm_radeon.so.1.0.1
7f2545494000-7f254549b000 r-xp 00000000 08:02 9699351                    /usr/lib/x86_64-linux-gnu/libdrm_nouveau.so.2.0.0
7f254549b000-7f254569a000 ---p 00007000 08:02 9699351                    /usr/lib/x86_64-linux-gnu/libdrm_nouveau.so.2.0.0
7f254569a000-7f254569b000 r--p 00006000 08:02 9699351                    /usr/lib/x86_64-linux-gnu/libdrm_nouveau.so.2.0.0
7f254569b000-7f254569c000 rw-p 00007000 08:02 9699351                    /usr/lib/x86_64-linux-gnu/libdrm_nouveau.so.2.0.0
7f254569c000-7f25456be000 r-xp 00000000 08:02 9700378                    /usr/lib/x86_64-linux-gnu/libdrm_intel.so.1.0.0
7f25456be000-7f25458bd000 ---p 00022000 08:02 9700378                    /usr/lib/x86_64-linux-gnu/libdrm_intel.so.1.0.0
7f25458bd000-7f25458be000 r--p 00021000 08:02 9700378                    /usr/lib/x86_64-linux-gnu/libdrm_intel.so.1.0.0
7f25458be000-7f25458bf000 rw-p 00022000 08:02 9700378                    /usr/lib/x86_64-linux-gnu/libdrm_intel.so.1.0.0
7f25458c4000-7f25458d2000 r-xp 00000000 08:02 9708472                    /usr/lib/x86_64-linux-gnu/libsensors.so.4.4.0
7f25458d2000-7f2545ad1000 ---p 0000e000 08:02 9708472                    /usr/lib/x86_64-linux-gnu/libsensors.so.4.4.0
7f2545ad1000-7f2545ad2000 r--p 0000d000 08:02 9708472                    /usr/lib/x86_64-linux-gnu/libsensors.so.4.4.0
7f2545ad2000-7f2545ad3000 rw-p 0000e000 08:02 9708472                    /usr/lib/x86_64-linux-gnu/libsensors.so.4.4.0
7f2545ad4000-7f2545b08000 r-xp 00000000 08:02 9708254                    /usr/lib/x86_64-linux-gnu/libnettle.so.6.2
7f2545b08000-7f2545d07000 ---p 00034000 08:02 9708254                    /usr/lib/x86_64-linux-gnu/libnettle.so.6.2
7f2545d07000-7f2545d09000 r--p 00033000 08:02 9708254                    /usr/lib/x86_64-linux-gnu/libnettle.so.6.2
7f2545d09000-7f2545d0a000 rw-p 00035000 08:02 9708254                    /usr/lib/x86_64-linux-gnu/libnettle.so.6.2
7f2545d0c000-7f2546727000 r-xp 00000000 08:02 9962205                    /usr/lib/x86_64-linux-gnu/dri/radeonsi_dri.so
7f2546727000-7f2546927000 ---p 00a1b000 08:02 9962205                    /usr/lib/x86_64-linux-gnu/dri/radeonsi_dri.so
7f2546927000-7f2546964000 r--p 00a1b000 08:02 9962205                    /usr/lib/x86_64-linux-gnu/dri/radeonsi_dri.so
7f2546964000-7f2546970000 rw-p 00a58000 08:02 9962205                    /usr/lib/x86_64-linux-gnu/dri/radeonsi_dri.so
7f2546970000-7f2546b68000 rw-p 00000000 00:00 0 
7f2546b6c000-7f2546b7a000 r-xp 00000000 08:02 9702276                    /usr/lib/x86_64-linux-gnu/libdrm.so.2.4.0
7f2546b7a000-7f2546d7a000 ---p 0000e000 08:02 9702276                    /usr/lib/x86_64-linux-gnu/libdrm.so.2.4.0
7f2546d7a000-7f2546d7b000 r--p 0000e000 08:02 9702276                    /usr/lib/x86_64-linux-gnu/libdrm.so.2.4.0
7f2546d7b000-7f2546d7c000 rw-p 0000f000 08:02 9702276                    /usr/lib/x86_64-linux-gnu/libdrm.so.2.4.0
7f2546d7c000-7f2546d80000 r-xp 00000000 08:02 9708739                    /usr/lib/x86_64-linux-gnu/libxcb-dri2.so.0.0.0
7f2546d80000-7f2546f7f000 ---p 00004000 08:02 9708739                    /usr/lib/x86_64-linux-gnu/libxcb-dri2.so.0.0.0
7f2546f7f000-7f2546f80000 r--p 00003000 08:02 9708739                    /usr/lib/x86_64-linux-gnu/libxcb-dri2.so.0.0.0
7f2546f80000-7f2546f81000 rw-p 00004000 08:02 9708739                    /usr/lib/x86_64-linux-gnu/libxcb-dri2.so.0.0.0
7f2546f84000-7f2546f9b000 r-xp 00000000 08:02 9708743                    /usr/lib/x86_64-linux-gnu/libxcb-glx.so.0.0.0
7f2546f9b000-7f254719a000 ---p 00017000 08:02 9708743                    /usr/lib/x86_64-linux-gnu/libxcb-glx.so.0.0.0
7f254719a000-7f254719c000 r--p 00016000 08:02 9708743                    /usr/lib/x86_64-linux-gnu/libxcb-glx.so.0.0.0
7f254719c000-7f254719d000 rw-p 00018000 08:02 9708743                    /usr/lib/x86_64-linux-gnu/libxcb-glx.so.0.0.0
7f25471a4000-7f25471a5000 r-xp 00000000 08:02 9707387                    /usr/lib/x86_64-linux-gnu/libX11-xcb.so.1.0.0
7f25471a5000-7f25473a4000 ---p 00001000 08:02 9707387                    /usr/lib/x86_64-linux-gnu/libX11-xcb.so.1.0.0
7f25473a4000-7f25473a5000 r--p 00000000 08:02 9707387                    /usr/lib/x86_64-linux-gnu/libX11-xcb.so.1.0.0
7f25473a5000-7f25473a6000 rw-p 00001000 08:02 9707387                    /usr/lib/x86_64-linux-gnu/libX11-xcb.so.1.0.0
7f25473ac000-7f25473ae000 r-xp 00000000 08:02 9707402                    /usr/lib/x86_64-linux-gnu/libXdamage.so.1.1.0
7f25473ae000-7f25475ad000 ---p 00002000 08:02 9707402                    /usr/lib/x86_64-linux-gnu/libXdamage.so.1.1.0
7f25475ad000-7f25475ae000 r--p 00001000 08:02 9707402                    /usr/lib/x86_64-linux-gnu/libXdamage.so.1.1.0
7f25475ae000-7f25475af000 rw-p 00002000 08:02 9707402                    /usr/lib/x86_64-linux-gnu/libXdamage.so.1.1.0
7f25475b4000-7f25475de000 r-xp 00000000 08:02 9699676                    /usr/lib/x86_64-linux-gnu/libglapi.so.0.0.0
7f25475de000-7f25477dd000 ---p 0002a000 08:02 9699676                    /usr/lib/x86_64-linux-gnu/libglapi.so.0.0.0
7f25477dd000-7f25477e1000 r--p 00029000 08:02 9699676                    /usr/lib/x86_64-linux-gnu/libglapi.so.0.0.0
7f25477e1000-7f25477e2000 rw-p 0002d000 08:02 9699676                    /usr/lib/x86_64-linux-gnu/libglapi.so.0.0.0
7f25477e2000-7f25477e3000 rw-p 00000000 00:00 0 
7f25477e4000-7f25477e5000 r-xp 00000000 08:02 9708783                    /usr/lib/x86_64-linux-gnu/libxshmfence.so.1.0.0
7f25477e5000-7f25479e5000 ---p 00001000 08:02 9708783                    /usr/lib/x86_64-linux-gnu/libxshmfence.so.1.0.0
7f25479e5000-7f25479e6000 r--p 00001000 08:02 9708783                    /usr/lib/x86_64-linux-gnu/libxshmfence.so.1.0.0
7f25479e6000-7f25479e7000 rw-p 00002000 08:02 9708783                    /usr/lib/x86_64-linux-gnu/libxshmfence.so.1.0.0
7f25479ec000-7f25479f1000 r-xp 00000000 08:02 9708763                    /usr/lib/x86_64-linux-gnu/libxcb-sync.so.1.0.0
7f25479f1000-7f2547bf1000 ---p 00005000 08:02 9708763                    /usr/lib/x86_64-linux-gnu/libxcb-sync.so.1.0.0
7f2547bf1000-7f2547bf2000 r--p 00005000 08:02 9708763                    /usr/lib/x86_64-linux-gnu/libxcb-sync.so.1.0.0
7f2547bf2000-7f2547bf3000 rw-p 00006000 08:02 9708763                    /usr/lib/x86_64-linux-gnu/libxcb-sync.so.1.0.0
7f2547bf4000-7f2547bf6000 r-xp 00000000 08:02 9708751                    /usr/lib/x86_64-linux-gnu/libxcb-present.so.0.0.0
7f2547bf6000-7f2547df5000 ---p 00002000 08:02 9708751                    /usr/lib/x86_64-linux-gnu/libxcb-present.so.0.0.0
7f2547df5000-7f2547df6000 r--p 00001000 08:02 9708751                    /usr/lib/x86_64-linux-gnu/libxcb-present.so.0.0.0
7f2547df6000-7f2547df7000 rw-p 00002000 08:02 9708751                    /usr/lib/x86_64-linux-gnu/libxcb-present.so.0.0.0
7f2547dfc000-7f2547dfe000 r-xp 00000000 08:02 9708741                    /usr/lib/x86_64-linux-gnu/libxcb-dri3.so.0.0.0
7f2547dfe000-7f2547ffd000 ---p 00002000 08:02 9708741                    /usr/lib/x86_64-linux-gnu/libxcb-dri3.so.0.0.0
7f2547ffd000-7f2547ffe000 r--p 00001000 08:02 9708741                    /usr/lib/x86_64-linux-gnu/libxcb-dri3.so.0.0.0
7f2547ffe000-7f2547fff000 rw-p 00002000 08:02 9708741                    /usr/lib/x86_64-linux-gnu/libxcb-dri3.so.0.0.0
7f2548000000-7f2548021000 rw-p 00000000 00:00 0 
7f2548021000-7f254c000000 ---p 00000000 00:00 0 
7f254c000000-7f254c034000 rw-p 00000000 00:00 0 
7f254c034000-7f2550000000 ---p 00000000 00:00 0 
7f2550000000-7f255029c000 rw-p 00000000 00:00 0 
7f255029c000-7f2554000000 ---p 00000000 00:00 0 
7f2554000000-7f2554021000 rw-p 00000000 00:00 0 
7f2554021000-7f2558000000 ---p 00000000 00:00 0 
7f2558000000-7f2558126000 rw-p 00000000 00:00 0 
7f2558126000-7f255c000000 ---p 00000000 00:00 0 
7f255c000000-7f255c0d9000 rw-p 00000000 00:00 0 
7f255c0d9000-7f2560000000 ---p 00000000 00:00 0 
7f2560000000-7f2560021000 rw-p 00000000 00:00 0 
7f2560021000-7f2564000000 ---p 00000000 00:00 0 
7f2564000000-7f2564021000 rw-p 00000000 00:00 0 
7f2564021000-7f2568000000 ---p 00000000 00:00 0 
7f2568000000-7f2568021000 rw-p 00000000 00:00 0 
7f2568021000-7f256c000000 ---p 00000000 00:00 0 
7f256c036000-7f256c046000 rw-s 11894a000 00:06 369                       /dev/dri/renderD128
7f256c049000-7f256c059000 rw-s 1184f5000 00:06 369                       /dev/dri/renderD128
7f256c059000-7f256c159000 rw-s 1183f5000 00:06 369                       /dev/dri/renderD128
7f256c15c000-7f256c182000 r-xp 00000000 08:02 661188                     /lib/x86_64-linux-gnu/libexpat.so.1.6.0
7f256c182000-7f256c382000 ---p 00026000 08:02 661188                     /lib/x86_64-linux-gnu/libexpat.so.1.6.0
7f256c382000-7f256c384000 r--p 00026000 08:02 661188                     /lib/x86_64-linux-gnu/libexpat.so.1.6.0
7f256c384000-7f256c385000 rw-p 00028000 08:02 661188                     /lib/x86_64-linux-gnu/libexpat.so.1.6.0
7f256c38c000-7f256c3f8000 r-xp 00000000 08:02 9963453                    /usr/lib/x86_64-linux-gnu/mesa/libGL.so.1.2.0
7f256c3f8000-7f256c5f7000 ---p 0006c000 08:02 9963453                    /usr/lib/x86_64-linux-gnu/mesa/libGL.so.1.2.0
7f256c5f7000-7f256c5fa000 r--p 0006b000 08:02 9963453                    /usr/lib/x86_64-linux-gnu/mesa/libGL.so.1.2.0
7f256c5fa000-7f256c5fb000 rw-p 0006e000 08:02 9963453                    /usr/lib/x86_64-linux-gnu/mesa/libGL.so.1.2.0
7f256c5fb000-7f256c5fc000 rw-p 00000000 00:00 0 
7f256c600000-7f256c800000 rw-p 00000000 00:00 0 
7f256c80b000-7f256c80f000 r--s 00097000 08:02 10881882                   /usr/lib/jvm/java-8-openjdk-amd64/jre/lib/jsse.jar
7f256c811000-7f256c821000 rw-s 1133d5000 00:06 369                       /dev/dri/renderD128
7f256c821000-7f256c831000 rw-s 1133c5000 00:06 369                       /dev/dri/renderD128
7f256c834000-7f256c869000 r-xp 00000000 08:02 3017825                    /tmp/lwjgljimmy/3.0.1-build-25/libjemalloc.so
7f256c869000-7f256ca68000 ---p 00035000 08:02 3017825                    /tmp/lwjgljimmy/3.0.1-build-25/libjemalloc.so
7f256ca68000-7f256ca6b000 r--p 00034000 08:02 3017825                    /tmp/lwjgljimmy/3.0.1-build-25/libjemalloc.so
7f256ca6b000-7f256ca6c000 rw-p 00037000 08:02 3017825                    /tmp/lwjgljimmy/3.0.1-build-25/libjemalloc.so
7f256ca6c000-7f256ca6d000 rw-p 00000000 00:00 0 
7f256ca74000-7f256ca79000 r-xp 00000000 08:02 9707404                    /usr/lib/x86_64-linux-gnu/libXdmcp.so.6.0.0
7f256ca79000-7f256cc78000 ---p 00005000 08:02 9707404                    /usr/lib/x86_64-linux-gnu/libXdmcp.so.6.0.0
7f256cc78000-7f256cc79000 r--p 00004000 08:02 9707404                    /usr/lib/x86_64-linux-gnu/libXdmcp.so.6.0.0
7f256cc79000-7f256cc7a000 rw-p 00005000 08:02 9707404                    /usr/lib/x86_64-linux-gnu/libXdmcp.so.6.0.0
7f256cc7c000-7f256cc7e000 r-xp 00000000 08:02 9707393                    /usr/lib/x86_64-linux-gnu/libXau.so.6.0.0
7f256cc7e000-7f256ce7e000 ---p 00002000 08:02 9707393                    /usr/lib/x86_64-linux-gnu/libXau.so.6.0.0
7f256ce7e000-7f256ce7f000 r--p 00002000 08:02 9707393                    /usr/lib/x86_64-linux-gnu/libXau.so.6.0.0
7f256ce7f000-7f256ce80000 rw-p 00003000 08:02 9707393                    /usr/lib/x86_64-linux-gnu/libXau.so.6.0.0
7f256ce84000-7f256ce89000 r-xp 00000000 08:02 9707408                    /usr/lib/x86_64-linux-gnu/libXfixes.so.3.1.0
7f256ce89000-7f256d088000 ---p 00005000 08:02 9707408                    /usr/lib/x86_64-linux-gnu/libXfixes.so.3.1.0
7f256d088000-7f256d089000 r--p 00004000 08:02 9707408                    /usr/lib/x86_64-linux-gnu/libXfixes.so.3.1.0
7f256d089000-7f256d08a000 rw-p 00005000 08:02 9707408                    /usr/lib/x86_64-linux-gnu/libXfixes.so.3.1.0
7f256d08c000-7f256d095000 r-xp 00000000 08:02 9707426                    /usr/lib/x86_64-linux-gnu/libXrender.so.1.3.0
7f256d095000-7f256d294000 ---p 00009000 08:02 9707426                    /usr/lib/x86_64-linux-gnu/libXrender.so.1.3.0
7f256d294000-7f256d295000 r--p 00008000 08:02 9707426                    /usr/lib/x86_64-linux-gnu/libXrender.so.1.3.0
7f256d295000-7f256d296000 rw-p 00009000 08:02 9707426                    /usr/lib/x86_64-linux-gnu/libXrender.so.1.3.0
7f256d29c000-7f256d2ad000 r-xp 00000000 08:02 9707406                    /usr/lib/x86_64-linux-gnu/libXext.so.6.4.0
7f256d2ad000-7f256d4ac000 ---p 00011000 08:02 9707406                    /usr/lib/x86_64-linux-gnu/libXext.so.6.4.0
7f256d4ac000-7f256d4ad000 r--p 00010000 08:02 9707406                    /usr/lib/x86_64-linux-gnu/libXext.so.6.4.0
7f256d4ad000-7f256d4ae000 rw-p 00011000 08:02 9707406                    /usr/lib/x86_64-linux-gnu/libXext.so.6.4.0
7f256d4b4000-7f256d4d5000 r-xp 00000000 08:02 9708771                    /usr/lib/x86_64-linux-gnu/libxcb.so.1.1.0
7f256d4d5000-7f256d6d4000 ---p 00021000 08:02 9708771                    /usr/lib/x86_64-linux-gnu/libxcb.so.1.1.0
7f256d6d4000-7f256d6d5000 r--p 00020000 08:02 9708771                    /usr/lib/x86_64-linux-gnu/libxcb.so.1.1.0
7f256d6d5000-7f256d6d6000 rw-p 00021000 08:02 9708771                    /usr/lib/x86_64-linux-gnu/libxcb.so.1.1.0
7f256d6dc000-7f256d6e5000 r-xp 00000000 08:02 9707400                    /usr/lib/x86_64-linux-gnu/libXcursor.so.1.0.2
7f256d6e5000-7f256d8e4000 ---p 00009000 08:02 9707400                    /usr/lib/x86_64-linux-gnu/libXcursor.so.1.0.2
7f256d8e4000-7f256d8e5000 r--p 00008000 08:02 9707400                    /usr/lib/x86_64-linux-gnu/libXcursor.so.1.0.2
7f256d8e5000-7f256d8e6000 rw-p 00009000 08:02 9707400                    /usr/lib/x86_64-linux-gnu/libXcursor.so.1.0.2
7f256d8ec000-7f256d8f1000 r-xp 00000000 08:02 9707442                    /usr/lib/x86_64-linux-gnu/libXxf86vm.so.1.0.0
7f256d8f1000-7f256daf0000 ---p 00005000 08:02 9707442                    /usr/lib/x86_64-linux-gnu/libXxf86vm.so.1.0.0
7f256daf0000-7f256daf1000 r--p 00004000 08:02 9707442                    /usr/lib/x86_64-linux-gnu/libXxf86vm.so.1.0.0
7f256daf1000-7f256daf2000 rw-p 00005000 08:02 9707442                    /usr/lib/x86_64-linux-gnu/libXxf86vm.so.1.0.0
7f256daf4000-7f256daf6000 r-xp 00000000 08:02 9707416                    /usr/lib/x86_64-linux-gnu/libXinerama.so.1.0.0
7f256daf6000-7f256dcf5000 ---p 00002000 08:02 9707416                    /usr/lib/x86_64-linux-gnu/libXinerama.so.1.0.0
7f256dcf5000-7f256dcf6000 r--p 00001000 08:02 9707416                    /usr/lib/x86_64-linux-gnu/libXinerama.so.1.0.0
7f256dcf6000-7f256dcf7000 rw-p 00002000 08:02 9707416                    /usr/lib/x86_64-linux-gnu/libXinerama.so.1.0.0
7f256dcfc000-7f256dd06000 r-xp 00000000 08:02 9707424                    /usr/lib/x86_64-linux-gnu/libXrandr.so.2.2.0
7f256dd06000-7f256df05000 ---p 0000a000 08:02 9707424                    /usr/lib/x86_64-linux-gnu/libXrandr.so.2.2.0
7f256df05000-7f256df06000 r--p 00009000 08:02 9707424                    /usr/lib/x86_64-linux-gnu/libXrandr.so.2.2.0
7f256df06000-7f256df07000 rw-p 0000a000 08:02 9707424                    /usr/lib/x86_64-linux-gnu/libXrandr.so.2.2.0
7f256df0c000-7f256e041000 r-xp 00000000 08:02 9707389                    /usr/lib/x86_64-linux-gnu/libX11.so.6.3.0
7f256e041000-7f256e241000 ---p 00135000 08:02 9707389                    /usr/lib/x86_64-linux-gnu/libX11.so.6.3.0
7f256e241000-7f256e242000 r--p 00135000 08:02 9707389                    /usr/lib/x86_64-linux-gnu/libX11.so.6.3.0
7f256e242000-7f256e246000 rw-p 00136000 08:02 9707389                    /usr/lib/x86_64-linux-gnu/libX11.so.6.3.0
7f256e24c000-7f256e24d000 rw-s 00000000 00:05 39046                      /memfd:xshmfence (deleted)
7f256e254000-7f256e255000 rw-s 00000000 00:05 39037                      /memfd:xshmfence (deleted)
7f256e259000-7f256e269000 rw-s 1133b5000 00:06 369                       /dev/dri/renderD128
7f256e26c000-7f256e273000 r--s 00000000 08:02 9964743                    /usr/lib/x86_64-linux-gnu/gconv/gconv-modules.cache
7f256e274000-7f256e28e000 r-xp 00000000 08:02 3017824                    /tmp/lwjgljimmy/3.0.1-build-25/libglfw.so
7f256e28e000-7f256e48d000 ---p 0001a000 08:02 3017824                    /tmp/lwjgljimmy/3.0.1-build-25/libglfw.so
7f256e48d000-7f256e48e000 r--p 00019000 08:02 3017824                    /tmp/lwjgljimmy/3.0.1-build-25/libglfw.so
7f256e48e000-7f256e48f000 rw-p 0001a000 08:02 3017824                    /tmp/lwjgljimmy/3.0.1-build-25/libglfw.so
7f256e48f000-7f256e490000 rw-p 00000000 00:00 0 
7f256e494000-7f256e4cf000 r-xp 00000000 08:02 3017823                    /tmp/lwjgljimmy/3.0.1-build-25/liblwjgl.so
7f256e4cf000-7f256e6ce000 ---p 0003b000 08:02 3017823                    /tmp/lwjgljimmy/3.0.1-build-25/liblwjgl.so
7f256e6ce000-7f256e6cf000 rw-p 0003a000 08:02 3017823                    /tmp/lwjgljimmy/3.0.1-build-25/liblwjgl.so
7f256e6d4000-7f256e6e5000 r-xp 00000000 08:02 11284704                   /usr/lib/jvm/java-8-openjdk-amd64/jre/lib/amd64/libnio.so
7f256e6e5000-7f256e8e5000 ---p 00011000 08:02 11284704                   /usr/lib/jvm/java-8-openjdk-amd64/jre/lib/amd64/libnio.so
7f256e8e5000-7f256e8e6000 r--p 00011000 08:02 11284704                   /usr/lib/jvm/java-8-openjdk-amd64/jre/lib/amd64/libnio.so
7f256e8e6000-7f256e8e7000 rw-p 00012000 08:02 11284704                   /usr/lib/jvm/java-8-openjdk-amd64/jre/lib/amd64/libnio.so
7f256e8eb000-7f256ebec000 rw-p 00000000 00:00 0 
7f256ebec000-7f256ec03000 r-xp 00000000 08:02 11284728                   /usr/lib/jvm/java-8-openjdk-amd64/jre/lib/amd64/libnet.so
7f256ec03000-7f256ee02000 ---p 00017000 08:02 11284728                   /usr/lib/jvm/java-8-openjdk-amd64/jre/lib/amd64/libnet.so
7f256ee02000-7f256ee03000 r--p 00016000 08:02 11284728                   /usr/lib/jvm/java-8-openjdk-amd64/jre/lib/amd64/libnet.so
7f256ee03000-7f256ee04000 rw-p 00017000 08:02 11284728                   /usr/lib/jvm/java-8-openjdk-amd64/jre/lib/amd64/libnet.so
7f256ee0b000-7f256ee0e000 ---p 00000000 00:00 0 
7f256ee0e000-7f256ef0c000 rw-p 00000000 00:00 0 
7f256ef0c000-7f256ef0d000 r-xp 00000000 08:02 8265945                    /home/jimmy/Downloads/idea-IC-145.1617.8/bin/libbreakgen64.so
7f256ef0d000-7f256f10c000 ---p 00001000 08:02 8265945                    /home/jimmy/Downloads/idea-IC-145.1617.8/bin/libbreakgen64.so
7f256f10c000-7f256f10d000 r--p 00000000 08:02 8265945                    /home/jimmy/Downloads/idea-IC-145.1617.8/bin/libbreakgen64.so
7f256f10d000-7f256f10e000 rw-p 00001000 08:02 8265945                    /home/jimmy/Downloads/idea-IC-145.1617.8/bin/libbreakgen64.so
7f256f112000-7f256f114000 r--s 0001e000 08:02 8265805                    /home/jimmy/Downloads/idea-IC-145.1617.8/lib/idea_rt.jar
7f256f118000-7f256f11c000 r--s 0041c000 08:02 11410368                   /home/jimmy/IdeaProjects/TotalFantasyOpenGL/lib/sqlite-jdbc-3.14.2.1.jar
7f256f120000-7f256f121000 r--s 00014000 08:02 11016945                   /home/jimmy/IdeaProjects/lwjgl/lwjgl-xxhash/lwjgl-xxhash-natives-windows.jar
7f256f124000-7f256f125000 r--s 00000000 08:02 11016941                   /home/jimmy/IdeaProjects/lwjgl/lwjgl-xxhash/lwjgl-xxhash-natives-macos.jar
7f256f125000-7f256f126000 r--s 00001000 08:02 11016937                   /home/jimmy/IdeaProjects/lwjgl/lwjgl-xxhash/lwjgl-xxhash-natives-linux.jar
7f256f127000-7f256f128000 r--s 00003000 08:02 11016949                   /home/jimmy/IdeaProjects/lwjgl/lwjgl-xxhash/lwjgl-xxhash-sources.jar
7f256f12e000-7f256f130000 r--s 00062000 08:02 11016933                   /home/jimmy/IdeaProjects/lwjgl/lwjgl-xxhash/lwjgl-xxhash-javadoc.jar
7f256f130000-7f256f131000 r--s 00004000 08:02 11016953                   /home/jimmy/IdeaProjects/lwjgl/lwjgl-xxhash/lwjgl-xxhash.jar
7f256f135000-7f256f13a000 r--s 00091000 08:02 11016921                   /home/jimmy/IdeaProjects/lwjgl/lwjgl-vulkan/lwjgl-vulkan-sources.jar
7f256f13f000-7f256f147000 r--s 00213000 08:02 11016917                   /home/jimmy/IdeaProjects/lwjgl/lwjgl-vulkan/lwjgl-vulkan-javadoc.jar
7f256f14d000-7f256f156000 r--s 00091000 08:02 11016925                   /home/jimmy/IdeaProjects/lwjgl/lwjgl-vulkan/lwjgl-vulkan.jar
7f256f159000-7f256f15a000 r--s 0002d000 08:02 11016893                   /home/jimmy/IdeaProjects/lwjgl/lwjgl-tinyfd/lwjgl-tinyfd-natives-windows.jar
7f256f15a000-7f256f15b000 r--s 00006000 08:02 11016889                   /home/jimmy/IdeaProjects/lwjgl/lwjgl-tinyfd/lwjgl-tinyfd-natives-macos.jar
7f256f15b000-7f256f15c000 r--s 00007000 08:02 11016885                   /home/jimmy/IdeaProjects/lwjgl/lwjgl-tinyfd/lwjgl-tinyfd-natives-linux.jar
7f256f15c000-7f256f15e000 r--s 00000000 08:02 11016897                   /home/jimmy/IdeaProjects/lwjgl/lwjgl-tinyfd/lwjgl-tinyfd-sources.jar
7f256f163000-7f256f165000 r--s 00057000 08:02 11016881                   /home/jimmy/IdeaProjects/lwjgl/lwjgl-tinyfd/lwjgl-tinyfd-javadoc.jar
7f256f165000-7f256f166000 r--s 00001000 08:02 11016901                   /home/jimmy/IdeaProjects/lwjgl/lwjgl-tinyfd/lwjgl-tinyfd.jar
7f256f16d000-7f256f16e000 r--s 00069000 08:02 11016865                   /home/jimmy/IdeaProjects/lwjgl/lwjgl-stb/lwjgl-stb-natives-windows.jar
7f256f174000-7f256f175000 r--s 00028000 08:02 11016861                   /home/jimmy/IdeaProjects/lwjgl/lwjgl-stb/lwjgl-stb-natives-macos.jar
7f256f176000-7f256f177000 r--s 0002a000 08:02 11016857                   /home/jimmy/IdeaProjects/lwjgl/lwjgl-stb/lwjgl-stb-natives-linux.jar
7f256f17e000-7f256f180000 r--s 00012000 08:02 11016869                   /home/jimmy/IdeaProjects/lwjgl/lwjgl-stb/lwjgl-stb-sources.jar
7f256f183000-7f256f186000 r--s 0008f000 08:02 11016853                   /home/jimmy/IdeaProjects/lwjgl/lwjgl-stb/lwjgl-stb-javadoc.jar
7f256f186000-7f256f188000 r--s 00012000 08:02 11016873                   /home/jimmy/IdeaProjects/lwjgl/lwjgl-stb/lwjgl-stb.jar
7f256f18f000-7f256f190000 r--s 00013000 08:02 11016837                   /home/jimmy/IdeaProjects/lwjgl/lwjgl-sse/lwjgl-sse-natives-windows.jar
7f256f194000-7f256f195000 r--s 00000000 08:02 11016833                   /home/jimmy/IdeaProjects/lwjgl/lwjgl-sse/lwjgl-sse-natives-macos.jar
7f256f19c000-7f256f19d000 r--s 00000000 08:02 11016829                   /home/jimmy/IdeaProjects/lwjgl/lwjgl-sse/lwjgl-sse-natives-linux.jar
7f256f1a4000-7f256f1a5000 r--s 00000000 08:02 11016841                   /home/jimmy/IdeaProjects/lwjgl/lwjgl-sse/lwjgl-sse-sources.jar
7f256f1ac000-7f256f1ae000 r--s 00058000 08:02 11016825                   /home/jimmy/IdeaProjects/lwjgl/lwjgl-sse/lwjgl-sse-javadoc.jar
7f256f1b4000-7f256f1b5000 r--s 00000000 08:02 11016845                   /home/jimmy/IdeaProjects/lwjgl/lwjgl-sse/lwjgl-sse.jar
7f256f1b5000-7f256f1b6000 r--s 00031000 08:02 11016809                   /home/jimmy/IdeaProjects/lwjgl/lwjgl-par/lwjgl-par-natives-windows.jar
7f256f1b8000-7f256f1b9000 r--s 00004000 08:02 11016805                   /home/jimmy/IdeaProjects/lwjgl/lwjgl-par/lwjgl-par-natives-macos.jar
7f256f1b9000-7f256f1ba000 r--s 00005000 08:02 11016801                   /home/jimmy/IdeaProjects/lwjgl/lwjgl-par/lwjgl-par-natives-linux.jar
7f256f1bd000-7f256f1be000 r--s 00001000 08:02 11016813                   /home/jimmy/IdeaProjects/lwjgl/lwjgl-par/lwjgl-par-sources.jar
7f256f1be000-7f256f1c0000 r--s 0005a000 08:02 11016797                   /home/jimmy/IdeaProjects/lwjgl/lwjgl-par/lwjgl-par-javadoc.jar
7f256f1c5000-7f256f1c7000 r--s 00001000 08:02 11016817                   /home/jimmy/IdeaProjects/lwjgl/lwjgl-par/lwjgl-par.jar
7f256f1cb000-7f256f1cc000 r--s 0001f000 08:02 11016777                   /home/jimmy/IdeaProjects/lwjgl/lwjgl-ovr/lwjgl-ovr-natives-windows.jar
7f256f1cf000-7f256f1d1000 r--s 0001b000 08:02 11016781                   /home/jimmy/IdeaProjects/lwjgl/lwjgl-ovr/lwjgl-ovr-sources.jar
7f256f1d7000-7f256f1da000 r--s 000bb000 08:02 11016773                   /home/jimmy/IdeaProjects/lwjgl/lwjgl-ovr/lwjgl-ovr-javadoc.jar
7f256f1dc000-7f256f1df000 r--s 00020000 08:02 11016785                   /home/jimmy/IdeaProjects/lwjgl/lwjgl-ovr/lwjgl-ovr.jar
7f256f1e6000-7f256f1eb000 r--s 00052000 08:02 11016761                   /home/jimmy/IdeaProjects/lwjgl/lwjgl-opengles/lwjgl-opengles-sources.jar
7f256f1eb000-7f256f1f2000 r--s 0014f000 08:02 11016757                   /home/jimmy/IdeaProjects/lwjgl/lwjgl-opengles/lwjgl-opengles-javadoc.jar
7f256f1f2000-7f256f1f7000 r--s 0004e000 08:02 11016765                   /home/jimmy/IdeaProjects/lwjgl/lwjgl-opengles/lwjgl-opengles.jar
7f256f1fb000-7f256f204000 r--s 000ef000 08:02 11016741                   /home/jimmy/IdeaProjects/lwjgl/lwjgl-opengl/lwjgl-opengl-sources.jar
7f256f20b000-7f256f215000 r--s 002bf000 08:02 11016737                   /home/jimmy/IdeaProjects/lwjgl/lwjgl-opengl/lwjgl-opengl-javadoc.jar
7f256f215000-7f256f21f000 r--s 000c9000 08:02 11016745                   /home/jimmy/IdeaProjects/lwjgl/lwjgl-opengl/lwjgl-opengl.jar
7f256f224000-7f256f227000 r--s 00030000 08:02 11016721                   /home/jimmy/IdeaProjects/lwjgl/lwjgl-opencl/lwjgl-opencl-sources.jar
7f256f22c000-7f256f230000 r--s 000d0000 08:02 11016717                   /home/jimmy/IdeaProjects/lwjgl/lwjgl-opencl/lwjgl-opencl-javadoc.jar
7f256f237000-7f256f23b000 r--s 00023000 08:02 11016725                   /home/jimmy/IdeaProjects/lwjgl/lwjgl-opencl/lwjgl-opencl.jar
7f256f242000-7f256f243000 r--s 000b6000 08:02 11016693                   /home/jimmy/IdeaProjects/lwjgl/lwjgl-openal/lwjgl-openal-natives-windows.jar
7f256f249000-7f256f24a000 r--s 0003d000 08:02 11016689                   /home/jimmy/IdeaProjects/lwjgl/lwjgl-openal/lwjgl-openal-natives-macos.jar
7f256f250000-7f256f251000 r--s 00044000 08:02 11016685                   /home/jimmy/IdeaProjects/lwjgl/lwjgl-openal/lwjgl-openal-natives-linux.jar
7f256f254000-7f256f256000 r--s 00010000 08:02 11016697                   /home/jimmy/IdeaProjects/lwjgl/lwjgl-openal/lwjgl-openal-sources.jar
7f256f259000-7f256f25b000 r--s 0008d000 08:02 11016681                   /home/jimmy/IdeaProjects/lwjgl/lwjgl-openal/lwjgl-openal-javadoc.jar
7f256f25c000-7f256f25e000 r--s 00010000 08:02 11016701                   /home/jimmy/IdeaProjects/lwjgl/lwjgl-openal/lwjgl-openal.jar
7f256f263000-7f256f264000 r--s 0003f000 08:02 11016665                   /home/jimmy/IdeaProjects/lwjgl/lwjgl-nuklear/lwjgl-nuklear-natives-windows.jar
7f256f264000-7f256f265000 r--s 00020000 08:02 11016225                   /home/jimmy/IdeaProjects/lwjgl/lwjgl-nuklear/lwjgl-nuklear-natives-macos.jar
7f256f26c000-7f256f26d000 r--s 00020000 08:02 11016221                   /home/jimmy/IdeaProjects/lwjgl/lwjgl-nuklear/lwjgl-nuklear-natives-linux.jar
7f256f272000-7f256f275000 r--s 00036000 08:02 11016669                   /home/jimmy/IdeaProjects/lwjgl/lwjgl-nuklear/lwjgl-nuklear-sources.jar
7f256f277000-7f256f27b000 r--s 0010b000 08:02 11016217                   /home/jimmy/IdeaProjects/lwjgl/lwjgl-nuklear/lwjgl-nuklear-javadoc.jar
7f256f27e000-7f256f283000 r--s 00052000 08:02 11016673                   /home/jimmy/IdeaProjects/lwjgl/lwjgl-nuklear/lwjgl-nuklear.jar
7f256f28a000-7f256f28c000 r--s 0001e000 08:02 11016197                   /home/jimmy/IdeaProjects/lwjgl/lwjgl-nfd/lwjgl-nfd-natives-windows.jar
7f256f28d000-7f256f28e000 r--s 00001000 08:02 11016193                   /home/jimmy/IdeaProjects/lwjgl/lwjgl-nfd/lwjgl-nfd-natives-macos.jar
7f256f295000-7f256f296000 r--s 00001000 08:02 11016189                   /home/jimmy/IdeaProjects/lwjgl/lwjgl-nfd/lwjgl-nfd-natives-linux.jar
7f256f29d000-7f256f29e000 r--s 00001000 08:02 11016201                   /home/jimmy/IdeaProjects/lwjgl/lwjgl-nfd/lwjgl-nfd-sources.jar
7f256f2a5000-7f256f2a7000 r--s 00059000 08:02 11016185                   /home/jimmy/IdeaProjects/lwjgl/lwjgl-nfd/lwjgl-nfd-javadoc.jar
7f256f2ad000-7f256f2ae000 r--s 00001000 08:02 11016205                   /home/jimmy/IdeaProjects/lwjgl/lwjgl-nfd/lwjgl-nfd.jar
7f256f2b5000-7f256f2b6000 r--s 00059000 08:02 11016165                   /home/jimmy/IdeaProjects/lwjgl/lwjgl-nanovg/lwjgl-nanovg-natives-windows.jar
7f256f2b7000-7f256f2b8000 r--s 0001b000 08:02 11016161                   /home/jimmy/IdeaProjects/lwjgl/lwjgl-nanovg/lwjgl-nanovg-natives-macos.jar
7f256f2b9000-7f256f2ba000 r--s 0001d000 08:02 11016157                   /home/jimmy/IdeaProjects/lwjgl/lwjgl-nanovg/lwjgl-nanovg-natives-linux.jar
7f256f2bc000-7f256f2be000 r--s 00008000 08:02 11016169                   /home/jimmy/IdeaProjects/lwjgl/lwjgl-nanovg/lwjgl-nanovg-sources.jar
7f256f2c4000-7f256f2c6000 r--s 00070000 08:02 11016153                   /home/jimmy/IdeaProjects/lwjgl/lwjgl-nanovg/lwjgl-nanovg-javadoc.jar
7f256f2cd000-7f256f2cf000 r--s 00009000 08:02 11016173                   /home/jimmy/IdeaProjects/lwjgl/lwjgl-nanovg/lwjgl-nanovg.jar
7f256f2d0000-7f256f2d1000 r--s 0002c000 08:02 11016137                   /home/jimmy/IdeaProjects/lwjgl/lwjgl-lmdb/lwjgl-lmdb-natives-windows.jar
7f256f2d1000-7f256f2d2000 r--s 0000d000 08:02 11016133                   /home/jimmy/IdeaProjects/lwjgl/lwjgl-lmdb/lwjgl-lmdb-natives-macos.jar
7f256f2d9000-7f256f2da000 r--s 0000d000 08:02 11016129                   /home/jimmy/IdeaProjects/lwjgl/lwjgl-lmdb/lwjgl-lmdb-natives-linux.jar
7f256f2dc000-7f256f2dd000 r--s 00008000 08:02 11016141                   /home/jimmy/IdeaProjects/lwjgl/lwjgl-lmdb/lwjgl-lmdb-sources.jar
7f256f2df000-7f256f2e1000 r--s 0006b000 08:02 11016125                   /home/jimmy/IdeaProjects/lwjgl/lwjgl-lmdb/lwjgl-lmdb-javadoc.jar
7f256f2e1000-7f256f2e3000 r--s 00005000 08:02 11016145                   /home/jimmy/IdeaProjects/lwjgl/lwjgl-lmdb/lwjgl-lmdb.jar
7f256f2e7000-7f256f2e8000 r--s 0002b000 08:02 11016112                   /home/jimmy/IdeaProjects/lwjgl/lwjgl-jemalloc/lwjgl-jemalloc-natives-windows.jar
7f256f2e8000-7f256f2e9000 r--s 00014000 08:02 11015117                   /home/jimmy/IdeaProjects/lwjgl/lwjgl-jemalloc/lwjgl-jemalloc-natives-macos.jar
7f256f2ec000-7f256f2ed000 r--s 00018000 08:02 11015115                   /home/jimmy/IdeaProjects/lwjgl/lwjgl-jemalloc/lwjgl-jemalloc-natives-linux.jar
7f256f2f1000-7f256f2f3000 r--s 00005000 08:02 11016114                   /home/jimmy/IdeaProjects/lwjgl/lwjgl-jemalloc/lwjgl-jemalloc-sources.jar
7f256f2f8000-7f256f2fa000 r--s 0006c000 08:02 11015113                   /home/jimmy/IdeaProjects/lwjgl/lwjgl-jemalloc/lwjgl-jemalloc-javadoc.jar
7f256f2fb000-7f256f2fd000 r--s 00007000 08:02 11016116                   /home/jimmy/IdeaProjects/lwjgl/lwjgl-jemalloc/lwjgl-jemalloc.jar
7f256f300000-7f256f301000 r--s 00004000 08:02 11015105                   /home/jimmy/IdeaProjects/lwjgl/lwjgl-jawt/lwjgl-jawt-sources.jar
7f256f302000-7f256f304000 r--s 00066000 08:02 11015103                   /home/jimmy/IdeaProjects/lwjgl/lwjgl-jawt/lwjgl-jawt-javadoc.jar
7f256f309000-7f256f30a000 r--s 00005000 08:02 11015107                   /home/jimmy/IdeaProjects/lwjgl/lwjgl-jawt/lwjgl-jawt.jar
7f256f30a000-7f256f30b000 r--s 00036000 08:02 11015095                   /home/jimmy/IdeaProjects/lwjgl/lwjgl-glfw/lwjgl-glfw-natives-windows.jar
7f256f30d000-7f256f30e000 r--s 00009000 08:02 11015093                   /home/jimmy/IdeaProjects/lwjgl/lwjgl-glfw/lwjgl-glfw-natives-macos.jar
7f256f30f000-7f256f310000 r--s 0000b000 08:02 11015091                   /home/jimmy/IdeaProjects/lwjgl/lwjgl-glfw/lwjgl-glfw-natives-linux.jar
7f256f315000-7f256f317000 r--s 00011000 08:02 11015097                   /home/jimmy/IdeaProjects/lwjgl/lwjgl-glfw/lwjgl-glfw-sources.jar
7f256f31a000-7f256f31d000 r--s 00096000 08:02 11015089                   /home/jimmy/IdeaProjects/lwjgl/lwjgl-glfw/lwjgl-glfw-javadoc.jar
7f256f320000-7f256f323000 r--s 00014000 08:02 11015099                   /home/jimmy/IdeaProjects/lwjgl/lwjgl-glfw/lwjgl-glfw.jar
7f256f326000-7f256f329000 r--s 0001a000 08:02 11015078                   /home/jimmy/IdeaProjects/lwjgl/lwjgl-egl/lwjgl-egl-sources.jar
7f256f32e000-7f256f332000 r--s 000b2000 08:02 11015077                   /home/jimmy/IdeaProjects/lwjgl/lwjgl-egl/lwjgl-egl-javadoc.jar
7f256f335000-7f256f338000 r--s 00019000 08:02 11015083                   /home/jimmy/IdeaProjects/lwjgl/lwjgl-egl/lwjgl-egl.jar
7f256f339000-7f256f33a000 r--s 00035000 08:02 11013722                   /home/jimmy/IdeaProjects/lwjgl/lwjgl/lwjgl-natives-windows.jar
7f256f33d000-7f256f33e000 r--s 00009000 08:02 11013721                   /home/jimmy/IdeaProjects/lwjgl/lwjgl/lwjgl-natives-macos.jar
7f256f340000-7f256f341000 r--s 0000c000 08:02 11013719                   /home/jimmy/IdeaProjects/lwjgl/lwjgl/lwjgl-natives-linux.jar
7f256f347000-7f256f349000 r--s 00033000 08:02 11013724                   /home/jimmy/IdeaProjects/lwjgl/lwjgl/lwjgl-sources.jar
7f256f34e000-7f256f353000 r--s 0010a000 08:02 11013693                   /home/jimmy/IdeaProjects/lwjgl/lwjgl/lwjgl-javadoc.jar
7f256f35a000-7f256f35f000 r--s 0003e000 08:02 11013725                   /home/jimmy/IdeaProjects/lwjgl/lwjgl/lwjgl.jar
7f256f365000-7f256f367000 r--s 00061000 08:02 11410366                   /home/jimmy/IdeaProjects/TotalFantasyOpenGL/lib/joml-1.8.21.jar
7f256f36a000-7f256f37d000 r--s 00346000 08:02 10881248                   /usr/lib/jvm/java-8-openjdk-amd64/jre/lib/resources.jar
7f256f384000-7f256f385000 r--s 00000000 08:02 10881878                   /usr/lib/jvm/java-8-openjdk-amd64/jre/lib/management-agent.jar
7f256f38b000-7f256f38f000 r--s 00097000 08:02 10881882                   /usr/lib/jvm/java-8-openjdk-amd64/jre/lib/jsse.jar
7f256f391000-7f256f394000 r--s 00015000 08:02 10881880                   /usr/lib/jvm/java-8-openjdk-amd64/jre/lib/jce.jar
7f256f395000-7f256f39a000 r--s 002f9000 08:02 10881877                   /usr/lib/jvm/java-8-openjdk-amd64/jre/lib/charsets.jar
7f256f39e000-7f256f39f000 ---p 00000000 00:00 0 
7f256f39f000-7f256f49f000 rw-p 00000000 00:00 0 
7f256f49f000-7f256f4a2000 ---p 00000000 00:00 0 
7f256f4a2000-7f256f5a0000 rw-p 00000000 00:00 0 
7f256f5a0000-7f256f5a3000 ---p 00000000 00:00 0 
7f256f5a3000-7f256f6a1000 rw-p 00000000 00:00 0 
7f256f6a1000-7f256f6a4000 ---p 00000000 00:00 0 
7f256f6a4000-7f256f7a2000 rw-p 00000000 00:00 0 
7f256f7a2000-7f256f7a5000 ---p 00000000 00:00 0 
7f256f7a5000-7f256f8a3000 rw-p 00000000 00:00 0 
7f256f8a3000-7f256f8a6000 ---p 00000000 00:00 0 
7f256f8a6000-7f256f9a4000 rw-p 00000000 00:00 0 
7f256f9a4000-7f256fdfb000 r--p 00000000 08:02 9700121                    /usr/lib/locale/locale-archive
7f256fdfe000-7f256fe01000 ---p 00000000 00:00 0 
7f256fe01000-7f256feff000 rw-p 00000000 00:00 0 
7f256feff000-7f256ff02000 ---p 00000000 00:00 0 
7f256ff02000-7f2570000000 rw-p 00000000 00:00 0 
7f2570000000-7f2570021000 rw-p 00000000 00:00 0 
7f2570021000-7f2574000000 ---p 00000000 00:00 0 
7f2574000000-7f2574021000 rw-p 00000000 00:00 0 
7f2574021000-7f2578000000 ---p 00000000 00:00 0 
7f2578000000-7f2578021000 rw-p 00000000 00:00 0 
7f2578021000-7f257c000000 ---p 00000000 00:00 0 
7f257c000000-7f257c021000 rw-p 00000000 00:00 0 
7f257c021000-7f2580000000 ---p 00000000 00:00 0 
7f2580000000-7f2580021000 rw-p 00000000 00:00 0 
7f2580021000-7f2584000000 ---p 00000000 00:00 0 
7f2584006000-7f2584007000 r--s 0000a000 08:02 11403826                   /usr/lib/jvm/java-8-openjdk-amd64/jre/lib/ext/jaccess.jar
7f258400c000-7f258400d000 r--s 00010000 08:02 11403832                   /usr/lib/jvm/java-8-openjdk-amd64/jre/lib/ext/zipfs.jar
7f2584013000-7f2584017000 r--s 00037000 08:02 11403824                   /usr/lib/jvm/java-8-openjdk-amd64/jre/lib/ext/sunpkcs11.jar
7f258401d000-7f258401f000 r--s 00001000 08:02 11403836                   /usr/lib/jvm/java-8-openjdk-amd64/jre/lib/ext/dnsns.jar
7f2584021000-7f258403c000 r--s 001d5000 08:02 11403820                   /usr/lib/jvm/java-8-openjdk-amd64/jre/lib/ext/nashorn.jar
7f2584043000-7f2584046000 r--s 0000f000 08:02 11403834                   /usr/lib/jvm/java-8-openjdk-amd64/jre/lib/ext/icedtea-sound.jar
7f2584047000-7f258404c000 r--s 0003b000 08:02 11403822                   /usr/lib/jvm/java-8-openjdk-amd64/jre/lib/ext/sunjce_provider.jar
7f2584050000-7f258406b000 r--s 00394000 08:02 11403818                   /usr/lib/jvm/java-8-openjdk-amd64/jre/lib/ext/cldrdata.jar
7f2584072000-7f258407c000 r--s 00116000 08:02 11403830                   /usr/lib/jvm/java-8-openjdk-amd64/jre/lib/ext/localedata.jar
7f2584081000-7f2584082000 ---p 00000000 00:00 0 
7f2584082000-7f2585115000 rw-p 00000000 00:00 0 
7f2585115000-7f25852e3000 r--s 03bf1000 08:02 10881874                   /usr/lib/jvm/java-8-openjdk-amd64/jre/lib/rt.jar
7f25852e5000-7f2587be6000 rw-p 00000000 00:00 0 
7f2587be6000-7f2587be7000 ---p 00000000 00:00 0 
7f2587be7000-7f2587ce7000 rw-p 00000000 00:00 0 
7f2587ce7000-7f2587ce8000 ---p 00000000 00:00 0 
7f2587ce8000-7f2587de8000 rw-p 00000000 00:00 0 
7f2587de8000-7f2587de9000 ---p 00000000 00:00 0 
7f2587de9000-7f2587ee9000 rw-p 00000000 00:00 0 
7f2587ee9000-7f2587eea000 ---p 00000000 00:00 0 
7f2587eea000-7f2588000000 rw-p 00000000 00:00 0 
7f2588000000-7f2588135000 ---p 00000000 00:00 0 
7f2588135000-7f2588148000 rw-p 00000000 00:00 0 
7f2588148000-7f25881db000 ---p 00000000 00:00 0 
7f25881db000-7f25881e9000 rw-p 00000000 00:00 0 
7f25881e9000-7f258859c000 ---p 00000000 00:00 0 
7f258859c000-7f25888ac000 rwxp 00000000 00:00 0 
7f25888ac000-7f259759c000 ---p 00000000 00:00 0 
7f259759c000-7f25975a4000 r-xp 00000000 08:02 11284709                   /usr/lib/jvm/java-8-openjdk-amd64/jre/lib/amd64/libzip.so
7f25975a4000-7f25977a3000 ---p 00008000 08:02 11284709                   /usr/lib/jvm/java-8-openjdk-amd64/jre/lib/amd64/libzip.so
7f25977a3000-7f25977a4000 r--p 00007000 08:02 11284709                   /usr/lib/jvm/java-8-openjdk-amd64/jre/lib/amd64/libzip.so
7f25977a4000-7f25977a5000 rw-p 00008000 08:02 11284709                   /usr/lib/jvm/java-8-openjdk-amd64/jre/lib/amd64/libzip.so
7f25977ac000-7f25977b7000 r-xp 00000000 08:02 655605                     /lib/x86_64-linux-gnu/libnss_files-2.23.so
7f25977b7000-7f25979b6000 ---p 0000b000 08:02 655605                     /lib/x86_64-linux-gnu/libnss_files-2.23.so
7f25979b6000-7f25979b7000 r--p 0000a000 08:02 655605                     /lib/x86_64-linux-gnu/libnss_files-2.23.so
7f25979b7000-7f25979b8000 rw-p 0000b000 08:02 655605                     /lib/x86_64-linux-gnu/libnss_files-2.23.so
7f25979b8000-7f25979be000 rw-p 00000000 00:00 0 
7f25979c4000-7f25979cf000 r-xp 00000000 08:02 655575                     /lib/x86_64-linux-gnu/libnss_nis-2.23.so
7f25979cf000-7f2597bce000 ---p 0000b000 08:02 655575                     /lib/x86_64-linux-gnu/libnss_nis-2.23.so
7f2597bce000-7f2597bcf000 r--p 0000a000 08:02 655575                     /lib/x86_64-linux-gnu/libnss_nis-2.23.so
7f2597bcf000-7f2597bd0000 rw-p 0000b000 08:02 655575                     /lib/x86_64-linux-gnu/libnss_nis-2.23.so
7f2597bd4000-7f2597bea000 r-xp 00000000 08:02 655599                     /lib/x86_64-linux-gnu/libnsl-2.23.so
7f2597bea000-7f2597de9000 ---p 00016000 08:02 655599                     /lib/x86_64-linux-gnu/libnsl-2.23.so
7f2597de9000-7f2597dea000 r--p 00015000 08:02 655599                     /lib/x86_64-linux-gnu/libnsl-2.23.so
7f2597dea000-7f2597deb000 rw-p 00016000 08:02 655599                     /lib/x86_64-linux-gnu/libnsl-2.23.so
7f2597deb000-7f2597ded000 rw-p 00000000 00:00 0 
7f2597df4000-7f2597dfc000 r-xp 00000000 08:02 655601                     /lib/x86_64-linux-gnu/libnss_compat-2.23.so
7f2597dfc000-7f2597ffb000 ---p 00008000 08:02 655601                     /lib/x86_64-linux-gnu/libnss_compat-2.23.so
7f2597ffb000-7f2597ffc000 r--p 00007000 08:02 655601                     /lib/x86_64-linux-gnu/libnss_compat-2.23.so
7f2597ffc000-7f2597ffd000 rw-p 00008000 08:02 655601                     /lib/x86_64-linux-gnu/libnss_compat-2.23.so
7f2598000000-7f2598f92000 rw-p 00000000 00:00 0 
7f2598f92000-7f259c000000 ---p 00000000 00:00 0 
7f259c004000-7f259c006000 r--s 00008000 08:02 11403828                   /usr/lib/jvm/java-8-openjdk-amd64/jre/lib/ext/sunec.jar
7f259c009000-7f259c0b6000 rw-p 00000000 00:00 0 
7f259c0b6000-7f259c1ec000 ---p 00000000 00:00 0 
7f259c1ec000-7f259c219000 r-xp 00000000 08:02 11282370                   /usr/lib/jvm/java-8-openjdk-amd64/jre/lib/amd64/libjava.so
7f259c219000-7f259c418000 ---p 0002d000 08:02 11282370                   /usr/lib/jvm/java-8-openjdk-amd64/jre/lib/amd64/libjava.so
7f259c418000-7f259c419000 r--p 0002c000 08:02 11282370                   /usr/lib/jvm/java-8-openjdk-amd64/jre/lib/amd64/libjava.so
7f259c419000-7f259c41b000 rw-p 0002d000 08:02 11282370                   /usr/lib/jvm/java-8-openjdk-amd64/jre/lib/amd64/libjava.so
7f259c41c000-7f259c42b000 r-xp 00000000 08:02 11284707                   /usr/lib/jvm/java-8-openjdk-amd64/jre/lib/amd64/libverify.so
7f259c42b000-7f259c62a000 ---p 0000f000 08:02 11284707                   /usr/lib/jvm/java-8-openjdk-amd64/jre/lib/amd64/libverify.so
7f259c62a000-7f259c62c000 r--p 0000e000 08:02 11284707                   /usr/lib/jvm/java-8-openjdk-amd64/jre/lib/amd64/libverify.so
7f259c62c000-7f259c62d000 rw-p 00010000 08:02 11284707                   /usr/lib/jvm/java-8-openjdk-amd64/jre/lib/amd64/libverify.so
7f259c634000-7f259c63b000 r-xp 00000000 08:02 655573                     /lib/x86_64-linux-gnu/librt-2.23.so
7f259c63b000-7f259c83a000 ---p 00007000 08:02 655573                     /lib/x86_64-linux-gnu/librt-2.23.so
7f259c83a000-7f259c83b000 r--p 00006000 08:02 655573                     /lib/x86_64-linux-gnu/librt-2.23.so
7f259c83b000-7f259c83c000 rw-p 00007000 08:02 655573                     /lib/x86_64-linux-gnu/librt-2.23.so
7f259c83c000-7f259c852000 r-xp 00000000 08:02 659912                     /lib/x86_64-linux-gnu/libgcc_s.so.1
7f259c852000-7f259ca51000 ---p 00016000 08:02 659912                     /lib/x86_64-linux-gnu/libgcc_s.so.1
7f259ca51000-7f259ca52000 rw-p 00015000 08:02 659912                     /lib/x86_64-linux-gnu/libgcc_s.so.1
7f259ca54000-7f259cb5c000 r-xp 00000000 08:02 655595                     /lib/x86_64-linux-gnu/libm-2.23.so
7f259cb5c000-7f259cd5b000 ---p 00108000 08:02 655595                     /lib/x86_64-linux-gnu/libm-2.23.so
7f259cd5b000-7f259cd5c000 r--p 00107000 08:02 655595                     /lib/x86_64-linux-gnu/libm-2.23.so
7f259cd5c000-7f259cd5d000 rw-p 00108000 08:02 655595                     /lib/x86_64-linux-gnu/libm-2.23.so
7f259cd64000-7f259ced6000 r-xp 00000000 08:02 9699525                    /usr/lib/x86_64-linux-gnu/libstdc++.so.6.0.21
7f259ced6000-7f259d0d6000 ---p 00172000 08:02 9699525                    /usr/lib/x86_64-linux-gnu/libstdc++.so.6.0.21
7f259d0d6000-7f259d0e0000 r--p 00172000 08:02 9699525                    /usr/lib/x86_64-linux-gnu/libstdc++.so.6.0.21
7f259d0e0000-7f259d0e2000 rw-p 0017c000 08:02 9699525                    /usr/lib/x86_64-linux-gnu/libstdc++.so.6.0.21
7f259d0e2000-7f259d0e6000 rw-p 00000000 00:00 0 
7f259d0ec000-7f259dd3b000 r-xp 00000000 08:02 11284710                   /usr/lib/jvm/java-8-openjdk-amd64/jre/lib/amd64/server/libjvm.so
7f259dd3b000-7f259df3a000 ---p 00c4f000 08:02 11284710                   /usr/lib/jvm/java-8-openjdk-amd64/jre/lib/amd64/server/libjvm.so
7f259df3a000-7f259dfcd000 r--p 00c4e000 08:02 11284710                   /usr/lib/jvm/java-8-openjdk-amd64/jre/lib/amd64/server/libjvm.so
7f259dfcd000-7f259dff6000 rw-p 00ce1000 08:02 11284710                   /usr/lib/jvm/java-8-openjdk-amd64/jre/lib/amd64/server/libjvm.so
7f259dff6000-7f259e026000 rw-p 00000000 00:00 0 
7f259e02c000-7f259e044000 r-xp 00000000 08:02 655597                     /lib/x86_64-linux-gnu/libpthread-2.23.so
7f259e044000-7f259e243000 ---p 00018000 08:02 655597                     /lib/x86_64-linux-gnu/libpthread-2.23.so
7f259e243000-7f259e244000 r--p 00017000 08:02 655597                     /lib/x86_64-linux-gnu/libpthread-2.23.so
7f259e244000-7f259e245000 rw-p 00018000 08:02 655597                     /lib/x86_64-linux-gnu/libpthread-2.23.so
7f259e245000-7f259e249000 rw-p 00000000 00:00 0 
7f259e24c000-7f259e24f000 r-xp 00000000 08:02 655581                     /lib/x86_64-linux-gnu/libdl-2.23.so
7f259e24f000-7f259e44e000 ---p 00003000 08:02 655581                     /lib/x86_64-linux-gnu/libdl-2.23.so
7f259e44e000-7f259e44f000 r--p 00002000 08:02 655581                     /lib/x86_64-linux-gnu/libdl-2.23.so
7f259e44f000-7f259e450000 rw-p 00003000 08:02 655581                     /lib/x86_64-linux-gnu/libdl-2.23.so
7f259e454000-7f259e46d000 r-xp 00000000 08:02 660065                     /lib/x86_64-linux-gnu/libz.so.1.2.8
7f259e46d000-7f259e66c000 ---p 00019000 08:02 660065                     /lib/x86_64-linux-gnu/libz.so.1.2.8
7f259e66c000-7f259e66d000 r--p 00018000 08:02 660065                     /lib/x86_64-linux-gnu/libz.so.1.2.8
7f259e66d000-7f259e66e000 rw-p 00019000 08:02 660065                     /lib/x86_64-linux-gnu/libz.so.1.2.8
7f259e674000-7f259e833000 r-xp 00000000 08:02 655584                     /lib/x86_64-linux-gnu/libc-2.23.so
7f259e833000-7f259ea33000 ---p 001bf000 08:02 655584                     /lib/x86_64-linux-gnu/libc-2.23.so
7f259ea33000-7f259ea37000 r--p 001bf000 08:02 655584                     /lib/x86_64-linux-gnu/libc-2.23.so
7f259ea37000-7f259ea39000 rw-p 001c3000 08:02 655584                     /lib/x86_64-linux-gnu/libc-2.23.so
7f259ea39000-7f259ea3d000 rw-p 00000000 00:00 0 
7f259ea44000-7f259ea51000 r-xp 00000000 08:02 11284706                   /usr/lib/jvm/java-8-openjdk-amd64/jre/lib/amd64/jli/libjli.so
7f259ea51000-7f259ec51000 ---p 0000d000 08:02 11284706                   /usr/lib/jvm/java-8-openjdk-amd64/jre/lib/amd64/jli/libjli.so
7f259ec51000-7f259ec52000 r--p 0000d000 08:02 11284706                   /usr/lib/jvm/java-8-openjdk-amd64/jre/lib/amd64/jli/libjli.so
7f259ec52000-7f259ec53000 rw-p 0000e000 08:02 11284706                   /usr/lib/jvm/java-8-openjdk-amd64/jre/lib/amd64/jli/libjli.so
7f259ec54000-7f259ec7a000 r-xp 00000000 08:02 655561                     /lib/x86_64-linux-gnu/ld-2.23.so
7f259ec80000-7f259ed64000 rw-p 00000000 00:00 0 
7f259ed64000-7f259ed6c000 rw-s 00000000 08:02 3279281                    /tmp/hsperfdata_jimmy/2391
7f259ed70000-7f259ed72000 rwxp 00000000 00:00 0 
7f259ed72000-7f259ed73000 rw-p 00000000 00:00 0 
7f259ed73000-7f259ed74000 r--p 00000000 00:00 0 
7f259ed74000-7f259ed77000 ---p 00000000 00:00 0 
7f259ed77000-7f259ee79000 rw-p 00000000 00:00 0 
7f259ee79000-7f259ee7a000 r--p 00025000 08:02 655561                     /lib/x86_64-linux-gnu/ld-2.23.so
7f259ee7a000-7f259ee7b000 rw-p 00026000 08:02 655561                     /lib/x86_64-linux-gnu/ld-2.23.so
7f259ee7b000-7f259ee7e000 rw-p 00000000 00:00 0 
7fff8aa15000-7fff8aa38000 rw-p 00000000 00:00 0                          [stack]
7fff8aaac000-7fff8aaae000 r--p 00000000 00:00 0                          [vvar]
7fff8aaae000-7fff8aab0000 r-xp 00000000 00:00 0                          [vdso]
ffffffffff600000-ffffffffff601000 r-xp 00000000 00:00 0                  [vsyscall]

VM Arguments:
jvm_args: -Didea.launcher.port=7532 -Didea.launcher.bin.path=/home/jimmy/Downloads/idea-IC-145.1617.8/bin -Dfile.encoding=UTF-8 
java_command: com.intellij.rt.execution.application.AppMain Main.Main
java_class_path (initial): /usr/lib/jvm/java-8-openjdk-amd64/jre/lib/charsets.jar:/usr/lib/jvm/java-8-openjdk-amd64/jre/lib/ext/cldrdata.jar:/usr/lib/jvm/java-8-openjdk-amd64/jre/lib/ext/dnsns.jar:/usr/lib/jvm/java-8-openjdk-amd64/jre/lib/ext/icedtea-sound.jar:/usr/lib/jvm/java-8-openjdk-amd64/jre/lib/ext/jaccess.jar:/usr/lib/jvm/java-8-openjdk-amd64/jre/lib/ext/localedata.jar:/usr/lib/jvm/java-8-openjdk-amd64/jre/lib/ext/nashorn.jar:/usr/lib/jvm/java-8-openjdk-amd64/jre/lib/ext/sunec.jar:/usr/lib/jvm/java-8-openjdk-amd64/jre/lib/ext/sunjce_provider.jar:/usr/lib/jvm/java-8-openjdk-amd64/jre/lib/ext/sunpkcs11.jar:/usr/lib/jvm/java-8-openjdk-amd64/jre/lib/ext/zipfs.jar:/usr/lib/jvm/java-8-openjdk-amd64/jre/lib/jce.jar:/usr/lib/jvm/java-8-openjdk-amd64/jre/lib/jsse.jar:/usr/lib/jvm/java-8-openjdk-amd64/jre/lib/management-agent.jar:/usr/lib/jvm/java-8-openjdk-amd64/jre/lib/resources.jar:/usr/lib/jvm/java-8-openjdk-amd64/jre/lib/rt.jar:/home/jimmy/IdeaProjects/TotalFantasyOpenGL/out/production/TotalFantasyOpenGL:/home/jimmy/IdeaProjects/TotalFantasyOpenGL/lib/joml-1.8.21.jar:/home/jimmy/IdeaProjects/lwjgl/lwjgl/lwjgl.jar:/home/jimmy/IdeaProjects/lwjgl/lwjgl/lwjgl-javadoc.jar:/home/jimmy/IdeaProjects/lwjgl/lwjgl/lwjgl-sources.jar:/home/jimmy/IdeaProjects/lwjgl/lwjgl/lwjgl-natives-linux.jar:/home/jimmy/IdeaProjects/lwjgl/lwjgl/lwjgl-natives-macos.jar:/home/jimmy/IdeaProjects/lwjgl/lwjgl/lwjgl-natives-windows.jar:/home/jimmy/IdeaProjects/lwjgl/lwjgl-egl/lwjgl-egl.jar:/home/jimmy/IdeaProjects/lwjgl/lwjgl-egl/lwjgl-egl-javadoc.jar:/home/jimmy/IdeaProjects/lwjgl/lwjgl-egl/lwjgl-egl-sources.jar:/home/jimmy/IdeaProjects/lwjgl/lwjgl-glfw/lwjgl-glfw.jar:/home/jimmy/IdeaProjects/lwjgl/lwjgl-glfw/lwjgl-glfw-javadoc.jar:/home/jimmy/IdeaProjects/lwjgl/lwjgl-glfw/lwjgl-glfw-sources.jar:/home/jimmy/IdeaProjects/lwjgl/lwjgl-glfw/lwjgl-glfw-natives-linux.jar:/home/jimmy/IdeaProjects/lwjgl/lwjgl-glfw/lwjgl-glfw-natives-macos.jar:/home/jimmy/IdeaProjects/lwjgl/lwjgl-glfw/lwjgl-glfw-native
Launcher Type: SUN_STANDARD

Environment Variables:
JAVA_HOME=/usr/local/java/jdk1.8.0_91
JRE_HOME=/usr/local/java/jre1.8.0_91
PATH=/usr/local/sbin:/usr/local/bin:/usr/sbin:/usr/bin:/sbin:/bin:/usr/games:/usr/local/games:/snap/bin:/usr/local/java/jre1.8.0_91/bin:/usr/local/java/jdk1.8.0_91/bin
LD_LIBRARY_PATH=/home/jimmy/Downloads/idea-IC-145.1617.8/bin:
SHELL=/bin/bash
DISPLAY=:0

Signal Handlers:
SIGSEGV: [libjvm.so+0xa65880], sa_mask[0]=11111111011111111101111111111110, sa_flags=SA_RESTART|SA_SIGINFO
SIGBUS: [libjvm.so+0xa65880], sa_mask[0]=11111111011111111101111111111110, sa_flags=SA_RESTART|SA_SIGINFO
SIGFPE: [libjvm.so+0x8af1c0], sa_mask[0]=11111111011111111101111111111110, sa_flags=SA_RESTART|SA_SIGINFO
SIGPIPE: [libjvm.so+0x8af1c0], sa_mask[0]=11111111011111111101111111111110, sa_flags=SA_RESTART|SA_SIGINFO
SIGXFSZ: [libjvm.so+0x8af1c0], sa_mask[0]=11111111011111111101111111111110, sa_flags=SA_RESTART|SA_SIGINFO
SIGILL: [libjvm.so+0x8af1c0], sa_mask[0]=11111111011111111101111111111110, sa_flags=SA_RESTART|SA_SIGINFO
SIGUSR1: SIG_DFL, sa_mask[0]=00000000000000000000000000000000, sa_flags=none
SIGUSR2: [libjvm.so+0x8af070], sa_mask[0]=00100000000000000000000000000000, sa_flags=SA_RESTART|SA_SIGINFO
SIGHUP: [libjvm.so+0x8af540], sa_mask[0]=11111111011111111101111111111110, sa_flags=SA_RESTART|SA_SIGINFO
SIGINT: [libjvm.so+0x8af540], sa_mask[0]=11111111011111111101111111111110, sa_flags=SA_RESTART|SA_SIGINFO
SIGTERM: [libjvm.so+0x8af540], sa_mask[0]=11111111011111111101111111111110, sa_flags=SA_RESTART|SA_SIGINFO
SIGQUIT: [libjvm.so+0x8af540], sa_mask[0]=11111111011111111101111111111110, sa_flags=SA_RESTART|SA_SIGINFO


---------------  S Y S T E M  ---------------

OS:DISTRIB_ID=Ubuntu
DISTRIB_RELEASE=16.04
DISTRIB_CODENAME=xenial
DISTRIB_DESCRIPTION="Ubuntu 16.04.1 LTS"

uname:Linux 4.4.0-57-generic #78-Ubuntu SMP Fri Dec 9 23:50:32 UTC 2016 x86_64
libc:glibc 2.23 NPTL 2.23 
rlimit: STACK 8192k, CORE 0k, NPROC 14625, NOFILE 65536, AS infinity
load average:2,19 1,04 0,39

/proc/meminfo:
MemTotal:        4070220 kB
MemFree:         1203372 kB
MemAvailable:    2127560 kB
Buffers:           69756 kB
Cached:          1046968 kB
SwapCached:            0 kB
Active:          1943516 kB
Inactive:         690668 kB
Active(anon):    1518616 kB
Inactive(anon):    14012 kB
Active(file):     424900 kB
Inactive(file):   676656 kB
Unevictable:          32 kB
Mlocked:              32 kB
SwapTotal:       4151292 kB
SwapFree:        4151292 kB
Dirty:              2292 kB
Writeback:             0 kB
AnonPages:       1517400 kB
Mapped:           399708 kB
Shmem:             15264 kB
Slab:              89308 kB
SReclaimable:      55284 kB
SUnreclaim:        34024 kB
KernelStack:       10352 kB
PageTables:        40108 kB
NFS_Unstable:          0 kB
Bounce:                0 kB
WritebackTmp:          0 kB
CommitLimit:     6186400 kB
Committed_AS:    5169356 kB
VmallocTotal:   34359738367 kB
VmallocUsed:           0 kB
VmallocChunk:          0 kB
HardwareCorrupted:     0 kB
AnonHugePages:    329728 kB
CmaTotal:              0 kB
CmaFree:               0 kB
HugePages_Total:       0
HugePages_Free:        0
HugePages_Rsvd:        0
HugePages_Surp:        0
Hugepagesize:       2048 kB
DirectMap4k:      160660 kB
DirectMap2M:     3991552 kB
DirectMap1G:           0 kB


CPU:total 4 (4 cores per cpu, 1 threads per core) family 21 model 48 stepping 1, cmov, cx8, fxsr, mmx, sse, sse2, sse3, ssse3, sse4.1, sse4.2, popcnt, avx, aes, clmul, mmxext, 3dnowpref, lzcnt, sse4a, tsc, tscinvbit, tscinv, bmi1

/proc/cpuinfo:
processor	: 0
vendor_id	: AuthenticAMD
cpu family	: 21
model		: 48
model name	: AMD Athlon(tm) X4 840 Quad Core Processor
stepping	: 1
microcode	: 0x6003106
cpu MHz		: 3100.000
cache size	: 2048 KB
physical id	: 0
siblings	: 4
core id		: 0
cpu cores	: 2
apicid		: 16
initial apicid	: 0
fpu		: yes
fpu_exception	: yes
cpuid level	: 13
wp		: yes
flags		: fpu vme de pse tsc msr pae mce cx8 apic sep mtrr pge mca cmov pat pse36 clflush mmx fxsr sse sse2 ht syscall nx mmxext fxsr_opt pdpe1gb rdtscp lm constant_tsc rep_good nopl nonstop_tsc extd_apicid aperfmperf eagerfpu pni pclmulqdq monitor ssse3 fma cx16 sse4_1 sse4_2 popcnt aes xsave avx f16c lahf_lm cmp_legacy svm extapic cr8_legacy abm sse4a misalignsse 3dnowprefetch osvw ibs xop skinit wdt lwp fma4 tce nodeid_msr tbm topoext perfctr_core perfctr_nb bpext cpb hw_pstate vmmcall fsgsbase bmi1 xsaveopt arat npt lbrv svm_lock nrip_save tsc_scale vmcb_clean flushbyasid decodeassists pausefilter pfthreshold
bugs		: fxsave_leak sysret_ss_attrs
bogomips	: 6188.36
TLB size	: 1536 4K pages
clflush size	: 64
cache_alignment	: 64
address sizes	: 48 bits physical, 48 bits virtual
power management: ts ttp tm 100mhzsteps hwpstate cpb eff_freq_ro [13]

processor	: 1
vendor_id	: AuthenticAMD
cpu family	: 21
model		: 48
model name	: AMD Athlon(tm) X4 840 Quad Core Processor
stepping	: 1
microcode	: 0x6003106
cpu MHz		: 3100.000
cache size	: 2048 KB
physical id	: 0
siblings	: 4
core id		: 1
cpu cores	: 2
apicid		: 17
initial apicid	: 1
fpu		: yes
fpu_exception	: yes
cpuid level	: 13
wp		: yes
flags		: fpu vme de pse tsc msr pae mce cx8 apic sep mtrr pge mca cmov pat pse36 clflush mmx fxsr sse sse2 ht syscall nx mmxext fxsr_opt pdpe1gb rdtscp lm constant_tsc rep_good nopl nonstop_tsc extd_apicid aperfmperf eagerfpu pni pclmulqdq monitor ssse3 fma cx16 sse4_1 sse4_2 popcnt aes xsave avx f16c lahf_lm cmp_legacy svm extapic cr8_legacy abm sse4a misalignsse 3dnowprefetch osvw ibs xop skinit wdt lwp fma4 tce nodeid_msr tbm topoext perfctr_core perfctr_nb bpext cpb hw_pstate vmmcall fsgsbase bmi1 xsaveopt arat npt lbrv svm_lock nrip_save tsc_scale vmcb_clean flushbyasid decodeassists pausefilter pfthreshold
bugs		: fxsave_leak sysret_ss_attrs
bogomips	: 6188.36
TLB size	: 1536 4K pages
clflush size	: 64
cache_alignment	: 64
address sizes	: 48 bits physical, 48 bits virtual
power management: ts ttp tm 100mhzsteps hwpstate cpb eff_freq_ro [13]

processor	: 2
vendor_id	: AuthenticAMD
cpu family	: 21
model		: 48
model name	: AMD Athlon(tm) X4 840 Quad Core Processor
stepping	: 1
microcode	: 0x6003106
cpu MHz		: 3100.000
cache size	: 2048 KB
physical id	: 0
siblings	: 4
core id		: 2
cpu cores	: 2
apicid		: 18
initial apicid	: 2
fpu		: yes
fpu_exception	: yes
cpuid level	: 13
wp		: yes
flags		: fpu vme de pse tsc msr pae mce cx8 apic sep mtrr pge mca cmov pat pse36 clflush mmx fxsr sse sse2 ht syscall nx mmxext fxsr_opt pdpe1gb rdtscp lm constant_tsc rep_good nopl nonstop_tsc extd_apicid aperfmperf eagerfpu pni pclmulqdq monitor ssse3 fma cx16 sse4_1 sse4_2 popcnt aes xsave avx f16c lahf_lm cmp_legacy svm extapic cr8_legacy abm sse4a misalignsse 3dnowprefetch osvw ibs xop skinit wdt lwp fma4 tce nodeid_msr tbm topoext perfctr_core perfctr_nb bpext cpb hw_pstate vmmcall fsgsbase bmi1 xsaveopt arat npt lbrv svm_lock nrip_save tsc_scale vmcb_clean flushbyasid decodeassists pausefilter pfthreshold
bugs		: fxsave_leak sysret_ss_attrs
bogomips	: 6188.36
TLB size	: 1536 4K pages
clflush size	: 64
cache_alignment	: 64
address sizes	: 48 bits physical, 48 bits virtual
power management: ts ttp tm 100mhzsteps hwpstate cpb eff_freq_ro [13]

processor	: 3
vendor_id	: AuthenticAMD
cpu family	: 21
model		: 48
model name	: AMD Athlon(tm) X4 840 Quad Core Processor
stepping	: 1
microcode	: 0x6003106
cpu MHz		: 3100.000
cache size	: 2048 KB
physical id	: 0
siblings	: 4
core id		: 3
cpu cores	: 2
apicid		: 19
initial apicid	: 3
fpu		: yes
fpu_exception	: yes
cpuid level	: 13
wp		: yes
flags		: fpu vme de pse tsc msr pae mce cx8 apic sep mtrr pge mca cmov pat pse36 clflush mmx fxsr sse sse2 ht syscall nx mmxext fxsr_opt pdpe1gb rdtscp lm constant_tsc rep_good nopl nonstop_tsc extd_apicid aperfmperf eagerfpu pni pclmulqdq monitor ssse3 fma cx16 sse4_1 sse4_2 popcnt aes xsave avx f16c lahf_lm cmp_legacy svm extapic cr8_legacy abm sse4a misalignsse 3dnowprefetch osvw ibs xop skinit wdt lwp fma4 tce nodeid_msr tbm topoext perfctr_core perfctr_nb bpext cpb hw_pstate vmmcall fsgsbase bmi1 xsaveopt arat npt lbrv svm_lock nrip_save tsc_scale vmcb_clean flushbyasid decodeassists pausefilter pfthreshold
bugs		: fxsave_leak sysret_ss_attrs
bogomips	: 6188.36
TLB size	: 1536 4K pages
clflush size	: 64
cache_alignment	: 64
address sizes	: 48 bits physical, 48 bits virtual
power management: ts ttp tm 100mhzsteps hwpstate cpb eff_freq_ro [13]



Memory: 4k page, physical 4070220k(1203372k free), swap 4151292k(4151292k free)

vm_info: OpenJDK 64-Bit Server VM (25.111-b14) for linux-amd64 JRE (1.8.0_111-8u111-b14-2ubuntu0.16.04.2-b14), built on Oct 27 2016 18:10:19 by "buildd" with gcc 5.4.0 20160609

time: Thu Jan 12 05:30:01 2017
elapsed time: 1 seconds (0d 0h 0m 1s)

