#
# A fatal error has been detected by the Java Runtime Environment:
#
#  SIGSEGV (0xb) at pc=0x00007fc0559dbc9e, pid=7811, tid=0x00007fc05613d700
#
# JRE version: OpenJDK Runtime Environment (8.0_111-b14) (build 1.8.0_111-8u111-b14-2ubuntu0.16.04.2-b14)
# Java VM: OpenJDK 64-Bit Server VM (25.111-b14 mixed mode linux-amd64 compressed oops)
# Problematic frame:
# C  [libc.so.6+0x9ec9e]
#
# Failed to write core dump. Core dumps have been disabled. To enable core dumping, try "ulimit -c unlimited" before starting Java again
#
# If you would like to submit a bug report, please visit:
#   http://bugreport.java.com/bugreport/crash.jsp
# The crash happened outside the Java Virtual Machine in native code.
# See problematic frame for where to report the bug.
#

---------------  T H R E A D  ---------------

Current thread (0x00007fc04c00e000):  JavaThread "main" [_thread_in_native, id=7812, stack(0x00007fc05603d000,0x00007fc05613e000)]

siginfo: si_signo: 11 (SIGSEGV), si_code: 2 (SEGV_ACCERR), si_addr: 0x00007fc04dc40f40

Registers:
RAX=0x000000006cc43f50, RBX=0x00007fbfdeffd000, RCX=0x0000000002000000, RDX=0x0000000001000000
RSP=0x00007fc05613b918, RBP=0x00007fc05613b9a0, RSI=0x00007fc04cc40f50, RDI=0x00007fbfdeffd000
R8 =0x0000000000002000, R9 =0x0000000000000001, R10=0x0000000000002000, R11=0x0000000000000246
R12=0x00007fc04cc40f50, R13=0x0000000000002000, R14=0x0000000000000800, R15=0x0000000000000001
RIP=0x00007fc0559dbc9e, EFLAGS=0x0000000000010202, CSGSFS=0x0000000000000033, ERR=0x0000000000000004
  TRAPNO=0x000000000000000e

Top of Stack: (sp=0x00007fc05613b918)
0x00007fc05613b918:   00007fc00127809f 0000000000000800
0x00007fc05613b928:   00007fc04cc40f50 0000000000002000
0x00007fc05613b938:   0000000000000000 0000000000000000
0x00007fc05613b948:   0000000000000000 0000000000000000
0x00007fc05613b958:   0000004300002000 0000000001000000
0x00007fc05613b968:   0000000001000000 0000000000000000
0x00007fc05613b978:   00007fc04c4aab00 00007fc05613bb20
0x00007fc05613b988:   00007fc04cc40f50 00007fc04c47c850
0x00007fc05613b998:   0000000000002000 00007fc05613ba30
0x00007fc05613b9a8:   00007fc00127c297 0000000000000000
0x00007fc05613b9b8:   0000000000000800 0000000000000800
0x00007fc05613b9c8:   0000000000000001 00007fc04cc40f50
0x00007fc05613b9d8:   0000000000002000 0000000001000000
0x00007fc05613b9e8:   0000000000000000 0000000000000000
0x00007fc05613b9f8:   0000000000000000 00007fc04c83ff70
0x00007fc05613ba08:   63c35ff82017ad00 0000000001000000
0x00007fc05613ba18:   00007fc04c636580 00007fc04cc16b30
0x00007fc05613ba28:   00007fc04c61b310 00007fc05613bc60
0x00007fc05613ba38:   00007fc001057f3c 0000000000002000
0x00007fc05613ba48:   0000000001000000 0000000000000000
0x00007fc05613ba58:   000000000000000e 0000000000000000
0x00007fc05613ba68:   0000000000000000 0000000000000000
0x00007fc05613ba78:   63c35ff82017ad00 ffffffffffffffff
0x00007fc05613ba88:   0000000000000000 0000000000000043
0x00007fc05613ba98:   00007fc04c64ec70 00007fc04c50a150
0x00007fc05613baa8:   000000000000000a 00007fc04c4aab00
0x00007fc05613bab8:   0000000000000de1 0000000000000000
0x00007fc05613bac8:   0000000200000000 00007fc04c47c850
0x00007fc05613bad8:   00007fc04cc40f50 0000000000000000
0x00007fc05613bae8:   0000000a00000000 0000000000000004
0x00007fc05613baf8:   0000000000000000 0000000000000043
0x00007fc05613bb08:   63c35ff82017ad00 0000000000000000 

Instructions: (pc=0x00007fc0559dbc9e)
0x00007fc0559dbc7e:   39 c8 0f 82 07 01 00 00 48 83 fa 10 0f 86 8b 01
0x00007fc0559dbc8e:   00 00 f3 44 0f 6f 06 48 83 fa 20 f3 44 0f 7f 07
0x00007fc0559dbc9e:   f3 44 0f 6f 44 16 f0 f3 44 0f 7f 44 17 f0 77 12
0x00007fc0559dbcae:   48 89 f8 c3 0f 1f 40 00 66 2e 0f 1f 84 00 00 00 

Register to memory mapping:

RAX=0x000000006cc43f50 is an unknown value
RBX=0x00007fbfdeffd000 is an unknown value
RCX=0x0000000002000000 is an unknown value
RDX=0x0000000001000000 is an unknown value
RSP=0x00007fc05613b918 is pointing into the stack for thread: 0x00007fc04c00e000
RBP=0x00007fc05613b9a0 is pointing into the stack for thread: 0x00007fc04c00e000
RSI=0x00007fc04cc40f50 is an unknown value
RDI=0x00007fbfdeffd000 is an unknown value
R8 =0x0000000000002000 is an unknown value
R9 =0x0000000000000001 is an unknown value
R10=0x0000000000002000 is an unknown value
R11=0x0000000000000246 is an unknown value
R12=0x00007fc04cc40f50 is an unknown value
R13=0x0000000000002000 is an unknown value
R14=0x0000000000000800 is an unknown value
R15=0x0000000000000001 is an unknown value


Stack: [0x00007fc05603d000,0x00007fc05613e000],  sp=0x00007fc05613b918,  free space=1018k
Native frames: (J=compiled Java code, j=interpreted, Vv=VM code, C=native code)
C  [libc.so.6+0x9ec9e]
C  [radeonsi_dri.so+0x417297]
C  [radeonsi_dri.so+0x1f2f3c]
C  [radeonsi_dri.so+0x1f48bb]
C  [radeonsi_dri.so+0x17641a]
C  [radeonsi_dri.so+0x17722d]
j  org.lwjgl.system.JNI.callPV(JIIIIIIIIJ)V+0
j  org.lwjgl.opengl.GL11.nglTexImage2D(IIIIIIIIJ)V+24
j  org.lwjgl.opengl.GL11.glTexImage2D(IIIIIIIILjava/nio/ByteBuffer;)V+17
j  Main.Loader.createTextureFromByteBuffer(Ljava/nio/ByteBuffer;II)LMain/Texture;+52
j  Main.Map.<init>(LMain/Camera;LMain/Shader;LMain/Loader;LMain/Renderer;Lorg/joml/Vector3f;)V+345
j  Main.Game.<init>(LMain/Window;)V+186
j  Main.Main.<init>()V+104
j  Main.Main.main([Ljava/lang/String;)V+4
v  ~StubRoutines::call_stub
V  [libjvm.so+0x66088b]
V  [libjvm.so+0x935a26]
V  [libjvm.so+0x93773f]
V  [libjvm.so+0x6ac489]  JVM_InvokeMethod+0x119
j  sun.reflect.NativeMethodAccessorImpl.invoke0(Ljava/lang/reflect/Method;Ljava/lang/Object;[Ljava/lang/Object;)Ljava/lang/Object;+0
j  sun.reflect.NativeMethodAccessorImpl.invoke(Ljava/lang/Object;[Ljava/lang/Object;)Ljava/lang/Object;+100
j  sun.reflect.DelegatingMethodAccessorImpl.invoke(Ljava/lang/Object;[Ljava/lang/Object;)Ljava/lang/Object;+6
j  java.lang.reflect.Method.invoke(Ljava/lang/Object;[Ljava/lang/Object;)Ljava/lang/Object;+56
j  com.intellij.rt.execution.application.AppMain.main([Ljava/lang/String;)V+180
v  ~StubRoutines::call_stub
V  [libjvm.so+0x66088b]
V  [libjvm.so+0x6825ce]
V  [libjvm.so+0x684eff]
C  [libjli.so+0x3552]
C  [libjli.so+0x73dd]
C  [libpthread.so.0+0x76ba]  start_thread+0xca

Java frames: (J=compiled Java code, j=interpreted, Vv=VM code)
j  org.lwjgl.system.JNI.callPV(JIIIIIIIIJ)V+0
j  org.lwjgl.opengl.GL11.nglTexImage2D(IIIIIIIIJ)V+24
j  org.lwjgl.opengl.GL11.glTexImage2D(IIIIIIIILjava/nio/ByteBuffer;)V+17
j  Main.Loader.createTextureFromByteBuffer(Ljava/nio/ByteBuffer;II)LMain/Texture;+52
j  Main.Map.<init>(LMain/Camera;LMain/Shader;LMain/Loader;LMain/Renderer;Lorg/joml/Vector3f;)V+345
j  Main.Game.<init>(LMain/Window;)V+186
j  Main.Main.<init>()V+104
j  Main.Main.main([Ljava/lang/String;)V+4
v  ~StubRoutines::call_stub
j  sun.reflect.NativeMethodAccessorImpl.invoke0(Ljava/lang/reflect/Method;Ljava/lang/Object;[Ljava/lang/Object;)Ljava/lang/Object;+0
j  sun.reflect.NativeMethodAccessorImpl.invoke(Ljava/lang/Object;[Ljava/lang/Object;)Ljava/lang/Object;+100
j  sun.reflect.DelegatingMethodAccessorImpl.invoke(Ljava/lang/Object;[Ljava/lang/Object;)Ljava/lang/Object;+6
j  java.lang.reflect.Method.invoke(Ljava/lang/Object;[Ljava/lang/Object;)Ljava/lang/Object;+56
j  com.intellij.rt.execution.application.AppMain.main([Ljava/lang/String;)V+180
v  ~StubRoutines::call_stub

---------------  P R O C E S S  ---------------

Java Threads: ( => current thread )
  0x00007fc04cc2a000 JavaThread "Java2D Disposer" daemon [_thread_blocked, id=7835, stack(0x00007fc0000cc000,0x00007fc0001cd000)]
  0x00007fc04c34f800 JavaThread "Monitor Ctrl-Break" daemon [_thread_in_native, id=7826, stack(0x00007fc02e0d4000,0x00007fc02e1d5000)]
  0x00007fc04c0c6000 JavaThread "Service Thread" daemon [_thread_blocked, id=7824, stack(0x00007fc02e790000,0x00007fc02e891000)]
  0x00007fc04c0b6800 JavaThread "C1 CompilerThread2" daemon [_thread_blocked, id=7823, stack(0x00007fc02e891000,0x00007fc02e992000)]
  0x00007fc04c0b5000 JavaThread "C2 CompilerThread1" daemon [_thread_blocked, id=7822, stack(0x00007fc02e992000,0x00007fc02ea93000)]
  0x00007fc04c0b2000 JavaThread "C2 CompilerThread0" daemon [_thread_blocked, id=7821, stack(0x00007fc02ea93000,0x00007fc02eb94000)]
  0x00007fc04c0b0000 JavaThread "Signal Dispatcher" daemon [_thread_blocked, id=7820, stack(0x00007fc02eb94000,0x00007fc02ec95000)]
  0x00007fc04c087800 JavaThread "Finalizer" daemon [_thread_blocked, id=7819, stack(0x00007fc02f0f1000,0x00007fc02f1f2000)]
  0x00007fc04c083000 JavaThread "Reference Handler" daemon [_thread_blocked, id=7818, stack(0x00007fc02f1f2000,0x00007fc02f2f3000)]
=>0x00007fc04c00e000 JavaThread "main" [_thread_in_native, id=7812, stack(0x00007fc05603d000,0x00007fc05613e000)]

Other Threads:
  0x00007fc04c07b000 VMThread [stack: 0x00007fc02f2f3000,0x00007fc02f3f4000] [id=7817]
  0x00007fc04c0c8800 WatcherThread [stack: 0x00007fc02e68f000,0x00007fc02e790000] [id=7825]

VM state:not at safepoint (normal execution)

VM Mutex/Monitor currently owned by a thread: None

Heap:
 PSYoungGen      total 35328K, used 12262K [0x00000000eb500000, 0x00000000eda00000, 0x0000000100000000)
  eden space 32768K, 29% used [0x00000000eb500000,0x00000000ebe7d7a8,0x00000000ed500000)
  from space 2560K, 99% used [0x00000000ed780000,0x00000000ed9fc410,0x00000000eda00000)
  to   space 2560K, 0% used [0x00000000ed500000,0x00000000ed500000,0x00000000ed780000)
 ParOldGen       total 44032K, used 2181K [0x00000000c1e00000, 0x00000000c4900000, 0x00000000eb500000)
  object space 44032K, 4% used [0x00000000c1e00000,0x00000000c2021498,0x00000000c4900000)
 Metaspace       used 10753K, capacity 10955K, committed 11264K, reserved 1058816K
  class space    used 962K, capacity 1023K, committed 1024K, reserved 1048576K

Card table byte_map: [0x00007fc05249b000,0x00007fc05268d000] byte_map_base: 0x00007fc051e8c000

Marking Bits: (ParMarkBitMap*) 0x00007fc0552d2220
 Begin Bits: [0x00007fc05003b000, 0x00007fc050fc3000)
 End Bits:   [0x00007fc050fc3000, 0x00007fc051f4b000)

Polling page: 0x00007fc05603c000

CodeCache: size=245760Kb used=3084Kb max_used=3098Kb free=242675Kb
 bounds [0x00007fc03d000000, 0x00007fc03d310000, 0x00007fc04c000000]
 total_blobs=1552 nmethods=739 adapters=729
 compilation: enabled

Compilation events (10 events):
Event: 2,126 Thread 0x00007fc04c0b2000  735       4       java.util.zip.Inflater::ensureOpen (47 bytes)
Event: 2,127 Thread 0x00007fc04c0b2000 nmethod 735 0x00007fc03d2efed0 code [0x00007fc03d2f0020, 0x00007fc03d2f00b8]
Event: 2,128 Thread 0x00007fc04c0b2000  736   !   4       java.util.zip.Inflater::inflate (113 bytes)
Event: 2,130 Thread 0x00007fc04c0b2000 nmethod 736 0x00007fc03d2ff4d0 code [0x00007fc03d2ff640, 0x00007fc03d2ffb08]
Event: 2,138 Thread 0x00007fc04c0b5000  737       4       java.io.BufferedInputStream::read1 (108 bytes)
Event: 2,141 Thread 0x00007fc04c0b5000 nmethod 737 0x00007fc03d303090 code [0x00007fc03d303200, 0x00007fc03d303548]
Event: 2,162 Thread 0x00007fc04c0b2000  738 %     4       Main.Loader::loadImageFileToByteBuffer @ 89 (184 bytes)
Event: 2,176 Thread 0x00007fc04c0b2000 nmethod 738% 0x00007fc03d302010 code [0x00007fc03d3021c0, 0x00007fc03d3028b8]
Event: 2,176 Thread 0x00007fc04c0b5000  739       4       Main.Loader::loadImageFileToByteBuffer (184 bytes)
Event: 2,216 Thread 0x00007fc04c0b5000 nmethod 739 0x00007fc03d308650 code [0x00007fc03d308880, 0x00007fc03d3094e0]

GC Heap History (8 events):
Event: 1,287 GC heap before
{Heap before GC invocations=1 (full 0):
 PSYoungGen      total 18944K, used 16384K [0x00000000eb500000, 0x00000000eca00000, 0x0000000100000000)
  eden space 16384K, 100% used [0x00000000eb500000,0x00000000ec500000,0x00000000ec500000)
  from space 2560K, 0% used [0x00000000ec780000,0x00000000ec780000,0x00000000eca00000)
  to   space 2560K, 0% used [0x00000000ec500000,0x00000000ec500000,0x00000000ec780000)
 ParOldGen       total 44032K, used 0K [0x00000000c1e00000, 0x00000000c4900000, 0x00000000eb500000)
  object space 44032K, 0% used [0x00000000c1e00000,0x00000000c1e00000,0x00000000c4900000)
 Metaspace       used 8010K, capacity 8193K, committed 8448K, reserved 1056768K
  class space    used 692K, capacity 762K, committed 768K, reserved 1048576K
Event: 1,295 GC heap after
Heap after GC invocations=1 (full 0):
 PSYoungGen      total 18944K, used 2539K [0x00000000eb500000, 0x00000000eca00000, 0x0000000100000000)
  eden space 16384K, 0% used [0x00000000eb500000,0x00000000eb500000,0x00000000ec500000)
  from space 2560K, 99% used [0x00000000ec500000,0x00000000ec77ad00,0x00000000ec780000)
  to   space 2560K, 0% used [0x00000000ec780000,0x00000000ec780000,0x00000000eca00000)
 ParOldGen       total 44032K, used 448K [0x00000000c1e00000, 0x00000000c4900000, 0x00000000eb500000)
  object space 44032K, 1% used [0x00000000c1e00000,0x00000000c1e702e8,0x00000000c4900000)
 Metaspace       used 8010K, capacity 8193K, committed 8448K, reserved 1056768K
  class space    used 692K, capacity 762K, committed 768K, reserved 1048576K
}
Event: 2,042 GC heap before
{Heap before GC invocations=2 (full 0):
 PSYoungGen      total 18944K, used 18923K [0x00000000eb500000, 0x00000000eca00000, 0x0000000100000000)
  eden space 16384K, 100% used [0x00000000eb500000,0x00000000ec500000,0x00000000ec500000)
  from space 2560K, 99% used [0x00000000ec500000,0x00000000ec77ad00,0x00000000ec780000)
  to   space 2560K, 0% used [0x00000000ec780000,0x00000000ec780000,0x00000000eca00000)
 ParOldGen       total 44032K, used 448K [0x00000000c1e00000, 0x00000000c4900000, 0x00000000eb500000)
  object space 44032K, 1% used [0x00000000c1e00000,0x00000000c1e702e8,0x00000000c4900000)
 Metaspace       used 10745K, capacity 10955K, committed 11264K, reserved 1058816K
  class space    used 961K, capacity 1023K, committed 1024K, reserved 1048576K
Event: 2,076 GC heap after
Heap after GC invocations=2 (full 0):
 PSYoungGen      total 18944K, used 2545K [0x00000000eb500000, 0x00000000eda00000, 0x0000000100000000)
  eden space 16384K, 0% used [0x00000000eb500000,0x00000000eb500000,0x00000000ec500000)
  from space 2560K, 99% used [0x00000000ec780000,0x00000000ec9fc410,0x00000000eca00000)
  to   space 2560K, 0% used [0x00000000ec500000,0x00000000ec500000,0x00000000ec780000)
 ParOldGen       total 44032K, used 2141K [0x00000000c1e00000, 0x00000000c4900000, 0x00000000eb500000)
  object space 44032K, 4% used [0x00000000c1e00000,0x00000000c2017498,0x00000000c4900000)
 Metaspace       used 10745K, capacity 10955K, committed 11264K, reserved 1058816K
  class space    used 961K, capacity 1023K, committed 1024K, reserved 1048576K
}
Event: 2,109 GC heap before
{Heap before GC invocations=3 (full 0):
 PSYoungGen      total 18944K, used 18929K [0x00000000eb500000, 0x00000000eda00000, 0x0000000100000000)
  eden space 16384K, 100% used [0x00000000eb500000,0x00000000ec500000,0x00000000ec500000)
  from space 2560K, 99% used [0x00000000ec780000,0x00000000ec9fc410,0x00000000eca00000)
  to   space 2560K, 0% used [0x00000000ec500000,0x00000000ec500000,0x00000000ec780000)
 ParOldGen       total 44032K, used 2141K [0x00000000c1e00000, 0x00000000c4900000, 0x00000000eb500000)
  object space 44032K, 4% used [0x00000000c1e00000,0x00000000c2017498,0x00000000c4900000)
 Metaspace       used 10753K, capacity 10955K, committed 11264K, reserved 1058816K
  class space    used 962K, capacity 1023K, committed 1024K, reserved 1048576K
Event: 2,118 GC heap after
Heap after GC invocations=3 (full 0):
 PSYoungGen      total 18944K, used 1552K [0x00000000eb500000, 0x00000000eda00000, 0x0000000100000000)
  eden space 16384K, 0% used [0x00000000eb500000,0x00000000eb500000,0x00000000ec500000)
  from space 2560K, 60% used [0x00000000ec500000,0x00000000ec684010,0x00000000ec780000)
  to   space 2560K, 0% used [0x00000000ed780000,0x00000000ed780000,0x00000000eda00000)
 ParOldGen       total 44032K, used 2141K [0x00000000c1e00000, 0x00000000c4900000, 0x00000000eb500000)
  object space 44032K, 4% used [0x00000000c1e00000,0x00000000c2017498,0x00000000c4900000)
 Metaspace       used 10753K, capacity 10955K, committed 11264K, reserved 1058816K
  class space    used 962K, capacity 1023K, committed 1024K, reserved 1048576K
}
Event: 2,201 GC heap before
{Heap before GC invocations=4 (full 0):
 PSYoungGen      total 18944K, used 17936K [0x00000000eb500000, 0x00000000eda00000, 0x0000000100000000)
  eden space 16384K, 100% used [0x00000000eb500000,0x00000000ec500000,0x00000000ec500000)
  from space 2560K, 60% used [0x00000000ec500000,0x00000000ec684010,0x00000000ec780000)
  to   space 2560K, 0% used [0x00000000ed780000,0x00000000ed780000,0x00000000eda00000)
 ParOldGen       total 44032K, used 2141K [0x00000000c1e00000, 0x00000000c4900000, 0x00000000eb500000)
  object space 44032K, 4% used [0x00000000c1e00000,0x00000000c2017498,0x00000000c4900000)
 Metaspace       used 10753K, capacity 10955K, committed 11264K, reserved 1058816K
  class space    used 962K, capacity 1023K, committed 1024K, reserved 1048576K
Event: 2,214 GC heap after
Heap after GC invocations=4 (full 0):
 PSYoungGen      total 35328K, used 2545K [0x00000000eb500000, 0x00000000eda00000, 0x0000000100000000)
  eden space 32768K, 0% used [0x00000000eb500000,0x00000000eb500000,0x00000000ed500000)
  from space 2560K, 99% used [0x00000000ed780000,0x00000000ed9fc410,0x00000000eda00000)
  to   space 2560K, 0% used [0x00000000ed500000,0x00000000ed500000,0x00000000ed780000)
 ParOldGen       total 44032K, used 2181K [0x00000000c1e00000, 0x00000000c4900000, 0x00000000eb500000)
  object space 44032K, 4% used [0x00000000c1e00000,0x00000000c2021498,0x00000000c4900000)
 Metaspace       used 10753K, capacity 10955K, committed 11264K, reserved 1058816K
  class space    used 962K, capacity 1023K, committed 1024K, reserved 1048576K
}

Deoptimization events (7 events):
Event: 0,180 Thread 0x00007fc04c00e000 Uncommon trap: reason=unstable_if action=reinterpret pc=0x00007fc03d11d404 method=java.lang.String.indexOf(II)I @ 49
Event: 0,183 Thread 0x00007fc04c00e000 Uncommon trap: reason=unstable_if action=reinterpret pc=0x00007fc03d116f30 method=java.lang.String.hashCode()I @ 14
Event: 1,226 Thread 0x00007fc04c00e000 Uncommon trap: reason=unstable_if action=reinterpret pc=0x00007fc03d1de43c method=java.lang.String.replace(CC)Ljava/lang/String; @ 26
Event: 1,231 Thread 0x00007fc04c00e000 Uncommon trap: reason=unstable_if action=reinterpret pc=0x00007fc03d2456c4 method=java.lang.AbstractStringBuilder.append(Ljava/lang/String;)Ljava/lang/AbstractStringBuilder; @ 1
Event: 1,428 Thread 0x00007fc04c00e000 Uncommon trap: reason=unstable_if action=reinterpret pc=0x00007fc03d1af16c method=java.lang.String.indexOf([CII[CIII)I @ 3
Event: 1,574 Thread 0x00007fc04c00e000 Uncommon trap: reason=unstable_if action=reinterpret pc=0x00007fc03d27cd5c method=org.sqlite.SQLiteJDBCLoader.contentsEquals(Ljava/io/InputStream;Ljava/io/InputStream;)Z @ 39
Event: 2,106 Thread 0x00007fc04c00e000 Uncommon trap: reason=unstable_if action=reinterpret pc=0x00007fc03d301864 method=Main.Loader.loadImageFileToByteBuffer(Ljava/lang/String;)Ljava/nio/ByteBuffer; @ 83

Internal exceptions (10 events):
Event: 0,880 Thread 0x00007fc04c00e000 Exception <a 'sun/nio/fs/UnixException'> (0x00000000ebb9e068) thrown at [/build/openjdk-8-8jAw7G/openjdk-8-8u111-b14/src/hotspot/src/share/vm/prims/jni.cpp, line 709]
Event: 0,880 Thread 0x00007fc04c00e000 Exception <a 'sun/nio/fs/UnixException'> (0x00000000ebb9e8b0) thrown at [/build/openjdk-8-8jAw7G/openjdk-8-8u111-b14/src/hotspot/src/share/vm/prims/jni.cpp, line 709]
Event: 0,880 Thread 0x00007fc04c00e000 Exception <a 'sun/nio/fs/UnixException'> (0x00000000ebb9f018) thrown at [/build/openjdk-8-8jAw7G/openjdk-8-8u111-b14/src/hotspot/src/share/vm/prims/jni.cpp, line 709]
Event: 0,880 Thread 0x00007fc04c00e000 Exception <a 'sun/nio/fs/UnixException'> (0x00000000ebb9f838) thrown at [/build/openjdk-8-8jAw7G/openjdk-8-8u111-b14/src/hotspot/src/share/vm/prims/jni.cpp, line 709]
Event: 0,880 Thread 0x00007fc04c00e000 Exception <a 'sun/nio/fs/UnixException'> (0x00000000ebb9ff58) thrown at [/build/openjdk-8-8jAw7G/openjdk-8-8u111-b14/src/hotspot/src/share/vm/prims/jni.cpp, line 709]
Event: 0,880 Thread 0x00007fc04c00e000 Exception <a 'sun/nio/fs/UnixException'> (0x00000000ebba05c8) thrown at [/build/openjdk-8-8jAw7G/openjdk-8-8u111-b14/src/hotspot/src/share/vm/prims/jni.cpp, line 709]
Event: 0,880 Thread 0x00007fc04c00e000 Exception <a 'sun/nio/fs/UnixException'> (0x00000000ebba0ca8) thrown at [/build/openjdk-8-8jAw7G/openjdk-8-8u111-b14/src/hotspot/src/share/vm/prims/jni.cpp, line 709]
Event: 1,231 Thread 0x00007fc04c00e000 Implicit null exception at 0x00007fc03d2452f4 to 0x00007fc03d2456ad
Event: 1,852 Thread 0x00007fc04c00e000 Exception <a 'java/io/FileNotFoundException'> (0x00000000ebb6c8b0) thrown at [/build/openjdk-8-8jAw7G/openjdk-8-8u111-b14/src/hotspot/src/share/vm/prims/jni.cpp, line 709]
Event: 1,852 Thread 0x00007fc04c00e000 Exception <a 'java/io/FileNotFoundException'> (0x00000000ebb6d298) thrown at [/build/openjdk-8-8jAw7G/openjdk-8-8u111-b14/src/hotspot/src/share/vm/prims/jni.cpp, line 709]

Events (10 events):
Event: 2,107 loading class Main/Texture
Event: 2,107 loading class Main/Texture done
Event: 2,107 loading class Main/TexturedModel
Event: 2,107 loading class Main/TexturedModel done
Event: 2,109 Executing VM operation: ParallelGCFailedAllocation
Event: 2,118 Executing VM operation: ParallelGCFailedAllocation done
Event: 2,176 Thread 0x00007fc04c00e000 DEOPT PACKING pc=0x00007fc03d2fd81b sp=0x00007fc05613c030
Event: 2,176 Thread 0x00007fc04c00e000 DEOPT UNPACKING pc=0x00007fc03d046f73 sp=0x00007fc05613be48 mode 0
Event: 2,201 Executing VM operation: ParallelGCFailedAllocation
Event: 2,214 Executing VM operation: ParallelGCFailedAllocation done


Dynamic libraries:
00400000-00401000 r-xp 00000000 08:02 11408795                           /usr/lib/jvm/java-8-openjdk-amd64/jre/bin/java
00600000-00601000 r--p 00000000 08:02 11408795                           /usr/lib/jvm/java-8-openjdk-amd64/jre/bin/java
00601000-00602000 rw-p 00001000 08:02 11408795                           /usr/lib/jvm/java-8-openjdk-amd64/jre/bin/java
01dac000-01dcd000 rw-p 00000000 00:00 0                                  [heap]
c1e00000-c4900000 rw-p 00000000 00:00 0 
c4900000-eb500000 ---p 00000000 00:00 0 
eb500000-eda00000 rw-p 00000000 00:00 0 
eda00000-100000000 ---p 00000000 00:00 0 
100000000-100100000 rw-p 00000000 00:00 0 
100100000-140000000 ---p 00000000 00:00 0 
7fbfdeffd000-7fbfdfffd000 rw-s 163200000 00:06 369                       /dev/dri/renderD128
7fbfe0000000-7fbfe0150000 rw-p 00000000 00:00 0 
7fbfe0150000-7fbfe4000000 ---p 00000000 00:00 0 
7fbfe4000000-7fbfe4021000 rw-p 00000000 00:00 0 
7fbfe4021000-7fbfe8000000 ---p 00000000 00:00 0 
7fbfe8000000-7fbfe8168000 rw-p 00000000 00:00 0 
7fbfe8168000-7fbfec000000 ---p 00000000 00:00 0 
7fbfec000000-7fbfec167000 rw-p 00000000 00:00 0 
7fbfec167000-7fbff0000000 ---p 00000000 00:00 0 
7fbff0000000-7fbff019d000 rw-p 00000000 00:00 0 
7fbff019d000-7fbff4000000 ---p 00000000 00:00 0 
7fbff4cb5000-7fbff4cc4000 r-xp 00000000 08:02 9707414                    /usr/lib/x86_64-linux-gnu/libXi.so.6.1.0
7fbff4cc4000-7fbff4ec3000 ---p 0000f000 08:02 9707414                    /usr/lib/x86_64-linux-gnu/libXi.so.6.1.0
7fbff4ec3000-7fbff4ec4000 r--p 0000e000 08:02 9707414                    /usr/lib/x86_64-linux-gnu/libXi.so.6.1.0
7fbff4ec4000-7fbff4ec5000 rw-p 0000f000 08:02 9707414                    /usr/lib/x86_64-linux-gnu/libXi.so.6.1.0
7fbff4ec5000-7fbff4eca000 r-xp 00000000 08:02 9707432                    /usr/lib/x86_64-linux-gnu/libXtst.so.6.1.0
7fbff4eca000-7fbff50c9000 ---p 00005000 08:02 9707432                    /usr/lib/x86_64-linux-gnu/libXtst.so.6.1.0
7fbff50c9000-7fbff50ca000 r--p 00004000 08:02 9707432                    /usr/lib/x86_64-linux-gnu/libXtst.so.6.1.0
7fbff50ca000-7fbff50cb000 rw-p 00005000 08:02 9707432                    /usr/lib/x86_64-linux-gnu/libXtst.so.6.1.0
7fbff50cd000-7fbff5121000 r-xp 00000000 08:02 11284722                   /usr/lib/jvm/java-8-openjdk-amd64/jre/lib/amd64/libawt_xawt.so
7fbff5121000-7fbff5321000 ---p 00054000 08:02 11284722                   /usr/lib/jvm/java-8-openjdk-amd64/jre/lib/amd64/libawt_xawt.so
7fbff5321000-7fbff5322000 r--p 00054000 08:02 11284722                   /usr/lib/jvm/java-8-openjdk-amd64/jre/lib/amd64/libawt_xawt.so
7fbff5322000-7fbff5325000 rw-p 00055000 08:02 11284722                   /usr/lib/jvm/java-8-openjdk-amd64/jre/lib/amd64/libawt_xawt.so
7fbff5325000-7fbff5326000 rw-p 00000000 00:00 0 
7fbff532d000-7fbff53cd000 r-xp 00000000 08:02 11284729                   /usr/lib/jvm/java-8-openjdk-amd64/jre/lib/amd64/libawt.so
7fbff53cd000-7fbff55cd000 ---p 000a0000 08:02 11284729                   /usr/lib/jvm/java-8-openjdk-amd64/jre/lib/amd64/libawt.so
7fbff55cd000-7fbff55ce000 r--p 000a0000 08:02 11284729                   /usr/lib/jvm/java-8-openjdk-amd64/jre/lib/amd64/libawt.so
7fbff55ce000-7fbff55d9000 rw-p 000a1000 08:02 11284729                   /usr/lib/jvm/java-8-openjdk-amd64/jre/lib/amd64/libawt.so
7fbff55d9000-7fbff55fe000 rw-p 00000000 00:00 0 
7fbff5600000-7fbff5800000 rw-p 00000000 00:00 0 
7fbff586d000-7fbff594c000 r-xp 00000000 08:02 10751546                   /tmp/sqlite-3.14.2.1-40bb4de5-d53e-4451-974d-9771bae8f257-libsqlitejdbc.so
7fbff594c000-7fbff5b4c000 ---p 000df000 08:02 10751546                   /tmp/sqlite-3.14.2.1-40bb4de5-d53e-4451-974d-9771bae8f257-libsqlitejdbc.so
7fbff5b4c000-7fbff5b51000 rw-p 000df000 08:02 10751546                   /tmp/sqlite-3.14.2.1-40bb4de5-d53e-4451-974d-9771bae8f257-libsqlitejdbc.so
7fbff5b51000-7fbff5d51000 rw-p 00000000 00:00 0 
7fbff5d51000-7fbff5d52000 ---p 00000000 00:00 0 
7fbff5d52000-7fbff6552000 rw-p 00000000 00:00 0 
7fbff6552000-7fbff6553000 ---p 00000000 00:00 0 
7fbff6553000-7fbff6d53000 rw-p 00000000 00:00 0 
7fbff6d53000-7fbff6d54000 ---p 00000000 00:00 0 
7fbff6d54000-7fbff7554000 rw-p 00000000 00:00 0 
7fbff7554000-7fbff7555000 ---p 00000000 00:00 0 
7fbff7555000-7fbff7d55000 rw-p 00000000 00:00 0 
7fbff7d55000-7fbff7d8c000 r-xp 00000000 08:02 9708578                    /usr/lib/x86_64-linux-gnu/libtxc_dxtn_s2tc.so.0.0.0
7fbff7d8c000-7fbff7f8b000 ---p 00037000 08:02 9708578                    /usr/lib/x86_64-linux-gnu/libtxc_dxtn_s2tc.so.0.0.0
7fbff7f8b000-7fbff7f8c000 r--p 00036000 08:02 9708578                    /usr/lib/x86_64-linux-gnu/libtxc_dxtn_s2tc.so.0.0.0
7fbff7f8c000-7fbff7f8d000 rw-p 00037000 08:02 9708578                    /usr/lib/x86_64-linux-gnu/libtxc_dxtn_s2tc.so.0.0.0
7fbff7f94000-7fbff7f95000 ---p 00000000 00:00 0 
7fbff7f95000-7fbff8795000 rw-p 00000000 00:00 0 
7fbff8795000-7fbff87a8000 r-xp 00000000 08:02 659870                     /lib/x86_64-linux-gnu/libbsd.so.0.8.2
7fbff87a8000-7fbff89a7000 ---p 00013000 08:02 659870                     /lib/x86_64-linux-gnu/libbsd.so.0.8.2
7fbff89a7000-7fbff89a8000 r--p 00012000 08:02 659870                     /lib/x86_64-linux-gnu/libbsd.so.0.8.2
7fbff89a8000-7fbff89a9000 rw-p 00013000 08:02 659870                     /lib/x86_64-linux-gnu/libbsd.so.0.8.2
7fbff89a9000-7fbff89aa000 rw-p 00000000 00:00 0 
7fbff89ad000-7fbff89d2000 r-xp 00000000 08:02 660046                     /lib/x86_64-linux-gnu/libtinfo.so.5.9
7fbff89d2000-7fbff8bd1000 ---p 00025000 08:02 660046                     /lib/x86_64-linux-gnu/libtinfo.so.5.9
7fbff8bd1000-7fbff8bd5000 r--p 00024000 08:02 660046                     /lib/x86_64-linux-gnu/libtinfo.so.5.9
7fbff8bd5000-7fbff8bd6000 rw-p 00028000 08:02 660046                     /lib/x86_64-linux-gnu/libtinfo.so.5.9
7fbff8bdd000-7fbff8c0e000 r-xp 00000000 08:02 9707727                    /usr/lib/x86_64-linux-gnu/libedit.so.2.0.53
7fbff8c0e000-7fbff8e0e000 ---p 00031000 08:02 9707727                    /usr/lib/x86_64-linux-gnu/libedit.so.2.0.53
7fbff8e0e000-7fbff8e10000 r--p 00031000 08:02 9707727                    /usr/lib/x86_64-linux-gnu/libedit.so.2.0.53
7fbff8e10000-7fbff8e11000 rw-p 00033000 08:02 9707727                    /usr/lib/x86_64-linux-gnu/libedit.so.2.0.53
7fbff8e11000-7fbff8e15000 rw-p 00000000 00:00 0 
7fbff8e15000-7fbff8e1c000 r-xp 00000000 08:02 9707775                    /usr/lib/x86_64-linux-gnu/libffi.so.6.0.4
7fbff8e1c000-7fbff901b000 ---p 00007000 08:02 9707775                    /usr/lib/x86_64-linux-gnu/libffi.so.6.0.4
7fbff901b000-7fbff901c000 r--p 00006000 08:02 9707775                    /usr/lib/x86_64-linux-gnu/libffi.so.6.0.4
7fbff901c000-7fbff901d000 rw-p 00007000 08:02 9707775                    /usr/lib/x86_64-linux-gnu/libffi.so.6.0.4
7fbff901d000-7fbff9025000 r-xp 00000000 08:02 9708340                    /usr/lib/x86_64-linux-gnu/libpciaccess.so.0.11.1
7fbff9025000-7fbff9225000 ---p 00008000 08:02 9708340                    /usr/lib/x86_64-linux-gnu/libpciaccess.so.0.11.1
7fbff9225000-7fbff9226000 r--p 00008000 08:02 9708340                    /usr/lib/x86_64-linux-gnu/libpciaccess.so.0.11.1
7fbff9226000-7fbff9227000 rw-p 00009000 08:02 9708340                    /usr/lib/x86_64-linux-gnu/libpciaccess.so.0.11.1
7fbff922d000-7fbffbaa9000 r-xp 00000000 08:02 9700710                    /usr/lib/x86_64-linux-gnu/libLLVM-3.9.so.1
7fbffbaa9000-7fbffbaaa000 ---p 0287c000 08:02 9700710                    /usr/lib/x86_64-linux-gnu/libLLVM-3.9.so.1
7fbffbaaa000-7fbffbd99000 r--p 0287c000 08:02 9700710                    /usr/lib/x86_64-linux-gnu/libLLVM-3.9.so.1
7fbffbd99000-7fbffbd9c000 rw-p 02b6b000 08:02 9700710                    /usr/lib/x86_64-linux-gnu/libLLVM-3.9.so.1
7fbffbd9c000-7fbffbde0000 rw-p 00000000 00:00 0 
7fbffbde5000-7fbffbdfc000 r-xp 00000000 08:02 9707732                    /usr/lib/x86_64-linux-gnu/libelf-0.165.so
7fbffbdfc000-7fbffbffb000 ---p 00017000 08:02 9707732                    /usr/lib/x86_64-linux-gnu/libelf-0.165.so
7fbffbffb000-7fbffbffc000 r--p 00016000 08:02 9707732                    /usr/lib/x86_64-linux-gnu/libelf-0.165.so
7fbffbffc000-7fbffbffd000 rw-p 00017000 08:02 9707732                    /usr/lib/x86_64-linux-gnu/libelf-0.165.so
7fbffc000000-7fbffc048000 rw-p 00000000 00:00 0 
7fbffc048000-7fc000000000 ---p 00000000 00:00 0 
7fc0000cc000-7fc0000cf000 ---p 00000000 00:00 0 
7fc0000cf000-7fc0001cd000 rw-p 00000000 00:00 0 
7fc0001cd000-7fc0001d6000 r-xp 00000000 08:02 9699592                    /usr/lib/x86_64-linux-gnu/libdrm_amdgpu.so.1.0.0
7fc0001d6000-7fc0003d5000 ---p 00009000 08:02 9699592                    /usr/lib/x86_64-linux-gnu/libdrm_amdgpu.so.1.0.0
7fc0003d5000-7fc0003d6000 r--p 00008000 08:02 9699592                    /usr/lib/x86_64-linux-gnu/libdrm_amdgpu.so.1.0.0
7fc0003d6000-7fc0003d7000 rw-p 00009000 08:02 9699592                    /usr/lib/x86_64-linux-gnu/libdrm_amdgpu.so.1.0.0
7fc0003dd000-7fc0003e8000 r-xp 00000000 08:02 9700551                    /usr/lib/x86_64-linux-gnu/libdrm_radeon.so.1.0.1
7fc0003e8000-7fc0005e7000 ---p 0000b000 08:02 9700551                    /usr/lib/x86_64-linux-gnu/libdrm_radeon.so.1.0.1
7fc0005e7000-7fc0005e8000 r--p 0000a000 08:02 9700551                    /usr/lib/x86_64-linux-gnu/libdrm_radeon.so.1.0.1
7fc0005e8000-7fc0005e9000 rw-p 0000b000 08:02 9700551                    /usr/lib/x86_64-linux-gnu/libdrm_radeon.so.1.0.1
7fc0005ed000-7fc0005f4000 r-xp 00000000 08:02 9699351                    /usr/lib/x86_64-linux-gnu/libdrm_nouveau.so.2.0.0
7fc0005f4000-7fc0007f3000 ---p 00007000 08:02 9699351                    /usr/lib/x86_64-linux-gnu/libdrm_nouveau.so.2.0.0
7fc0007f3000-7fc0007f4000 r--p 00006000 08:02 9699351                    /usr/lib/x86_64-linux-gnu/libdrm_nouveau.so.2.0.0
7fc0007f4000-7fc0007f5000 rw-p 00007000 08:02 9699351                    /usr/lib/x86_64-linux-gnu/libdrm_nouveau.so.2.0.0
7fc0007f5000-7fc000817000 r-xp 00000000 08:02 9700378                    /usr/lib/x86_64-linux-gnu/libdrm_intel.so.1.0.0
7fc000817000-7fc000a16000 ---p 00022000 08:02 9700378                    /usr/lib/x86_64-linux-gnu/libdrm_intel.so.1.0.0
7fc000a16000-7fc000a17000 r--p 00021000 08:02 9700378                    /usr/lib/x86_64-linux-gnu/libdrm_intel.so.1.0.0
7fc000a17000-7fc000a18000 rw-p 00022000 08:02 9700378                    /usr/lib/x86_64-linux-gnu/libdrm_intel.so.1.0.0
7fc000a1d000-7fc000a2b000 r-xp 00000000 08:02 9708472                    /usr/lib/x86_64-linux-gnu/libsensors.so.4.4.0
7fc000a2b000-7fc000c2a000 ---p 0000e000 08:02 9708472                    /usr/lib/x86_64-linux-gnu/libsensors.so.4.4.0
7fc000c2a000-7fc000c2b000 r--p 0000d000 08:02 9708472                    /usr/lib/x86_64-linux-gnu/libsensors.so.4.4.0
7fc000c2b000-7fc000c2c000 rw-p 0000e000 08:02 9708472                    /usr/lib/x86_64-linux-gnu/libsensors.so.4.4.0
7fc000c2d000-7fc000c61000 r-xp 00000000 08:02 9708254                    /usr/lib/x86_64-linux-gnu/libnettle.so.6.2
7fc000c61000-7fc000e60000 ---p 00034000 08:02 9708254                    /usr/lib/x86_64-linux-gnu/libnettle.so.6.2
7fc000e60000-7fc000e62000 r--p 00033000 08:02 9708254                    /usr/lib/x86_64-linux-gnu/libnettle.so.6.2
7fc000e62000-7fc000e63000 rw-p 00035000 08:02 9708254                    /usr/lib/x86_64-linux-gnu/libnettle.so.6.2
7fc000e65000-7fc001880000 r-xp 00000000 08:02 9962205                    /usr/lib/x86_64-linux-gnu/dri/radeonsi_dri.so
7fc001880000-7fc001a80000 ---p 00a1b000 08:02 9962205                    /usr/lib/x86_64-linux-gnu/dri/radeonsi_dri.so
7fc001a80000-7fc001abd000 r--p 00a1b000 08:02 9962205                    /usr/lib/x86_64-linux-gnu/dri/radeonsi_dri.so
7fc001abd000-7fc001ac9000 rw-p 00a58000 08:02 9962205                    /usr/lib/x86_64-linux-gnu/dri/radeonsi_dri.so
7fc001ac9000-7fc001cc1000 rw-p 00000000 00:00 0 
7fc001cc5000-7fc001cd3000 r-xp 00000000 08:02 9702276                    /usr/lib/x86_64-linux-gnu/libdrm.so.2.4.0
7fc001cd3000-7fc001ed3000 ---p 0000e000 08:02 9702276                    /usr/lib/x86_64-linux-gnu/libdrm.so.2.4.0
7fc001ed3000-7fc001ed4000 r--p 0000e000 08:02 9702276                    /usr/lib/x86_64-linux-gnu/libdrm.so.2.4.0
7fc001ed4000-7fc001ed5000 rw-p 0000f000 08:02 9702276                    /usr/lib/x86_64-linux-gnu/libdrm.so.2.4.0
7fc001ed5000-7fc001ed9000 r-xp 00000000 08:02 9708739                    /usr/lib/x86_64-linux-gnu/libxcb-dri2.so.0.0.0
7fc001ed9000-7fc0020d8000 ---p 00004000 08:02 9708739                    /usr/lib/x86_64-linux-gnu/libxcb-dri2.so.0.0.0
7fc0020d8000-7fc0020d9000 r--p 00003000 08:02 9708739                    /usr/lib/x86_64-linux-gnu/libxcb-dri2.so.0.0.0
7fc0020d9000-7fc0020da000 rw-p 00004000 08:02 9708739                    /usr/lib/x86_64-linux-gnu/libxcb-dri2.so.0.0.0
7fc0020dd000-7fc0020f4000 r-xp 00000000 08:02 9708743                    /usr/lib/x86_64-linux-gnu/libxcb-glx.so.0.0.0
7fc0020f4000-7fc0022f3000 ---p 00017000 08:02 9708743                    /usr/lib/x86_64-linux-gnu/libxcb-glx.so.0.0.0
7fc0022f3000-7fc0022f5000 r--p 00016000 08:02 9708743                    /usr/lib/x86_64-linux-gnu/libxcb-glx.so.0.0.0
7fc0022f5000-7fc0022f6000 rw-p 00018000 08:02 9708743                    /usr/lib/x86_64-linux-gnu/libxcb-glx.so.0.0.0
7fc0022fd000-7fc0022fe000 r-xp 00000000 08:02 9707387                    /usr/lib/x86_64-linux-gnu/libX11-xcb.so.1.0.0
7fc0022fe000-7fc0024fd000 ---p 00001000 08:02 9707387                    /usr/lib/x86_64-linux-gnu/libX11-xcb.so.1.0.0
7fc0024fd000-7fc0024fe000 r--p 00000000 08:02 9707387                    /usr/lib/x86_64-linux-gnu/libX11-xcb.so.1.0.0
7fc0024fe000-7fc0024ff000 rw-p 00001000 08:02 9707387                    /usr/lib/x86_64-linux-gnu/libX11-xcb.so.1.0.0
7fc002505000-7fc002507000 r-xp 00000000 08:02 9707402                    /usr/lib/x86_64-linux-gnu/libXdamage.so.1.1.0
7fc002507000-7fc002706000 ---p 00002000 08:02 9707402                    /usr/lib/x86_64-linux-gnu/libXdamage.so.1.1.0
7fc002706000-7fc002707000 r--p 00001000 08:02 9707402                    /usr/lib/x86_64-linux-gnu/libXdamage.so.1.1.0
7fc002707000-7fc002708000 rw-p 00002000 08:02 9707402                    /usr/lib/x86_64-linux-gnu/libXdamage.so.1.1.0
7fc00270d000-7fc002737000 r-xp 00000000 08:02 9699676                    /usr/lib/x86_64-linux-gnu/libglapi.so.0.0.0
7fc002737000-7fc002936000 ---p 0002a000 08:02 9699676                    /usr/lib/x86_64-linux-gnu/libglapi.so.0.0.0
7fc002936000-7fc00293a000 r--p 00029000 08:02 9699676                    /usr/lib/x86_64-linux-gnu/libglapi.so.0.0.0
7fc00293a000-7fc00293b000 rw-p 0002d000 08:02 9699676                    /usr/lib/x86_64-linux-gnu/libglapi.so.0.0.0
7fc00293b000-7fc00293c000 rw-p 00000000 00:00 0 
7fc00293d000-7fc00293e000 r-xp 00000000 08:02 9708783                    /usr/lib/x86_64-linux-gnu/libxshmfence.so.1.0.0
7fc00293e000-7fc002b3e000 ---p 00001000 08:02 9708783                    /usr/lib/x86_64-linux-gnu/libxshmfence.so.1.0.0
7fc002b3e000-7fc002b3f000 r--p 00001000 08:02 9708783                    /usr/lib/x86_64-linux-gnu/libxshmfence.so.1.0.0
7fc002b3f000-7fc002b40000 rw-p 00002000 08:02 9708783                    /usr/lib/x86_64-linux-gnu/libxshmfence.so.1.0.0
7fc002b45000-7fc002b4a000 r-xp 00000000 08:02 9708763                    /usr/lib/x86_64-linux-gnu/libxcb-sync.so.1.0.0
7fc002b4a000-7fc002d4a000 ---p 00005000 08:02 9708763                    /usr/lib/x86_64-linux-gnu/libxcb-sync.so.1.0.0
7fc002d4a000-7fc002d4b000 r--p 00005000 08:02 9708763                    /usr/lib/x86_64-linux-gnu/libxcb-sync.so.1.0.0
7fc002d4b000-7fc002d4c000 rw-p 00006000 08:02 9708763                    /usr/lib/x86_64-linux-gnu/libxcb-sync.so.1.0.0
7fc002d4d000-7fc002d4f000 r-xp 00000000 08:02 9708751                    /usr/lib/x86_64-linux-gnu/libxcb-present.so.0.0.0
7fc002d4f000-7fc002f4e000 ---p 00002000 08:02 9708751                    /usr/lib/x86_64-linux-gnu/libxcb-present.so.0.0.0
7fc002f4e000-7fc002f4f000 r--p 00001000 08:02 9708751                    /usr/lib/x86_64-linux-gnu/libxcb-present.so.0.0.0
7fc002f4f000-7fc002f50000 rw-p 00002000 08:02 9708751                    /usr/lib/x86_64-linux-gnu/libxcb-present.so.0.0.0
7fc002f55000-7fc002f57000 r-xp 00000000 08:02 9708741                    /usr/lib/x86_64-linux-gnu/libxcb-dri3.so.0.0.0
7fc002f57000-7fc003156000 ---p 00002000 08:02 9708741                    /usr/lib/x86_64-linux-gnu/libxcb-dri3.so.0.0.0
7fc003156000-7fc003157000 r--p 00001000 08:02 9708741                    /usr/lib/x86_64-linux-gnu/libxcb-dri3.so.0.0.0
7fc003157000-7fc003158000 rw-p 00002000 08:02 9708741                    /usr/lib/x86_64-linux-gnu/libxcb-dri3.so.0.0.0
7fc00315d000-7fc003183000 r-xp 00000000 08:02 661188                     /lib/x86_64-linux-gnu/libexpat.so.1.6.0
7fc003183000-7fc003383000 ---p 00026000 08:02 661188                     /lib/x86_64-linux-gnu/libexpat.so.1.6.0
7fc003383000-7fc003385000 r--p 00026000 08:02 661188                     /lib/x86_64-linux-gnu/libexpat.so.1.6.0
7fc003385000-7fc003386000 rw-p 00028000 08:02 661188                     /lib/x86_64-linux-gnu/libexpat.so.1.6.0
7fc00338d000-7fc0033f9000 r-xp 00000000 08:02 9963453                    /usr/lib/x86_64-linux-gnu/mesa/libGL.so.1.2.0
7fc0033f9000-7fc0035f8000 ---p 0006c000 08:02 9963453                    /usr/lib/x86_64-linux-gnu/mesa/libGL.so.1.2.0
7fc0035f8000-7fc0035fb000 r--p 0006b000 08:02 9963453                    /usr/lib/x86_64-linux-gnu/mesa/libGL.so.1.2.0
7fc0035fb000-7fc0035fc000 rw-p 0006e000 08:02 9963453                    /usr/lib/x86_64-linux-gnu/mesa/libGL.so.1.2.0
7fc0035fc000-7fc0035fd000 rw-p 00000000 00:00 0 
7fc003600000-7fc003800000 rw-p 00000000 00:00 0 
7fc003860000-7fc0038a0000 rw-s 16117b000 00:06 369                       /dev/dri/renderD128
7fc0038a6000-7fc0039a6000 rw-s 1396d9000 00:06 369                       /dev/dri/renderD128
7fc0039ad000-7fc0039e2000 r-xp 00000000 08:02 2493570                    /tmp/lwjgljimmy/3.0.1-build-25/libjemalloc.so
7fc0039e2000-7fc003be1000 ---p 00035000 08:02 2493570                    /tmp/lwjgljimmy/3.0.1-build-25/libjemalloc.so
7fc003be1000-7fc003be4000 r--p 00034000 08:02 2493570                    /tmp/lwjgljimmy/3.0.1-build-25/libjemalloc.so
7fc003be4000-7fc003be5000 rw-p 00037000 08:02 2493570                    /tmp/lwjgljimmy/3.0.1-build-25/libjemalloc.so
7fc003be5000-7fc003be6000 rw-p 00000000 00:00 0 
7fc003bed000-7fc003bf2000 r-xp 00000000 08:02 9707404                    /usr/lib/x86_64-linux-gnu/libXdmcp.so.6.0.0
7fc003bf2000-7fc003df1000 ---p 00005000 08:02 9707404                    /usr/lib/x86_64-linux-gnu/libXdmcp.so.6.0.0
7fc003df1000-7fc003df2000 r--p 00004000 08:02 9707404                    /usr/lib/x86_64-linux-gnu/libXdmcp.so.6.0.0
7fc003df2000-7fc003df3000 rw-p 00005000 08:02 9707404                    /usr/lib/x86_64-linux-gnu/libXdmcp.so.6.0.0
7fc003df5000-7fc003df7000 r-xp 00000000 08:02 9707393                    /usr/lib/x86_64-linux-gnu/libXau.so.6.0.0
7fc003df7000-7fc003ff7000 ---p 00002000 08:02 9707393                    /usr/lib/x86_64-linux-gnu/libXau.so.6.0.0
7fc003ff7000-7fc003ff8000 r--p 00002000 08:02 9707393                    /usr/lib/x86_64-linux-gnu/libXau.so.6.0.0
7fc003ff8000-7fc003ff9000 rw-p 00003000 08:02 9707393                    /usr/lib/x86_64-linux-gnu/libXau.so.6.0.0
7fc004000000-7fc004021000 rw-p 00000000 00:00 0 
7fc004021000-7fc008000000 ---p 00000000 00:00 0 
7fc008000000-7fc008021000 rw-p 00000000 00:00 0 
7fc008021000-7fc00c000000 ---p 00000000 00:00 0 
7fc00c000000-7fc00c0e8000 rw-p 00000000 00:00 0 
7fc00c0e8000-7fc010000000 ---p 00000000 00:00 0 
7fc010000000-7fc010317000 rw-p 00000000 00:00 0 
7fc010317000-7fc014000000 ---p 00000000 00:00 0 
7fc014000000-7fc014021000 rw-p 00000000 00:00 0 
7fc014021000-7fc018000000 ---p 00000000 00:00 0 
7fc018000000-7fc0181d2000 rw-p 00000000 00:00 0 
7fc0181d2000-7fc01c000000 ---p 00000000 00:00 0 
7fc01c000000-7fc01c021000 rw-p 00000000 00:00 0 
7fc01c021000-7fc020000000 ---p 00000000 00:00 0 
7fc020000000-7fc020021000 rw-p 00000000 00:00 0 
7fc020021000-7fc024000000 ---p 00000000 00:00 0 
7fc024000000-7fc024021000 rw-p 00000000 00:00 0 
7fc024021000-7fc028000000 ---p 00000000 00:00 0 
7fc028000000-7fc028021000 rw-p 00000000 00:00 0 
7fc028021000-7fc02c000000 ---p 00000000 00:00 0 
7fc02c024000-7fc02c08f000 rw-p 00000000 00:00 0 
7fc02c08f000-7fc02c09f000 rw-s 150e82000 00:06 369                       /dev/dri/renderD128
7fc02c0a4000-7fc02c0b4000 rw-s 150e67000 00:06 369                       /dev/dri/renderD128
7fc02c0ed000-7fc02c0f2000 r-xp 00000000 08:02 9707408                    /usr/lib/x86_64-linux-gnu/libXfixes.so.3.1.0
7fc02c0f2000-7fc02c2f1000 ---p 00005000 08:02 9707408                    /usr/lib/x86_64-linux-gnu/libXfixes.so.3.1.0
7fc02c2f1000-7fc02c2f2000 r--p 00004000 08:02 9707408                    /usr/lib/x86_64-linux-gnu/libXfixes.so.3.1.0
7fc02c2f2000-7fc02c2f3000 rw-p 00005000 08:02 9707408                    /usr/lib/x86_64-linux-gnu/libXfixes.so.3.1.0
7fc02c2f5000-7fc02c2fe000 r-xp 00000000 08:02 9707426                    /usr/lib/x86_64-linux-gnu/libXrender.so.1.3.0
7fc02c2fe000-7fc02c4fd000 ---p 00009000 08:02 9707426                    /usr/lib/x86_64-linux-gnu/libXrender.so.1.3.0
7fc02c4fd000-7fc02c4fe000 r--p 00008000 08:02 9707426                    /usr/lib/x86_64-linux-gnu/libXrender.so.1.3.0
7fc02c4fe000-7fc02c4ff000 rw-p 00009000 08:02 9707426                    /usr/lib/x86_64-linux-gnu/libXrender.so.1.3.0
7fc02c505000-7fc02c516000 r-xp 00000000 08:02 9707406                    /usr/lib/x86_64-linux-gnu/libXext.so.6.4.0
7fc02c516000-7fc02c715000 ---p 00011000 08:02 9707406                    /usr/lib/x86_64-linux-gnu/libXext.so.6.4.0
7fc02c715000-7fc02c716000 r--p 00010000 08:02 9707406                    /usr/lib/x86_64-linux-gnu/libXext.so.6.4.0
7fc02c716000-7fc02c717000 rw-p 00011000 08:02 9707406                    /usr/lib/x86_64-linux-gnu/libXext.so.6.4.0
7fc02c71d000-7fc02c73e000 r-xp 00000000 08:02 9708771                    /usr/lib/x86_64-linux-gnu/libxcb.so.1.1.0
7fc02c73e000-7fc02c93d000 ---p 00021000 08:02 9708771                    /usr/lib/x86_64-linux-gnu/libxcb.so.1.1.0
7fc02c93d000-7fc02c93e000 r--p 00020000 08:02 9708771                    /usr/lib/x86_64-linux-gnu/libxcb.so.1.1.0
7fc02c93e000-7fc02c93f000 rw-p 00021000 08:02 9708771                    /usr/lib/x86_64-linux-gnu/libxcb.so.1.1.0
7fc02c945000-7fc02c94e000 r-xp 00000000 08:02 9707400                    /usr/lib/x86_64-linux-gnu/libXcursor.so.1.0.2
7fc02c94e000-7fc02cb4d000 ---p 00009000 08:02 9707400                    /usr/lib/x86_64-linux-gnu/libXcursor.so.1.0.2
7fc02cb4d000-7fc02cb4e000 r--p 00008000 08:02 9707400                    /usr/lib/x86_64-linux-gnu/libXcursor.so.1.0.2
7fc02cb4e000-7fc02cb4f000 rw-p 00009000 08:02 9707400                    /usr/lib/x86_64-linux-gnu/libXcursor.so.1.0.2
7fc02cb55000-7fc02cb5a000 r-xp 00000000 08:02 9707442                    /usr/lib/x86_64-linux-gnu/libXxf86vm.so.1.0.0
7fc02cb5a000-7fc02cd59000 ---p 00005000 08:02 9707442                    /usr/lib/x86_64-linux-gnu/libXxf86vm.so.1.0.0
7fc02cd59000-7fc02cd5a000 r--p 00004000 08:02 9707442                    /usr/lib/x86_64-linux-gnu/libXxf86vm.so.1.0.0
7fc02cd5a000-7fc02cd5b000 rw-p 00005000 08:02 9707442                    /usr/lib/x86_64-linux-gnu/libXxf86vm.so.1.0.0
7fc02cd5d000-7fc02cd5f000 r-xp 00000000 08:02 9707416                    /usr/lib/x86_64-linux-gnu/libXinerama.so.1.0.0
7fc02cd5f000-7fc02cf5e000 ---p 00002000 08:02 9707416                    /usr/lib/x86_64-linux-gnu/libXinerama.so.1.0.0
7fc02cf5e000-7fc02cf5f000 r--p 00001000 08:02 9707416                    /usr/lib/x86_64-linux-gnu/libXinerama.so.1.0.0
7fc02cf5f000-7fc02cf60000 rw-p 00002000 08:02 9707416                    /usr/lib/x86_64-linux-gnu/libXinerama.so.1.0.0
7fc02cf65000-7fc02cf6f000 r-xp 00000000 08:02 9707424                    /usr/lib/x86_64-linux-gnu/libXrandr.so.2.2.0
7fc02cf6f000-7fc02d16e000 ---p 0000a000 08:02 9707424                    /usr/lib/x86_64-linux-gnu/libXrandr.so.2.2.0
7fc02d16e000-7fc02d16f000 r--p 00009000 08:02 9707424                    /usr/lib/x86_64-linux-gnu/libXrandr.so.2.2.0
7fc02d16f000-7fc02d170000 rw-p 0000a000 08:02 9707424                    /usr/lib/x86_64-linux-gnu/libXrandr.so.2.2.0
7fc02d175000-7fc02d2aa000 r-xp 00000000 08:02 9707389                    /usr/lib/x86_64-linux-gnu/libX11.so.6.3.0
7fc02d2aa000-7fc02d4aa000 ---p 00135000 08:02 9707389                    /usr/lib/x86_64-linux-gnu/libX11.so.6.3.0
7fc02d4aa000-7fc02d4ab000 r--p 00135000 08:02 9707389                    /usr/lib/x86_64-linux-gnu/libX11.so.6.3.0
7fc02d4ab000-7fc02d4af000 rw-p 00136000 08:02 9707389                    /usr/lib/x86_64-linux-gnu/libX11.so.6.3.0
7fc02d4b5000-7fc02d4b6000 rw-s 00000000 00:05 264163                     /memfd:xshmfence (deleted)
7fc02d4bd000-7fc02d4be000 rw-s 00000000 00:05 269640                     /memfd:xshmfence (deleted)
7fc02d4c4000-7fc02d4d4000 rw-s 150e57000 00:06 369                       /dev/dri/renderD128
7fc02d4d5000-7fc02d4dc000 r--s 00000000 08:02 9964743                    /usr/lib/x86_64-linux-gnu/gconv/gconv-modules.cache
7fc02d4dd000-7fc02d4f7000 r-xp 00000000 08:02 2493569                    /tmp/lwjgljimmy/3.0.1-build-25/libglfw.so
7fc02d4f7000-7fc02d6f6000 ---p 0001a000 08:02 2493569                    /tmp/lwjgljimmy/3.0.1-build-25/libglfw.so
7fc02d6f6000-7fc02d6f7000 r--p 00019000 08:02 2493569                    /tmp/lwjgljimmy/3.0.1-build-25/libglfw.so
7fc02d6f7000-7fc02d6f8000 rw-p 0001a000 08:02 2493569                    /tmp/lwjgljimmy/3.0.1-build-25/libglfw.so
7fc02d6f8000-7fc02d6f9000 rw-p 00000000 00:00 0 
7fc02d71d000-7fc02d758000 r-xp 00000000 08:02 2493568                    /tmp/lwjgljimmy/3.0.1-build-25/liblwjgl.so
7fc02d758000-7fc02d957000 ---p 0003b000 08:02 2493568                    /tmp/lwjgljimmy/3.0.1-build-25/liblwjgl.so
7fc02d957000-7fc02d958000 rw-p 0003a000 08:02 2493568                    /tmp/lwjgljimmy/3.0.1-build-25/liblwjgl.so
7fc02d96d000-7fc02d97d000 rw-s 1343f0000 00:06 369                       /dev/dri/renderD128
7fc02d97e000-7fc02d98e000 rw-s 1397d9000 00:06 369                       /dev/dri/renderD128
7fc02d994000-7fc02d998000 r--s 00097000 08:02 10881882                   /usr/lib/jvm/java-8-openjdk-amd64/jre/lib/jsse.jar
7fc02d99d000-7fc02d9ae000 r-xp 00000000 08:02 11284704                   /usr/lib/jvm/java-8-openjdk-amd64/jre/lib/amd64/libnio.so
7fc02d9ae000-7fc02dbae000 ---p 00011000 08:02 11284704                   /usr/lib/jvm/java-8-openjdk-amd64/jre/lib/amd64/libnio.so
7fc02dbae000-7fc02dbaf000 r--p 00011000 08:02 11284704                   /usr/lib/jvm/java-8-openjdk-amd64/jre/lib/amd64/libnio.so
7fc02dbaf000-7fc02dbb0000 rw-p 00012000 08:02 11284704                   /usr/lib/jvm/java-8-openjdk-amd64/jre/lib/amd64/libnio.so
7fc02dbb4000-7fc02deb5000 rw-p 00000000 00:00 0 
7fc02deb5000-7fc02decc000 r-xp 00000000 08:02 11284728                   /usr/lib/jvm/java-8-openjdk-amd64/jre/lib/amd64/libnet.so
7fc02decc000-7fc02e0cb000 ---p 00017000 08:02 11284728                   /usr/lib/jvm/java-8-openjdk-amd64/jre/lib/amd64/libnet.so
7fc02e0cb000-7fc02e0cc000 r--p 00016000 08:02 11284728                   /usr/lib/jvm/java-8-openjdk-amd64/jre/lib/amd64/libnet.so
7fc02e0cc000-7fc02e0cd000 rw-p 00017000 08:02 11284728                   /usr/lib/jvm/java-8-openjdk-amd64/jre/lib/amd64/libnet.so
7fc02e0d4000-7fc02e0d7000 ---p 00000000 00:00 0 
7fc02e0d7000-7fc02e1d5000 rw-p 00000000 00:00 0 
7fc02e1d5000-7fc02e1d6000 r-xp 00000000 08:02 8265945                    /home/jimmy/Downloads/idea-IC-145.1617.8/bin/libbreakgen64.so
7fc02e1d6000-7fc02e3d5000 ---p 00001000 08:02 8265945                    /home/jimmy/Downloads/idea-IC-145.1617.8/bin/libbreakgen64.so
7fc02e3d5000-7fc02e3d6000 r--p 00000000 08:02 8265945                    /home/jimmy/Downloads/idea-IC-145.1617.8/bin/libbreakgen64.so
7fc02e3d6000-7fc02e3d7000 rw-p 00001000 08:02 8265945                    /home/jimmy/Downloads/idea-IC-145.1617.8/bin/libbreakgen64.so
7fc02e3db000-7fc02e3dd000 r--s 0001e000 08:02 8265805                    /home/jimmy/Downloads/idea-IC-145.1617.8/lib/idea_rt.jar
7fc02e3e1000-7fc02e3e5000 r--s 0041c000 08:02 11410368                   /home/jimmy/IdeaProjects/TotalFantasyOpenGL/lib/sqlite-jdbc-3.14.2.1.jar
7fc02e3e9000-7fc02e3ea000 r--s 00014000 08:02 11016945                   /home/jimmy/IdeaProjects/lwjgl/lwjgl-xxhash/lwjgl-xxhash-natives-windows.jar
7fc02e3ed000-7fc02e3ee000 r--s 00000000 08:02 11016941                   /home/jimmy/IdeaProjects/lwjgl/lwjgl-xxhash/lwjgl-xxhash-natives-macos.jar
7fc02e3ee000-7fc02e3ef000 r--s 00001000 08:02 11016937                   /home/jimmy/IdeaProjects/lwjgl/lwjgl-xxhash/lwjgl-xxhash-natives-linux.jar
7fc02e3f0000-7fc02e3f1000 r--s 00003000 08:02 11016949                   /home/jimmy/IdeaProjects/lwjgl/lwjgl-xxhash/lwjgl-xxhash-sources.jar
7fc02e3f7000-7fc02e3f9000 r--s 00062000 08:02 11016933                   /home/jimmy/IdeaProjects/lwjgl/lwjgl-xxhash/lwjgl-xxhash-javadoc.jar
7fc02e3f9000-7fc02e3fa000 r--s 00004000 08:02 11016953                   /home/jimmy/IdeaProjects/lwjgl/lwjgl-xxhash/lwjgl-xxhash.jar
7fc02e3fe000-7fc02e403000 r--s 00091000 08:02 11016921                   /home/jimmy/IdeaProjects/lwjgl/lwjgl-vulkan/lwjgl-vulkan-sources.jar
7fc02e408000-7fc02e410000 r--s 00213000 08:02 11016917                   /home/jimmy/IdeaProjects/lwjgl/lwjgl-vulkan/lwjgl-vulkan-javadoc.jar
7fc02e416000-7fc02e41f000 r--s 00091000 08:02 11016925                   /home/jimmy/IdeaProjects/lwjgl/lwjgl-vulkan/lwjgl-vulkan.jar
7fc02e422000-7fc02e423000 r--s 0002d000 08:02 11016893                   /home/jimmy/IdeaProjects/lwjgl/lwjgl-tinyfd/lwjgl-tinyfd-natives-windows.jar
7fc02e423000-7fc02e424000 r--s 00006000 08:02 11016889                   /home/jimmy/IdeaProjects/lwjgl/lwjgl-tinyfd/lwjgl-tinyfd-natives-macos.jar
7fc02e424000-7fc02e425000 r--s 00007000 08:02 11016885                   /home/jimmy/IdeaProjects/lwjgl/lwjgl-tinyfd/lwjgl-tinyfd-natives-linux.jar
7fc02e425000-7fc02e427000 r--s 00000000 08:02 11016897                   /home/jimmy/IdeaProjects/lwjgl/lwjgl-tinyfd/lwjgl-tinyfd-sources.jar
7fc02e42c000-7fc02e42e000 r--s 00057000 08:02 11016881                   /home/jimmy/IdeaProjects/lwjgl/lwjgl-tinyfd/lwjgl-tinyfd-javadoc.jar
7fc02e42e000-7fc02e42f000 r--s 00001000 08:02 11016901                   /home/jimmy/IdeaProjects/lwjgl/lwjgl-tinyfd/lwjgl-tinyfd.jar
7fc02e436000-7fc02e437000 r--s 00069000 08:02 11016865                   /home/jimmy/IdeaProjects/lwjgl/lwjgl-stb/lwjgl-stb-natives-windows.jar
7fc02e43d000-7fc02e43e000 r--s 00028000 08:02 11016861                   /home/jimmy/IdeaProjects/lwjgl/lwjgl-stb/lwjgl-stb-natives-macos.jar
7fc02e43f000-7fc02e440000 r--s 0002a000 08:02 11016857                   /home/jimmy/IdeaProjects/lwjgl/lwjgl-stb/lwjgl-stb-natives-linux.jar
7fc02e447000-7fc02e449000 r--s 00012000 08:02 11016869                   /home/jimmy/IdeaProjects/lwjgl/lwjgl-stb/lwjgl-stb-sources.jar
7fc02e44c000-7fc02e44f000 r--s 0008f000 08:02 11016853                   /home/jimmy/IdeaProjects/lwjgl/lwjgl-stb/lwjgl-stb-javadoc.jar
7fc02e44f000-7fc02e451000 r--s 00012000 08:02 11016873                   /home/jimmy/IdeaProjects/lwjgl/lwjgl-stb/lwjgl-stb.jar
7fc02e458000-7fc02e459000 r--s 00013000 08:02 11016837                   /home/jimmy/IdeaProjects/lwjgl/lwjgl-sse/lwjgl-sse-natives-windows.jar
7fc02e45d000-7fc02e45e000 r--s 00000000 08:02 11016833                   /home/jimmy/IdeaProjects/lwjgl/lwjgl-sse/lwjgl-sse-natives-macos.jar
7fc02e465000-7fc02e466000 r--s 00000000 08:02 11016829                   /home/jimmy/IdeaProjects/lwjgl/lwjgl-sse/lwjgl-sse-natives-linux.jar
7fc02e46d000-7fc02e46e000 r--s 00000000 08:02 11016841                   /home/jimmy/IdeaProjects/lwjgl/lwjgl-sse/lwjgl-sse-sources.jar
7fc02e475000-7fc02e477000 r--s 00058000 08:02 11016825                   /home/jimmy/IdeaProjects/lwjgl/lwjgl-sse/lwjgl-sse-javadoc.jar
7fc02e47d000-7fc02e47e000 r--s 00000000 08:02 11016845                   /home/jimmy/IdeaProjects/lwjgl/lwjgl-sse/lwjgl-sse.jar
7fc02e47e000-7fc02e47f000 r--s 00031000 08:02 11016809                   /home/jimmy/IdeaProjects/lwjgl/lwjgl-par/lwjgl-par-natives-windows.jar
7fc02e481000-7fc02e482000 r--s 00004000 08:02 11016805                   /home/jimmy/IdeaProjects/lwjgl/lwjgl-par/lwjgl-par-natives-macos.jar
7fc02e482000-7fc02e483000 r--s 00005000 08:02 11016801                   /home/jimmy/IdeaProjects/lwjgl/lwjgl-par/lwjgl-par-natives-linux.jar
7fc02e486000-7fc02e487000 r--s 00001000 08:02 11016813                   /home/jimmy/IdeaProjects/lwjgl/lwjgl-par/lwjgl-par-sources.jar
7fc02e487000-7fc02e489000 r--s 0005a000 08:02 11016797                   /home/jimmy/IdeaProjects/lwjgl/lwjgl-par/lwjgl-par-javadoc.jar
7fc02e48e000-7fc02e490000 r--s 00001000 08:02 11016817                   /home/jimmy/IdeaProjects/lwjgl/lwjgl-par/lwjgl-par.jar
7fc02e494000-7fc02e495000 r--s 0001f000 08:02 11016777                   /home/jimmy/IdeaProjects/lwjgl/lwjgl-ovr/lwjgl-ovr-natives-windows.jar
7fc02e498000-7fc02e49a000 r--s 0001b000 08:02 11016781                   /home/jimmy/IdeaProjects/lwjgl/lwjgl-ovr/lwjgl-ovr-sources.jar
7fc02e4a0000-7fc02e4a3000 r--s 000bb000 08:02 11016773                   /home/jimmy/IdeaProjects/lwjgl/lwjgl-ovr/lwjgl-ovr-javadoc.jar
7fc02e4a5000-7fc02e4a8000 r--s 00020000 08:02 11016785                   /home/jimmy/IdeaProjects/lwjgl/lwjgl-ovr/lwjgl-ovr.jar
7fc02e4af000-7fc02e4b4000 r--s 00052000 08:02 11016761                   /home/jimmy/IdeaProjects/lwjgl/lwjgl-opengles/lwjgl-opengles-sources.jar
7fc02e4b4000-7fc02e4bb000 r--s 0014f000 08:02 11016757                   /home/jimmy/IdeaProjects/lwjgl/lwjgl-opengles/lwjgl-opengles-javadoc.jar
7fc02e4bb000-7fc02e4c0000 r--s 0004e000 08:02 11016765                   /home/jimmy/IdeaProjects/lwjgl/lwjgl-opengles/lwjgl-opengles.jar
7fc02e4c4000-7fc02e4cd000 r--s 000ef000 08:02 11016741                   /home/jimmy/IdeaProjects/lwjgl/lwjgl-opengl/lwjgl-opengl-sources.jar
7fc02e4d4000-7fc02e4de000 r--s 002bf000 08:02 11016737                   /home/jimmy/IdeaProjects/lwjgl/lwjgl-opengl/lwjgl-opengl-javadoc.jar
7fc02e4de000-7fc02e4e8000 r--s 000c9000 08:02 11016745                   /home/jimmy/IdeaProjects/lwjgl/lwjgl-opengl/lwjgl-opengl.jar
7fc02e4ed000-7fc02e4f0000 r--s 00030000 08:02 11016721                   /home/jimmy/IdeaProjects/lwjgl/lwjgl-opencl/lwjgl-opencl-sources.jar
7fc02e4f5000-7fc02e4f9000 r--s 000d0000 08:02 11016717                   /home/jimmy/IdeaProjects/lwjgl/lwjgl-opencl/lwjgl-opencl-javadoc.jar
7fc02e500000-7fc02e504000 r--s 00023000 08:02 11016725                   /home/jimmy/IdeaProjects/lwjgl/lwjgl-opencl/lwjgl-opencl.jar
7fc02e50b000-7fc02e50c000 r--s 000b6000 08:02 11016693                   /home/jimmy/IdeaProjects/lwjgl/lwjgl-openal/lwjgl-openal-natives-windows.jar
7fc02e512000-7fc02e513000 r--s 0003d000 08:02 11016689                   /home/jimmy/IdeaProjects/lwjgl/lwjgl-openal/lwjgl-openal-natives-macos.jar
7fc02e519000-7fc02e51a000 r--s 00044000 08:02 11016685                   /home/jimmy/IdeaProjects/lwjgl/lwjgl-openal/lwjgl-openal-natives-linux.jar
7fc02e51d000-7fc02e51f000 r--s 00010000 08:02 11016697                   /home/jimmy/IdeaProjects/lwjgl/lwjgl-openal/lwjgl-openal-sources.jar
7fc02e522000-7fc02e524000 r--s 0008d000 08:02 11016681                   /home/jimmy/IdeaProjects/lwjgl/lwjgl-openal/lwjgl-openal-javadoc.jar
7fc02e525000-7fc02e527000 r--s 00010000 08:02 11016701                   /home/jimmy/IdeaProjects/lwjgl/lwjgl-openal/lwjgl-openal.jar
7fc02e52c000-7fc02e52d000 r--s 0003f000 08:02 11016665                   /home/jimmy/IdeaProjects/lwjgl/lwjgl-nuklear/lwjgl-nuklear-natives-windows.jar
7fc02e52d000-7fc02e52e000 r--s 00020000 08:02 11016225                   /home/jimmy/IdeaProjects/lwjgl/lwjgl-nuklear/lwjgl-nuklear-natives-macos.jar
7fc02e535000-7fc02e536000 r--s 00020000 08:02 11016221                   /home/jimmy/IdeaProjects/lwjgl/lwjgl-nuklear/lwjgl-nuklear-natives-linux.jar
7fc02e53b000-7fc02e53e000 r--s 00036000 08:02 11016669                   /home/jimmy/IdeaProjects/lwjgl/lwjgl-nuklear/lwjgl-nuklear-sources.jar
7fc02e540000-7fc02e544000 r--s 0010b000 08:02 11016217                   /home/jimmy/IdeaProjects/lwjgl/lwjgl-nuklear/lwjgl-nuklear-javadoc.jar
7fc02e547000-7fc02e54c000 r--s 00052000 08:02 11016673                   /home/jimmy/IdeaProjects/lwjgl/lwjgl-nuklear/lwjgl-nuklear.jar
7fc02e553000-7fc02e555000 r--s 0001e000 08:02 11016197                   /home/jimmy/IdeaProjects/lwjgl/lwjgl-nfd/lwjgl-nfd-natives-windows.jar
7fc02e556000-7fc02e557000 r--s 00001000 08:02 11016193                   /home/jimmy/IdeaProjects/lwjgl/lwjgl-nfd/lwjgl-nfd-natives-macos.jar
7fc02e55e000-7fc02e55f000 r--s 00001000 08:02 11016189                   /home/jimmy/IdeaProjects/lwjgl/lwjgl-nfd/lwjgl-nfd-natives-linux.jar
7fc02e566000-7fc02e567000 r--s 00001000 08:02 11016201                   /home/jimmy/IdeaProjects/lwjgl/lwjgl-nfd/lwjgl-nfd-sources.jar
7fc02e56e000-7fc02e570000 r--s 00059000 08:02 11016185                   /home/jimmy/IdeaProjects/lwjgl/lwjgl-nfd/lwjgl-nfd-javadoc.jar
7fc02e576000-7fc02e577000 r--s 00001000 08:02 11016205                   /home/jimmy/IdeaProjects/lwjgl/lwjgl-nfd/lwjgl-nfd.jar
7fc02e57e000-7fc02e57f000 r--s 00059000 08:02 11016165                   /home/jimmy/IdeaProjects/lwjgl/lwjgl-nanovg/lwjgl-nanovg-natives-windows.jar
7fc02e580000-7fc02e581000 r--s 0001b000 08:02 11016161                   /home/jimmy/IdeaProjects/lwjgl/lwjgl-nanovg/lwjgl-nanovg-natives-macos.jar
7fc02e582000-7fc02e583000 r--s 0001d000 08:02 11016157                   /home/jimmy/IdeaProjects/lwjgl/lwjgl-nanovg/lwjgl-nanovg-natives-linux.jar
7fc02e585000-7fc02e587000 r--s 00008000 08:02 11016169                   /home/jimmy/IdeaProjects/lwjgl/lwjgl-nanovg/lwjgl-nanovg-sources.jar
7fc02e58d000-7fc02e58f000 r--s 00070000 08:02 11016153                   /home/jimmy/IdeaProjects/lwjgl/lwjgl-nanovg/lwjgl-nanovg-javadoc.jar
7fc02e596000-7fc02e598000 r--s 00009000 08:02 11016173                   /home/jimmy/IdeaProjects/lwjgl/lwjgl-nanovg/lwjgl-nanovg.jar
7fc02e599000-7fc02e59a000 r--s 0002c000 08:02 11016137                   /home/jimmy/IdeaProjects/lwjgl/lwjgl-lmdb/lwjgl-lmdb-natives-windows.jar
7fc02e59a000-7fc02e59b000 r--s 0000d000 08:02 11016133                   /home/jimmy/IdeaProjects/lwjgl/lwjgl-lmdb/lwjgl-lmdb-natives-macos.jar
7fc02e5a2000-7fc02e5a3000 r--s 0000d000 08:02 11016129                   /home/jimmy/IdeaProjects/lwjgl/lwjgl-lmdb/lwjgl-lmdb-natives-linux.jar
7fc02e5a5000-7fc02e5a6000 r--s 00008000 08:02 11016141                   /home/jimmy/IdeaProjects/lwjgl/lwjgl-lmdb/lwjgl-lmdb-sources.jar
7fc02e5a8000-7fc02e5aa000 r--s 0006b000 08:02 11016125                   /home/jimmy/IdeaProjects/lwjgl/lwjgl-lmdb/lwjgl-lmdb-javadoc.jar
7fc02e5aa000-7fc02e5ac000 r--s 00005000 08:02 11016145                   /home/jimmy/IdeaProjects/lwjgl/lwjgl-lmdb/lwjgl-lmdb.jar
7fc02e5b0000-7fc02e5b1000 r--s 0002b000 08:02 11016112                   /home/jimmy/IdeaProjects/lwjgl/lwjgl-jemalloc/lwjgl-jemalloc-natives-windows.jar
7fc02e5b1000-7fc02e5b2000 r--s 00014000 08:02 11015117                   /home/jimmy/IdeaProjects/lwjgl/lwjgl-jemalloc/lwjgl-jemalloc-natives-macos.jar
7fc02e5b5000-7fc02e5b6000 r--s 00018000 08:02 11015115                   /home/jimmy/IdeaProjects/lwjgl/lwjgl-jemalloc/lwjgl-jemalloc-natives-linux.jar
7fc02e5ba000-7fc02e5bc000 r--s 00005000 08:02 11016114                   /home/jimmy/IdeaProjects/lwjgl/lwjgl-jemalloc/lwjgl-jemalloc-sources.jar
7fc02e5c1000-7fc02e5c3000 r--s 0006c000 08:02 11015113                   /home/jimmy/IdeaProjects/lwjgl/lwjgl-jemalloc/lwjgl-jemalloc-javadoc.jar
7fc02e5c4000-7fc02e5c6000 r--s 00007000 08:02 11016116                   /home/jimmy/IdeaProjects/lwjgl/lwjgl-jemalloc/lwjgl-jemalloc.jar
7fc02e5c9000-7fc02e5ca000 r--s 00004000 08:02 11015105                   /home/jimmy/IdeaProjects/lwjgl/lwjgl-jawt/lwjgl-jawt-sources.jar
7fc02e5cb000-7fc02e5cd000 r--s 00066000 08:02 11015103                   /home/jimmy/IdeaProjects/lwjgl/lwjgl-jawt/lwjgl-jawt-javadoc.jar
7fc02e5d2000-7fc02e5d3000 r--s 00005000 08:02 11015107                   /home/jimmy/IdeaProjects/lwjgl/lwjgl-jawt/lwjgl-jawt.jar
7fc02e5d3000-7fc02e5d4000 r--s 00036000 08:02 11015095                   /home/jimmy/IdeaProjects/lwjgl/lwjgl-glfw/lwjgl-glfw-natives-windows.jar
7fc02e5d6000-7fc02e5d7000 r--s 00009000 08:02 11015093                   /home/jimmy/IdeaProjects/lwjgl/lwjgl-glfw/lwjgl-glfw-natives-macos.jar
7fc02e5d8000-7fc02e5d9000 r--s 0000b000 08:02 11015091                   /home/jimmy/IdeaProjects/lwjgl/lwjgl-glfw/lwjgl-glfw-natives-linux.jar
7fc02e5de000-7fc02e5e0000 r--s 00011000 08:02 11015097                   /home/jimmy/IdeaProjects/lwjgl/lwjgl-glfw/lwjgl-glfw-sources.jar
7fc02e5e3000-7fc02e5e6000 r--s 00096000 08:02 11015089                   /home/jimmy/IdeaProjects/lwjgl/lwjgl-glfw/lwjgl-glfw-javadoc.jar
7fc02e5e9000-7fc02e5ec000 r--s 00014000 08:02 11015099                   /home/jimmy/IdeaProjects/lwjgl/lwjgl-glfw/lwjgl-glfw.jar
7fc02e5ef000-7fc02e5f2000 r--s 0001a000 08:02 11015078                   /home/jimmy/IdeaProjects/lwjgl/lwjgl-egl/lwjgl-egl-sources.jar
7fc02e5f7000-7fc02e5fb000 r--s 000b2000 08:02 11015077                   /home/jimmy/IdeaProjects/lwjgl/lwjgl-egl/lwjgl-egl-javadoc.jar
7fc02e5fe000-7fc02e601000 r--s 00019000 08:02 11015083                   /home/jimmy/IdeaProjects/lwjgl/lwjgl-egl/lwjgl-egl.jar
7fc02e602000-7fc02e603000 r--s 00035000 08:02 11013722                   /home/jimmy/IdeaProjects/lwjgl/lwjgl/lwjgl-natives-windows.jar
7fc02e606000-7fc02e607000 r--s 00009000 08:02 11013721                   /home/jimmy/IdeaProjects/lwjgl/lwjgl/lwjgl-natives-macos.jar
7fc02e609000-7fc02e60a000 r--s 0000c000 08:02 11013719                   /home/jimmy/IdeaProjects/lwjgl/lwjgl/lwjgl-natives-linux.jar
7fc02e610000-7fc02e612000 r--s 00033000 08:02 11013724                   /home/jimmy/IdeaProjects/lwjgl/lwjgl/lwjgl-sources.jar
7fc02e617000-7fc02e61c000 r--s 0010a000 08:02 11013693                   /home/jimmy/IdeaProjects/lwjgl/lwjgl/lwjgl-javadoc.jar
7fc02e623000-7fc02e628000 r--s 0003e000 08:02 11013725                   /home/jimmy/IdeaProjects/lwjgl/lwjgl/lwjgl.jar
7fc02e62e000-7fc02e630000 r--s 00061000 08:02 11410366                   /home/jimmy/IdeaProjects/TotalFantasyOpenGL/lib/joml-1.8.21.jar
7fc02e633000-7fc02e646000 r--s 00346000 08:02 10881248                   /usr/lib/jvm/java-8-openjdk-amd64/jre/lib/resources.jar
7fc02e64d000-7fc02e64e000 r--s 00000000 08:02 10881878                   /usr/lib/jvm/java-8-openjdk-amd64/jre/lib/management-agent.jar
7fc02e654000-7fc02e658000 r--s 00097000 08:02 10881882                   /usr/lib/jvm/java-8-openjdk-amd64/jre/lib/jsse.jar
7fc02e65a000-7fc02e65d000 r--s 00015000 08:02 10881880                   /usr/lib/jvm/java-8-openjdk-amd64/jre/lib/jce.jar
7fc02e65e000-7fc02e663000 r--s 002f9000 08:02 10881877                   /usr/lib/jvm/java-8-openjdk-amd64/jre/lib/charsets.jar
7fc02e667000-7fc02e668000 r--s 0000a000 08:02 11403826                   /usr/lib/jvm/java-8-openjdk-amd64/jre/lib/ext/jaccess.jar
7fc02e66d000-7fc02e66e000 r--s 00010000 08:02 11403832                   /usr/lib/jvm/java-8-openjdk-amd64/jre/lib/ext/zipfs.jar
7fc02e672000-7fc02e68d000 r--s 001d5000 08:02 11403820                   /usr/lib/jvm/java-8-openjdk-amd64/jre/lib/ext/nashorn.jar
7fc02e68f000-7fc02e690000 ---p 00000000 00:00 0 
7fc02e690000-7fc02e790000 rw-p 00000000 00:00 0 
7fc02e790000-7fc02e793000 ---p 00000000 00:00 0 
7fc02e793000-7fc02e891000 rw-p 00000000 00:00 0 
7fc02e891000-7fc02e894000 ---p 00000000 00:00 0 
7fc02e894000-7fc02e992000 rw-p 00000000 00:00 0 
7fc02e992000-7fc02e995000 ---p 00000000 00:00 0 
7fc02e995000-7fc02ea93000 rw-p 00000000 00:00 0 
7fc02ea93000-7fc02ea96000 ---p 00000000 00:00 0 
7fc02ea96000-7fc02eb94000 rw-p 00000000 00:00 0 
7fc02eb94000-7fc02eb97000 ---p 00000000 00:00 0 
7fc02eb97000-7fc02ec95000 rw-p 00000000 00:00 0 
7fc02ec95000-7fc02f0ec000 r--p 00000000 08:02 9700121                    /usr/lib/locale/locale-archive
7fc02f0f1000-7fc02f0f4000 ---p 00000000 00:00 0 
7fc02f0f4000-7fc02f1f2000 rw-p 00000000 00:00 0 
7fc02f1f2000-7fc02f1f5000 ---p 00000000 00:00 0 
7fc02f1f5000-7fc02f2f3000 rw-p 00000000 00:00 0 
7fc02f2f3000-7fc02f2f4000 ---p 00000000 00:00 0 
7fc02f2f4000-7fc030000000 rw-p 00000000 00:00 0 
7fc030000000-7fc030021000 rw-p 00000000 00:00 0 
7fc030021000-7fc034000000 ---p 00000000 00:00 0 
7fc034000000-7fc034021000 rw-p 00000000 00:00 0 
7fc034021000-7fc038000000 ---p 00000000 00:00 0 
7fc038000000-7fc038021000 rw-p 00000000 00:00 0 
7fc038021000-7fc03c000000 ---p 00000000 00:00 0 
7fc03c004000-7fc03c008000 r--s 00037000 08:02 11403824                   /usr/lib/jvm/java-8-openjdk-amd64/jre/lib/ext/sunpkcs11.jar
7fc03c00e000-7fc03c010000 r--s 00001000 08:02 11403836                   /usr/lib/jvm/java-8-openjdk-amd64/jre/lib/ext/dnsns.jar
7fc03c015000-7fc03c017000 r--s 00008000 08:02 11403828                   /usr/lib/jvm/java-8-openjdk-amd64/jre/lib/ext/sunec.jar
7fc03c018000-7fc03c01d000 r--s 0003b000 08:02 11403822                   /usr/lib/jvm/java-8-openjdk-amd64/jre/lib/ext/sunjce_provider.jar
7fc03c021000-7fc03c03c000 r--s 00394000 08:02 11403818                   /usr/lib/jvm/java-8-openjdk-amd64/jre/lib/ext/cldrdata.jar
7fc03c03f000-7fc03c3c6000 rw-p 00000000 00:00 0 
7fc03c3c6000-7fc03c594000 r--s 03bf1000 08:02 10881874                   /usr/lib/jvm/java-8-openjdk-amd64/jre/lib/rt.jar
7fc03c599000-7fc03d000000 rw-p 00000000 00:00 0 
7fc03d000000-7fc03d310000 rwxp 00000000 00:00 0 
7fc03d310000-7fc04c000000 ---p 00000000 00:00 0 
7fc04c000000-7fc04d04f000 rw-p 00000000 00:00 0 
7fc04d04f000-7fc050000000 ---p 00000000 00:00 0 
7fc050004000-7fc050007000 r--s 0000f000 08:02 11403834                   /usr/lib/jvm/java-8-openjdk-amd64/jre/lib/ext/icedtea-sound.jar
7fc05000b000-7fc050015000 r--s 00116000 08:02 11403830                   /usr/lib/jvm/java-8-openjdk-amd64/jre/lib/ext/localedata.jar
7fc05001a000-7fc051f4b000 rw-p 00000000 00:00 0 
7fc051f4b000-7fc051f4c000 ---p 00000000 00:00 0 
7fc051f4c000-7fc05204c000 rw-p 00000000 00:00 0 
7fc05204c000-7fc05204d000 ---p 00000000 00:00 0 
7fc05204d000-7fc05214d000 rw-p 00000000 00:00 0 
7fc05214d000-7fc05214e000 ---p 00000000 00:00 0 
7fc05214e000-7fc05224e000 rw-p 00000000 00:00 0 
7fc05224e000-7fc05224f000 ---p 00000000 00:00 0 
7fc05224f000-7fc052365000 rw-p 00000000 00:00 0 
7fc052365000-7fc05249b000 ---p 00000000 00:00 0 
7fc05249b000-7fc0524b1000 rw-p 00000000 00:00 0 
7fc0524b1000-7fc0525e6000 ---p 00000000 00:00 0 
7fc0525e6000-7fc0525f9000 rw-p 00000000 00:00 0 
7fc0525f9000-7fc05268c000 ---p 00000000 00:00 0 
7fc05268c000-7fc05269a000 rw-p 00000000 00:00 0 
7fc05269a000-7fc052a4d000 ---p 00000000 00:00 0 
7fc052a4d000-7fc052a55000 r-xp 00000000 08:02 11284709                   /usr/lib/jvm/java-8-openjdk-amd64/jre/lib/amd64/libzip.so
7fc052a55000-7fc052c54000 ---p 00008000 08:02 11284709                   /usr/lib/jvm/java-8-openjdk-amd64/jre/lib/amd64/libzip.so
7fc052c54000-7fc052c55000 r--p 00007000 08:02 11284709                   /usr/lib/jvm/java-8-openjdk-amd64/jre/lib/amd64/libzip.so
7fc052c55000-7fc052c56000 rw-p 00008000 08:02 11284709                   /usr/lib/jvm/java-8-openjdk-amd64/jre/lib/amd64/libzip.so
7fc052c5d000-7fc052c68000 r-xp 00000000 08:02 655605                     /lib/x86_64-linux-gnu/libnss_files-2.23.so
7fc052c68000-7fc052e67000 ---p 0000b000 08:02 655605                     /lib/x86_64-linux-gnu/libnss_files-2.23.so
7fc052e67000-7fc052e68000 r--p 0000a000 08:02 655605                     /lib/x86_64-linux-gnu/libnss_files-2.23.so
7fc052e68000-7fc052e69000 rw-p 0000b000 08:02 655605                     /lib/x86_64-linux-gnu/libnss_files-2.23.so
7fc052e69000-7fc052e6f000 rw-p 00000000 00:00 0 
7fc052e75000-7fc052e80000 r-xp 00000000 08:02 655575                     /lib/x86_64-linux-gnu/libnss_nis-2.23.so
7fc052e80000-7fc05307f000 ---p 0000b000 08:02 655575                     /lib/x86_64-linux-gnu/libnss_nis-2.23.so
7fc05307f000-7fc053080000 r--p 0000a000 08:02 655575                     /lib/x86_64-linux-gnu/libnss_nis-2.23.so
7fc053080000-7fc053081000 rw-p 0000b000 08:02 655575                     /lib/x86_64-linux-gnu/libnss_nis-2.23.so
7fc053085000-7fc05309b000 r-xp 00000000 08:02 655599                     /lib/x86_64-linux-gnu/libnsl-2.23.so
7fc05309b000-7fc05329a000 ---p 00016000 08:02 655599                     /lib/x86_64-linux-gnu/libnsl-2.23.so
7fc05329a000-7fc05329b000 r--p 00015000 08:02 655599                     /lib/x86_64-linux-gnu/libnsl-2.23.so
7fc05329b000-7fc05329c000 rw-p 00016000 08:02 655599                     /lib/x86_64-linux-gnu/libnsl-2.23.so
7fc05329c000-7fc05329e000 rw-p 00000000 00:00 0 
7fc0532a5000-7fc0532ad000 r-xp 00000000 08:02 655601                     /lib/x86_64-linux-gnu/libnss_compat-2.23.so
7fc0532ad000-7fc0534ac000 ---p 00008000 08:02 655601                     /lib/x86_64-linux-gnu/libnss_compat-2.23.so
7fc0534ac000-7fc0534ad000 r--p 00007000 08:02 655601                     /lib/x86_64-linux-gnu/libnss_compat-2.23.so
7fc0534ad000-7fc0534ae000 rw-p 00008000 08:02 655601                     /lib/x86_64-linux-gnu/libnss_compat-2.23.so
7fc0534b5000-7fc0534e2000 r-xp 00000000 08:02 11282370                   /usr/lib/jvm/java-8-openjdk-amd64/jre/lib/amd64/libjava.so
7fc0534e2000-7fc0536e1000 ---p 0002d000 08:02 11282370                   /usr/lib/jvm/java-8-openjdk-amd64/jre/lib/amd64/libjava.so
7fc0536e1000-7fc0536e2000 r--p 0002c000 08:02 11282370                   /usr/lib/jvm/java-8-openjdk-amd64/jre/lib/amd64/libjava.so
7fc0536e2000-7fc0536e4000 rw-p 0002d000 08:02 11282370                   /usr/lib/jvm/java-8-openjdk-amd64/jre/lib/amd64/libjava.so
7fc0536e5000-7fc0536f4000 r-xp 00000000 08:02 11284707                   /usr/lib/jvm/java-8-openjdk-amd64/jre/lib/amd64/libverify.so
7fc0536f4000-7fc0538f3000 ---p 0000f000 08:02 11284707                   /usr/lib/jvm/java-8-openjdk-amd64/jre/lib/amd64/libverify.so
7fc0538f3000-7fc0538f5000 r--p 0000e000 08:02 11284707                   /usr/lib/jvm/java-8-openjdk-amd64/jre/lib/amd64/libverify.so
7fc0538f5000-7fc0538f6000 rw-p 00010000 08:02 11284707                   /usr/lib/jvm/java-8-openjdk-amd64/jre/lib/amd64/libverify.so
7fc0538fd000-7fc053904000 r-xp 00000000 08:02 655573                     /lib/x86_64-linux-gnu/librt-2.23.so
7fc053904000-7fc053b03000 ---p 00007000 08:02 655573                     /lib/x86_64-linux-gnu/librt-2.23.so
7fc053b03000-7fc053b04000 r--p 00006000 08:02 655573                     /lib/x86_64-linux-gnu/librt-2.23.so
7fc053b04000-7fc053b05000 rw-p 00007000 08:02 655573                     /lib/x86_64-linux-gnu/librt-2.23.so
7fc053b05000-7fc053b1b000 r-xp 00000000 08:02 659912                     /lib/x86_64-linux-gnu/libgcc_s.so.1
7fc053b1b000-7fc053d1a000 ---p 00016000 08:02 659912                     /lib/x86_64-linux-gnu/libgcc_s.so.1
7fc053d1a000-7fc053d1b000 rw-p 00015000 08:02 659912                     /lib/x86_64-linux-gnu/libgcc_s.so.1
7fc053d1d000-7fc053e25000 r-xp 00000000 08:02 655595                     /lib/x86_64-linux-gnu/libm-2.23.so
7fc053e25000-7fc054024000 ---p 00108000 08:02 655595                     /lib/x86_64-linux-gnu/libm-2.23.so
7fc054024000-7fc054025000 r--p 00107000 08:02 655595                     /lib/x86_64-linux-gnu/libm-2.23.so
7fc054025000-7fc054026000 rw-p 00108000 08:02 655595                     /lib/x86_64-linux-gnu/libm-2.23.so
7fc05402d000-7fc05419f000 r-xp 00000000 08:02 9699525                    /usr/lib/x86_64-linux-gnu/libstdc++.so.6.0.21
7fc05419f000-7fc05439f000 ---p 00172000 08:02 9699525                    /usr/lib/x86_64-linux-gnu/libstdc++.so.6.0.21
7fc05439f000-7fc0543a9000 r--p 00172000 08:02 9699525                    /usr/lib/x86_64-linux-gnu/libstdc++.so.6.0.21
7fc0543a9000-7fc0543ab000 rw-p 0017c000 08:02 9699525                    /usr/lib/x86_64-linux-gnu/libstdc++.so.6.0.21
7fc0543ab000-7fc0543af000 rw-p 00000000 00:00 0 
7fc0543b5000-7fc055004000 r-xp 00000000 08:02 11284710                   /usr/lib/jvm/java-8-openjdk-amd64/jre/lib/amd64/server/libjvm.so
7fc055004000-7fc055203000 ---p 00c4f000 08:02 11284710                   /usr/lib/jvm/java-8-openjdk-amd64/jre/lib/amd64/server/libjvm.so
7fc055203000-7fc055296000 r--p 00c4e000 08:02 11284710                   /usr/lib/jvm/java-8-openjdk-amd64/jre/lib/amd64/server/libjvm.so
7fc055296000-7fc0552bf000 rw-p 00ce1000 08:02 11284710                   /usr/lib/jvm/java-8-openjdk-amd64/jre/lib/amd64/server/libjvm.so
7fc0552bf000-7fc0552ef000 rw-p 00000000 00:00 0 
7fc0552f5000-7fc05530d000 r-xp 00000000 08:02 655597                     /lib/x86_64-linux-gnu/libpthread-2.23.so
7fc05530d000-7fc05550c000 ---p 00018000 08:02 655597                     /lib/x86_64-linux-gnu/libpthread-2.23.so
7fc05550c000-7fc05550d000 r--p 00017000 08:02 655597                     /lib/x86_64-linux-gnu/libpthread-2.23.so
7fc05550d000-7fc05550e000 rw-p 00018000 08:02 655597                     /lib/x86_64-linux-gnu/libpthread-2.23.so
7fc05550e000-7fc055512000 rw-p 00000000 00:00 0 
7fc055515000-7fc055518000 r-xp 00000000 08:02 655581                     /lib/x86_64-linux-gnu/libdl-2.23.so
7fc055518000-7fc055717000 ---p 00003000 08:02 655581                     /lib/x86_64-linux-gnu/libdl-2.23.so
7fc055717000-7fc055718000 r--p 00002000 08:02 655581                     /lib/x86_64-linux-gnu/libdl-2.23.so
7fc055718000-7fc055719000 rw-p 00003000 08:02 655581                     /lib/x86_64-linux-gnu/libdl-2.23.so
7fc05571d000-7fc055736000 r-xp 00000000 08:02 660065                     /lib/x86_64-linux-gnu/libz.so.1.2.8
7fc055736000-7fc055935000 ---p 00019000 08:02 660065                     /lib/x86_64-linux-gnu/libz.so.1.2.8
7fc055935000-7fc055936000 r--p 00018000 08:02 660065                     /lib/x86_64-linux-gnu/libz.so.1.2.8
7fc055936000-7fc055937000 rw-p 00019000 08:02 660065                     /lib/x86_64-linux-gnu/libz.so.1.2.8
7fc05593d000-7fc055afc000 r-xp 00000000 08:02 655584                     /lib/x86_64-linux-gnu/libc-2.23.so
7fc055afc000-7fc055cfc000 ---p 001bf000 08:02 655584                     /lib/x86_64-linux-gnu/libc-2.23.so
7fc055cfc000-7fc055d00000 r--p 001bf000 08:02 655584                     /lib/x86_64-linux-gnu/libc-2.23.so
7fc055d00000-7fc055d02000 rw-p 001c3000 08:02 655584                     /lib/x86_64-linux-gnu/libc-2.23.so
7fc055d02000-7fc055d06000 rw-p 00000000 00:00 0 
7fc055d0d000-7fc055d1a000 r-xp 00000000 08:02 11284706                   /usr/lib/jvm/java-8-openjdk-amd64/jre/lib/amd64/jli/libjli.so
7fc055d1a000-7fc055f1a000 ---p 0000d000 08:02 11284706                   /usr/lib/jvm/java-8-openjdk-amd64/jre/lib/amd64/jli/libjli.so
7fc055f1a000-7fc055f1b000 r--p 0000d000 08:02 11284706                   /usr/lib/jvm/java-8-openjdk-amd64/jre/lib/amd64/jli/libjli.so
7fc055f1b000-7fc055f1c000 rw-p 0000e000 08:02 11284706                   /usr/lib/jvm/java-8-openjdk-amd64/jre/lib/amd64/jli/libjli.so
7fc055f1d000-7fc055f43000 r-xp 00000000 08:02 655561                     /lib/x86_64-linux-gnu/ld-2.23.so
7fc055f49000-7fc05602d000 rw-p 00000000 00:00 0 
7fc05602d000-7fc056035000 rw-s 00000000 08:02 1575711                    /tmp/hsperfdata_jimmy/7811
7fc056039000-7fc05603b000 rwxp 00000000 00:00 0 
7fc05603b000-7fc05603c000 rw-p 00000000 00:00 0 
7fc05603c000-7fc05603d000 r--p 00000000 00:00 0 
7fc05603d000-7fc056040000 ---p 00000000 00:00 0 
7fc056040000-7fc056142000 rw-p 00000000 00:00 0 
7fc056142000-7fc056143000 r--p 00025000 08:02 655561                     /lib/x86_64-linux-gnu/ld-2.23.so
7fc056143000-7fc056144000 rw-p 00026000 08:02 655561                     /lib/x86_64-linux-gnu/ld-2.23.so
7fc056144000-7fc056147000 rw-p 00000000 00:00 0 
7fffbec11000-7fffbec34000 rw-p 00000000 00:00 0                          [stack]
7fffbeded000-7fffbedef000 r--p 00000000 00:00 0                          [vvar]
7fffbedef000-7fffbedf1000 r-xp 00000000 00:00 0                          [vdso]
ffffffffff600000-ffffffffff601000 r-xp 00000000 00:00 0                  [vsyscall]

VM Arguments:
jvm_args: -Didea.launcher.port=7532 -Didea.launcher.bin.path=/home/jimmy/Downloads/idea-IC-145.1617.8/bin -Dfile.encoding=UTF-8 
java_command: com.intellij.rt.execution.application.AppMain Main.Main
java_class_path (initial): /usr/lib/jvm/java-8-openjdk-amd64/jre/lib/charsets.jar:/usr/lib/jvm/java-8-openjdk-amd64/jre/lib/ext/cldrdata.jar:/usr/lib/jvm/java-8-openjdk-amd64/jre/lib/ext/dnsns.jar:/usr/lib/jvm/java-8-openjdk-amd64/jre/lib/ext/icedtea-sound.jar:/usr/lib/jvm/java-8-openjdk-amd64/jre/lib/ext/jaccess.jar:/usr/lib/jvm/java-8-openjdk-amd64/jre/lib/ext/localedata.jar:/usr/lib/jvm/java-8-openjdk-amd64/jre/lib/ext/nashorn.jar:/usr/lib/jvm/java-8-openjdk-amd64/jre/lib/ext/sunec.jar:/usr/lib/jvm/java-8-openjdk-amd64/jre/lib/ext/sunjce_provider.jar:/usr/lib/jvm/java-8-openjdk-amd64/jre/lib/ext/sunpkcs11.jar:/usr/lib/jvm/java-8-openjdk-amd64/jre/lib/ext/zipfs.jar:/usr/lib/jvm/java-8-openjdk-amd64/jre/lib/jce.jar:/usr/lib/jvm/java-8-openjdk-amd64/jre/lib/jsse.jar:/usr/lib/jvm/java-8-openjdk-amd64/jre/lib/management-agent.jar:/usr/lib/jvm/java-8-openjdk-amd64/jre/lib/resources.jar:/usr/lib/jvm/java-8-openjdk-amd64/jre/lib/rt.jar:/home/jimmy/IdeaProjects/TotalFantasyOpenGL/out/production/TotalFantasyOpenGL:/home/jimmy/IdeaProjects/TotalFantasyOpenGL/lib/joml-1.8.21.jar:/home/jimmy/IdeaProjects/lwjgl/lwjgl/lwjgl.jar:/home/jimmy/IdeaProjects/lwjgl/lwjgl/lwjgl-javadoc.jar:/home/jimmy/IdeaProjects/lwjgl/lwjgl/lwjgl-sources.jar:/home/jimmy/IdeaProjects/lwjgl/lwjgl/lwjgl-natives-linux.jar:/home/jimmy/IdeaProjects/lwjgl/lwjgl/lwjgl-natives-macos.jar:/home/jimmy/IdeaProjects/lwjgl/lwjgl/lwjgl-natives-windows.jar:/home/jimmy/IdeaProjects/lwjgl/lwjgl-egl/lwjgl-egl.jar:/home/jimmy/IdeaProjects/lwjgl/lwjgl-egl/lwjgl-egl-javadoc.jar:/home/jimmy/IdeaProjects/lwjgl/lwjgl-egl/lwjgl-egl-sources.jar:/home/jimmy/IdeaProjects/lwjgl/lwjgl-glfw/lwjgl-glfw.jar:/home/jimmy/IdeaProjects/lwjgl/lwjgl-glfw/lwjgl-glfw-javadoc.jar:/home/jimmy/IdeaProjects/lwjgl/lwjgl-glfw/lwjgl-glfw-sources.jar:/home/jimmy/IdeaProjects/lwjgl/lwjgl-glfw/lwjgl-glfw-natives-linux.jar:/home/jimmy/IdeaProjects/lwjgl/lwjgl-glfw/lwjgl-glfw-natives-macos.jar:/home/jimmy/IdeaProjects/lwjgl/lwjgl-glfw/lwjgl-glfw-native
Launcher Type: SUN_STANDARD

Environment Variables:
JAVA_HOME=/usr/local/java/jdk1.8.0_91
JRE_HOME=/usr/local/java/jre1.8.0_91
PATH=/usr/local/sbin:/usr/local/bin:/usr/sbin:/usr/bin:/sbin:/bin:/usr/games:/usr/local/games:/snap/bin:/usr/local/java/jre1.8.0_91/bin:/usr/local/java/jdk1.8.0_91/bin
LD_LIBRARY_PATH=/home/jimmy/Downloads/idea-IC-145.1617.8/bin:
SHELL=/bin/bash
DISPLAY=:0

Signal Handlers:
SIGSEGV: [libjvm.so+0xa65880], sa_mask[0]=11111111011111111101111111111110, sa_flags=SA_RESTART|SA_SIGINFO
SIGBUS: [libjvm.so+0xa65880], sa_mask[0]=11111111011111111101111111111110, sa_flags=SA_RESTART|SA_SIGINFO
SIGFPE: [libjvm.so+0x8af1c0], sa_mask[0]=11111111011111111101111111111110, sa_flags=SA_RESTART|SA_SIGINFO
SIGPIPE: [libjvm.so+0x8af1c0], sa_mask[0]=11111111011111111101111111111110, sa_flags=SA_RESTART|SA_SIGINFO
SIGXFSZ: [libjvm.so+0x8af1c0], sa_mask[0]=11111111011111111101111111111110, sa_flags=SA_RESTART|SA_SIGINFO
SIGILL: [libjvm.so+0x8af1c0], sa_mask[0]=11111111011111111101111111111110, sa_flags=SA_RESTART|SA_SIGINFO
SIGUSR1: SIG_DFL, sa_mask[0]=00000000000000000000000000000000, sa_flags=none
SIGUSR2: [libjvm.so+0x8af070], sa_mask[0]=00100000000000000000000000000000, sa_flags=SA_RESTART|SA_SIGINFO
SIGHUP: [libjvm.so+0x8af540], sa_mask[0]=11111111011111111101111111111110, sa_flags=SA_RESTART|SA_SIGINFO
SIGINT: [libjvm.so+0x8af540], sa_mask[0]=11111111011111111101111111111110, sa_flags=SA_RESTART|SA_SIGINFO
SIGTERM: [libjvm.so+0x8af540], sa_mask[0]=11111111011111111101111111111110, sa_flags=SA_RESTART|SA_SIGINFO
SIGQUIT: [libjvm.so+0x8af540], sa_mask[0]=11111111011111111101111111111110, sa_flags=SA_RESTART|SA_SIGINFO


---------------  S Y S T E M  ---------------

OS:DISTRIB_ID=Ubuntu
DISTRIB_RELEASE=16.04
DISTRIB_CODENAME=xenial
DISTRIB_DESCRIPTION="Ubuntu 16.04.1 LTS"

uname:Linux 4.4.0-57-generic #78-Ubuntu SMP Fri Dec 9 23:50:32 UTC 2016 x86_64
libc:glibc 2.23 NPTL 2.23 
rlimit: STACK 8192k, CORE 0k, NPROC 14625, NOFILE 65536, AS infinity
load average:3,37 3,01 2,24

/proc/meminfo:
MemTotal:        4070220 kB
MemFree:          126652 kB
MemAvailable:     860032 kB
Buffers:           50708 kB
Cached:           972040 kB
SwapCached:         1928 kB
Active:          2517344 kB
Inactive:        1152796 kB
Active(anon):    1947528 kB
Inactive(anon):   815292 kB
Active(file):     569816 kB
Inactive(file):   337504 kB
Unevictable:          32 kB
Mlocked:              32 kB
SwapTotal:       4151292 kB
SwapFree:        4068704 kB
Dirty:             11216 kB
Writeback:             0 kB
AnonPages:       2647132 kB
Mapped:           307476 kB
Shmem:            114824 kB
Slab:             102008 kB
SReclaimable:      62144 kB
SUnreclaim:        39864 kB
KernelStack:       11104 kB
PageTables:        48968 kB
NFS_Unstable:          0 kB
Bounce:                0 kB
WritebackTmp:          0 kB
CommitLimit:     6186400 kB
Committed_AS:    7252116 kB
VmallocTotal:   34359738367 kB
VmallocUsed:           0 kB
VmallocChunk:          0 kB
HardwareCorrupted:     0 kB
AnonHugePages:   1206272 kB
CmaTotal:              0 kB
CmaFree:               0 kB
HugePages_Total:       0
HugePages_Free:        0
HugePages_Rsvd:        0
HugePages_Surp:        0
Hugepagesize:       2048 kB
DirectMap4k:      215956 kB
DirectMap2M:     3936256 kB
DirectMap1G:           0 kB


CPU:total 4 (4 cores per cpu, 1 threads per core) family 21 model 48 stepping 1, cmov, cx8, fxsr, mmx, sse, sse2, sse3, ssse3, sse4.1, sse4.2, popcnt, avx, aes, clmul, mmxext, 3dnowpref, lzcnt, sse4a, tsc, tscinvbit, tscinv, bmi1

/proc/cpuinfo:
processor	: 0
vendor_id	: AuthenticAMD
cpu family	: 21
model		: 48
model name	: AMD Athlon(tm) X4 840 Quad Core Processor
stepping	: 1
microcode	: 0x6003106
cpu MHz		: 3100.000
cache size	: 2048 KB
physical id	: 0
siblings	: 4
core id		: 0
cpu cores	: 2
apicid		: 16
initial apicid	: 0
fpu		: yes
fpu_exception	: yes
cpuid level	: 13
wp		: yes
flags		: fpu vme de pse tsc msr pae mce cx8 apic sep mtrr pge mca cmov pat pse36 clflush mmx fxsr sse sse2 ht syscall nx mmxext fxsr_opt pdpe1gb rdtscp lm constant_tsc rep_good nopl nonstop_tsc extd_apicid aperfmperf eagerfpu pni pclmulqdq monitor ssse3 fma cx16 sse4_1 sse4_2 popcnt aes xsave avx f16c lahf_lm cmp_legacy svm extapic cr8_legacy abm sse4a misalignsse 3dnowprefetch osvw ibs xop skinit wdt lwp fma4 tce nodeid_msr tbm topoext perfctr_core perfctr_nb bpext cpb hw_pstate vmmcall fsgsbase bmi1 xsaveopt arat npt lbrv svm_lock nrip_save tsc_scale vmcb_clean flushbyasid decodeassists pausefilter pfthreshold
bugs		: fxsave_leak sysret_ss_attrs
bogomips	: 6188.43
TLB size	: 1536 4K pages
clflush size	: 64
cache_alignment	: 64
address sizes	: 48 bits physical, 48 bits virtual
power management: ts ttp tm 100mhzsteps hwpstate cpb eff_freq_ro [13]

processor	: 1
vendor_id	: AuthenticAMD
cpu family	: 21
model		: 48
model name	: AMD Athlon(tm) X4 840 Quad Core Processor
stepping	: 1
microcode	: 0x6003106
cpu MHz		: 3100.000
cache size	: 2048 KB
physical id	: 0
siblings	: 4
core id		: 1
cpu cores	: 2
apicid		: 17
initial apicid	: 1
fpu		: yes
fpu_exception	: yes
cpuid level	: 13
wp		: yes
flags		: fpu vme de pse tsc msr pae mce cx8 apic sep mtrr pge mca cmov pat pse36 clflush mmx fxsr sse sse2 ht syscall nx mmxext fxsr_opt pdpe1gb rdtscp lm constant_tsc rep_good nopl nonstop_tsc extd_apicid aperfmperf eagerfpu pni pclmulqdq monitor ssse3 fma cx16 sse4_1 sse4_2 popcnt aes xsave avx f16c lahf_lm cmp_legacy svm extapic cr8_legacy abm sse4a misalignsse 3dnowprefetch osvw ibs xop skinit wdt lwp fma4 tce nodeid_msr tbm topoext perfctr_core perfctr_nb bpext cpb hw_pstate vmmcall fsgsbase bmi1 xsaveopt arat npt lbrv svm_lock nrip_save tsc_scale vmcb_clean flushbyasid decodeassists pausefilter pfthreshold
bugs		: fxsave_leak sysret_ss_attrs
bogomips	: 6188.43
TLB size	: 1536 4K pages
clflush size	: 64
cache_alignment	: 64
address sizes	: 48 bits physical, 48 bits virtual
power management: ts ttp tm 100mhzsteps hwpstate cpb eff_freq_ro [13]

processor	: 2
vendor_id	: AuthenticAMD
cpu family	: 21
model		: 48
model name	: AMD Athlon(tm) X4 840 Quad Core Processor
stepping	: 1
microcode	: 0x6003106
cpu MHz		: 2800.000
cache size	: 2048 KB
physical id	: 0
siblings	: 4
core id		: 2
cpu cores	: 2
apicid		: 18
initial apicid	: 2
fpu		: yes
fpu_exception	: yes
cpuid level	: 13
wp		: yes
flags		: fpu vme de pse tsc msr pae mce cx8 apic sep mtrr pge mca cmov pat pse36 clflush mmx fxsr sse sse2 ht syscall nx mmxext fxsr_opt pdpe1gb rdtscp lm constant_tsc rep_good nopl nonstop_tsc extd_apicid aperfmperf eagerfpu pni pclmulqdq monitor ssse3 fma cx16 sse4_1 sse4_2 popcnt aes xsave avx f16c lahf_lm cmp_legacy svm extapic cr8_legacy abm sse4a misalignsse 3dnowprefetch osvw ibs xop skinit wdt lwp fma4 tce nodeid_msr tbm topoext perfctr_core perfctr_nb bpext cpb hw_pstate vmmcall fsgsbase bmi1 xsaveopt arat npt lbrv svm_lock nrip_save tsc_scale vmcb_clean flushbyasid decodeassists pausefilter pfthreshold
bugs		: fxsave_leak sysret_ss_attrs
bogomips	: 6188.43
TLB size	: 1536 4K pages
clflush size	: 64
cache_alignment	: 64
address sizes	: 48 bits physical, 48 bits virtual
power management: ts ttp tm 100mhzsteps hwpstate cpb eff_freq_ro [13]

processor	: 3
vendor_id	: AuthenticAMD
cpu family	: 21
model		: 48
model name	: AMD Athlon(tm) X4 840 Quad Core Processor
stepping	: 1
microcode	: 0x6003106
cpu MHz		: 3100.000
cache size	: 2048 KB
physical id	: 0
siblings	: 4
core id		: 3
cpu cores	: 2
apicid		: 19
initial apicid	: 3
fpu		: yes
fpu_exception	: yes
cpuid level	: 13
wp		: yes
flags		: fpu vme de pse tsc msr pae mce cx8 apic sep mtrr pge mca cmov pat pse36 clflush mmx fxsr sse sse2 ht syscall nx mmxext fxsr_opt pdpe1gb rdtscp lm constant_tsc rep_good nopl nonstop_tsc extd_apicid aperfmperf eagerfpu pni pclmulqdq monitor ssse3 fma cx16 sse4_1 sse4_2 popcnt aes xsave avx f16c lahf_lm cmp_legacy svm extapic cr8_legacy abm sse4a misalignsse 3dnowprefetch osvw ibs xop skinit wdt lwp fma4 tce nodeid_msr tbm topoext perfctr_core perfctr_nb bpext cpb hw_pstate vmmcall fsgsbase bmi1 xsaveopt arat npt lbrv svm_lock nrip_save tsc_scale vmcb_clean flushbyasid decodeassists pausefilter pfthreshold
bugs		: fxsave_leak sysret_ss_attrs
bogomips	: 6188.43
TLB size	: 1536 4K pages
clflush size	: 64
cache_alignment	: 64
address sizes	: 48 bits physical, 48 bits virtual
power management: ts ttp tm 100mhzsteps hwpstate cpb eff_freq_ro [13]



Memory: 4k page, physical 4070220k(125684k free), swap 4151292k(4068704k free)

vm_info: OpenJDK 64-Bit Server VM (25.111-b14) for linux-amd64 JRE (1.8.0_111-8u111-b14-2ubuntu0.16.04.2-b14), built on Oct 27 2016 18:10:19 by "buildd" with gcc 5.4.0 20160609

time: Thu Jan 12 05:26:32 2017
elapsed time: 2 seconds (0d 0h 0m 2s)

