#
# A fatal error has been detected by the Java Runtime Environment:
#
#  SIGSEGV (0xb) at pc=0x00007fa8a5d73c9e, pid=5816, tid=0x00007fa8a64d5700
#
# JRE version: OpenJDK Runtime Environment (8.0_111-b14) (build 1.8.0_111-8u111-b14-2ubuntu0.16.04.2-b14)
# Java VM: OpenJDK 64-Bit Server VM (25.111-b14 mixed mode linux-amd64 compressed oops)
# Problematic frame:
# C  [libc.so.6+0x9ec9e]
#
# Failed to write core dump. Core dumps have been disabled. To enable core dumping, try "ulimit -c unlimited" before starting Java again
#
# If you would like to submit a bug report, please visit:
#   http://bugreport.java.com/bugreport/crash.jsp
# The crash happened outside the Java Virtual Machine in native code.
# See problematic frame for where to report the bug.
#

---------------  T H R E A D  ---------------

Current thread (0x00007fa89c00e000):  JavaThread "main" [_thread_in_native, id=5817, stack(0x00007fa8a63d5000,0x00007fa8a64d6000)]

siginfo: si_signo: 11 (SIGSEGV), si_code: 2 (SEGV_ACCERR), si_addr: 0x00007fa8458b3000

Registers:
RAX=0x00000000148b5010, RBX=0x00007fa82effe000, RCX=0x0000000002000000, RDX=0x0000000001000000
RSP=0x00007fa8a64d3918, RBP=0x00007fa8a64d39a0, RSI=0x00007fa8448b3010, RDI=0x00007fa82effe000
R8 =0x0000000000002000, R9 =0x0000000000000001, R10=0x0000000000002000, R11=0x0000000000000246
R12=0x00007fa8448b3010, R13=0x0000000000002000, R14=0x0000000000000800, R15=0x0000000000000001
RIP=0x00007fa8a5d73c9e, EFLAGS=0x0000000000010202, CSGSFS=0x0000000000000033, ERR=0x0000000000000004
  TRAPNO=0x000000000000000e

Top of Stack: (sp=0x00007fa8a64d3918)
0x00007fa8a64d3918:   00007fa85167809f 0000000000000800
0x00007fa8a64d3928:   00007fa8448b3010 0000000000002000
0x00007fa8a64d3938:   0000000000000000 0000000000000000
0x00007fa8a64d3948:   0000000000000000 0000000000000000
0x00007fa8a64d3958:   0000004300002000 0000000001000000
0x00007fa8a64d3968:   0000000001000000 0000000000000000
0x00007fa8a64d3978:   00007fa89c469d70 00007fa8a64d3b20
0x00007fa8a64d3988:   00007fa8448b3010 00007fa89c7420b0
0x00007fa8a64d3998:   0000000000002000 00007fa8a64d3a30
0x00007fa8a64d39a8:   00007fa85167c297 0000000000000000
0x00007fa8a64d39b8:   0000000000000800 0000000000000800
0x00007fa8a64d39c8:   0000000000000001 00007fa8448b3010
0x00007fa8a64d39d8:   0000000000002000 0000000001000000
0x00007fa8a64d39e8:   0000000000000000 0000000000000000
0x00007fa8a64d39f8:   0000000000000000 00007fa89cb64e10
0x00007fa8a64d3a08:   fd7911379e6fda00 0000000001000000
0x00007fa8a64d3a18:   00007fa89c5f5d90 00007fa89c73c260
0x00007fa8a64d3a28:   00007fa89c5dab20 00007fa8a64d3c60
0x00007fa8a64d3a38:   00007fa851457f3c 0000000000002000
0x00007fa8a64d3a48:   0000000001000000 0000000000000000
0x00007fa8a64d3a58:   000000000000000e 0000000000000000
0x00007fa8a64d3a68:   0000000000000000 0000000000000000
0x00007fa8a64d3a78:   fd7911379e6fda00 ffffffffffffffff
0x00007fa8a64d3a88:   0000000000000000 0000000000000043
0x00007fa8a64d3a98:   00007fa89c60e2e0 00007fa89c4c9800
0x00007fa8a64d3aa8:   000000000000000a 00007fa89c469d70
0x00007fa8a64d3ab8:   0000000000000de1 0000000000000000
0x00007fa8a64d3ac8:   0000000200000000 00007fa89c7420b0
0x00007fa8a64d3ad8:   00007fa8448b3010 0000000000000000
0x00007fa8a64d3ae8:   0000000a00000000 0000000000000004
0x00007fa8a64d3af8:   0000000000000000 0000000000000043
0x00007fa8a64d3b08:   fd7911379e6fda00 0000000000000000 

Instructions: (pc=0x00007fa8a5d73c9e)
0x00007fa8a5d73c7e:   39 c8 0f 82 07 01 00 00 48 83 fa 10 0f 86 8b 01
0x00007fa8a5d73c8e:   00 00 f3 44 0f 6f 06 48 83 fa 20 f3 44 0f 7f 07
0x00007fa8a5d73c9e:   f3 44 0f 6f 44 16 f0 f3 44 0f 7f 44 17 f0 77 12
0x00007fa8a5d73cae:   48 89 f8 c3 0f 1f 40 00 66 2e 0f 1f 84 00 00 00 

Register to memory mapping:

RAX=0x00000000148b5010 is an unknown value
RBX=0x00007fa82effe000 is an unknown value
RCX=0x0000000002000000 is an unknown value
RDX=0x0000000001000000 is an unknown value
RSP=0x00007fa8a64d3918 is pointing into the stack for thread: 0x00007fa89c00e000
RBP=0x00007fa8a64d39a0 is pointing into the stack for thread: 0x00007fa89c00e000
RSI=0x00007fa8448b3010 is an unknown value
RDI=0x00007fa82effe000 is an unknown value
R8 =0x0000000000002000 is an unknown value
R9 =0x0000000000000001 is an unknown value
R10=0x0000000000002000 is an unknown value
R11=0x0000000000000246 is an unknown value
R12=0x00007fa8448b3010 is an unknown value
R13=0x0000000000002000 is an unknown value
R14=0x0000000000000800 is an unknown value
R15=0x0000000000000001 is an unknown value


Stack: [0x00007fa8a63d5000,0x00007fa8a64d6000],  sp=0x00007fa8a64d3918,  free space=1018k
Native frames: (J=compiled Java code, j=interpreted, Vv=VM code, C=native code)
C  [libc.so.6+0x9ec9e]
C  [radeonsi_dri.so+0x417297]
C  [radeonsi_dri.so+0x1f2f3c]
C  [radeonsi_dri.so+0x1f48bb]
C  [radeonsi_dri.so+0x17641a]
C  [radeonsi_dri.so+0x17722d]
j  org.lwjgl.system.JNI.callPV(JIIIIIIIIJ)V+0
j  org.lwjgl.opengl.GL11.nglTexImage2D(IIIIIIIIJ)V+24
j  org.lwjgl.opengl.GL11.glTexImage2D(IIIIIIIILjava/nio/ByteBuffer;)V+17
j  Main.Loader.createTextureFromByteBuffer(Ljava/nio/ByteBuffer;II)LMain/Texture;+52
j  Main.Map.<init>(LMain/Camera;LMain/Shader;LMain/Loader;LMain/Renderer;Lorg/joml/Vector3f;)V+345
j  Main.Game.<init>(LMain/Window;)V+186
j  Main.Main.<init>()V+104
j  Main.Main.main([Ljava/lang/String;)V+4
v  ~StubRoutines::call_stub
V  [libjvm.so+0x66088b]
V  [libjvm.so+0x935a26]
V  [libjvm.so+0x93773f]
V  [libjvm.so+0x6ac489]  JVM_InvokeMethod+0x119
j  sun.reflect.NativeMethodAccessorImpl.invoke0(Ljava/lang/reflect/Method;Ljava/lang/Object;[Ljava/lang/Object;)Ljava/lang/Object;+0
j  sun.reflect.NativeMethodAccessorImpl.invoke(Ljava/lang/Object;[Ljava/lang/Object;)Ljava/lang/Object;+100
j  sun.reflect.DelegatingMethodAccessorImpl.invoke(Ljava/lang/Object;[Ljava/lang/Object;)Ljava/lang/Object;+6
j  java.lang.reflect.Method.invoke(Ljava/lang/Object;[Ljava/lang/Object;)Ljava/lang/Object;+56
j  com.intellij.rt.execution.application.AppMain.main([Ljava/lang/String;)V+180
v  ~StubRoutines::call_stub
V  [libjvm.so+0x66088b]
V  [libjvm.so+0x6825ce]
V  [libjvm.so+0x684eff]
C  [libjli.so+0x3552]
C  [libjli.so+0x73dd]
C  [libpthread.so.0+0x76ba]  start_thread+0xca

Java frames: (J=compiled Java code, j=interpreted, Vv=VM code)
j  org.lwjgl.system.JNI.callPV(JIIIIIIIIJ)V+0
j  org.lwjgl.opengl.GL11.nglTexImage2D(IIIIIIIIJ)V+24
j  org.lwjgl.opengl.GL11.glTexImage2D(IIIIIIIILjava/nio/ByteBuffer;)V+17
j  Main.Loader.createTextureFromByteBuffer(Ljava/nio/ByteBuffer;II)LMain/Texture;+52
j  Main.Map.<init>(LMain/Camera;LMain/Shader;LMain/Loader;LMain/Renderer;Lorg/joml/Vector3f;)V+345
j  Main.Game.<init>(LMain/Window;)V+186
j  Main.Main.<init>()V+104
j  Main.Main.main([Ljava/lang/String;)V+4
v  ~StubRoutines::call_stub
j  sun.reflect.NativeMethodAccessorImpl.invoke0(Ljava/lang/reflect/Method;Ljava/lang/Object;[Ljava/lang/Object;)Ljava/lang/Object;+0
j  sun.reflect.NativeMethodAccessorImpl.invoke(Ljava/lang/Object;[Ljava/lang/Object;)Ljava/lang/Object;+100
j  sun.reflect.DelegatingMethodAccessorImpl.invoke(Ljava/lang/Object;[Ljava/lang/Object;)Ljava/lang/Object;+6
j  java.lang.reflect.Method.invoke(Ljava/lang/Object;[Ljava/lang/Object;)Ljava/lang/Object;+56
j  com.intellij.rt.execution.application.AppMain.main([Ljava/lang/String;)V+180
v  ~StubRoutines::call_stub

---------------  P R O C E S S  ---------------

Java Threads: ( => current thread )
  0x00007fa89cbb0800 JavaThread "Java2D Disposer" daemon [_thread_blocked, id=5858, stack(0x00007fa8500a4000,0x00007fa8501a5000)]
  0x00007fa89c347000 JavaThread "Monitor Ctrl-Break" daemon [_thread_in_native, id=5849, stack(0x00007fa87e474000,0x00007fa87e575000)]
  0x00007fa89c0be000 JavaThread "Service Thread" daemon [_thread_blocked, id=5841, stack(0x00007fa87eb78000,0x00007fa87ec79000)]
  0x00007fa89c0b6800 JavaThread "C1 CompilerThread2" daemon [_thread_blocked, id=5840, stack(0x00007fa87ec79000,0x00007fa87ed7a000)]
  0x00007fa89c0b5000 JavaThread "C2 CompilerThread1" daemon [_thread_blocked, id=5836, stack(0x00007fa87ed7a000,0x00007fa87ee7b000)]
  0x00007fa89c0b2000 JavaThread "C2 CompilerThread0" daemon [_thread_blocked, id=5835, stack(0x00007fa87ee7b000,0x00007fa87ef7c000)]
  0x00007fa89c0b0000 JavaThread "Signal Dispatcher" daemon [_thread_blocked, id=5834, stack(0x00007fa87ef7c000,0x00007fa87f07d000)]
  0x00007fa89c087800 JavaThread "Finalizer" daemon [_thread_blocked, id=5830, stack(0x00007fa87f4d4000,0x00007fa87f5d5000)]
  0x00007fa89c083000 JavaThread "Reference Handler" daemon [_thread_blocked, id=5829, stack(0x00007fa87f5d5000,0x00007fa87f6d6000)]
=>0x00007fa89c00e000 JavaThread "main" [_thread_in_native, id=5817, stack(0x00007fa8a63d5000,0x00007fa8a64d6000)]

Other Threads:
  0x00007fa89c07b000 VMThread [stack: 0x00007fa87f6d6000,0x00007fa87f7d7000] [id=5828]
  0x00007fa89c0c0800 WatcherThread [stack: 0x00007fa87ea77000,0x00007fa87eb78000] [id=5843]

VM state:not at safepoint (normal execution)

VM Mutex/Monitor currently owned by a thread: None

Heap:
 PSYoungGen      total 35328K, used 12235K [0x00000000eb500000, 0x00000000efa00000, 0x0000000100000000)
  eden space 32768K, 29% used [0x00000000eb500000,0x00000000ebe7aa30,0x00000000ed500000)
  from space 2560K, 98% used [0x00000000ed500000,0x00000000ed778420,0x00000000ed780000)
  to   space 2560K, 0% used [0x00000000ef780000,0x00000000ef780000,0x00000000efa00000)
 ParOldGen       total 44032K, used 1141K [0x00000000c1e00000, 0x00000000c4900000, 0x00000000eb500000)
  object space 44032K, 2% used [0x00000000c1e00000,0x00000000c1f1d558,0x00000000c4900000)
 Metaspace       used 10792K, capacity 10959K, committed 11264K, reserved 1058816K
  class space    used 962K, capacity 1023K, committed 1024K, reserved 1048576K

Card table byte_map: [0x00007fa8a2833000,0x00007fa8a2a25000] byte_map_base: 0x00007fa8a2224000

Marking Bits: (ParMarkBitMap*) 0x00007fa8a566a220
 Begin Bits: [0x00007fa8a03d3000, 0x00007fa8a135b000)
 End Bits:   [0x00007fa8a135b000, 0x00007fa8a22e3000)

Polling page: 0x00007fa8a63d4000

CodeCache: size=245760Kb used=3160Kb max_used=3174Kb free=242599Kb
 bounds [0x00007fa88d000000, 0x00007fa88d320000, 0x00007fa89c000000]
 total_blobs=1573 nmethods=760 adapters=729
 compilation: enabled

Compilation events (10 events):
Event: 1,786 Thread 0x00007fa89c0b2000  756       4       java.util.zip.Inflater::ensureOpen (47 bytes)
Event: 1,787 Thread 0x00007fa89c0b2000 nmethod 756 0x00007fa88d2fe990 code [0x00007fa88d2feae0, 0x00007fa88d2feb78]
Event: 1,788 Thread 0x00007fa89c0b2000  757   !   4       java.util.zip.Inflater::inflate (113 bytes)
Event: 1,791 Thread 0x00007fa89c0b2000 nmethod 757 0x00007fa88d314d50 code [0x00007fa88d314ec0, 0x00007fa88d315388]
Event: 1,797 Thread 0x00007fa89c0b2000  758       4       java.io.BufferedInputStream::read1 (108 bytes)
Event: 1,802 Thread 0x00007fa89c0b2000 nmethod 758 0x00007fa88d314510 code [0x00007fa88d314680, 0x00007fa88d3149c8]
Event: 1,824 Thread 0x00007fa89c0b5000  759 %     4       Main.Loader::loadImageFileToByteBuffer @ 89 (184 bytes)
Event: 1,840 Thread 0x00007fa89c0b5000 nmethod 759% 0x00007fa88d316210 code [0x00007fa88d3163c0, 0x00007fa88d316ab8]
Event: 1,842 Thread 0x00007fa89c0b2000  760       4       Main.Loader::loadImageFileToByteBuffer (184 bytes)
Event: 1,868 Thread 0x00007fa89c0b2000 nmethod 760 0x00007fa88d317690 code [0x00007fa88d3178c0, 0x00007fa88d318520]

GC Heap History (6 events):
Event: 1,142 GC heap before
{Heap before GC invocations=1 (full 0):
 PSYoungGen      total 18944K, used 16384K [0x00000000eb500000, 0x00000000eca00000, 0x0000000100000000)
  eden space 16384K, 100% used [0x00000000eb500000,0x00000000ec500000,0x00000000ec500000)
  from space 2560K, 0% used [0x00000000ec780000,0x00000000ec780000,0x00000000eca00000)
  to   space 2560K, 0% used [0x00000000ec500000,0x00000000ec500000,0x00000000ec780000)
 ParOldGen       total 44032K, used 0K [0x00000000c1e00000, 0x00000000c4900000, 0x00000000eb500000)
  object space 44032K, 0% used [0x00000000c1e00000,0x00000000c1e00000,0x00000000c4900000)
 Metaspace       used 8055K, capacity 8197K, committed 8448K, reserved 1056768K
  class space    used 692K, capacity 762K, committed 768K, reserved 1048576K
Event: 1,163 GC heap after
Heap after GC invocations=1 (full 0):
 PSYoungGen      total 18944K, used 2539K [0x00000000eb500000, 0x00000000eda00000, 0x0000000100000000)
  eden space 16384K, 0% used [0x00000000eb500000,0x00000000eb500000,0x00000000ec500000)
  from space 2560K, 99% used [0x00000000ec500000,0x00000000ec77ad00,0x00000000ec780000)
  to   space 2560K, 0% used [0x00000000ed780000,0x00000000ed780000,0x00000000eda00000)
 ParOldGen       total 44032K, used 448K [0x00000000c1e00000, 0x00000000c4900000, 0x00000000eb500000)
  object space 44032K, 1% used [0x00000000c1e00000,0x00000000c1e702e8,0x00000000c4900000)
 Metaspace       used 8055K, capacity 8197K, committed 8448K, reserved 1056768K
  class space    used 692K, capacity 762K, committed 768K, reserved 1048576K
}
Event: 1,705 GC heap before
{Heap before GC invocations=2 (full 0):
 PSYoungGen      total 18944K, used 18923K [0x00000000eb500000, 0x00000000eda00000, 0x0000000100000000)
  eden space 16384K, 100% used [0x00000000eb500000,0x00000000ec500000,0x00000000ec500000)
  from space 2560K, 99% used [0x00000000ec500000,0x00000000ec77ad00,0x00000000ec780000)
  to   space 2560K, 0% used [0x00000000ed780000,0x00000000ed780000,0x00000000eda00000)
 ParOldGen       total 44032K, used 448K [0x00000000c1e00000, 0x00000000c4900000, 0x00000000eb500000)
  object space 44032K, 1% used [0x00000000c1e00000,0x00000000c1e702e8,0x00000000c4900000)
 Metaspace       used 10780K, capacity 10959K, committed 11264K, reserved 1058816K
  class space    used 961K, capacity 1023K, committed 1024K, reserved 1048576K
Event: 1,730 GC heap after
Heap after GC invocations=2 (full 0):
 PSYoungGen      total 35328K, used 2528K [0x00000000eb500000, 0x00000000eda00000, 0x0000000100000000)
  eden space 32768K, 0% used [0x00000000eb500000,0x00000000eb500000,0x00000000ed500000)
  from space 2560K, 98% used [0x00000000ed780000,0x00000000ed9f8010,0x00000000eda00000)
  to   space 2560K, 0% used [0x00000000ed500000,0x00000000ed500000,0x00000000ed780000)
 ParOldGen       total 44032K, used 1109K [0x00000000c1e00000, 0x00000000c4900000, 0x00000000eb500000)
  object space 44032K, 2% used [0x00000000c1e00000,0x00000000c1f15558,0x00000000c4900000)
 Metaspace       used 10780K, capacity 10959K, committed 11264K, reserved 1058816K
  class space    used 961K, capacity 1023K, committed 1024K, reserved 1048576K
}
Event: 1,876 GC heap before
{Heap before GC invocations=3 (full 0):
 PSYoungGen      total 35328K, used 35296K [0x00000000eb500000, 0x00000000eda00000, 0x0000000100000000)
  eden space 32768K, 100% used [0x00000000eb500000,0x00000000ed500000,0x00000000ed500000)
  from space 2560K, 98% used [0x00000000ed780000,0x00000000ed9f8010,0x00000000eda00000)
  to   space 2560K, 0% used [0x00000000ed500000,0x00000000ed500000,0x00000000ed780000)
 ParOldGen       total 44032K, used 1109K [0x00000000c1e00000, 0x00000000c4900000, 0x00000000eb500000)
  object space 44032K, 2% used [0x00000000c1e00000,0x00000000c1f15558,0x00000000c4900000)
 Metaspace       used 10792K, capacity 10959K, committed 11264K, reserved 1058816K
  class space    used 962K, capacity 1023K, committed 1024K, reserved 1048576K
Event: 1,889 GC heap after
Heap after GC invocations=3 (full 0):
 PSYoungGen      total 35328K, used 2529K [0x00000000eb500000, 0x00000000efa00000, 0x0000000100000000)
  eden space 32768K, 0% used [0x00000000eb500000,0x00000000eb500000,0x00000000ed500000)
  from space 2560K, 98% used [0x00000000ed500000,0x00000000ed778420,0x00000000ed780000)
  to   space 2560K, 0% used [0x00000000ef780000,0x00000000ef780000,0x00000000efa00000)
 ParOldGen       total 44032K, used 1141K [0x00000000c1e00000, 0x00000000c4900000, 0x00000000eb500000)
  object space 44032K, 2% used [0x00000000c1e00000,0x00000000c1f1d558,0x00000000c4900000)
 Metaspace       used 10792K, capacity 10959K, committed 11264K, reserved 1058816K
  class space    used 962K, capacity 1023K, committed 1024K, reserved 1048576K
}

Deoptimization events (7 events):
Event: 0,226 Thread 0x00007fa89c00e000 Uncommon trap: reason=unstable_if action=reinterpret pc=0x00007fa88d121e44 method=java.lang.String.indexOf(II)I @ 49
Event: 0,228 Thread 0x00007fa89c00e000 Uncommon trap: reason=unstable_if action=reinterpret pc=0x00007fa88d11d770 method=java.lang.String.hashCode()I @ 14
Event: 1,086 Thread 0x00007fa89c00e000 Uncommon trap: reason=unstable_if action=reinterpret pc=0x00007fa88d1cc278 method=java.lang.String.replace(CC)Ljava/lang/String; @ 26
Event: 1,093 Thread 0x00007fa89c00e000 Uncommon trap: reason=unstable_if action=reinterpret pc=0x00007fa88d25569c method=java.lang.AbstractStringBuilder.append(Ljava/lang/String;)Ljava/lang/AbstractStringBuilder; @ 1
Event: 1,243 Thread 0x00007fa89c00e000 Uncommon trap: reason=unstable_if action=reinterpret pc=0x00007fa88d1f96ec method=java.lang.String.indexOf([CII[CIII)I @ 3
Event: 1,353 Thread 0x00007fa89c00e000 Uncommon trap: reason=unstable_if action=reinterpret pc=0x00007fa88d29589c method=org.sqlite.SQLiteJDBCLoader.contentsEquals(Ljava/io/InputStream;Ljava/io/InputStream;)Z @ 39
Event: 1,769 Thread 0x00007fa89c00e000 Uncommon trap: reason=unstable_if action=reinterpret pc=0x00007fa88d3117e4 method=Main.Loader.loadImageFileToByteBuffer(Ljava/lang/String;)Ljava/nio/ByteBuffer; @ 83

Internal exceptions (10 events):
Event: 0,761 Thread 0x00007fa89c00e000 Exception <a 'sun/nio/fs/UnixException'> (0x00000000ebb9e148) thrown at [/build/openjdk-8-8jAw7G/openjdk-8-8u111-b14/src/hotspot/src/share/vm/prims/jni.cpp, line 709]
Event: 0,762 Thread 0x00007fa89c00e000 Exception <a 'sun/nio/fs/UnixException'> (0x00000000ebb9e990) thrown at [/build/openjdk-8-8jAw7G/openjdk-8-8u111-b14/src/hotspot/src/share/vm/prims/jni.cpp, line 709]
Event: 0,762 Thread 0x00007fa89c00e000 Exception <a 'sun/nio/fs/UnixException'> (0x00000000ebb9f0f8) thrown at [/build/openjdk-8-8jAw7G/openjdk-8-8u111-b14/src/hotspot/src/share/vm/prims/jni.cpp, line 709]
Event: 0,762 Thread 0x00007fa89c00e000 Exception <a 'sun/nio/fs/UnixException'> (0x00000000ebb9f918) thrown at [/build/openjdk-8-8jAw7G/openjdk-8-8u111-b14/src/hotspot/src/share/vm/prims/jni.cpp, line 709]
Event: 0,762 Thread 0x00007fa89c00e000 Exception <a 'sun/nio/fs/UnixException'> (0x00000000ebba0038) thrown at [/build/openjdk-8-8jAw7G/openjdk-8-8u111-b14/src/hotspot/src/share/vm/prims/jni.cpp, line 709]
Event: 0,762 Thread 0x00007fa89c00e000 Exception <a 'sun/nio/fs/UnixException'> (0x00000000ebba06a8) thrown at [/build/openjdk-8-8jAw7G/openjdk-8-8u111-b14/src/hotspot/src/share/vm/prims/jni.cpp, line 709]
Event: 0,762 Thread 0x00007fa89c00e000 Exception <a 'sun/nio/fs/UnixException'> (0x00000000ebba0d88) thrown at [/build/openjdk-8-8jAw7G/openjdk-8-8u111-b14/src/hotspot/src/share/vm/prims/jni.cpp, line 709]
Event: 1,093 Thread 0x00007fa89c00e000 Implicit null exception at 0x00007fa88d2552f6 to 0x00007fa88d255685
Event: 1,516 Thread 0x00007fa89c00e000 Exception <a 'java/io/FileNotFoundException'> (0x00000000ebb6cb40) thrown at [/build/openjdk-8-8jAw7G/openjdk-8-8u111-b14/src/hotspot/src/share/vm/prims/jni.cpp, line 709]
Event: 1,516 Thread 0x00007fa89c00e000 Exception <a 'java/io/FileNotFoundException'> (0x00000000ebb6d528) thrown at [/build/openjdk-8-8jAw7G/openjdk-8-8u111-b14/src/hotspot/src/share/vm/prims/jni.cpp, line 709]

Events (10 events):
Event: 1,769 Thread 0x00007fa89c00e000 DEOPT PACKING pc=0x00007fa88d3117e4 sp=0x00007fa8a64d4100
Event: 1,769 Thread 0x00007fa89c00e000 DEOPT UNPACKING pc=0x00007fa88d004f69 sp=0x00007fa8a64d40c8 mode 2
Event: 1,770 loading class Main/Texture
Event: 1,770 loading class Main/Texture done
Event: 1,774 loading class Main/TexturedModel
Event: 1,774 loading class Main/TexturedModel done
Event: 1,854 Thread 0x00007fa89c00e000 DEOPT PACKING pc=0x00007fa88d30d7ba sp=0x00007fa8a64d4030
Event: 1,854 Thread 0x00007fa89c00e000 DEOPT UNPACKING pc=0x00007fa88d046f73 sp=0x00007fa8a64d3e48 mode 0
Event: 1,876 Executing VM operation: ParallelGCFailedAllocation
Event: 1,889 Executing VM operation: ParallelGCFailedAllocation done


Dynamic libraries:
00400000-00401000 r-xp 00000000 08:02 11408795                           /usr/lib/jvm/java-8-openjdk-amd64/jre/bin/java
00600000-00601000 r--p 00000000 08:02 11408795                           /usr/lib/jvm/java-8-openjdk-amd64/jre/bin/java
00601000-00602000 rw-p 00001000 08:02 11408795                           /usr/lib/jvm/java-8-openjdk-amd64/jre/bin/java
020a9000-020ca000 rw-p 00000000 00:00 0                                  [heap]
c1e00000-c4900000 rw-p 00000000 00:00 0 
c4900000-eb500000 ---p 00000000 00:00 0 
eb500000-efa00000 rw-p 00000000 00:00 0 
efa00000-100000000 ---p 00000000 00:00 0 
100000000-100100000 rw-p 00000000 00:00 0 
100100000-140000000 ---p 00000000 00:00 0 
7fa82effe000-7fa82fffe000 rw-s 1626d9000 00:06 369                       /dev/dri/renderD128
7fa830000000-7fa830150000 rw-p 00000000 00:00 0 
7fa830150000-7fa834000000 ---p 00000000 00:00 0 
7fa834000000-7fa834021000 rw-p 00000000 00:00 0 
7fa834021000-7fa838000000 ---p 00000000 00:00 0 
7fa838000000-7fa838168000 rw-p 00000000 00:00 0 
7fa838168000-7fa83c000000 ---p 00000000 00:00 0 
7fa83c000000-7fa83c193000 rw-p 00000000 00:00 0 
7fa83c193000-7fa840000000 ---p 00000000 00:00 0 
7fa840000000-7fa840171000 rw-p 00000000 00:00 0 
7fa840171000-7fa844000000 ---p 00000000 00:00 0 
7fa8448b3000-7fa844cb4000 rw-p 00000000 00:00 0 
7fa8450b5000-7fa8450c4000 r-xp 00000000 08:02 9707414                    /usr/lib/x86_64-linux-gnu/libXi.so.6.1.0
7fa8450c4000-7fa8452c3000 ---p 0000f000 08:02 9707414                    /usr/lib/x86_64-linux-gnu/libXi.so.6.1.0
7fa8452c3000-7fa8452c4000 r--p 0000e000 08:02 9707414                    /usr/lib/x86_64-linux-gnu/libXi.so.6.1.0
7fa8452c4000-7fa8452c5000 rw-p 0000f000 08:02 9707414                    /usr/lib/x86_64-linux-gnu/libXi.so.6.1.0
7fa8452c5000-7fa8452ca000 r-xp 00000000 08:02 9707432                    /usr/lib/x86_64-linux-gnu/libXtst.so.6.1.0
7fa8452ca000-7fa8454c9000 ---p 00005000 08:02 9707432                    /usr/lib/x86_64-linux-gnu/libXtst.so.6.1.0
7fa8454c9000-7fa8454ca000 r--p 00004000 08:02 9707432                    /usr/lib/x86_64-linux-gnu/libXtst.so.6.1.0
7fa8454ca000-7fa8454cb000 rw-p 00005000 08:02 9707432                    /usr/lib/x86_64-linux-gnu/libXtst.so.6.1.0
7fa8454cd000-7fa845521000 r-xp 00000000 08:02 11284722                   /usr/lib/jvm/java-8-openjdk-amd64/jre/lib/amd64/libawt_xawt.so
7fa845521000-7fa845721000 ---p 00054000 08:02 11284722                   /usr/lib/jvm/java-8-openjdk-amd64/jre/lib/amd64/libawt_xawt.so
7fa845721000-7fa845722000 r--p 00054000 08:02 11284722                   /usr/lib/jvm/java-8-openjdk-amd64/jre/lib/amd64/libawt_xawt.so
7fa845722000-7fa845725000 rw-p 00055000 08:02 11284722                   /usr/lib/jvm/java-8-openjdk-amd64/jre/lib/amd64/libawt_xawt.so
7fa845725000-7fa845726000 rw-p 00000000 00:00 0 
7fa84572d000-7fa8457cd000 r-xp 00000000 08:02 11284729                   /usr/lib/jvm/java-8-openjdk-amd64/jre/lib/amd64/libawt.so
7fa8457cd000-7fa8459cd000 ---p 000a0000 08:02 11284729                   /usr/lib/jvm/java-8-openjdk-amd64/jre/lib/amd64/libawt.so
7fa8459cd000-7fa8459ce000 r--p 000a0000 08:02 11284729                   /usr/lib/jvm/java-8-openjdk-amd64/jre/lib/amd64/libawt.so
7fa8459ce000-7fa8459d9000 rw-p 000a1000 08:02 11284729                   /usr/lib/jvm/java-8-openjdk-amd64/jre/lib/amd64/libawt.so
7fa8459d9000-7fa8459fe000 rw-p 00000000 00:00 0 
7fa845a00000-7fa845c00000 rw-p 00000000 00:00 0 
7fa845c9d000-7fa845d7c000 r-xp 00000000 08:02 10751543                   /tmp/sqlite-3.14.2.1-6a7573a3-d373-4c6d-805f-bdda57e4ad78-libsqlitejdbc.so
7fa845d7c000-7fa845f7c000 ---p 000df000 08:02 10751543                   /tmp/sqlite-3.14.2.1-6a7573a3-d373-4c6d-805f-bdda57e4ad78-libsqlitejdbc.so
7fa845f7c000-7fa845f81000 rw-p 000df000 08:02 10751543                   /tmp/sqlite-3.14.2.1-6a7573a3-d373-4c6d-805f-bdda57e4ad78-libsqlitejdbc.so
7fa845f81000-7fa846181000 rw-p 00000000 00:00 0 
7fa846181000-7fa846182000 ---p 00000000 00:00 0 
7fa846182000-7fa846982000 rw-p 00000000 00:00 0 
7fa846982000-7fa846983000 ---p 00000000 00:00 0 
7fa846983000-7fa847183000 rw-p 00000000 00:00 0 
7fa847183000-7fa847184000 ---p 00000000 00:00 0 
7fa847184000-7fa847984000 rw-p 00000000 00:00 0 
7fa847984000-7fa847985000 ---p 00000000 00:00 0 
7fa847985000-7fa848185000 rw-p 00000000 00:00 0 
7fa848185000-7fa8481bc000 r-xp 00000000 08:02 9708578                    /usr/lib/x86_64-linux-gnu/libtxc_dxtn_s2tc.so.0.0.0
7fa8481bc000-7fa8483bb000 ---p 00037000 08:02 9708578                    /usr/lib/x86_64-linux-gnu/libtxc_dxtn_s2tc.so.0.0.0
7fa8483bb000-7fa8483bc000 r--p 00036000 08:02 9708578                    /usr/lib/x86_64-linux-gnu/libtxc_dxtn_s2tc.so.0.0.0
7fa8483bc000-7fa8483bd000 rw-p 00037000 08:02 9708578                    /usr/lib/x86_64-linux-gnu/libtxc_dxtn_s2tc.so.0.0.0
7fa8483c4000-7fa8483c5000 ---p 00000000 00:00 0 
7fa8483c5000-7fa848bc5000 rw-p 00000000 00:00 0 
7fa848bc5000-7fa848bd8000 r-xp 00000000 08:02 659870                     /lib/x86_64-linux-gnu/libbsd.so.0.8.2
7fa848bd8000-7fa848dd7000 ---p 00013000 08:02 659870                     /lib/x86_64-linux-gnu/libbsd.so.0.8.2
7fa848dd7000-7fa848dd8000 r--p 00012000 08:02 659870                     /lib/x86_64-linux-gnu/libbsd.so.0.8.2
7fa848dd8000-7fa848dd9000 rw-p 00013000 08:02 659870                     /lib/x86_64-linux-gnu/libbsd.so.0.8.2
7fa848dd9000-7fa848dda000 rw-p 00000000 00:00 0 
7fa848ddd000-7fa848e02000 r-xp 00000000 08:02 660046                     /lib/x86_64-linux-gnu/libtinfo.so.5.9
7fa848e02000-7fa849001000 ---p 00025000 08:02 660046                     /lib/x86_64-linux-gnu/libtinfo.so.5.9
7fa849001000-7fa849005000 r--p 00024000 08:02 660046                     /lib/x86_64-linux-gnu/libtinfo.so.5.9
7fa849005000-7fa849006000 rw-p 00028000 08:02 660046                     /lib/x86_64-linux-gnu/libtinfo.so.5.9
7fa84900d000-7fa84903e000 r-xp 00000000 08:02 9707727                    /usr/lib/x86_64-linux-gnu/libedit.so.2.0.53
7fa84903e000-7fa84923e000 ---p 00031000 08:02 9707727                    /usr/lib/x86_64-linux-gnu/libedit.so.2.0.53
7fa84923e000-7fa849240000 r--p 00031000 08:02 9707727                    /usr/lib/x86_64-linux-gnu/libedit.so.2.0.53
7fa849240000-7fa849241000 rw-p 00033000 08:02 9707727                    /usr/lib/x86_64-linux-gnu/libedit.so.2.0.53
7fa849241000-7fa849245000 rw-p 00000000 00:00 0 
7fa849245000-7fa84924c000 r-xp 00000000 08:02 9707775                    /usr/lib/x86_64-linux-gnu/libffi.so.6.0.4
7fa84924c000-7fa84944b000 ---p 00007000 08:02 9707775                    /usr/lib/x86_64-linux-gnu/libffi.so.6.0.4
7fa84944b000-7fa84944c000 r--p 00006000 08:02 9707775                    /usr/lib/x86_64-linux-gnu/libffi.so.6.0.4
7fa84944c000-7fa84944d000 rw-p 00007000 08:02 9707775                    /usr/lib/x86_64-linux-gnu/libffi.so.6.0.4
7fa84944d000-7fa84bcc9000 r-xp 00000000 08:02 9700710                    /usr/lib/x86_64-linux-gnu/libLLVM-3.9.so.1
7fa84bcc9000-7fa84bcca000 ---p 0287c000 08:02 9700710                    /usr/lib/x86_64-linux-gnu/libLLVM-3.9.so.1
7fa84bcca000-7fa84bfb9000 r--p 0287c000 08:02 9700710                    /usr/lib/x86_64-linux-gnu/libLLVM-3.9.so.1
7fa84bfb9000-7fa84bfbc000 rw-p 02b6b000 08:02 9700710                    /usr/lib/x86_64-linux-gnu/libLLVM-3.9.so.1
7fa84bfbc000-7fa84c000000 rw-p 00000000 00:00 0 
7fa84c000000-7fa84c021000 rw-p 00000000 00:00 0 
7fa84c021000-7fa850000000 ---p 00000000 00:00 0 
7fa8500a4000-7fa8500a7000 ---p 00000000 00:00 0 
7fa8500a7000-7fa8501a5000 rw-p 00000000 00:00 0 
7fa8501a5000-7fa8501ad000 r-xp 00000000 08:02 9708340                    /usr/lib/x86_64-linux-gnu/libpciaccess.so.0.11.1
7fa8501ad000-7fa8503ad000 ---p 00008000 08:02 9708340                    /usr/lib/x86_64-linux-gnu/libpciaccess.so.0.11.1
7fa8503ad000-7fa8503ae000 r--p 00008000 08:02 9708340                    /usr/lib/x86_64-linux-gnu/libpciaccess.so.0.11.1
7fa8503ae000-7fa8503af000 rw-p 00009000 08:02 9708340                    /usr/lib/x86_64-linux-gnu/libpciaccess.so.0.11.1
7fa8503b5000-7fa8503cc000 r-xp 00000000 08:02 9707732                    /usr/lib/x86_64-linux-gnu/libelf-0.165.so
7fa8503cc000-7fa8505cb000 ---p 00017000 08:02 9707732                    /usr/lib/x86_64-linux-gnu/libelf-0.165.so
7fa8505cb000-7fa8505cc000 r--p 00016000 08:02 9707732                    /usr/lib/x86_64-linux-gnu/libelf-0.165.so
7fa8505cc000-7fa8505cd000 rw-p 00017000 08:02 9707732                    /usr/lib/x86_64-linux-gnu/libelf-0.165.so
7fa8505cd000-7fa8505d6000 r-xp 00000000 08:02 9699592                    /usr/lib/x86_64-linux-gnu/libdrm_amdgpu.so.1.0.0
7fa8505d6000-7fa8507d5000 ---p 00009000 08:02 9699592                    /usr/lib/x86_64-linux-gnu/libdrm_amdgpu.so.1.0.0
7fa8507d5000-7fa8507d6000 r--p 00008000 08:02 9699592                    /usr/lib/x86_64-linux-gnu/libdrm_amdgpu.so.1.0.0
7fa8507d6000-7fa8507d7000 rw-p 00009000 08:02 9699592                    /usr/lib/x86_64-linux-gnu/libdrm_amdgpu.so.1.0.0
7fa8507dd000-7fa8507e8000 r-xp 00000000 08:02 9700551                    /usr/lib/x86_64-linux-gnu/libdrm_radeon.so.1.0.1
7fa8507e8000-7fa8509e7000 ---p 0000b000 08:02 9700551                    /usr/lib/x86_64-linux-gnu/libdrm_radeon.so.1.0.1
7fa8509e7000-7fa8509e8000 r--p 0000a000 08:02 9700551                    /usr/lib/x86_64-linux-gnu/libdrm_radeon.so.1.0.1
7fa8509e8000-7fa8509e9000 rw-p 0000b000 08:02 9700551                    /usr/lib/x86_64-linux-gnu/libdrm_radeon.so.1.0.1
7fa8509ed000-7fa8509f4000 r-xp 00000000 08:02 9699351                    /usr/lib/x86_64-linux-gnu/libdrm_nouveau.so.2.0.0
7fa8509f4000-7fa850bf3000 ---p 00007000 08:02 9699351                    /usr/lib/x86_64-linux-gnu/libdrm_nouveau.so.2.0.0
7fa850bf3000-7fa850bf4000 r--p 00006000 08:02 9699351                    /usr/lib/x86_64-linux-gnu/libdrm_nouveau.so.2.0.0
7fa850bf4000-7fa850bf5000 rw-p 00007000 08:02 9699351                    /usr/lib/x86_64-linux-gnu/libdrm_nouveau.so.2.0.0
7fa850bf5000-7fa850c17000 r-xp 00000000 08:02 9700378                    /usr/lib/x86_64-linux-gnu/libdrm_intel.so.1.0.0
7fa850c17000-7fa850e16000 ---p 00022000 08:02 9700378                    /usr/lib/x86_64-linux-gnu/libdrm_intel.so.1.0.0
7fa850e16000-7fa850e17000 r--p 00021000 08:02 9700378                    /usr/lib/x86_64-linux-gnu/libdrm_intel.so.1.0.0
7fa850e17000-7fa850e18000 rw-p 00022000 08:02 9700378                    /usr/lib/x86_64-linux-gnu/libdrm_intel.so.1.0.0
7fa850e1d000-7fa850e2b000 r-xp 00000000 08:02 9708472                    /usr/lib/x86_64-linux-gnu/libsensors.so.4.4.0
7fa850e2b000-7fa85102a000 ---p 0000e000 08:02 9708472                    /usr/lib/x86_64-linux-gnu/libsensors.so.4.4.0
7fa85102a000-7fa85102b000 r--p 0000d000 08:02 9708472                    /usr/lib/x86_64-linux-gnu/libsensors.so.4.4.0
7fa85102b000-7fa85102c000 rw-p 0000e000 08:02 9708472                    /usr/lib/x86_64-linux-gnu/libsensors.so.4.4.0
7fa85102d000-7fa851061000 r-xp 00000000 08:02 9708254                    /usr/lib/x86_64-linux-gnu/libnettle.so.6.2
7fa851061000-7fa851260000 ---p 00034000 08:02 9708254                    /usr/lib/x86_64-linux-gnu/libnettle.so.6.2
7fa851260000-7fa851262000 r--p 00033000 08:02 9708254                    /usr/lib/x86_64-linux-gnu/libnettle.so.6.2
7fa851262000-7fa851263000 rw-p 00035000 08:02 9708254                    /usr/lib/x86_64-linux-gnu/libnettle.so.6.2
7fa851265000-7fa851c80000 r-xp 00000000 08:02 9962205                    /usr/lib/x86_64-linux-gnu/dri/radeonsi_dri.so
7fa851c80000-7fa851e80000 ---p 00a1b000 08:02 9962205                    /usr/lib/x86_64-linux-gnu/dri/radeonsi_dri.so
7fa851e80000-7fa851ebd000 r--p 00a1b000 08:02 9962205                    /usr/lib/x86_64-linux-gnu/dri/radeonsi_dri.so
7fa851ebd000-7fa851ec9000 rw-p 00a58000 08:02 9962205                    /usr/lib/x86_64-linux-gnu/dri/radeonsi_dri.so
7fa851ec9000-7fa8520c1000 rw-p 00000000 00:00 0 
7fa8520c5000-7fa8520d3000 r-xp 00000000 08:02 9702276                    /usr/lib/x86_64-linux-gnu/libdrm.so.2.4.0
7fa8520d3000-7fa8522d3000 ---p 0000e000 08:02 9702276                    /usr/lib/x86_64-linux-gnu/libdrm.so.2.4.0
7fa8522d3000-7fa8522d4000 r--p 0000e000 08:02 9702276                    /usr/lib/x86_64-linux-gnu/libdrm.so.2.4.0
7fa8522d4000-7fa8522d5000 rw-p 0000f000 08:02 9702276                    /usr/lib/x86_64-linux-gnu/libdrm.so.2.4.0
7fa8522d5000-7fa8522d9000 r-xp 00000000 08:02 9708739                    /usr/lib/x86_64-linux-gnu/libxcb-dri2.so.0.0.0
7fa8522d9000-7fa8524d8000 ---p 00004000 08:02 9708739                    /usr/lib/x86_64-linux-gnu/libxcb-dri2.so.0.0.0
7fa8524d8000-7fa8524d9000 r--p 00003000 08:02 9708739                    /usr/lib/x86_64-linux-gnu/libxcb-dri2.so.0.0.0
7fa8524d9000-7fa8524da000 rw-p 00004000 08:02 9708739                    /usr/lib/x86_64-linux-gnu/libxcb-dri2.so.0.0.0
7fa8524dd000-7fa8524f4000 r-xp 00000000 08:02 9708743                    /usr/lib/x86_64-linux-gnu/libxcb-glx.so.0.0.0
7fa8524f4000-7fa8526f3000 ---p 00017000 08:02 9708743                    /usr/lib/x86_64-linux-gnu/libxcb-glx.so.0.0.0
7fa8526f3000-7fa8526f5000 r--p 00016000 08:02 9708743                    /usr/lib/x86_64-linux-gnu/libxcb-glx.so.0.0.0
7fa8526f5000-7fa8526f6000 rw-p 00018000 08:02 9708743                    /usr/lib/x86_64-linux-gnu/libxcb-glx.so.0.0.0
7fa8526fd000-7fa8526fe000 r-xp 00000000 08:02 9707387                    /usr/lib/x86_64-linux-gnu/libX11-xcb.so.1.0.0
7fa8526fe000-7fa8528fd000 ---p 00001000 08:02 9707387                    /usr/lib/x86_64-linux-gnu/libX11-xcb.so.1.0.0
7fa8528fd000-7fa8528fe000 r--p 00000000 08:02 9707387                    /usr/lib/x86_64-linux-gnu/libX11-xcb.so.1.0.0
7fa8528fe000-7fa8528ff000 rw-p 00001000 08:02 9707387                    /usr/lib/x86_64-linux-gnu/libX11-xcb.so.1.0.0
7fa852905000-7fa852907000 r-xp 00000000 08:02 9707402                    /usr/lib/x86_64-linux-gnu/libXdamage.so.1.1.0
7fa852907000-7fa852b06000 ---p 00002000 08:02 9707402                    /usr/lib/x86_64-linux-gnu/libXdamage.so.1.1.0
7fa852b06000-7fa852b07000 r--p 00001000 08:02 9707402                    /usr/lib/x86_64-linux-gnu/libXdamage.so.1.1.0
7fa852b07000-7fa852b08000 rw-p 00002000 08:02 9707402                    /usr/lib/x86_64-linux-gnu/libXdamage.so.1.1.0
7fa852b0d000-7fa852b37000 r-xp 00000000 08:02 9699676                    /usr/lib/x86_64-linux-gnu/libglapi.so.0.0.0
7fa852b37000-7fa852d36000 ---p 0002a000 08:02 9699676                    /usr/lib/x86_64-linux-gnu/libglapi.so.0.0.0
7fa852d36000-7fa852d3a000 r--p 00029000 08:02 9699676                    /usr/lib/x86_64-linux-gnu/libglapi.so.0.0.0
7fa852d3a000-7fa852d3b000 rw-p 0002d000 08:02 9699676                    /usr/lib/x86_64-linux-gnu/libglapi.so.0.0.0
7fa852d3b000-7fa852d3c000 rw-p 00000000 00:00 0 
7fa852d3d000-7fa852d3e000 r-xp 00000000 08:02 9708783                    /usr/lib/x86_64-linux-gnu/libxshmfence.so.1.0.0
7fa852d3e000-7fa852f3e000 ---p 00001000 08:02 9708783                    /usr/lib/x86_64-linux-gnu/libxshmfence.so.1.0.0
7fa852f3e000-7fa852f3f000 r--p 00001000 08:02 9708783                    /usr/lib/x86_64-linux-gnu/libxshmfence.so.1.0.0
7fa852f3f000-7fa852f40000 rw-p 00002000 08:02 9708783                    /usr/lib/x86_64-linux-gnu/libxshmfence.so.1.0.0
7fa852f45000-7fa852f4a000 r-xp 00000000 08:02 9708763                    /usr/lib/x86_64-linux-gnu/libxcb-sync.so.1.0.0
7fa852f4a000-7fa85314a000 ---p 00005000 08:02 9708763                    /usr/lib/x86_64-linux-gnu/libxcb-sync.so.1.0.0
7fa85314a000-7fa85314b000 r--p 00005000 08:02 9708763                    /usr/lib/x86_64-linux-gnu/libxcb-sync.so.1.0.0
7fa85314b000-7fa85314c000 rw-p 00006000 08:02 9708763                    /usr/lib/x86_64-linux-gnu/libxcb-sync.so.1.0.0
7fa85314d000-7fa85314f000 r-xp 00000000 08:02 9708751                    /usr/lib/x86_64-linux-gnu/libxcb-present.so.0.0.0
7fa85314f000-7fa85334e000 ---p 00002000 08:02 9708751                    /usr/lib/x86_64-linux-gnu/libxcb-present.so.0.0.0
7fa85334e000-7fa85334f000 r--p 00001000 08:02 9708751                    /usr/lib/x86_64-linux-gnu/libxcb-present.so.0.0.0
7fa85334f000-7fa853350000 rw-p 00002000 08:02 9708751                    /usr/lib/x86_64-linux-gnu/libxcb-present.so.0.0.0
7fa853355000-7fa853357000 r-xp 00000000 08:02 9708741                    /usr/lib/x86_64-linux-gnu/libxcb-dri3.so.0.0.0
7fa853357000-7fa853556000 ---p 00002000 08:02 9708741                    /usr/lib/x86_64-linux-gnu/libxcb-dri3.so.0.0.0
7fa853556000-7fa853557000 r--p 00001000 08:02 9708741                    /usr/lib/x86_64-linux-gnu/libxcb-dri3.so.0.0.0
7fa853557000-7fa853558000 rw-p 00002000 08:02 9708741                    /usr/lib/x86_64-linux-gnu/libxcb-dri3.so.0.0.0
7fa85355d000-7fa853583000 r-xp 00000000 08:02 661188                     /lib/x86_64-linux-gnu/libexpat.so.1.6.0
7fa853583000-7fa853783000 ---p 00026000 08:02 661188                     /lib/x86_64-linux-gnu/libexpat.so.1.6.0
7fa853783000-7fa853785000 r--p 00026000 08:02 661188                     /lib/x86_64-linux-gnu/libexpat.so.1.6.0
7fa853785000-7fa853786000 rw-p 00028000 08:02 661188                     /lib/x86_64-linux-gnu/libexpat.so.1.6.0
7fa85378d000-7fa8537f9000 r-xp 00000000 08:02 9963453                    /usr/lib/x86_64-linux-gnu/mesa/libGL.so.1.2.0
7fa8537f9000-7fa8539f8000 ---p 0006c000 08:02 9963453                    /usr/lib/x86_64-linux-gnu/mesa/libGL.so.1.2.0
7fa8539f8000-7fa8539fb000 r--p 0006b000 08:02 9963453                    /usr/lib/x86_64-linux-gnu/mesa/libGL.so.1.2.0
7fa8539fb000-7fa8539fc000 rw-p 0006e000 08:02 9963453                    /usr/lib/x86_64-linux-gnu/mesa/libGL.so.1.2.0
7fa8539fc000-7fa8539fd000 rw-p 00000000 00:00 0 
7fa853a00000-7fa853c00000 rw-p 00000000 00:00 0 
7fa853c14000-7fa853c54000 rw-s 15f837000 00:06 369                       /dev/dri/renderD128
7fa853c58000-7fa853cc3000 rw-p 00000000 00:00 0 
7fa853cc3000-7fa853dc3000 rw-s 1602e6000 00:06 369                       /dev/dri/renderD128
7fa853dc5000-7fa853dfa000 r-xp 00000000 08:02 2493570                    /tmp/lwjgljimmy/3.0.1-build-25/libjemalloc.so
7fa853dfa000-7fa853ff9000 ---p 00035000 08:02 2493570                    /tmp/lwjgljimmy/3.0.1-build-25/libjemalloc.so
7fa853ff9000-7fa853ffc000 r--p 00034000 08:02 2493570                    /tmp/lwjgljimmy/3.0.1-build-25/libjemalloc.so
7fa853ffc000-7fa853ffd000 rw-p 00037000 08:02 2493570                    /tmp/lwjgljimmy/3.0.1-build-25/libjemalloc.so
7fa853ffd000-7fa853ffe000 rw-p 00000000 00:00 0 
7fa854000000-7fa854021000 rw-p 00000000 00:00 0 
7fa854021000-7fa858000000 ---p 00000000 00:00 0 
7fa858000000-7fa858021000 rw-p 00000000 00:00 0 
7fa858021000-7fa85c000000 ---p 00000000 00:00 0 
7fa85c000000-7fa85c0d9000 rw-p 00000000 00:00 0 
7fa85c0d9000-7fa860000000 ---p 00000000 00:00 0 
7fa860000000-7fa8602f4000 rw-p 00000000 00:00 0 
7fa8602f4000-7fa864000000 ---p 00000000 00:00 0 
7fa864000000-7fa864021000 rw-p 00000000 00:00 0 
7fa864021000-7fa868000000 ---p 00000000 00:00 0 
7fa868000000-7fa86812a000 rw-p 00000000 00:00 0 
7fa86812a000-7fa86c000000 ---p 00000000 00:00 0 
7fa86c000000-7fa86c021000 rw-p 00000000 00:00 0 
7fa86c021000-7fa870000000 ---p 00000000 00:00 0 
7fa870000000-7fa870021000 rw-p 00000000 00:00 0 
7fa870021000-7fa874000000 ---p 00000000 00:00 0 
7fa874000000-7fa874021000 rw-p 00000000 00:00 0 
7fa874021000-7fa878000000 ---p 00000000 00:00 0 
7fa878000000-7fa878021000 rw-p 00000000 00:00 0 
7fa878021000-7fa87c000000 ---p 00000000 00:00 0 
7fa87c024000-7fa87c034000 rw-s 15f7a7000 00:06 369                       /dev/dri/renderD128
7fa87c034000-7fa87c044000 rw-s 15f797000 00:06 369                       /dev/dri/renderD128
7fa87c07d000-7fa87c082000 r-xp 00000000 08:02 9707404                    /usr/lib/x86_64-linux-gnu/libXdmcp.so.6.0.0
7fa87c082000-7fa87c281000 ---p 00005000 08:02 9707404                    /usr/lib/x86_64-linux-gnu/libXdmcp.so.6.0.0
7fa87c281000-7fa87c282000 r--p 00004000 08:02 9707404                    /usr/lib/x86_64-linux-gnu/libXdmcp.so.6.0.0
7fa87c282000-7fa87c283000 rw-p 00005000 08:02 9707404                    /usr/lib/x86_64-linux-gnu/libXdmcp.so.6.0.0
7fa87c285000-7fa87c287000 r-xp 00000000 08:02 9707393                    /usr/lib/x86_64-linux-gnu/libXau.so.6.0.0
7fa87c287000-7fa87c487000 ---p 00002000 08:02 9707393                    /usr/lib/x86_64-linux-gnu/libXau.so.6.0.0
7fa87c487000-7fa87c488000 r--p 00002000 08:02 9707393                    /usr/lib/x86_64-linux-gnu/libXau.so.6.0.0
7fa87c488000-7fa87c489000 rw-p 00003000 08:02 9707393                    /usr/lib/x86_64-linux-gnu/libXau.so.6.0.0
7fa87c48d000-7fa87c492000 r-xp 00000000 08:02 9707408                    /usr/lib/x86_64-linux-gnu/libXfixes.so.3.1.0
7fa87c492000-7fa87c691000 ---p 00005000 08:02 9707408                    /usr/lib/x86_64-linux-gnu/libXfixes.so.3.1.0
7fa87c691000-7fa87c692000 r--p 00004000 08:02 9707408                    /usr/lib/x86_64-linux-gnu/libXfixes.so.3.1.0
7fa87c692000-7fa87c693000 rw-p 00005000 08:02 9707408                    /usr/lib/x86_64-linux-gnu/libXfixes.so.3.1.0
7fa87c695000-7fa87c69e000 r-xp 00000000 08:02 9707426                    /usr/lib/x86_64-linux-gnu/libXrender.so.1.3.0
7fa87c69e000-7fa87c89d000 ---p 00009000 08:02 9707426                    /usr/lib/x86_64-linux-gnu/libXrender.so.1.3.0
7fa87c89d000-7fa87c89e000 r--p 00008000 08:02 9707426                    /usr/lib/x86_64-linux-gnu/libXrender.so.1.3.0
7fa87c89e000-7fa87c89f000 rw-p 00009000 08:02 9707426                    /usr/lib/x86_64-linux-gnu/libXrender.so.1.3.0
7fa87c8a5000-7fa87c8b6000 r-xp 00000000 08:02 9707406                    /usr/lib/x86_64-linux-gnu/libXext.so.6.4.0
7fa87c8b6000-7fa87cab5000 ---p 00011000 08:02 9707406                    /usr/lib/x86_64-linux-gnu/libXext.so.6.4.0
7fa87cab5000-7fa87cab6000 r--p 00010000 08:02 9707406                    /usr/lib/x86_64-linux-gnu/libXext.so.6.4.0
7fa87cab6000-7fa87cab7000 rw-p 00011000 08:02 9707406                    /usr/lib/x86_64-linux-gnu/libXext.so.6.4.0
7fa87cabd000-7fa87cade000 r-xp 00000000 08:02 9708771                    /usr/lib/x86_64-linux-gnu/libxcb.so.1.1.0
7fa87cade000-7fa87ccdd000 ---p 00021000 08:02 9708771                    /usr/lib/x86_64-linux-gnu/libxcb.so.1.1.0
7fa87ccdd000-7fa87ccde000 r--p 00020000 08:02 9708771                    /usr/lib/x86_64-linux-gnu/libxcb.so.1.1.0
7fa87ccde000-7fa87ccdf000 rw-p 00021000 08:02 9708771                    /usr/lib/x86_64-linux-gnu/libxcb.so.1.1.0
7fa87cce5000-7fa87ccee000 r-xp 00000000 08:02 9707400                    /usr/lib/x86_64-linux-gnu/libXcursor.so.1.0.2
7fa87ccee000-7fa87ceed000 ---p 00009000 08:02 9707400                    /usr/lib/x86_64-linux-gnu/libXcursor.so.1.0.2
7fa87ceed000-7fa87ceee000 r--p 00008000 08:02 9707400                    /usr/lib/x86_64-linux-gnu/libXcursor.so.1.0.2
7fa87ceee000-7fa87ceef000 rw-p 00009000 08:02 9707400                    /usr/lib/x86_64-linux-gnu/libXcursor.so.1.0.2
7fa87cef5000-7fa87cefa000 r-xp 00000000 08:02 9707442                    /usr/lib/x86_64-linux-gnu/libXxf86vm.so.1.0.0
7fa87cefa000-7fa87d0f9000 ---p 00005000 08:02 9707442                    /usr/lib/x86_64-linux-gnu/libXxf86vm.so.1.0.0
7fa87d0f9000-7fa87d0fa000 r--p 00004000 08:02 9707442                    /usr/lib/x86_64-linux-gnu/libXxf86vm.so.1.0.0
7fa87d0fa000-7fa87d0fb000 rw-p 00005000 08:02 9707442                    /usr/lib/x86_64-linux-gnu/libXxf86vm.so.1.0.0
7fa87d0fd000-7fa87d0ff000 r-xp 00000000 08:02 9707416                    /usr/lib/x86_64-linux-gnu/libXinerama.so.1.0.0
7fa87d0ff000-7fa87d2fe000 ---p 00002000 08:02 9707416                    /usr/lib/x86_64-linux-gnu/libXinerama.so.1.0.0
7fa87d2fe000-7fa87d2ff000 r--p 00001000 08:02 9707416                    /usr/lib/x86_64-linux-gnu/libXinerama.so.1.0.0
7fa87d2ff000-7fa87d300000 rw-p 00002000 08:02 9707416                    /usr/lib/x86_64-linux-gnu/libXinerama.so.1.0.0
7fa87d305000-7fa87d30f000 r-xp 00000000 08:02 9707424                    /usr/lib/x86_64-linux-gnu/libXrandr.so.2.2.0
7fa87d30f000-7fa87d50e000 ---p 0000a000 08:02 9707424                    /usr/lib/x86_64-linux-gnu/libXrandr.so.2.2.0
7fa87d50e000-7fa87d50f000 r--p 00009000 08:02 9707424                    /usr/lib/x86_64-linux-gnu/libXrandr.so.2.2.0
7fa87d50f000-7fa87d510000 rw-p 0000a000 08:02 9707424                    /usr/lib/x86_64-linux-gnu/libXrandr.so.2.2.0
7fa87d515000-7fa87d64a000 r-xp 00000000 08:02 9707389                    /usr/lib/x86_64-linux-gnu/libX11.so.6.3.0
7fa87d64a000-7fa87d84a000 ---p 00135000 08:02 9707389                    /usr/lib/x86_64-linux-gnu/libX11.so.6.3.0
7fa87d84a000-7fa87d84b000 r--p 00135000 08:02 9707389                    /usr/lib/x86_64-linux-gnu/libX11.so.6.3.0
7fa87d84b000-7fa87d84f000 rw-p 00136000 08:02 9707389                    /usr/lib/x86_64-linux-gnu/libX11.so.6.3.0
7fa87d855000-7fa87d856000 rw-s 00000000 00:05 204685                     /memfd:xshmfence (deleted)
7fa87d85d000-7fa87d85e000 rw-s 00000000 00:05 205151                     /memfd:xshmfence (deleted)
7fa87d864000-7fa87d874000 rw-s 15f787000 00:06 369                       /dev/dri/renderD128
7fa87d875000-7fa87d87c000 r--s 00000000 08:02 9964743                    /usr/lib/x86_64-linux-gnu/gconv/gconv-modules.cache
7fa87d87d000-7fa87d897000 r-xp 00000000 08:02 2493569                    /tmp/lwjgljimmy/3.0.1-build-25/libglfw.so
7fa87d897000-7fa87da96000 ---p 0001a000 08:02 2493569                    /tmp/lwjgljimmy/3.0.1-build-25/libglfw.so
7fa87da96000-7fa87da97000 r--p 00019000 08:02 2493569                    /tmp/lwjgljimmy/3.0.1-build-25/libglfw.so
7fa87da97000-7fa87da98000 rw-p 0001a000 08:02 2493569                    /tmp/lwjgljimmy/3.0.1-build-25/libglfw.so
7fa87da98000-7fa87da99000 rw-p 00000000 00:00 0 
7fa87dabd000-7fa87daf8000 r-xp 00000000 08:02 2493568                    /tmp/lwjgljimmy/3.0.1-build-25/liblwjgl.so
7fa87daf8000-7fa87dcf7000 ---p 0003b000 08:02 2493568                    /tmp/lwjgljimmy/3.0.1-build-25/liblwjgl.so
7fa87dcf7000-7fa87dcf8000 rw-p 0003a000 08:02 2493568                    /tmp/lwjgljimmy/3.0.1-build-25/liblwjgl.so
7fa87dd0c000-7fa87dd1c000 rw-s 159587000 00:06 369                       /dev/dri/renderD128
7fa87dd23000-7fa87dd33000 rw-s 1603e6000 00:06 369                       /dev/dri/renderD128
7fa87dd34000-7fa87dd38000 r--s 00097000 08:02 10881882                   /usr/lib/jvm/java-8-openjdk-amd64/jre/lib/jsse.jar
7fa87dd3d000-7fa87dd4e000 r-xp 00000000 08:02 11284704                   /usr/lib/jvm/java-8-openjdk-amd64/jre/lib/amd64/libnio.so
7fa87dd4e000-7fa87df4e000 ---p 00011000 08:02 11284704                   /usr/lib/jvm/java-8-openjdk-amd64/jre/lib/amd64/libnio.so
7fa87df4e000-7fa87df4f000 r--p 00011000 08:02 11284704                   /usr/lib/jvm/java-8-openjdk-amd64/jre/lib/amd64/libnio.so
7fa87df4f000-7fa87df50000 rw-p 00012000 08:02 11284704                   /usr/lib/jvm/java-8-openjdk-amd64/jre/lib/amd64/libnio.so
7fa87df54000-7fa87e255000 rw-p 00000000 00:00 0 
7fa87e255000-7fa87e26c000 r-xp 00000000 08:02 11284728                   /usr/lib/jvm/java-8-openjdk-amd64/jre/lib/amd64/libnet.so
7fa87e26c000-7fa87e46b000 ---p 00017000 08:02 11284728                   /usr/lib/jvm/java-8-openjdk-amd64/jre/lib/amd64/libnet.so
7fa87e46b000-7fa87e46c000 r--p 00016000 08:02 11284728                   /usr/lib/jvm/java-8-openjdk-amd64/jre/lib/amd64/libnet.so
7fa87e46c000-7fa87e46d000 rw-p 00017000 08:02 11284728                   /usr/lib/jvm/java-8-openjdk-amd64/jre/lib/amd64/libnet.so
7fa87e474000-7fa87e477000 ---p 00000000 00:00 0 
7fa87e477000-7fa87e575000 rw-p 00000000 00:00 0 
7fa87e575000-7fa87e576000 r-xp 00000000 08:02 8265945                    /home/jimmy/Downloads/idea-IC-145.1617.8/bin/libbreakgen64.so
7fa87e576000-7fa87e775000 ---p 00001000 08:02 8265945                    /home/jimmy/Downloads/idea-IC-145.1617.8/bin/libbreakgen64.so
7fa87e775000-7fa87e776000 r--p 00000000 08:02 8265945                    /home/jimmy/Downloads/idea-IC-145.1617.8/bin/libbreakgen64.so
7fa87e776000-7fa87e777000 rw-p 00001000 08:02 8265945                    /home/jimmy/Downloads/idea-IC-145.1617.8/bin/libbreakgen64.so
7fa87e77b000-7fa87e77d000 r--s 0001e000 08:02 8265805                    /home/jimmy/Downloads/idea-IC-145.1617.8/lib/idea_rt.jar
7fa87e781000-7fa87e785000 r--s 0041c000 08:02 11410368                   /home/jimmy/IdeaProjects/TotalFantasyOpenGL/lib/sqlite-jdbc-3.14.2.1.jar
7fa87e789000-7fa87e78a000 r--s 00014000 08:02 11016945                   /home/jimmy/IdeaProjects/lwjgl/lwjgl-xxhash/lwjgl-xxhash-natives-windows.jar
7fa87e78d000-7fa87e78e000 r--s 00000000 08:02 11016941                   /home/jimmy/IdeaProjects/lwjgl/lwjgl-xxhash/lwjgl-xxhash-natives-macos.jar
7fa87e78e000-7fa87e78f000 r--s 00001000 08:02 11016937                   /home/jimmy/IdeaProjects/lwjgl/lwjgl-xxhash/lwjgl-xxhash-natives-linux.jar
7fa87e790000-7fa87e791000 r--s 00003000 08:02 11016949                   /home/jimmy/IdeaProjects/lwjgl/lwjgl-xxhash/lwjgl-xxhash-sources.jar
7fa87e797000-7fa87e799000 r--s 00062000 08:02 11016933                   /home/jimmy/IdeaProjects/lwjgl/lwjgl-xxhash/lwjgl-xxhash-javadoc.jar
7fa87e799000-7fa87e79a000 r--s 00004000 08:02 11016953                   /home/jimmy/IdeaProjects/lwjgl/lwjgl-xxhash/lwjgl-xxhash.jar
7fa87e79e000-7fa87e7a3000 r--s 00091000 08:02 11016921                   /home/jimmy/IdeaProjects/lwjgl/lwjgl-vulkan/lwjgl-vulkan-sources.jar
7fa87e7a8000-7fa87e7b0000 r--s 00213000 08:02 11016917                   /home/jimmy/IdeaProjects/lwjgl/lwjgl-vulkan/lwjgl-vulkan-javadoc.jar
7fa87e7b6000-7fa87e7bf000 r--s 00091000 08:02 11016925                   /home/jimmy/IdeaProjects/lwjgl/lwjgl-vulkan/lwjgl-vulkan.jar
7fa87e7c2000-7fa87e7c3000 r--s 0002d000 08:02 11016893                   /home/jimmy/IdeaProjects/lwjgl/lwjgl-tinyfd/lwjgl-tinyfd-natives-windows.jar
7fa87e7c3000-7fa87e7c4000 r--s 00006000 08:02 11016889                   /home/jimmy/IdeaProjects/lwjgl/lwjgl-tinyfd/lwjgl-tinyfd-natives-macos.jar
7fa87e7c4000-7fa87e7c5000 r--s 00007000 08:02 11016885                   /home/jimmy/IdeaProjects/lwjgl/lwjgl-tinyfd/lwjgl-tinyfd-natives-linux.jar
7fa87e7c5000-7fa87e7c7000 r--s 00000000 08:02 11016897                   /home/jimmy/IdeaProjects/lwjgl/lwjgl-tinyfd/lwjgl-tinyfd-sources.jar
7fa87e7cc000-7fa87e7ce000 r--s 00057000 08:02 11016881                   /home/jimmy/IdeaProjects/lwjgl/lwjgl-tinyfd/lwjgl-tinyfd-javadoc.jar
7fa87e7ce000-7fa87e7cf000 r--s 00001000 08:02 11016901                   /home/jimmy/IdeaProjects/lwjgl/lwjgl-tinyfd/lwjgl-tinyfd.jar
7fa87e7d6000-7fa87e7d7000 r--s 00069000 08:02 11016865                   /home/jimmy/IdeaProjects/lwjgl/lwjgl-stb/lwjgl-stb-natives-windows.jar
7fa87e7dd000-7fa87e7de000 r--s 00028000 08:02 11016861                   /home/jimmy/IdeaProjects/lwjgl/lwjgl-stb/lwjgl-stb-natives-macos.jar
7fa87e7df000-7fa87e7e0000 r--s 0002a000 08:02 11016857                   /home/jimmy/IdeaProjects/lwjgl/lwjgl-stb/lwjgl-stb-natives-linux.jar
7fa87e7e7000-7fa87e7e9000 r--s 00012000 08:02 11016869                   /home/jimmy/IdeaProjects/lwjgl/lwjgl-stb/lwjgl-stb-sources.jar
7fa87e7ec000-7fa87e7ef000 r--s 0008f000 08:02 11016853                   /home/jimmy/IdeaProjects/lwjgl/lwjgl-stb/lwjgl-stb-javadoc.jar
7fa87e7ef000-7fa87e7f1000 r--s 00012000 08:02 11016873                   /home/jimmy/IdeaProjects/lwjgl/lwjgl-stb/lwjgl-stb.jar
7fa87e7f8000-7fa87e7f9000 r--s 00013000 08:02 11016837                   /home/jimmy/IdeaProjects/lwjgl/lwjgl-sse/lwjgl-sse-natives-windows.jar
7fa87e7fd000-7fa87e7fe000 r--s 00000000 08:02 11016833                   /home/jimmy/IdeaProjects/lwjgl/lwjgl-sse/lwjgl-sse-natives-macos.jar
7fa87e805000-7fa87e806000 r--s 00000000 08:02 11016829                   /home/jimmy/IdeaProjects/lwjgl/lwjgl-sse/lwjgl-sse-natives-linux.jar
7fa87e80d000-7fa87e80e000 r--s 00000000 08:02 11016841                   /home/jimmy/IdeaProjects/lwjgl/lwjgl-sse/lwjgl-sse-sources.jar
7fa87e815000-7fa87e817000 r--s 00058000 08:02 11016825                   /home/jimmy/IdeaProjects/lwjgl/lwjgl-sse/lwjgl-sse-javadoc.jar
7fa87e81d000-7fa87e81e000 r--s 00000000 08:02 11016845                   /home/jimmy/IdeaProjects/lwjgl/lwjgl-sse/lwjgl-sse.jar
7fa87e81e000-7fa87e81f000 r--s 00031000 08:02 11016809                   /home/jimmy/IdeaProjects/lwjgl/lwjgl-par/lwjgl-par-natives-windows.jar
7fa87e821000-7fa87e822000 r--s 00004000 08:02 11016805                   /home/jimmy/IdeaProjects/lwjgl/lwjgl-par/lwjgl-par-natives-macos.jar
7fa87e822000-7fa87e823000 r--s 00005000 08:02 11016801                   /home/jimmy/IdeaProjects/lwjgl/lwjgl-par/lwjgl-par-natives-linux.jar
7fa87e826000-7fa87e827000 r--s 00001000 08:02 11016813                   /home/jimmy/IdeaProjects/lwjgl/lwjgl-par/lwjgl-par-sources.jar
7fa87e827000-7fa87e829000 r--s 0005a000 08:02 11016797                   /home/jimmy/IdeaProjects/lwjgl/lwjgl-par/lwjgl-par-javadoc.jar
7fa87e82e000-7fa87e830000 r--s 00001000 08:02 11016817                   /home/jimmy/IdeaProjects/lwjgl/lwjgl-par/lwjgl-par.jar
7fa87e834000-7fa87e835000 r--s 0001f000 08:02 11016777                   /home/jimmy/IdeaProjects/lwjgl/lwjgl-ovr/lwjgl-ovr-natives-windows.jar
7fa87e838000-7fa87e83a000 r--s 0001b000 08:02 11016781                   /home/jimmy/IdeaProjects/lwjgl/lwjgl-ovr/lwjgl-ovr-sources.jar
7fa87e840000-7fa87e843000 r--s 000bb000 08:02 11016773                   /home/jimmy/IdeaProjects/lwjgl/lwjgl-ovr/lwjgl-ovr-javadoc.jar
7fa87e845000-7fa87e848000 r--s 00020000 08:02 11016785                   /home/jimmy/IdeaProjects/lwjgl/lwjgl-ovr/lwjgl-ovr.jar
7fa87e84f000-7fa87e854000 r--s 00052000 08:02 11016761                   /home/jimmy/IdeaProjects/lwjgl/lwjgl-opengles/lwjgl-opengles-sources.jar
7fa87e854000-7fa87e85b000 r--s 0014f000 08:02 11016757                   /home/jimmy/IdeaProjects/lwjgl/lwjgl-opengles/lwjgl-opengles-javadoc.jar
7fa87e85b000-7fa87e860000 r--s 0004e000 08:02 11016765                   /home/jimmy/IdeaProjects/lwjgl/lwjgl-opengles/lwjgl-opengles.jar
7fa87e864000-7fa87e86d000 r--s 000ef000 08:02 11016741                   /home/jimmy/IdeaProjects/lwjgl/lwjgl-opengl/lwjgl-opengl-sources.jar
7fa87e874000-7fa87e87e000 r--s 002bf000 08:02 11016737                   /home/jimmy/IdeaProjects/lwjgl/lwjgl-opengl/lwjgl-opengl-javadoc.jar
7fa87e87e000-7fa87e888000 r--s 000c9000 08:02 11016745                   /home/jimmy/IdeaProjects/lwjgl/lwjgl-opengl/lwjgl-opengl.jar
7fa87e88d000-7fa87e890000 r--s 00030000 08:02 11016721                   /home/jimmy/IdeaProjects/lwjgl/lwjgl-opencl/lwjgl-opencl-sources.jar
7fa87e895000-7fa87e899000 r--s 000d0000 08:02 11016717                   /home/jimmy/IdeaProjects/lwjgl/lwjgl-opencl/lwjgl-opencl-javadoc.jar
7fa87e8a0000-7fa87e8a4000 r--s 00023000 08:02 11016725                   /home/jimmy/IdeaProjects/lwjgl/lwjgl-opencl/lwjgl-opencl.jar
7fa87e8ab000-7fa87e8ac000 r--s 000b6000 08:02 11016693                   /home/jimmy/IdeaProjects/lwjgl/lwjgl-openal/lwjgl-openal-natives-windows.jar
7fa87e8b2000-7fa87e8b3000 r--s 0003d000 08:02 11016689                   /home/jimmy/IdeaProjects/lwjgl/lwjgl-openal/lwjgl-openal-natives-macos.jar
7fa87e8b9000-7fa87e8ba000 r--s 00044000 08:02 11016685                   /home/jimmy/IdeaProjects/lwjgl/lwjgl-openal/lwjgl-openal-natives-linux.jar
7fa87e8bd000-7fa87e8bf000 r--s 00010000 08:02 11016697                   /home/jimmy/IdeaProjects/lwjgl/lwjgl-openal/lwjgl-openal-sources.jar
7fa87e8c2000-7fa87e8c4000 r--s 0008d000 08:02 11016681                   /home/jimmy/IdeaProjects/lwjgl/lwjgl-openal/lwjgl-openal-javadoc.jar
7fa87e8c5000-7fa87e8c7000 r--s 00010000 08:02 11016701                   /home/jimmy/IdeaProjects/lwjgl/lwjgl-openal/lwjgl-openal.jar
7fa87e8cc000-7fa87e8cd000 r--s 0003f000 08:02 11016665                   /home/jimmy/IdeaProjects/lwjgl/lwjgl-nuklear/lwjgl-nuklear-natives-windows.jar
7fa87e8cd000-7fa87e8ce000 r--s 00020000 08:02 11016225                   /home/jimmy/IdeaProjects/lwjgl/lwjgl-nuklear/lwjgl-nuklear-natives-macos.jar
7fa87e8d5000-7fa87e8d6000 r--s 00020000 08:02 11016221                   /home/jimmy/IdeaProjects/lwjgl/lwjgl-nuklear/lwjgl-nuklear-natives-linux.jar
7fa87e8db000-7fa87e8de000 r--s 00036000 08:02 11016669                   /home/jimmy/IdeaProjects/lwjgl/lwjgl-nuklear/lwjgl-nuklear-sources.jar
7fa87e8e0000-7fa87e8e4000 r--s 0010b000 08:02 11016217                   /home/jimmy/IdeaProjects/lwjgl/lwjgl-nuklear/lwjgl-nuklear-javadoc.jar
7fa87e8e7000-7fa87e8ec000 r--s 00052000 08:02 11016673                   /home/jimmy/IdeaProjects/lwjgl/lwjgl-nuklear/lwjgl-nuklear.jar
7fa87e8f3000-7fa87e8f5000 r--s 0001e000 08:02 11016197                   /home/jimmy/IdeaProjects/lwjgl/lwjgl-nfd/lwjgl-nfd-natives-windows.jar
7fa87e8f6000-7fa87e8f7000 r--s 00001000 08:02 11016193                   /home/jimmy/IdeaProjects/lwjgl/lwjgl-nfd/lwjgl-nfd-natives-macos.jar
7fa87e8fe000-7fa87e8ff000 r--s 00001000 08:02 11016189                   /home/jimmy/IdeaProjects/lwjgl/lwjgl-nfd/lwjgl-nfd-natives-linux.jar
7fa87e906000-7fa87e907000 r--s 00001000 08:02 11016201                   /home/jimmy/IdeaProjects/lwjgl/lwjgl-nfd/lwjgl-nfd-sources.jar
7fa87e90e000-7fa87e910000 r--s 00059000 08:02 11016185                   /home/jimmy/IdeaProjects/lwjgl/lwjgl-nfd/lwjgl-nfd-javadoc.jar
7fa87e916000-7fa87e917000 r--s 00001000 08:02 11016205                   /home/jimmy/IdeaProjects/lwjgl/lwjgl-nfd/lwjgl-nfd.jar
7fa87e91e000-7fa87e91f000 r--s 00059000 08:02 11016165                   /home/jimmy/IdeaProjects/lwjgl/lwjgl-nanovg/lwjgl-nanovg-natives-windows.jar
7fa87e920000-7fa87e921000 r--s 0001b000 08:02 11016161                   /home/jimmy/IdeaProjects/lwjgl/lwjgl-nanovg/lwjgl-nanovg-natives-macos.jar
7fa87e922000-7fa87e923000 r--s 0001d000 08:02 11016157                   /home/jimmy/IdeaProjects/lwjgl/lwjgl-nanovg/lwjgl-nanovg-natives-linux.jar
7fa87e925000-7fa87e927000 r--s 00008000 08:02 11016169                   /home/jimmy/IdeaProjects/lwjgl/lwjgl-nanovg/lwjgl-nanovg-sources.jar
7fa87e92d000-7fa87e92f000 r--s 00070000 08:02 11016153                   /home/jimmy/IdeaProjects/lwjgl/lwjgl-nanovg/lwjgl-nanovg-javadoc.jar
7fa87e936000-7fa87e938000 r--s 00009000 08:02 11016173                   /home/jimmy/IdeaProjects/lwjgl/lwjgl-nanovg/lwjgl-nanovg.jar
7fa87e939000-7fa87e93a000 r--s 0002c000 08:02 11016137                   /home/jimmy/IdeaProjects/lwjgl/lwjgl-lmdb/lwjgl-lmdb-natives-windows.jar
7fa87e93a000-7fa87e93b000 r--s 0000d000 08:02 11016133                   /home/jimmy/IdeaProjects/lwjgl/lwjgl-lmdb/lwjgl-lmdb-natives-macos.jar
7fa87e942000-7fa87e943000 r--s 0000d000 08:02 11016129                   /home/jimmy/IdeaProjects/lwjgl/lwjgl-lmdb/lwjgl-lmdb-natives-linux.jar
7fa87e945000-7fa87e946000 r--s 00008000 08:02 11016141                   /home/jimmy/IdeaProjects/lwjgl/lwjgl-lmdb/lwjgl-lmdb-sources.jar
7fa87e948000-7fa87e94a000 r--s 0006b000 08:02 11016125                   /home/jimmy/IdeaProjects/lwjgl/lwjgl-lmdb/lwjgl-lmdb-javadoc.jar
7fa87e94a000-7fa87e94c000 r--s 00005000 08:02 11016145                   /home/jimmy/IdeaProjects/lwjgl/lwjgl-lmdb/lwjgl-lmdb.jar
7fa87e950000-7fa87e951000 r--s 0002b000 08:02 11016112                   /home/jimmy/IdeaProjects/lwjgl/lwjgl-jemalloc/lwjgl-jemalloc-natives-windows.jar
7fa87e951000-7fa87e952000 r--s 00014000 08:02 11015117                   /home/jimmy/IdeaProjects/lwjgl/lwjgl-jemalloc/lwjgl-jemalloc-natives-macos.jar
7fa87e955000-7fa87e956000 r--s 00018000 08:02 11015115                   /home/jimmy/IdeaProjects/lwjgl/lwjgl-jemalloc/lwjgl-jemalloc-natives-linux.jar
7fa87e95a000-7fa87e95c000 r--s 00005000 08:02 11016114                   /home/jimmy/IdeaProjects/lwjgl/lwjgl-jemalloc/lwjgl-jemalloc-sources.jar
7fa87e961000-7fa87e963000 r--s 0006c000 08:02 11015113                   /home/jimmy/IdeaProjects/lwjgl/lwjgl-jemalloc/lwjgl-jemalloc-javadoc.jar
7fa87e964000-7fa87e966000 r--s 00007000 08:02 11016116                   /home/jimmy/IdeaProjects/lwjgl/lwjgl-jemalloc/lwjgl-jemalloc.jar
7fa87e969000-7fa87e96a000 r--s 00004000 08:02 11015105                   /home/jimmy/IdeaProjects/lwjgl/lwjgl-jawt/lwjgl-jawt-sources.jar
7fa87e96b000-7fa87e96d000 r--s 00066000 08:02 11015103                   /home/jimmy/IdeaProjects/lwjgl/lwjgl-jawt/lwjgl-jawt-javadoc.jar
7fa87e972000-7fa87e973000 r--s 00005000 08:02 11015107                   /home/jimmy/IdeaProjects/lwjgl/lwjgl-jawt/lwjgl-jawt.jar
7fa87e973000-7fa87e974000 r--s 00036000 08:02 11015095                   /home/jimmy/IdeaProjects/lwjgl/lwjgl-glfw/lwjgl-glfw-natives-windows.jar
7fa87e976000-7fa87e977000 r--s 00009000 08:02 11015093                   /home/jimmy/IdeaProjects/lwjgl/lwjgl-glfw/lwjgl-glfw-natives-macos.jar
7fa87e978000-7fa87e979000 r--s 0000b000 08:02 11015091                   /home/jimmy/IdeaProjects/lwjgl/lwjgl-glfw/lwjgl-glfw-natives-linux.jar
7fa87e97e000-7fa87e980000 r--s 00011000 08:02 11015097                   /home/jimmy/IdeaProjects/lwjgl/lwjgl-glfw/lwjgl-glfw-sources.jar
7fa87e983000-7fa87e986000 r--s 00096000 08:02 11015089                   /home/jimmy/IdeaProjects/lwjgl/lwjgl-glfw/lwjgl-glfw-javadoc.jar
7fa87e989000-7fa87e98c000 r--s 00014000 08:02 11015099                   /home/jimmy/IdeaProjects/lwjgl/lwjgl-glfw/lwjgl-glfw.jar
7fa87e98f000-7fa87e992000 r--s 0001a000 08:02 11015078                   /home/jimmy/IdeaProjects/lwjgl/lwjgl-egl/lwjgl-egl-sources.jar
7fa87e997000-7fa87e99b000 r--s 000b2000 08:02 11015077                   /home/jimmy/IdeaProjects/lwjgl/lwjgl-egl/lwjgl-egl-javadoc.jar
7fa87e99e000-7fa87e9a1000 r--s 00019000 08:02 11015083                   /home/jimmy/IdeaProjects/lwjgl/lwjgl-egl/lwjgl-egl.jar
7fa87e9a2000-7fa87e9a3000 r--s 00035000 08:02 11013722                   /home/jimmy/IdeaProjects/lwjgl/lwjgl/lwjgl-natives-windows.jar
7fa87e9a6000-7fa87e9a7000 r--s 00009000 08:02 11013721                   /home/jimmy/IdeaProjects/lwjgl/lwjgl/lwjgl-natives-macos.jar
7fa87e9a9000-7fa87e9aa000 r--s 0000c000 08:02 11013719                   /home/jimmy/IdeaProjects/lwjgl/lwjgl/lwjgl-natives-linux.jar
7fa87e9b0000-7fa87e9b2000 r--s 00033000 08:02 11013724                   /home/jimmy/IdeaProjects/lwjgl/lwjgl/lwjgl-sources.jar
7fa87e9b7000-7fa87e9bc000 r--s 0010a000 08:02 11013693                   /home/jimmy/IdeaProjects/lwjgl/lwjgl/lwjgl-javadoc.jar
7fa87e9c3000-7fa87e9c8000 r--s 0003e000 08:02 11013725                   /home/jimmy/IdeaProjects/lwjgl/lwjgl/lwjgl.jar
7fa87e9ce000-7fa87e9d0000 r--s 00061000 08:02 11410366                   /home/jimmy/IdeaProjects/TotalFantasyOpenGL/lib/joml-1.8.21.jar
7fa87e9d3000-7fa87e9e6000 r--s 00346000 08:02 10881248                   /usr/lib/jvm/java-8-openjdk-amd64/jre/lib/resources.jar
7fa87e9ed000-7fa87e9ee000 r--s 00000000 08:02 10881878                   /usr/lib/jvm/java-8-openjdk-amd64/jre/lib/management-agent.jar
7fa87e9f4000-7fa87e9f8000 r--s 00097000 08:02 10881882                   /usr/lib/jvm/java-8-openjdk-amd64/jre/lib/jsse.jar
7fa87e9fa000-7fa87e9fd000 r--s 00015000 08:02 10881880                   /usr/lib/jvm/java-8-openjdk-amd64/jre/lib/jce.jar
7fa87e9fe000-7fa87ea03000 r--s 002f9000 08:02 10881877                   /usr/lib/jvm/java-8-openjdk-amd64/jre/lib/charsets.jar
7fa87ea07000-7fa87ea08000 r--s 0000a000 08:02 11403826                   /usr/lib/jvm/java-8-openjdk-amd64/jre/lib/ext/jaccess.jar
7fa87ea0c000-7fa87ea10000 r--s 00037000 08:02 11403824                   /usr/lib/jvm/java-8-openjdk-amd64/jre/lib/ext/sunpkcs11.jar
7fa87ea16000-7fa87ea18000 r--s 00001000 08:02 11403836                   /usr/lib/jvm/java-8-openjdk-amd64/jre/lib/ext/dnsns.jar
7fa87ea1a000-7fa87ea35000 r--s 001d5000 08:02 11403820                   /usr/lib/jvm/java-8-openjdk-amd64/jre/lib/ext/nashorn.jar
7fa87ea35000-7fa87ea37000 r--s 00008000 08:02 11403828                   /usr/lib/jvm/java-8-openjdk-amd64/jre/lib/ext/sunec.jar
7fa87ea3c000-7fa87ea3f000 r--s 0000f000 08:02 11403834                   /usr/lib/jvm/java-8-openjdk-amd64/jre/lib/ext/icedtea-sound.jar
7fa87ea40000-7fa87ea45000 r--s 0003b000 08:02 11403822                   /usr/lib/jvm/java-8-openjdk-amd64/jre/lib/ext/sunjce_provider.jar
7fa87ea49000-7fa87ea64000 r--s 00394000 08:02 11403818                   /usr/lib/jvm/java-8-openjdk-amd64/jre/lib/ext/cldrdata.jar
7fa87ea6b000-7fa87ea75000 r--s 00116000 08:02 11403830                   /usr/lib/jvm/java-8-openjdk-amd64/jre/lib/ext/localedata.jar
7fa87ea77000-7fa87ea78000 ---p 00000000 00:00 0 
7fa87ea78000-7fa87eb78000 rw-p 00000000 00:00 0 
7fa87eb78000-7fa87eb7b000 ---p 00000000 00:00 0 
7fa87eb7b000-7fa87ec79000 rw-p 00000000 00:00 0 
7fa87ec79000-7fa87ec7c000 ---p 00000000 00:00 0 
7fa87ec7c000-7fa87ed7a000 rw-p 00000000 00:00 0 
7fa87ed7a000-7fa87ed7d000 ---p 00000000 00:00 0 
7fa87ed7d000-7fa87ee7b000 rw-p 00000000 00:00 0 
7fa87ee7b000-7fa87ee7e000 ---p 00000000 00:00 0 
7fa87ee7e000-7fa87ef7c000 rw-p 00000000 00:00 0 
7fa87ef7c000-7fa87ef7f000 ---p 00000000 00:00 0 
7fa87ef7f000-7fa87f07d000 rw-p 00000000 00:00 0 
7fa87f07d000-7fa87f4d4000 r--p 00000000 08:02 9700121                    /usr/lib/locale/locale-archive
7fa87f4d4000-7fa87f4d7000 ---p 00000000 00:00 0 
7fa87f4d7000-7fa87f5d5000 rw-p 00000000 00:00 0 
7fa87f5d5000-7fa87f5d8000 ---p 00000000 00:00 0 
7fa87f5d8000-7fa87f6d6000 rw-p 00000000 00:00 0 
7fa87f6d6000-7fa87f6d7000 ---p 00000000 00:00 0 
7fa87f6d7000-7fa880000000 rw-p 00000000 00:00 0 
7fa880000000-7fa880021000 rw-p 00000000 00:00 0 
7fa880021000-7fa884000000 ---p 00000000 00:00 0 
7fa884000000-7fa884021000 rw-p 00000000 00:00 0 
7fa884021000-7fa888000000 ---p 00000000 00:00 0 
7fa888000000-7fa888021000 rw-p 00000000 00:00 0 
7fa888021000-7fa88c000000 ---p 00000000 00:00 0 
7fa88c007000-7fa88c62e000 rw-p 00000000 00:00 0 
7fa88c62e000-7fa88c7fc000 r--s 03bf1000 08:02 10881874                   /usr/lib/jvm/java-8-openjdk-amd64/jre/lib/rt.jar
7fa88c800000-7fa88d000000 rw-p 00000000 00:00 0 
7fa88d000000-7fa88d320000 rwxp 00000000 00:00 0 
7fa88d320000-7fa89c000000 ---p 00000000 00:00 0 
7fa89c000000-7fa89cbce000 rw-p 00000000 00:00 0 
7fa89cbce000-7fa8a0000000 ---p 00000000 00:00 0 
7fa8a0005000-7fa8a0006000 r--s 00010000 08:02 11403832                   /usr/lib/jvm/java-8-openjdk-amd64/jre/lib/ext/zipfs.jar
7fa8a0008000-7fa8a22e3000 rw-p 00000000 00:00 0 
7fa8a22e3000-7fa8a22e4000 ---p 00000000 00:00 0 
7fa8a22e4000-7fa8a23e4000 rw-p 00000000 00:00 0 
7fa8a23e4000-7fa8a23e5000 ---p 00000000 00:00 0 
7fa8a23e5000-7fa8a24e5000 rw-p 00000000 00:00 0 
7fa8a24e5000-7fa8a24e6000 ---p 00000000 00:00 0 
7fa8a24e6000-7fa8a25e6000 rw-p 00000000 00:00 0 
7fa8a25e6000-7fa8a25e7000 ---p 00000000 00:00 0 
7fa8a25e7000-7fa8a26fd000 rw-p 00000000 00:00 0 
7fa8a26fd000-7fa8a2833000 ---p 00000000 00:00 0 
7fa8a2833000-7fa8a2849000 rw-p 00000000 00:00 0 
7fa8a2849000-7fa8a297e000 ---p 00000000 00:00 0 
7fa8a297e000-7fa8a29a1000 rw-p 00000000 00:00 0 
7fa8a29a1000-7fa8a2a24000 ---p 00000000 00:00 0 
7fa8a2a24000-7fa8a2a32000 rw-p 00000000 00:00 0 
7fa8a2a32000-7fa8a2de5000 ---p 00000000 00:00 0 
7fa8a2de5000-7fa8a2ded000 r-xp 00000000 08:02 11284709                   /usr/lib/jvm/java-8-openjdk-amd64/jre/lib/amd64/libzip.so
7fa8a2ded000-7fa8a2fec000 ---p 00008000 08:02 11284709                   /usr/lib/jvm/java-8-openjdk-amd64/jre/lib/amd64/libzip.so
7fa8a2fec000-7fa8a2fed000 r--p 00007000 08:02 11284709                   /usr/lib/jvm/java-8-openjdk-amd64/jre/lib/amd64/libzip.so
7fa8a2fed000-7fa8a2fee000 rw-p 00008000 08:02 11284709                   /usr/lib/jvm/java-8-openjdk-amd64/jre/lib/amd64/libzip.so
7fa8a2ff5000-7fa8a3000000 r-xp 00000000 08:02 655605                     /lib/x86_64-linux-gnu/libnss_files-2.23.so
7fa8a3000000-7fa8a31ff000 ---p 0000b000 08:02 655605                     /lib/x86_64-linux-gnu/libnss_files-2.23.so
7fa8a31ff000-7fa8a3200000 r--p 0000a000 08:02 655605                     /lib/x86_64-linux-gnu/libnss_files-2.23.so
7fa8a3200000-7fa8a3201000 rw-p 0000b000 08:02 655605                     /lib/x86_64-linux-gnu/libnss_files-2.23.so
7fa8a3201000-7fa8a3207000 rw-p 00000000 00:00 0 
7fa8a320d000-7fa8a3218000 r-xp 00000000 08:02 655575                     /lib/x86_64-linux-gnu/libnss_nis-2.23.so
7fa8a3218000-7fa8a3417000 ---p 0000b000 08:02 655575                     /lib/x86_64-linux-gnu/libnss_nis-2.23.so
7fa8a3417000-7fa8a3418000 r--p 0000a000 08:02 655575                     /lib/x86_64-linux-gnu/libnss_nis-2.23.so
7fa8a3418000-7fa8a3419000 rw-p 0000b000 08:02 655575                     /lib/x86_64-linux-gnu/libnss_nis-2.23.so
7fa8a341d000-7fa8a3433000 r-xp 00000000 08:02 655599                     /lib/x86_64-linux-gnu/libnsl-2.23.so
7fa8a3433000-7fa8a3632000 ---p 00016000 08:02 655599                     /lib/x86_64-linux-gnu/libnsl-2.23.so
7fa8a3632000-7fa8a3633000 r--p 00015000 08:02 655599                     /lib/x86_64-linux-gnu/libnsl-2.23.so
7fa8a3633000-7fa8a3634000 rw-p 00016000 08:02 655599                     /lib/x86_64-linux-gnu/libnsl-2.23.so
7fa8a3634000-7fa8a3636000 rw-p 00000000 00:00 0 
7fa8a363d000-7fa8a3645000 r-xp 00000000 08:02 655601                     /lib/x86_64-linux-gnu/libnss_compat-2.23.so
7fa8a3645000-7fa8a3844000 ---p 00008000 08:02 655601                     /lib/x86_64-linux-gnu/libnss_compat-2.23.so
7fa8a3844000-7fa8a3845000 r--p 00007000 08:02 655601                     /lib/x86_64-linux-gnu/libnss_compat-2.23.so
7fa8a3845000-7fa8a3846000 rw-p 00008000 08:02 655601                     /lib/x86_64-linux-gnu/libnss_compat-2.23.so
7fa8a384d000-7fa8a387a000 r-xp 00000000 08:02 11282370                   /usr/lib/jvm/java-8-openjdk-amd64/jre/lib/amd64/libjava.so
7fa8a387a000-7fa8a3a79000 ---p 0002d000 08:02 11282370                   /usr/lib/jvm/java-8-openjdk-amd64/jre/lib/amd64/libjava.so
7fa8a3a79000-7fa8a3a7a000 r--p 0002c000 08:02 11282370                   /usr/lib/jvm/java-8-openjdk-amd64/jre/lib/amd64/libjava.so
7fa8a3a7a000-7fa8a3a7c000 rw-p 0002d000 08:02 11282370                   /usr/lib/jvm/java-8-openjdk-amd64/jre/lib/amd64/libjava.so
7fa8a3a7d000-7fa8a3a8c000 r-xp 00000000 08:02 11284707                   /usr/lib/jvm/java-8-openjdk-amd64/jre/lib/amd64/libverify.so
7fa8a3a8c000-7fa8a3c8b000 ---p 0000f000 08:02 11284707                   /usr/lib/jvm/java-8-openjdk-amd64/jre/lib/amd64/libverify.so
7fa8a3c8b000-7fa8a3c8d000 r--p 0000e000 08:02 11284707                   /usr/lib/jvm/java-8-openjdk-amd64/jre/lib/amd64/libverify.so
7fa8a3c8d000-7fa8a3c8e000 rw-p 00010000 08:02 11284707                   /usr/lib/jvm/java-8-openjdk-amd64/jre/lib/amd64/libverify.so
7fa8a3c95000-7fa8a3c9c000 r-xp 00000000 08:02 655573                     /lib/x86_64-linux-gnu/librt-2.23.so
7fa8a3c9c000-7fa8a3e9b000 ---p 00007000 08:02 655573                     /lib/x86_64-linux-gnu/librt-2.23.so
7fa8a3e9b000-7fa8a3e9c000 r--p 00006000 08:02 655573                     /lib/x86_64-linux-gnu/librt-2.23.so
7fa8a3e9c000-7fa8a3e9d000 rw-p 00007000 08:02 655573                     /lib/x86_64-linux-gnu/librt-2.23.so
7fa8a3e9d000-7fa8a3eb3000 r-xp 00000000 08:02 659912                     /lib/x86_64-linux-gnu/libgcc_s.so.1
7fa8a3eb3000-7fa8a40b2000 ---p 00016000 08:02 659912                     /lib/x86_64-linux-gnu/libgcc_s.so.1
7fa8a40b2000-7fa8a40b3000 rw-p 00015000 08:02 659912                     /lib/x86_64-linux-gnu/libgcc_s.so.1
7fa8a40b5000-7fa8a41bd000 r-xp 00000000 08:02 655595                     /lib/x86_64-linux-gnu/libm-2.23.so
7fa8a41bd000-7fa8a43bc000 ---p 00108000 08:02 655595                     /lib/x86_64-linux-gnu/libm-2.23.so
7fa8a43bc000-7fa8a43bd000 r--p 00107000 08:02 655595                     /lib/x86_64-linux-gnu/libm-2.23.so
7fa8a43bd000-7fa8a43be000 rw-p 00108000 08:02 655595                     /lib/x86_64-linux-gnu/libm-2.23.so
7fa8a43c5000-7fa8a4537000 r-xp 00000000 08:02 9699525                    /usr/lib/x86_64-linux-gnu/libstdc++.so.6.0.21
7fa8a4537000-7fa8a4737000 ---p 00172000 08:02 9699525                    /usr/lib/x86_64-linux-gnu/libstdc++.so.6.0.21
7fa8a4737000-7fa8a4741000 r--p 00172000 08:02 9699525                    /usr/lib/x86_64-linux-gnu/libstdc++.so.6.0.21
7fa8a4741000-7fa8a4743000 rw-p 0017c000 08:02 9699525                    /usr/lib/x86_64-linux-gnu/libstdc++.so.6.0.21
7fa8a4743000-7fa8a4747000 rw-p 00000000 00:00 0 
7fa8a474d000-7fa8a539c000 r-xp 00000000 08:02 11284710                   /usr/lib/jvm/java-8-openjdk-amd64/jre/lib/amd64/server/libjvm.so
7fa8a539c000-7fa8a559b000 ---p 00c4f000 08:02 11284710                   /usr/lib/jvm/java-8-openjdk-amd64/jre/lib/amd64/server/libjvm.so
7fa8a559b000-7fa8a562e000 r--p 00c4e000 08:02 11284710                   /usr/lib/jvm/java-8-openjdk-amd64/jre/lib/amd64/server/libjvm.so
7fa8a562e000-7fa8a5657000 rw-p 00ce1000 08:02 11284710                   /usr/lib/jvm/java-8-openjdk-amd64/jre/lib/amd64/server/libjvm.so
7fa8a5657000-7fa8a5687000 rw-p 00000000 00:00 0 
7fa8a568d000-7fa8a56a5000 r-xp 00000000 08:02 655597                     /lib/x86_64-linux-gnu/libpthread-2.23.so
7fa8a56a5000-7fa8a58a4000 ---p 00018000 08:02 655597                     /lib/x86_64-linux-gnu/libpthread-2.23.so
7fa8a58a4000-7fa8a58a5000 r--p 00017000 08:02 655597                     /lib/x86_64-linux-gnu/libpthread-2.23.so
7fa8a58a5000-7fa8a58a6000 rw-p 00018000 08:02 655597                     /lib/x86_64-linux-gnu/libpthread-2.23.so
7fa8a58a6000-7fa8a58aa000 rw-p 00000000 00:00 0 
7fa8a58ad000-7fa8a58b0000 r-xp 00000000 08:02 655581                     /lib/x86_64-linux-gnu/libdl-2.23.so
7fa8a58b0000-7fa8a5aaf000 ---p 00003000 08:02 655581                     /lib/x86_64-linux-gnu/libdl-2.23.so
7fa8a5aaf000-7fa8a5ab0000 r--p 00002000 08:02 655581                     /lib/x86_64-linux-gnu/libdl-2.23.so
7fa8a5ab0000-7fa8a5ab1000 rw-p 00003000 08:02 655581                     /lib/x86_64-linux-gnu/libdl-2.23.so
7fa8a5ab5000-7fa8a5ace000 r-xp 00000000 08:02 660065                     /lib/x86_64-linux-gnu/libz.so.1.2.8
7fa8a5ace000-7fa8a5ccd000 ---p 00019000 08:02 660065                     /lib/x86_64-linux-gnu/libz.so.1.2.8
7fa8a5ccd000-7fa8a5cce000 r--p 00018000 08:02 660065                     /lib/x86_64-linux-gnu/libz.so.1.2.8
7fa8a5cce000-7fa8a5ccf000 rw-p 00019000 08:02 660065                     /lib/x86_64-linux-gnu/libz.so.1.2.8
7fa8a5cd5000-7fa8a5e94000 r-xp 00000000 08:02 655584                     /lib/x86_64-linux-gnu/libc-2.23.so
7fa8a5e94000-7fa8a6094000 ---p 001bf000 08:02 655584                     /lib/x86_64-linux-gnu/libc-2.23.so
7fa8a6094000-7fa8a6098000 r--p 001bf000 08:02 655584                     /lib/x86_64-linux-gnu/libc-2.23.so
7fa8a6098000-7fa8a609a000 rw-p 001c3000 08:02 655584                     /lib/x86_64-linux-gnu/libc-2.23.so
7fa8a609a000-7fa8a609e000 rw-p 00000000 00:00 0 
7fa8a60a5000-7fa8a60b2000 r-xp 00000000 08:02 11284706                   /usr/lib/jvm/java-8-openjdk-amd64/jre/lib/amd64/jli/libjli.so
7fa8a60b2000-7fa8a62b2000 ---p 0000d000 08:02 11284706                   /usr/lib/jvm/java-8-openjdk-amd64/jre/lib/amd64/jli/libjli.so
7fa8a62b2000-7fa8a62b3000 r--p 0000d000 08:02 11284706                   /usr/lib/jvm/java-8-openjdk-amd64/jre/lib/amd64/jli/libjli.so
7fa8a62b3000-7fa8a62b4000 rw-p 0000e000 08:02 11284706                   /usr/lib/jvm/java-8-openjdk-amd64/jre/lib/amd64/jli/libjli.so
7fa8a62b5000-7fa8a62db000 r-xp 00000000 08:02 655561                     /lib/x86_64-linux-gnu/ld-2.23.so
7fa8a62e1000-7fa8a63c5000 rw-p 00000000 00:00 0 
7fa8a63c5000-7fa8a63cd000 rw-s 00000000 08:02 1575710                    /tmp/hsperfdata_jimmy/5816
7fa8a63d1000-7fa8a63d3000 rwxp 00000000 00:00 0 
7fa8a63d3000-7fa8a63d4000 rw-p 00000000 00:00 0 
7fa8a63d4000-7fa8a63d5000 r--p 00000000 00:00 0 
7fa8a63d5000-7fa8a63d8000 ---p 00000000 00:00 0 
7fa8a63d8000-7fa8a64da000 rw-p 00000000 00:00 0 
7fa8a64da000-7fa8a64db000 r--p 00025000 08:02 655561                     /lib/x86_64-linux-gnu/ld-2.23.so
7fa8a64db000-7fa8a64dc000 rw-p 00026000 08:02 655561                     /lib/x86_64-linux-gnu/ld-2.23.so
7fa8a64dc000-7fa8a64df000 rw-p 00000000 00:00 0 
7ffee9fdc000-7ffee9fff000 rw-p 00000000 00:00 0                          [stack]
7ffeea1d5000-7ffeea1d7000 r--p 00000000 00:00 0                          [vvar]
7ffeea1d7000-7ffeea1d9000 r-xp 00000000 00:00 0                          [vdso]
ffffffffff600000-ffffffffff601000 r-xp 00000000 00:00 0                  [vsyscall]

VM Arguments:
jvm_args: -Didea.launcher.port=7534 -Didea.launcher.bin.path=/home/jimmy/Downloads/idea-IC-145.1617.8/bin -Dfile.encoding=UTF-8 
java_command: com.intellij.rt.execution.application.AppMain Main.Main
java_class_path (initial): /usr/lib/jvm/java-8-openjdk-amd64/jre/lib/charsets.jar:/usr/lib/jvm/java-8-openjdk-amd64/jre/lib/ext/cldrdata.jar:/usr/lib/jvm/java-8-openjdk-amd64/jre/lib/ext/dnsns.jar:/usr/lib/jvm/java-8-openjdk-amd64/jre/lib/ext/icedtea-sound.jar:/usr/lib/jvm/java-8-openjdk-amd64/jre/lib/ext/jaccess.jar:/usr/lib/jvm/java-8-openjdk-amd64/jre/lib/ext/localedata.jar:/usr/lib/jvm/java-8-openjdk-amd64/jre/lib/ext/nashorn.jar:/usr/lib/jvm/java-8-openjdk-amd64/jre/lib/ext/sunec.jar:/usr/lib/jvm/java-8-openjdk-amd64/jre/lib/ext/sunjce_provider.jar:/usr/lib/jvm/java-8-openjdk-amd64/jre/lib/ext/sunpkcs11.jar:/usr/lib/jvm/java-8-openjdk-amd64/jre/lib/ext/zipfs.jar:/usr/lib/jvm/java-8-openjdk-amd64/jre/lib/jce.jar:/usr/lib/jvm/java-8-openjdk-amd64/jre/lib/jsse.jar:/usr/lib/jvm/java-8-openjdk-amd64/jre/lib/management-agent.jar:/usr/lib/jvm/java-8-openjdk-amd64/jre/lib/resources.jar:/usr/lib/jvm/java-8-openjdk-amd64/jre/lib/rt.jar:/home/jimmy/IdeaProjects/TotalFantasyOpenGL/out/production/TotalFantasyOpenGL:/home/jimmy/IdeaProjects/TotalFantasyOpenGL/lib/joml-1.8.21.jar:/home/jimmy/IdeaProjects/lwjgl/lwjgl/lwjgl.jar:/home/jimmy/IdeaProjects/lwjgl/lwjgl/lwjgl-javadoc.jar:/home/jimmy/IdeaProjects/lwjgl/lwjgl/lwjgl-sources.jar:/home/jimmy/IdeaProjects/lwjgl/lwjgl/lwjgl-natives-linux.jar:/home/jimmy/IdeaProjects/lwjgl/lwjgl/lwjgl-natives-macos.jar:/home/jimmy/IdeaProjects/lwjgl/lwjgl/lwjgl-natives-windows.jar:/home/jimmy/IdeaProjects/lwjgl/lwjgl-egl/lwjgl-egl.jar:/home/jimmy/IdeaProjects/lwjgl/lwjgl-egl/lwjgl-egl-javadoc.jar:/home/jimmy/IdeaProjects/lwjgl/lwjgl-egl/lwjgl-egl-sources.jar:/home/jimmy/IdeaProjects/lwjgl/lwjgl-glfw/lwjgl-glfw.jar:/home/jimmy/IdeaProjects/lwjgl/lwjgl-glfw/lwjgl-glfw-javadoc.jar:/home/jimmy/IdeaProjects/lwjgl/lwjgl-glfw/lwjgl-glfw-sources.jar:/home/jimmy/IdeaProjects/lwjgl/lwjgl-glfw/lwjgl-glfw-natives-linux.jar:/home/jimmy/IdeaProjects/lwjgl/lwjgl-glfw/lwjgl-glfw-natives-macos.jar:/home/jimmy/IdeaProjects/lwjgl/lwjgl-glfw/lwjgl-glfw-native
Launcher Type: SUN_STANDARD

Environment Variables:
JAVA_HOME=/usr/local/java/jdk1.8.0_91
JRE_HOME=/usr/local/java/jre1.8.0_91
PATH=/usr/local/sbin:/usr/local/bin:/usr/sbin:/usr/bin:/sbin:/bin:/usr/games:/usr/local/games:/snap/bin:/usr/local/java/jre1.8.0_91/bin:/usr/local/java/jdk1.8.0_91/bin
LD_LIBRARY_PATH=/home/jimmy/Downloads/idea-IC-145.1617.8/bin:
SHELL=/bin/bash
DISPLAY=:0

Signal Handlers:
SIGSEGV: [libjvm.so+0xa65880], sa_mask[0]=11111111011111111101111111111110, sa_flags=SA_RESTART|SA_SIGINFO
SIGBUS: [libjvm.so+0xa65880], sa_mask[0]=11111111011111111101111111111110, sa_flags=SA_RESTART|SA_SIGINFO
SIGFPE: [libjvm.so+0x8af1c0], sa_mask[0]=11111111011111111101111111111110, sa_flags=SA_RESTART|SA_SIGINFO
SIGPIPE: [libjvm.so+0x8af1c0], sa_mask[0]=11111111011111111101111111111110, sa_flags=SA_RESTART|SA_SIGINFO
SIGXFSZ: [libjvm.so+0x8af1c0], sa_mask[0]=11111111011111111101111111111110, sa_flags=SA_RESTART|SA_SIGINFO
SIGILL: [libjvm.so+0x8af1c0], sa_mask[0]=11111111011111111101111111111110, sa_flags=SA_RESTART|SA_SIGINFO
SIGUSR1: SIG_DFL, sa_mask[0]=00000000000000000000000000000000, sa_flags=none
SIGUSR2: [libjvm.so+0x8af070], sa_mask[0]=00100000000000000000000000000000, sa_flags=SA_RESTART|SA_SIGINFO
SIGHUP: [libjvm.so+0x8af540], sa_mask[0]=11111111011111111101111111111110, sa_flags=SA_RESTART|SA_SIGINFO
SIGINT: [libjvm.so+0x8af540], sa_mask[0]=11111111011111111101111111111110, sa_flags=SA_RESTART|SA_SIGINFO
SIGTERM: [libjvm.so+0x8af540], sa_mask[0]=11111111011111111101111111111110, sa_flags=SA_RESTART|SA_SIGINFO
SIGQUIT: [libjvm.so+0x8af540], sa_mask[0]=11111111011111111101111111111110, sa_flags=SA_RESTART|SA_SIGINFO


---------------  S Y S T E M  ---------------

OS:DISTRIB_ID=Ubuntu
DISTRIB_RELEASE=16.04
DISTRIB_CODENAME=xenial
DISTRIB_DESCRIPTION="Ubuntu 16.04.1 LTS"

uname:Linux 4.4.0-57-generic #78-Ubuntu SMP Fri Dec 9 23:50:32 UTC 2016 x86_64
libc:glibc 2.23 NPTL 2.23 
rlimit: STACK 8192k, CORE 0k, NPROC 14625, NOFILE 65536, AS infinity
load average:5,16 2,51 1,66

/proc/meminfo:
MemTotal:        4070220 kB
MemFree:          110816 kB
MemAvailable:     734948 kB
Buffers:           35516 kB
Cached:           874812 kB
SwapCached:         4940 kB
Active:          2368372 kB
Inactive:        1314484 kB
Active(anon):    2022148 kB
Inactive(anon):   863864 kB
Active(file):     346224 kB
Inactive(file):   450620 kB
Unevictable:          32 kB
Mlocked:              32 kB
SwapTotal:       4151292 kB
SwapFree:        4104768 kB
Dirty:             27764 kB
Writeback:             0 kB
AnonPages:       2768068 kB
Mapped:           370732 kB
Shmem:            113484 kB
Slab:             104404 kB
SReclaimable:      64600 kB
SUnreclaim:        39804 kB
KernelStack:       11168 kB
PageTables:        49188 kB
NFS_Unstable:          0 kB
Bounce:                0 kB
WritebackTmp:          0 kB
CommitLimit:     6186400 kB
Committed_AS:    7265500 kB
VmallocTotal:   34359738367 kB
VmallocUsed:           0 kB
VmallocChunk:          0 kB
HardwareCorrupted:     0 kB
AnonHugePages:   1296384 kB
CmaTotal:              0 kB
CmaFree:               0 kB
HugePages_Total:       0
HugePages_Free:        0
HugePages_Rsvd:        0
HugePages_Surp:        0
Hugepagesize:       2048 kB
DirectMap4k:      215956 kB
DirectMap2M:     3936256 kB
DirectMap1G:           0 kB


CPU:total 4 (4 cores per cpu, 1 threads per core) family 21 model 48 stepping 1, cmov, cx8, fxsr, mmx, sse, sse2, sse3, ssse3, sse4.1, sse4.2, popcnt, avx, aes, clmul, mmxext, 3dnowpref, lzcnt, sse4a, tsc, tscinvbit, tscinv, bmi1

/proc/cpuinfo:
processor	: 0
vendor_id	: AuthenticAMD
cpu family	: 21
model		: 48
model name	: AMD Athlon(tm) X4 840 Quad Core Processor
stepping	: 1
microcode	: 0x6003106
cpu MHz		: 2800.000
cache size	: 2048 KB
physical id	: 0
siblings	: 4
core id		: 0
cpu cores	: 2
apicid		: 16
initial apicid	: 0
fpu		: yes
fpu_exception	: yes
cpuid level	: 13
wp		: yes
flags		: fpu vme de pse tsc msr pae mce cx8 apic sep mtrr pge mca cmov pat pse36 clflush mmx fxsr sse sse2 ht syscall nx mmxext fxsr_opt pdpe1gb rdtscp lm constant_tsc rep_good nopl nonstop_tsc extd_apicid aperfmperf eagerfpu pni pclmulqdq monitor ssse3 fma cx16 sse4_1 sse4_2 popcnt aes xsave avx f16c lahf_lm cmp_legacy svm extapic cr8_legacy abm sse4a misalignsse 3dnowprefetch osvw ibs xop skinit wdt lwp fma4 tce nodeid_msr tbm topoext perfctr_core perfctr_nb bpext cpb hw_pstate vmmcall fsgsbase bmi1 xsaveopt arat npt lbrv svm_lock nrip_save tsc_scale vmcb_clean flushbyasid decodeassists pausefilter pfthreshold
bugs		: fxsave_leak sysret_ss_attrs
bogomips	: 6188.43
TLB size	: 1536 4K pages
clflush size	: 64
cache_alignment	: 64
address sizes	: 48 bits physical, 48 bits virtual
power management: ts ttp tm 100mhzsteps hwpstate cpb eff_freq_ro [13]

processor	: 1
vendor_id	: AuthenticAMD
cpu family	: 21
model		: 48
model name	: AMD Athlon(tm) X4 840 Quad Core Processor
stepping	: 1
microcode	: 0x6003106
cpu MHz		: 3100.000
cache size	: 2048 KB
physical id	: 0
siblings	: 4
core id		: 1
cpu cores	: 2
apicid		: 17
initial apicid	: 1
fpu		: yes
fpu_exception	: yes
cpuid level	: 13
wp		: yes
flags		: fpu vme de pse tsc msr pae mce cx8 apic sep mtrr pge mca cmov pat pse36 clflush mmx fxsr sse sse2 ht syscall nx mmxext fxsr_opt pdpe1gb rdtscp lm constant_tsc rep_good nopl nonstop_tsc extd_apicid aperfmperf eagerfpu pni pclmulqdq monitor ssse3 fma cx16 sse4_1 sse4_2 popcnt aes xsave avx f16c lahf_lm cmp_legacy svm extapic cr8_legacy abm sse4a misalignsse 3dnowprefetch osvw ibs xop skinit wdt lwp fma4 tce nodeid_msr tbm topoext perfctr_core perfctr_nb bpext cpb hw_pstate vmmcall fsgsbase bmi1 xsaveopt arat npt lbrv svm_lock nrip_save tsc_scale vmcb_clean flushbyasid decodeassists pausefilter pfthreshold
bugs		: fxsave_leak sysret_ss_attrs
bogomips	: 6188.43
TLB size	: 1536 4K pages
clflush size	: 64
cache_alignment	: 64
address sizes	: 48 bits physical, 48 bits virtual
power management: ts ttp tm 100mhzsteps hwpstate cpb eff_freq_ro [13]

processor	: 2
vendor_id	: AuthenticAMD
cpu family	: 21
model		: 48
model name	: AMD Athlon(tm) X4 840 Quad Core Processor
stepping	: 1
microcode	: 0x6003106
cpu MHz		: 3100.000
cache size	: 2048 KB
physical id	: 0
siblings	: 4
core id		: 2
cpu cores	: 2
apicid		: 18
initial apicid	: 2
fpu		: yes
fpu_exception	: yes
cpuid level	: 13
wp		: yes
flags		: fpu vme de pse tsc msr pae mce cx8 apic sep mtrr pge mca cmov pat pse36 clflush mmx fxsr sse sse2 ht syscall nx mmxext fxsr_opt pdpe1gb rdtscp lm constant_tsc rep_good nopl nonstop_tsc extd_apicid aperfmperf eagerfpu pni pclmulqdq monitor ssse3 fma cx16 sse4_1 sse4_2 popcnt aes xsave avx f16c lahf_lm cmp_legacy svm extapic cr8_legacy abm sse4a misalignsse 3dnowprefetch osvw ibs xop skinit wdt lwp fma4 tce nodeid_msr tbm topoext perfctr_core perfctr_nb bpext cpb hw_pstate vmmcall fsgsbase bmi1 xsaveopt arat npt lbrv svm_lock nrip_save tsc_scale vmcb_clean flushbyasid decodeassists pausefilter pfthreshold
bugs		: fxsave_leak sysret_ss_attrs
bogomips	: 6188.43
TLB size	: 1536 4K pages
clflush size	: 64
cache_alignment	: 64
address sizes	: 48 bits physical, 48 bits virtual
power management: ts ttp tm 100mhzsteps hwpstate cpb eff_freq_ro [13]

processor	: 3
vendor_id	: AuthenticAMD
cpu family	: 21
model		: 48
model name	: AMD Athlon(tm) X4 840 Quad Core Processor
stepping	: 1
microcode	: 0x6003106
cpu MHz		: 3100.000
cache size	: 2048 KB
physical id	: 0
siblings	: 4
core id		: 3
cpu cores	: 2
apicid		: 19
initial apicid	: 3
fpu		: yes
fpu_exception	: yes
cpuid level	: 13
wp		: yes
flags		: fpu vme de pse tsc msr pae mce cx8 apic sep mtrr pge mca cmov pat pse36 clflush mmx fxsr sse sse2 ht syscall nx mmxext fxsr_opt pdpe1gb rdtscp lm constant_tsc rep_good nopl nonstop_tsc extd_apicid aperfmperf eagerfpu pni pclmulqdq monitor ssse3 fma cx16 sse4_1 sse4_2 popcnt aes xsave avx f16c lahf_lm cmp_legacy svm extapic cr8_legacy abm sse4a misalignsse 3dnowprefetch osvw ibs xop skinit wdt lwp fma4 tce nodeid_msr tbm topoext perfctr_core perfctr_nb bpext cpb hw_pstate vmmcall fsgsbase bmi1 xsaveopt arat npt lbrv svm_lock nrip_save tsc_scale vmcb_clean flushbyasid decodeassists pausefilter pfthreshold
bugs		: fxsave_leak sysret_ss_attrs
bogomips	: 6188.43
TLB size	: 1536 4K pages
clflush size	: 64
cache_alignment	: 64
address sizes	: 48 bits physical, 48 bits virtual
power management: ts ttp tm 100mhzsteps hwpstate cpb eff_freq_ro [13]



Memory: 4k page, physical 4070220k(110816k free), swap 4151292k(4104768k free)

vm_info: OpenJDK 64-Bit Server VM (25.111-b14) for linux-amd64 JRE (1.8.0_111-8u111-b14-2ubuntu0.16.04.2-b14), built on Oct 27 2016 18:10:19 by "buildd" with gcc 5.4.0 20160609

time: Thu Jan 12 05:20:46 2017
elapsed time: 1 seconds (0d 0h 0m 1s)

