#
# A fatal error has been detected by the Java Runtime Environment:
#
#  SIGSEGV (0xb) at pc=0x00007f2154ac8c9e, pid=5002, tid=0x00007f215522a700
#
# JRE version: OpenJDK Runtime Environment (8.0_111-b14) (build 1.8.0_111-8u111-b14-2ubuntu0.16.04.2-b14)
# Java VM: OpenJDK 64-Bit Server VM (25.111-b14 mixed mode linux-amd64 compressed oops)
# Problematic frame:
# C  [libc.so.6+0x9ec9e]
#
# Failed to write core dump. Core dumps have been disabled. To enable core dumping, try "ulimit -c unlimited" before starting Java again
#
# If you would like to submit a bug report, please visit:
#   http://bugreport.java.com/bugreport/crash.jsp
# The crash happened outside the Java Virtual Machine in native code.
# See problematic frame for where to report the bug.
#

---------------  T H R E A D  ---------------

Current thread (0x00007f214c00e000):  JavaThread "main" [_thread_in_native, id=5009, stack(0x00007f215512a000,0x00007f215522b000)]

siginfo: si_signo: 11 (SIGSEGV), si_code: 2 (SEGV_ACCERR), si_addr: 0x00007f214d91df00

Registers:
RAX=0x0000000066b42f10, RBX=0x00007f20e65db000, RCX=0x0000000000800000, RDX=0x0000000000400000
RSP=0x00007f21552288f8, RBP=0x00007f2155228980, RSI=0x00007f214d51df10, RDI=0x00007f20e65db000
R8 =0x0000000000001000, R9 =0x0000000000000001, R10=0x0000000000001000, R11=0x0000000000000246
R12=0x00007f214d51df10, R13=0x0000000000001000, R14=0x0000000000000400, R15=0x0000000000000001
RIP=0x00007f2154ac8c9e, EFLAGS=0x0000000000010202, CSGSFS=0x0000000000000033, ERR=0x0000000000000004
  TRAPNO=0x000000000000000e

Top of Stack: (sp=0x00007f21552288f8)
0x00007f21552288f8:   00007f210047509f 0000000000000400
0x00007f2155228908:   00007f214d51df10 0000000000001000
0x00007f2155228918:   0000000000000000 0000000000000000
0x00007f2155228928:   0000000000000000 0000000000000000
0x00007f2155228938:   0000004300001000 0000000000400000
0x00007f2155228948:   0000000000400000 0000000000000000
0x00007f2155228958:   00007f214c4b7fb0 00007f2155228b00
0x00007f2155228968:   00007f214d51df10 00007f214c68b250
0x00007f2155228978:   0000000000001000 00007f2155228a10
0x00007f2155228988:   00007f2100479297 0000000000000000
0x00007f2155228998:   0000000000000400 0000000000000400
0x00007f21552289a8:   0000000000000001 00007f214d51df10
0x00007f21552289b8:   0000000000001000 0000000000400000
0x00007f21552289c8:   0000000000000000 0000000000000000
0x00007f21552289d8:   0000000000000000 00007f214c7a92d0
0x00007f21552289e8:   3ecbeff1537a0600 0000000000400000
0x00007f21552289f8:   00007f214c644020 00007f214cbf8450
0x00007f2155228a08:   00007f214c628db0 00007f2155228c40
0x00007f2155228a18:   00007f2100254f3c 0000000000001000
0x00007f2155228a28:   0000000000400000 0000000000000000
0x00007f2155228a38:   000000000000000e 0000000000000000
0x00007f2155228a48:   0000000000000000 0000000000000000
0x00007f2155228a58:   3ecbeff1537a0600 0000000000000004
0x00007f2155228a68:   0000000000000000 0000000000000043
0x00007f2155228a78:   00007f214c65c550 00007f214c517980
0x00007f2155228a88:   000000000000000a 00007f214c4b7fb0
0x00007f2155228a98:   0000000000000de1 0000000000000000
0x00007f2155228aa8:   0000000200000000 00007f214c68b250
0x00007f2155228ab8:   00007f214d51df10 0000000000000000
0x00007f2155228ac8:   0000000a00000000 0000000000000004
0x00007f2155228ad8:   0000000000000000 0000000000000043
0x00007f2155228ae8:   3ecbeff1537a0600 0000000000000000 

Instructions: (pc=0x00007f2154ac8c9e)
0x00007f2154ac8c7e:   39 c8 0f 82 07 01 00 00 48 83 fa 10 0f 86 8b 01
0x00007f2154ac8c8e:   00 00 f3 44 0f 6f 06 48 83 fa 20 f3 44 0f 7f 07
0x00007f2154ac8c9e:   f3 44 0f 6f 44 16 f0 f3 44 0f 7f 44 17 f0 77 12
0x00007f2154ac8cae:   48 89 f8 c3 0f 1f 40 00 66 2e 0f 1f 84 00 00 00 

Register to memory mapping:

RAX=0x0000000066b42f10 is an unknown value
RBX=0x00007f20e65db000 is an unknown value
RCX=0x0000000000800000 is an unknown value
RDX=0x0000000000400000: <offset 0> in /usr/lib/jvm/java-8-openjdk-amd64/bin/java at 0x0000000000400000
RSP=0x00007f21552288f8 is pointing into the stack for thread: 0x00007f214c00e000
RBP=0x00007f2155228980 is pointing into the stack for thread: 0x00007f214c00e000
RSI=0x00007f214d51df10 is an unknown value
RDI=0x00007f20e65db000 is an unknown value
R8 =0x0000000000001000 is an unknown value
R9 =0x0000000000000001 is an unknown value
R10=0x0000000000001000 is an unknown value
R11=0x0000000000000246 is an unknown value
R12=0x00007f214d51df10 is an unknown value
R13=0x0000000000001000 is an unknown value
R14=0x0000000000000400 is an unknown value
R15=0x0000000000000001 is an unknown value


Stack: [0x00007f215512a000,0x00007f215522b000],  sp=0x00007f21552288f8,  free space=1018k
Native frames: (J=compiled Java code, j=interpreted, Vv=VM code, C=native code)
C  [libc.so.6+0x9ec9e]
C  [radeonsi_dri.so+0x417297]
C  [radeonsi_dri.so+0x1f2f3c]
C  [radeonsi_dri.so+0x1f48bb]
C  [radeonsi_dri.so+0x17641a]
C  [radeonsi_dri.so+0x17722d]
j  org.lwjgl.system.JNI.callPV(JIIIIIIIIJ)V+0
j  org.lwjgl.opengl.GL11.nglTexImage2D(IIIIIIIIJ)V+24
j  org.lwjgl.opengl.GL11.glTexImage2D(IIIIIIIILjava/nio/ByteBuffer;)V+17
j  Main.Loader.createTextureFromByteBuffer(Ljava/nio/ByteBuffer;II)LMain/Texture;+52
j  Terrains.Terrain.generateTerrain()V+363
j  Main.Game.<init>(LMain/Window;)V+169
j  Main.Main.<init>()V+116
j  Main.Main.main([Ljava/lang/String;)V+4
v  ~StubRoutines::call_stub
V  [libjvm.so+0x66088b]
V  [libjvm.so+0x935a26]
V  [libjvm.so+0x93773f]
V  [libjvm.so+0x6ac489]  JVM_InvokeMethod+0x119
j  sun.reflect.NativeMethodAccessorImpl.invoke0(Ljava/lang/reflect/Method;Ljava/lang/Object;[Ljava/lang/Object;)Ljava/lang/Object;+0
j  sun.reflect.NativeMethodAccessorImpl.invoke(Ljava/lang/Object;[Ljava/lang/Object;)Ljava/lang/Object;+100
j  sun.reflect.DelegatingMethodAccessorImpl.invoke(Ljava/lang/Object;[Ljava/lang/Object;)Ljava/lang/Object;+6
j  java.lang.reflect.Method.invoke(Ljava/lang/Object;[Ljava/lang/Object;)Ljava/lang/Object;+56
j  com.intellij.rt.execution.application.AppMain.main([Ljava/lang/String;)V+180
v  ~StubRoutines::call_stub
V  [libjvm.so+0x66088b]
V  [libjvm.so+0x6825ce]
V  [libjvm.so+0x684eff]
C  [libjli.so+0x3552]
C  [libjli.so+0x73dd]
C  [libpthread.so.0+0x76ba]  start_thread+0xca

Java frames: (J=compiled Java code, j=interpreted, Vv=VM code)
j  org.lwjgl.system.JNI.callPV(JIIIIIIIIJ)V+0
j  org.lwjgl.opengl.GL11.nglTexImage2D(IIIIIIIIJ)V+24
j  org.lwjgl.opengl.GL11.glTexImage2D(IIIIIIIILjava/nio/ByteBuffer;)V+17
j  Main.Loader.createTextureFromByteBuffer(Ljava/nio/ByteBuffer;II)LMain/Texture;+52
j  Terrains.Terrain.generateTerrain()V+363
j  Main.Game.<init>(LMain/Window;)V+169
j  Main.Main.<init>()V+116
j  Main.Main.main([Ljava/lang/String;)V+4
v  ~StubRoutines::call_stub
j  sun.reflect.NativeMethodAccessorImpl.invoke0(Ljava/lang/reflect/Method;Ljava/lang/Object;[Ljava/lang/Object;)Ljava/lang/Object;+0
j  sun.reflect.NativeMethodAccessorImpl.invoke(Ljava/lang/Object;[Ljava/lang/Object;)Ljava/lang/Object;+100
j  sun.reflect.DelegatingMethodAccessorImpl.invoke(Ljava/lang/Object;[Ljava/lang/Object;)Ljava/lang/Object;+6
j  java.lang.reflect.Method.invoke(Ljava/lang/Object;[Ljava/lang/Object;)Ljava/lang/Object;+56
j  com.intellij.rt.execution.application.AppMain.main([Ljava/lang/String;)V+180
v  ~StubRoutines::call_stub

---------------  P R O C E S S  ---------------

Java Threads: ( => current thread )
  0x00007f214cc0b800 JavaThread "Java2D Disposer" daemon [_thread_blocked, id=5033, stack(0x00007f20f4a6e000,0x00007f20f4b6f000)]
  0x00007f214c34f000 JavaThread "Monitor Ctrl-Break" daemon [_thread_in_native, id=5023, stack(0x00007f21391d1000,0x00007f21392d2000)]
  0x00007f214c0be000 JavaThread "Service Thread" daemon [_thread_blocked, id=5021, stack(0x00007f2139885000,0x00007f2139986000)]
  0x00007f214c0b6800 JavaThread "C1 CompilerThread2" daemon [_thread_blocked, id=5020, stack(0x00007f2139986000,0x00007f2139a87000)]
  0x00007f214c0b5000 JavaThread "C2 CompilerThread1" daemon [_thread_blocked, id=5019, stack(0x00007f2139a87000,0x00007f2139b88000)]
  0x00007f214c0b2000 JavaThread "C2 CompilerThread0" daemon [_thread_blocked, id=5018, stack(0x00007f2139b88000,0x00007f2139c89000)]
  0x00007f214c0b0000 JavaThread "Signal Dispatcher" daemon [_thread_blocked, id=5017, stack(0x00007f2139c89000,0x00007f2139d8a000)]
  0x00007f214c087800 JavaThread "Finalizer" daemon [_thread_blocked, id=5016, stack(0x00007f213a1e1000,0x00007f213a2e2000)]
  0x00007f214c083000 JavaThread "Reference Handler" daemon [_thread_blocked, id=5015, stack(0x00007f213a2e2000,0x00007f213a3e3000)]
=>0x00007f214c00e000 JavaThread "main" [_thread_in_native, id=5009, stack(0x00007f215512a000,0x00007f215522b000)]

Other Threads:
  0x00007f214c07b000 VMThread [stack: 0x00007f213a3e3000,0x00007f213a4e4000] [id=5014]
  0x00007f214c0c0800 WatcherThread [stack: 0x00007f2139784000,0x00007f2139885000] [id=5022]

VM state:not at safepoint (normal execution)

VM Mutex/Monitor currently owned by a thread: None

Heap:
 PSYoungGen      total 69120K, used 52347K [0x00000000eb500000, 0x00000000efc00000, 0x0000000100000000)
  eden space 65536K, 77% used [0x00000000eb500000,0x00000000ee692c20,0x00000000ef500000)
  from space 3584K, 44% used [0x00000000ef880000,0x00000000efa0c010,0x00000000efc00000)
  to   space 3584K, 0% used [0x00000000ef500000,0x00000000ef500000,0x00000000ef880000)
 ParOldGen       total 44032K, used 13752K [0x00000000c1e00000, 0x00000000c4900000, 0x00000000eb500000)
  object space 44032K, 31% used [0x00000000c1e00000,0x00000000c2b6e228,0x00000000c4900000)
 Metaspace       used 10920K, capacity 11035K, committed 11264K, reserved 1058816K
  class space    used 972K, capacity 1023K, committed 1024K, reserved 1048576K

Card table byte_map: [0x00007f2151588000,0x00007f215177a000] byte_map_base: 0x00007f2150f79000

Marking Bits: (ParMarkBitMap*) 0x00007f21543bf220
 Begin Bits: [0x00007f213b0f0000, 0x00007f213c078000)
 End Bits:   [0x00007f213c078000, 0x00007f213d000000)

Polling page: 0x00007f2155129000

CodeCache: size=245760Kb used=3494Kb max_used=3505Kb free=242265Kb
 bounds [0x00007f213d000000, 0x00007f213d380000, 0x00007f214c000000]
 total_blobs=1689 nmethods=870 adapters=735
 compilation: enabled

Compilation events (10 events):
Event: 2,105 Thread 0x00007f214c0b6800  866 %     3       com.sun.imageio.plugins.png.PNGImageReader::decodePaethFilter @ 56 (143 bytes)
Event: 2,106 Thread 0x00007f214c0b6800 nmethod 866% 0x00007f213d357fd0 code [0x00007f213d358180, 0x00007f213d3586c8]
Event: 2,106 Thread 0x00007f214c0b6800  867       3       com.sun.imageio.plugins.png.PNGImageReader::decodePaethFilter (143 bytes)
Event: 2,107 Thread 0x00007f214c0b6800 nmethod 867 0x00007f213d3668d0 code [0x00007f213d366a80, 0x00007f213d366ea8]
Event: 2,108 Thread 0x00007f214c0b5000  868 %     4       com.sun.imageio.plugins.png.PNGImageReader::decodePaethFilter @ 56 (143 bytes)
Event: 2,115 Thread 0x00007f214c0b5000 nmethod 868% 0x00007f213d36a610 code [0x00007f213d36a780, 0x00007f213d36adf8]
Event: 2,115 Thread 0x00007f214c0b2000  869       4       com.sun.imageio.plugins.png.PNGImageReader::decodePaethFilter (143 bytes)
Event: 2,123 Thread 0x00007f214c0b2000 nmethod 869 0x00007f213d362350 code [0x00007f213d3624a0, 0x00007f213d3627f8]
Event: 2,131 Thread 0x00007f214c0b5000  870       4       com.sun.imageio.plugins.png.PNGImageReader::updateImageProgress (29 bytes)
Event: 2,132 Thread 0x00007f214c0b5000 nmethod 870 0x00007f213d363790 code [0x00007f213d363900, 0x00007f213d363998]

GC Heap History (10 events):
Event: 1,467 GC heap before
{Heap before GC invocations=2 (full 0):
 PSYoungGen      total 18944K, used 18932K [0x00000000eb500000, 0x00000000eca00000, 0x0000000100000000)
  eden space 16384K, 100% used [0x00000000eb500000,0x00000000ec500000,0x00000000ec500000)
  from space 2560K, 99% used [0x00000000ec500000,0x00000000ec77d160,0x00000000ec780000)
  to   space 2560K, 0% used [0x00000000ec780000,0x00000000ec780000,0x00000000eca00000)
 ParOldGen       total 44032K, used 455K [0x00000000c1e00000, 0x00000000c4900000, 0x00000000eb500000)
  object space 44032K, 1% used [0x00000000c1e00000,0x00000000c1e71ce8,0x00000000c4900000)
 Metaspace       used 10761K, capacity 10971K, committed 11264K, reserved 1058816K
  class space    used 960K, capacity 1023K, committed 1024K, reserved 1048576K
Event: 1,473 GC heap after
Heap after GC invocations=2 (full 0):
 PSYoungGen      total 18944K, used 2528K [0x00000000eb500000, 0x00000000eca00000, 0x0000000100000000)
  eden space 16384K, 0% used [0x00000000eb500000,0x00000000eb500000,0x00000000ec500000)
  from space 2560K, 98% used [0x00000000ec780000,0x00000000ec9f8010,0x00000000eca00000)
  to   space 2560K, 0% used [0x00000000ec500000,0x00000000ec500000,0x00000000ec780000)
 ParOldGen       total 44032K, used 1108K [0x00000000c1e00000, 0x00000000c4900000, 0x00000000eb500000)
  object space 44032K, 2% used [0x00000000c1e00000,0x00000000c1f151e8,0x00000000c4900000)
 Metaspace       used 10761K, capacity 10971K, committed 11264K, reserved 1058816K
  class space    used 960K, capacity 1023K, committed 1024K, reserved 1048576K
}
Event: 1,494 GC heap before
{Heap before GC invocations=3 (full 0):
 PSYoungGen      total 18944K, used 18912K [0x00000000eb500000, 0x00000000eca00000, 0x0000000100000000)
  eden space 16384K, 100% used [0x00000000eb500000,0x00000000ec500000,0x00000000ec500000)
  from space 2560K, 98% used [0x00000000ec780000,0x00000000ec9f8010,0x00000000eca00000)
  to   space 2560K, 0% used [0x00000000ec500000,0x00000000ec500000,0x00000000ec780000)
 ParOldGen       total 44032K, used 1108K [0x00000000c1e00000, 0x00000000c4900000, 0x00000000eb500000)
  object space 44032K, 2% used [0x00000000c1e00000,0x00000000c1f151e8,0x00000000c4900000)
 Metaspace       used 10761K, capacity 10971K, committed 11264K, reserved 1058816K
  class space    used 960K, capacity 1023K, committed 1024K, reserved 1048576K
Event: 1,498 GC heap after
Heap after GC invocations=3 (full 0):
 PSYoungGen      total 18944K, used 2528K [0x00000000eb500000, 0x00000000eda00000, 0x0000000100000000)
  eden space 16384K, 0% used [0x00000000eb500000,0x00000000eb500000,0x00000000ec500000)
  from space 2560K, 98% used [0x00000000ec500000,0x00000000ec778010,0x00000000ec780000)
  to   space 2560K, 0% used [0x00000000ed780000,0x00000000ed780000,0x00000000eda00000)
 ParOldGen       total 44032K, used 1148K [0x00000000c1e00000, 0x00000000c4900000, 0x00000000eb500000)
  object space 44032K, 2% used [0x00000000c1e00000,0x00000000c1f1f1e8,0x00000000c4900000)
 Metaspace       used 10761K, capacity 10971K, committed 11264K, reserved 1058816K
  class space    used 960K, capacity 1023K, committed 1024K, reserved 1048576K
}
Event: 1,745 GC heap before
{Heap before GC invocations=4 (full 0):
 PSYoungGen      total 18944K, used 18912K [0x00000000eb500000, 0x00000000eda00000, 0x0000000100000000)
  eden space 16384K, 100% used [0x00000000eb500000,0x00000000ec500000,0x00000000ec500000)
  from space 2560K, 98% used [0x00000000ec500000,0x00000000ec778010,0x00000000ec780000)
  to   space 2560K, 0% used [0x00000000ed780000,0x00000000ed780000,0x00000000eda00000)
 ParOldGen       total 44032K, used 1148K [0x00000000c1e00000, 0x00000000c4900000, 0x00000000eb500000)
  object space 44032K, 2% used [0x00000000c1e00000,0x00000000c1f1f1e8,0x00000000c4900000)
 Metaspace       used 10822K, capacity 10971K, committed 11264K, reserved 1058816K
  class space    used 966K, capacity 1023K, committed 1024K, reserved 1048576K
Event: 1,750 GC heap after
Heap after GC invocations=4 (full 0):
 PSYoungGen      total 35328K, used 2545K [0x00000000eb500000, 0x00000000eda00000, 0x0000000100000000)
  eden space 32768K, 0% used [0x00000000eb500000,0x00000000eb500000,0x00000000ed500000)
  from space 2560K, 99% used [0x00000000ed780000,0x00000000ed9fc410,0x00000000eda00000)
  to   space 2560K, 0% used [0x00000000ed500000,0x00000000ed500000,0x00000000ed780000)
 ParOldGen       total 44032K, used 1408K [0x00000000c1e00000, 0x00000000c4900000, 0x00000000eb500000)
  object space 44032K, 3% used [0x00000000c1e00000,0x00000000c1f601f8,0x00000000c4900000)
 Metaspace       used 10822K, capacity 10971K, committed 11264K, reserved 1058816K
  class space    used 966K, capacity 1023K, committed 1024K, reserved 1048576K
}
Event: 1,809 GC heap before
{Heap before GC invocations=5 (full 0):
 PSYoungGen      total 35328K, used 35313K [0x00000000eb500000, 0x00000000eda00000, 0x0000000100000000)
  eden space 32768K, 100% used [0x00000000eb500000,0x00000000ed500000,0x00000000ed500000)
  from space 2560K, 99% used [0x00000000ed780000,0x00000000ed9fc410,0x00000000eda00000)
  to   space 2560K, 0% used [0x00000000ed500000,0x00000000ed500000,0x00000000ed780000)
 ParOldGen       total 44032K, used 1408K [0x00000000c1e00000, 0x00000000c4900000, 0x00000000eb500000)
  object space 44032K, 3% used [0x00000000c1e00000,0x00000000c1f601f8,0x00000000c4900000)
 Metaspace       used 10822K, capacity 10971K, committed 11264K, reserved 1058816K
  class space    used 966K, capacity 1023K, committed 1024K, reserved 1048576K
Event: 1,811 GC heap after
Heap after GC invocations=5 (full 0):
 PSYoungGen      total 35328K, used 2528K [0x00000000eb500000, 0x00000000efc00000, 0x0000000100000000)
  eden space 32768K, 0% used [0x00000000eb500000,0x00000000eb500000,0x00000000ed500000)
  from space 2560K, 98% used [0x00000000ed500000,0x00000000ed778010,0x00000000ed780000)
  to   space 3584K, 0% used [0x00000000ef880000,0x00000000ef880000,0x00000000efc00000)
 ParOldGen       total 44032K, used 1456K [0x00000000c1e00000, 0x00000000c4900000, 0x00000000eb500000)
  object space 44032K, 3% used [0x00000000c1e00000,0x00000000c1f6c1f8,0x00000000c4900000)
 Metaspace       used 10822K, capacity 10971K, committed 11264K, reserved 1058816K
  class space    used 966K, capacity 1023K, committed 1024K, reserved 1048576K
}
Event: 1,952 GC heap before
{Heap before GC invocations=6 (full 0):
 PSYoungGen      total 35328K, used 35296K [0x00000000eb500000, 0x00000000efc00000, 0x0000000100000000)
  eden space 32768K, 100% used [0x00000000eb500000,0x00000000ed500000,0x00000000ed500000)
  from space 2560K, 98% used [0x00000000ed500000,0x00000000ed778010,0x00000000ed780000)
  to   space 3584K, 0% used [0x00000000ef880000,0x00000000ef880000,0x00000000efc00000)
 ParOldGen       total 44032K, used 1456K [0x00000000c1e00000, 0x00000000c4900000, 0x00000000eb500000)
  object space 44032K, 3% used [0x00000000c1e00000,0x00000000c1f6c1f8,0x00000000c4900000)
 Metaspace       used 10917K, capacity 11035K, committed 11264K, reserved 1058816K
  class space    used 972K, capacity 1023K, committed 1024K, reserved 1048576K
Event: 1,962 GC heap after
Heap after GC invocations=6 (full 0):
 PSYoungGen      total 69120K, used 1584K [0x00000000eb500000, 0x00000000efc00000, 0x0000000100000000)
  eden space 65536K, 0% used [0x00000000eb500000,0x00000000eb500000,0x00000000ef500000)
  from space 3584K, 44% used [0x00000000ef880000,0x00000000efa0c010,0x00000000efc00000)
  to   space 3584K, 0% used [0x00000000ef500000,0x00000000ef500000,0x00000000ef880000)
 ParOldGen       total 44032K, used 13752K [0x00000000c1e00000, 0x00000000c4900000, 0x00000000eb500000)
  object space 44032K, 31% used [0x00000000c1e00000,0x00000000c2b6e228,0x00000000c4900000)
 Metaspace       used 10917K, capacity 11035K, committed 11264K, reserved 1058816K
  class space    used 972K, capacity 1023K, committed 1024K, reserved 1048576K
}

Deoptimization events (10 events):
Event: 0,254 Thread 0x00007f214c00e000 Uncommon trap: reason=unstable_if action=reinterpret pc=0x00007f213d120f44 method=java.lang.String.indexOf(II)I @ 49
Event: 0,257 Thread 0x00007f214c00e000 Uncommon trap: reason=unstable_if action=reinterpret pc=0x00007f213d119770 method=java.lang.String.hashCode()I @ 14
Event: 0,936 Thread 0x00007f214c00e000 Uncommon trap: reason=unstable_if action=reinterpret pc=0x00007f213d1bdaf8 method=java.lang.String.replace(CC)Ljava/lang/String; @ 26
Event: 0,963 Thread 0x00007f214c00e000 Uncommon trap: reason=unstable_if action=reinterpret pc=0x00007f213d25781c method=java.lang.AbstractStringBuilder.append(Ljava/lang/String;)Ljava/lang/AbstractStringBuilder; @ 1
Event: 1,092 Thread 0x00007f214c00e000 Uncommon trap: reason=unstable_if action=reinterpret pc=0x00007f213d1bb9ec method=java.lang.String.indexOf([CII[CIII)I @ 3
Event: 1,250 Thread 0x00007f214c00e000 Uncommon trap: reason=unstable_if action=reinterpret pc=0x00007f213d2954dc method=org.sqlite.SQLiteJDBCLoader.contentsEquals(Ljava/io/InputStream;Ljava/io/InputStream;)Z @ 39
Event: 1,498 Thread 0x00007f214c00e000 Uncommon trap: reason=unstable_if action=reinterpret pc=0x00007f213d311810 method=Main.Loader.loadImageFileToByteBuffer(Ljava/lang/String;)Ljava/nio/ByteBuffer; @ 48
Event: 1,697 Thread 0x00007f214c00e000 Uncommon trap: reason=unstable_if action=reinterpret pc=0x00007f213d33121c method=Main.Wind.spreadMoisture([[F[[FFF)[[F @ 204
Event: 1,705 Thread 0x00007f214c00e000 Uncommon trap: reason=unstable_if action=reinterpret pc=0x00007f213d31c444 method=Main.BiomeGenerator.evaluateTerrain(FFF)F @ 30
Event: 1,826 Thread 0x00007f214c00e000 Uncommon trap: reason=unstable_if action=reinterpret pc=0x00007f213d33f230 method=com.sun.imageio.plugins.common.SubImageInputStream.read([BII)I @ 4

Internal exceptions (10 events):
Event: 0,672 Thread 0x00007f214c00e000 Exception <a 'sun/nio/fs/UnixException'> (0x00000000ebb9e220) thrown at [/build/openjdk-8-8jAw7G/openjdk-8-8u111-b14/src/hotspot/src/share/vm/prims/jni.cpp, line 709]
Event: 0,672 Thread 0x00007f214c00e000 Exception <a 'sun/nio/fs/UnixException'> (0x00000000ebb9ea68) thrown at [/build/openjdk-8-8jAw7G/openjdk-8-8u111-b14/src/hotspot/src/share/vm/prims/jni.cpp, line 709]
Event: 0,672 Thread 0x00007f214c00e000 Exception <a 'sun/nio/fs/UnixException'> (0x00000000ebb9f1d0) thrown at [/build/openjdk-8-8jAw7G/openjdk-8-8u111-b14/src/hotspot/src/share/vm/prims/jni.cpp, line 709]
Event: 0,672 Thread 0x00007f214c00e000 Exception <a 'sun/nio/fs/UnixException'> (0x00000000ebb9f9f0) thrown at [/build/openjdk-8-8jAw7G/openjdk-8-8u111-b14/src/hotspot/src/share/vm/prims/jni.cpp, line 709]
Event: 0,672 Thread 0x00007f214c00e000 Exception <a 'sun/nio/fs/UnixException'> (0x00000000ebba0110) thrown at [/build/openjdk-8-8jAw7G/openjdk-8-8u111-b14/src/hotspot/src/share/vm/prims/jni.cpp, line 709]
Event: 0,672 Thread 0x00007f214c00e000 Exception <a 'sun/nio/fs/UnixException'> (0x00000000ebba0780) thrown at [/build/openjdk-8-8jAw7G/openjdk-8-8u111-b14/src/hotspot/src/share/vm/prims/jni.cpp, line 709]
Event: 0,672 Thread 0x00007f214c00e000 Exception <a 'sun/nio/fs/UnixException'> (0x00000000ebba0e60) thrown at [/build/openjdk-8-8jAw7G/openjdk-8-8u111-b14/src/hotspot/src/share/vm/prims/jni.cpp, line 709]
Event: 0,963 Thread 0x00007f214c00e000 Implicit null exception at 0x00007f213d257476 to 0x00007f213d257805
Event: 1,376 Thread 0x00007f214c00e000 Exception <a 'java/io/FileNotFoundException'> (0x00000000ebbafb80) thrown at [/build/openjdk-8-8jAw7G/openjdk-8-8u111-b14/src/hotspot/src/share/vm/prims/jni.cpp, line 709]
Event: 1,376 Thread 0x00007f214c00e000 Exception <a 'java/io/FileNotFoundException'> (0x00000000ebbb0568) thrown at [/build/openjdk-8-8jAw7G/openjdk-8-8u111-b14/src/hotspot/src/share/vm/prims/jni.cpp, line 709]

Events (10 events):
Event: 2,122 Thread 0x00007f214c00e000 DEOPT PACKING pc=0x00007f213d366dc3 sp=0x00007f2155228ad0
Event: 2,122 Thread 0x00007f214c00e000 DEOPT UNPACKING pc=0x00007f213d046f73 sp=0x00007f2155228838 mode 0
Event: 2,122 Thread 0x00007f214c00e000 DEOPT PACKING pc=0x00007f213d366dc3 sp=0x00007f2155228ad0
Event: 2,122 Thread 0x00007f214c00e000 DEOPT UNPACKING pc=0x00007f213d046f73 sp=0x00007f2155228838 mode 0
Event: 2,122 Thread 0x00007f214c00e000 DEOPT PACKING pc=0x00007f213d366dc3 sp=0x00007f2155228ad0
Event: 2,122 Thread 0x00007f214c00e000 DEOPT UNPACKING pc=0x00007f213d046f73 sp=0x00007f2155228838 mode 0
Event: 2,123 Thread 0x00007f214c00e000 DEOPT PACKING pc=0x00007f213d366dc3 sp=0x00007f2155228ad0
Event: 2,123 Thread 0x00007f214c00e000 DEOPT UNPACKING pc=0x00007f213d046f73 sp=0x00007f2155228838 mode 0
Event: 2,123 Thread 0x00007f214c00e000 DEOPT PACKING pc=0x00007f213d366dc3 sp=0x00007f2155228ad0
Event: 2,123 Thread 0x00007f214c00e000 DEOPT UNPACKING pc=0x00007f213d046f73 sp=0x00007f2155228838 mode 0


Dynamic libraries:
00400000-00401000 r-xp 00000000 08:02 11408795                           /usr/lib/jvm/java-8-openjdk-amd64/jre/bin/java
00600000-00601000 r--p 00000000 08:02 11408795                           /usr/lib/jvm/java-8-openjdk-amd64/jre/bin/java
00601000-00602000 rw-p 00001000 08:02 11408795                           /usr/lib/jvm/java-8-openjdk-amd64/jre/bin/java
01809000-0182a000 rw-p 00000000 00:00 0                                  [heap]
c1e00000-c4900000 rw-p 00000000 00:00 0 
c4900000-eb500000 ---p 00000000 00:00 0 
eb500000-efc00000 rw-p 00000000 00:00 0 
efc00000-100000000 ---p 00000000 00:00 0 
100000000-100100000 rw-p 00000000 00:00 0 
100100000-140000000 ---p 00000000 00:00 0 
7f20dc000000-7f20dc021000 rw-p 00000000 00:00 0 
7f20dc021000-7f20e0000000 ---p 00000000 00:00 0 
7f20e0000000-7f20e0193000 rw-p 00000000 00:00 0 
7f20e0193000-7f20e4000000 ---p 00000000 00:00 0 
7f20e65db000-7f20e69db000 rw-s 1531c9000 00:06 368                       /dev/dri/renderD128
7f20e69db000-7f20e6ddb000 rw-s 1527c9000 00:06 368                       /dev/dri/renderD128
7f20e6de2000-7f20e71e2000 rw-s 150680000 00:06 368                       /dev/dri/renderD128
7f20e71e5000-7f20e75e5000 rw-s 14eedb000 00:06 368                       /dev/dri/renderD128
7f20e78e3000-7f20e79e3000 rw-s 152cc9000 00:06 368                       /dev/dri/renderD128
7f20e79ea000-7f20e7dea000 rw-s 14fe80000 00:06 368                       /dev/dri/renderD128
7f20e7dea000-7f20e7df9000 r-xp 00000000 08:02 9707414                    /usr/lib/x86_64-linux-gnu/libXi.so.6.1.0
7f20e7df9000-7f20e7ff8000 ---p 0000f000 08:02 9707414                    /usr/lib/x86_64-linux-gnu/libXi.so.6.1.0
7f20e7ff8000-7f20e7ff9000 r--p 0000e000 08:02 9707414                    /usr/lib/x86_64-linux-gnu/libXi.so.6.1.0
7f20e7ff9000-7f20e7ffa000 rw-p 0000f000 08:02 9707414                    /usr/lib/x86_64-linux-gnu/libXi.so.6.1.0
7f20e8000000-7f20e81ad000 rw-p 00000000 00:00 0 
7f20e81ad000-7f20ec000000 ---p 00000000 00:00 0 
7f20ec000000-7f20ec1ac000 rw-p 00000000 00:00 0 
7f20ec1ac000-7f20f0000000 ---p 00000000 00:00 0 
7f20f0000000-7f20f0179000 rw-p 00000000 00:00 0 
7f20f0179000-7f20f4000000 ---p 00000000 00:00 0 
7f20f40c2000-7f20f40c7000 r-xp 00000000 08:02 9707432                    /usr/lib/x86_64-linux-gnu/libXtst.so.6.1.0
7f20f40c7000-7f20f42c6000 ---p 00005000 08:02 9707432                    /usr/lib/x86_64-linux-gnu/libXtst.so.6.1.0
7f20f42c6000-7f20f42c7000 r--p 00004000 08:02 9707432                    /usr/lib/x86_64-linux-gnu/libXtst.so.6.1.0
7f20f42c7000-7f20f42c8000 rw-p 00005000 08:02 9707432                    /usr/lib/x86_64-linux-gnu/libXtst.so.6.1.0
7f20f42ca000-7f20f431e000 r-xp 00000000 08:02 11284722                   /usr/lib/jvm/java-8-openjdk-amd64/jre/lib/amd64/libawt_xawt.so
7f20f431e000-7f20f451e000 ---p 00054000 08:02 11284722                   /usr/lib/jvm/java-8-openjdk-amd64/jre/lib/amd64/libawt_xawt.so
7f20f451e000-7f20f451f000 r--p 00054000 08:02 11284722                   /usr/lib/jvm/java-8-openjdk-amd64/jre/lib/amd64/libawt_xawt.so
7f20f451f000-7f20f4522000 rw-p 00055000 08:02 11284722                   /usr/lib/jvm/java-8-openjdk-amd64/jre/lib/amd64/libawt_xawt.so
7f20f4522000-7f20f4523000 rw-p 00000000 00:00 0 
7f20f452a000-7f20f45ca000 r-xp 00000000 08:02 11284729                   /usr/lib/jvm/java-8-openjdk-amd64/jre/lib/amd64/libawt.so
7f20f45ca000-7f20f47ca000 ---p 000a0000 08:02 11284729                   /usr/lib/jvm/java-8-openjdk-amd64/jre/lib/amd64/libawt.so
7f20f47ca000-7f20f47cb000 r--p 000a0000 08:02 11284729                   /usr/lib/jvm/java-8-openjdk-amd64/jre/lib/amd64/libawt.so
7f20f47cb000-7f20f47d6000 rw-p 000a1000 08:02 11284729                   /usr/lib/jvm/java-8-openjdk-amd64/jre/lib/amd64/libawt.so
7f20f47d6000-7f20f47fb000 rw-p 00000000 00:00 0 
7f20f4800000-7f20f4a00000 rw-p 00000000 00:00 0 
7f20f4a6e000-7f20f4a71000 ---p 00000000 00:00 0 
7f20f4a71000-7f20f4bda000 rw-p 00000000 00:00 0 
7f20f4bda000-7f20f4cb9000 r-xp 00000000 08:02 10750820                   /tmp/sqlite-3.14.2.1-b2727840-751d-4bce-beda-c3812f8ca644-libsqlitejdbc.so
7f20f4cb9000-7f20f4eb9000 ---p 000df000 08:02 10750820                   /tmp/sqlite-3.14.2.1-b2727840-751d-4bce-beda-c3812f8ca644-libsqlitejdbc.so
7f20f4eb9000-7f20f4ebe000 rw-p 000df000 08:02 10750820                   /tmp/sqlite-3.14.2.1-b2727840-751d-4bce-beda-c3812f8ca644-libsqlitejdbc.so
7f20f4ebe000-7f20f50be000 rw-p 00000000 00:00 0 
7f20f50be000-7f20f50bf000 ---p 00000000 00:00 0 
7f20f50bf000-7f20f58bf000 rw-p 00000000 00:00 0 
7f20f58bf000-7f20f58c0000 ---p 00000000 00:00 0 
7f20f58c0000-7f20f60c0000 rw-p 00000000 00:00 0 
7f20f60c0000-7f20f60c1000 ---p 00000000 00:00 0 
7f20f60c1000-7f20f68c1000 rw-p 00000000 00:00 0 
7f20f68c1000-7f20f68c2000 ---p 00000000 00:00 0 
7f20f68c2000-7f20f70c2000 rw-p 00000000 00:00 0 
7f20f70c2000-7f20f70f9000 r-xp 00000000 08:02 9708578                    /usr/lib/x86_64-linux-gnu/libtxc_dxtn_s2tc.so.0.0.0
7f20f70f9000-7f20f72f8000 ---p 00037000 08:02 9708578                    /usr/lib/x86_64-linux-gnu/libtxc_dxtn_s2tc.so.0.0.0
7f20f72f8000-7f20f72f9000 r--p 00036000 08:02 9708578                    /usr/lib/x86_64-linux-gnu/libtxc_dxtn_s2tc.so.0.0.0
7f20f72f9000-7f20f72fa000 rw-p 00037000 08:02 9708578                    /usr/lib/x86_64-linux-gnu/libtxc_dxtn_s2tc.so.0.0.0
7f20f7301000-7f20f7302000 ---p 00000000 00:00 0 
7f20f7302000-7f20f7b02000 rw-p 00000000 00:00 0 
7f20f7b02000-7f20f7b15000 r-xp 00000000 08:02 659870                     /lib/x86_64-linux-gnu/libbsd.so.0.8.2
7f20f7b15000-7f20f7d14000 ---p 00013000 08:02 659870                     /lib/x86_64-linux-gnu/libbsd.so.0.8.2
7f20f7d14000-7f20f7d15000 r--p 00012000 08:02 659870                     /lib/x86_64-linux-gnu/libbsd.so.0.8.2
7f20f7d15000-7f20f7d16000 rw-p 00013000 08:02 659870                     /lib/x86_64-linux-gnu/libbsd.so.0.8.2
7f20f7d16000-7f20f7d17000 rw-p 00000000 00:00 0 
7f20f7d1a000-7f20f7d3f000 r-xp 00000000 08:02 660046                     /lib/x86_64-linux-gnu/libtinfo.so.5.9
7f20f7d3f000-7f20f7f3e000 ---p 00025000 08:02 660046                     /lib/x86_64-linux-gnu/libtinfo.so.5.9
7f20f7f3e000-7f20f7f42000 r--p 00024000 08:02 660046                     /lib/x86_64-linux-gnu/libtinfo.so.5.9
7f20f7f42000-7f20f7f43000 rw-p 00028000 08:02 660046                     /lib/x86_64-linux-gnu/libtinfo.so.5.9
7f20f7f4a000-7f20f7f7b000 r-xp 00000000 08:02 9707727                    /usr/lib/x86_64-linux-gnu/libedit.so.2.0.53
7f20f7f7b000-7f20f817b000 ---p 00031000 08:02 9707727                    /usr/lib/x86_64-linux-gnu/libedit.so.2.0.53
7f20f817b000-7f20f817d000 r--p 00031000 08:02 9707727                    /usr/lib/x86_64-linux-gnu/libedit.so.2.0.53
7f20f817d000-7f20f817e000 rw-p 00033000 08:02 9707727                    /usr/lib/x86_64-linux-gnu/libedit.so.2.0.53
7f20f817e000-7f20f8182000 rw-p 00000000 00:00 0 
7f20f8182000-7f20f8189000 r-xp 00000000 08:02 9707775                    /usr/lib/x86_64-linux-gnu/libffi.so.6.0.4
7f20f8189000-7f20f8388000 ---p 00007000 08:02 9707775                    /usr/lib/x86_64-linux-gnu/libffi.so.6.0.4
7f20f8388000-7f20f8389000 r--p 00006000 08:02 9707775                    /usr/lib/x86_64-linux-gnu/libffi.so.6.0.4
7f20f8389000-7f20f838a000 rw-p 00007000 08:02 9707775                    /usr/lib/x86_64-linux-gnu/libffi.so.6.0.4
7f20f838a000-7f20f8392000 r-xp 00000000 08:02 9708340                    /usr/lib/x86_64-linux-gnu/libpciaccess.so.0.11.1
7f20f8392000-7f20f8592000 ---p 00008000 08:02 9708340                    /usr/lib/x86_64-linux-gnu/libpciaccess.so.0.11.1
7f20f8592000-7f20f8593000 r--p 00008000 08:02 9708340                    /usr/lib/x86_64-linux-gnu/libpciaccess.so.0.11.1
7f20f8593000-7f20f8594000 rw-p 00009000 08:02 9708340                    /usr/lib/x86_64-linux-gnu/libpciaccess.so.0.11.1
7f20f859a000-7f20fae16000 r-xp 00000000 08:02 9700710                    /usr/lib/x86_64-linux-gnu/libLLVM-3.9.so.1
7f20fae16000-7f20fae17000 ---p 0287c000 08:02 9700710                    /usr/lib/x86_64-linux-gnu/libLLVM-3.9.so.1
7f20fae17000-7f20fb106000 r--p 0287c000 08:02 9700710                    /usr/lib/x86_64-linux-gnu/libLLVM-3.9.so.1
7f20fb106000-7f20fb109000 rw-p 02b6b000 08:02 9700710                    /usr/lib/x86_64-linux-gnu/libLLVM-3.9.so.1
7f20fb109000-7f20fb14d000 rw-p 00000000 00:00 0 
7f20fb152000-7f20fb169000 r-xp 00000000 08:02 9707732                    /usr/lib/x86_64-linux-gnu/libelf-0.165.so
7f20fb169000-7f20fb368000 ---p 00017000 08:02 9707732                    /usr/lib/x86_64-linux-gnu/libelf-0.165.so
7f20fb368000-7f20fb369000 r--p 00016000 08:02 9707732                    /usr/lib/x86_64-linux-gnu/libelf-0.165.so
7f20fb369000-7f20fb36a000 rw-p 00017000 08:02 9707732                    /usr/lib/x86_64-linux-gnu/libelf-0.165.so
7f20fb36a000-7f20fb373000 r-xp 00000000 08:02 9699592                    /usr/lib/x86_64-linux-gnu/libdrm_amdgpu.so.1.0.0
7f20fb373000-7f20fb572000 ---p 00009000 08:02 9699592                    /usr/lib/x86_64-linux-gnu/libdrm_amdgpu.so.1.0.0
7f20fb572000-7f20fb573000 r--p 00008000 08:02 9699592                    /usr/lib/x86_64-linux-gnu/libdrm_amdgpu.so.1.0.0
7f20fb573000-7f20fb574000 rw-p 00009000 08:02 9699592                    /usr/lib/x86_64-linux-gnu/libdrm_amdgpu.so.1.0.0
7f20fb57a000-7f20fb585000 r-xp 00000000 08:02 9700551                    /usr/lib/x86_64-linux-gnu/libdrm_radeon.so.1.0.1
7f20fb585000-7f20fb784000 ---p 0000b000 08:02 9700551                    /usr/lib/x86_64-linux-gnu/libdrm_radeon.so.1.0.1
7f20fb784000-7f20fb785000 r--p 0000a000 08:02 9700551                    /usr/lib/x86_64-linux-gnu/libdrm_radeon.so.1.0.1
7f20fb785000-7f20fb786000 rw-p 0000b000 08:02 9700551                    /usr/lib/x86_64-linux-gnu/libdrm_radeon.so.1.0.1
7f20fb78a000-7f20fb791000 r-xp 00000000 08:02 9699351                    /usr/lib/x86_64-linux-gnu/libdrm_nouveau.so.2.0.0
7f20fb791000-7f20fb990000 ---p 00007000 08:02 9699351                    /usr/lib/x86_64-linux-gnu/libdrm_nouveau.so.2.0.0
7f20fb990000-7f20fb991000 r--p 00006000 08:02 9699351                    /usr/lib/x86_64-linux-gnu/libdrm_nouveau.so.2.0.0
7f20fb991000-7f20fb992000 rw-p 00007000 08:02 9699351                    /usr/lib/x86_64-linux-gnu/libdrm_nouveau.so.2.0.0
7f20fb992000-7f20fb9b4000 r-xp 00000000 08:02 9700378                    /usr/lib/x86_64-linux-gnu/libdrm_intel.so.1.0.0
7f20fb9b4000-7f20fbbb3000 ---p 00022000 08:02 9700378                    /usr/lib/x86_64-linux-gnu/libdrm_intel.so.1.0.0
7f20fbbb3000-7f20fbbb4000 r--p 00021000 08:02 9700378                    /usr/lib/x86_64-linux-gnu/libdrm_intel.so.1.0.0
7f20fbbb4000-7f20fbbb5000 rw-p 00022000 08:02 9700378                    /usr/lib/x86_64-linux-gnu/libdrm_intel.so.1.0.0
7f20fbbba000-7f20fbbc8000 r-xp 00000000 08:02 9708472                    /usr/lib/x86_64-linux-gnu/libsensors.so.4.4.0
7f20fbbc8000-7f20fbdc7000 ---p 0000e000 08:02 9708472                    /usr/lib/x86_64-linux-gnu/libsensors.so.4.4.0
7f20fbdc7000-7f20fbdc8000 r--p 0000d000 08:02 9708472                    /usr/lib/x86_64-linux-gnu/libsensors.so.4.4.0
7f20fbdc8000-7f20fbdc9000 rw-p 0000e000 08:02 9708472                    /usr/lib/x86_64-linux-gnu/libsensors.so.4.4.0
7f20fbdca000-7f20fbdfe000 r-xp 00000000 08:02 9708254                    /usr/lib/x86_64-linux-gnu/libnettle.so.6.2
7f20fbdfe000-7f20fbffd000 ---p 00034000 08:02 9708254                    /usr/lib/x86_64-linux-gnu/libnettle.so.6.2
7f20fbffd000-7f20fbfff000 r--p 00033000 08:02 9708254                    /usr/lib/x86_64-linux-gnu/libnettle.so.6.2
7f20fbfff000-7f20fc000000 rw-p 00035000 08:02 9708254                    /usr/lib/x86_64-linux-gnu/libnettle.so.6.2
7f20fc000000-7f20fc021000 rw-p 00000000 00:00 0 
7f20fc021000-7f2100000000 ---p 00000000 00:00 0 
7f210001e000-7f210005e000 rw-s 14294c000 00:06 368                       /dev/dri/renderD128
7f2100062000-7f2100a7d000 r-xp 00000000 08:02 9962205                    /usr/lib/x86_64-linux-gnu/dri/radeonsi_dri.so
7f2100a7d000-7f2100c7d000 ---p 00a1b000 08:02 9962205                    /usr/lib/x86_64-linux-gnu/dri/radeonsi_dri.so
7f2100c7d000-7f2100cba000 r--p 00a1b000 08:02 9962205                    /usr/lib/x86_64-linux-gnu/dri/radeonsi_dri.so
7f2100cba000-7f2100cc6000 rw-p 00a58000 08:02 9962205                    /usr/lib/x86_64-linux-gnu/dri/radeonsi_dri.so
7f2100cc6000-7f2100ebe000 rw-p 00000000 00:00 0 
7f2100ec2000-7f2100ed0000 r-xp 00000000 08:02 9702276                    /usr/lib/x86_64-linux-gnu/libdrm.so.2.4.0
7f2100ed0000-7f21010d0000 ---p 0000e000 08:02 9702276                    /usr/lib/x86_64-linux-gnu/libdrm.so.2.4.0
7f21010d0000-7f21010d1000 r--p 0000e000 08:02 9702276                    /usr/lib/x86_64-linux-gnu/libdrm.so.2.4.0
7f21010d1000-7f21010d2000 rw-p 0000f000 08:02 9702276                    /usr/lib/x86_64-linux-gnu/libdrm.so.2.4.0
7f21010d2000-7f21010d6000 r-xp 00000000 08:02 9708739                    /usr/lib/x86_64-linux-gnu/libxcb-dri2.so.0.0.0
7f21010d6000-7f21012d5000 ---p 00004000 08:02 9708739                    /usr/lib/x86_64-linux-gnu/libxcb-dri2.so.0.0.0
7f21012d5000-7f21012d6000 r--p 00003000 08:02 9708739                    /usr/lib/x86_64-linux-gnu/libxcb-dri2.so.0.0.0
7f21012d6000-7f21012d7000 rw-p 00004000 08:02 9708739                    /usr/lib/x86_64-linux-gnu/libxcb-dri2.so.0.0.0
7f21012da000-7f21012f1000 r-xp 00000000 08:02 9708743                    /usr/lib/x86_64-linux-gnu/libxcb-glx.so.0.0.0
7f21012f1000-7f21014f0000 ---p 00017000 08:02 9708743                    /usr/lib/x86_64-linux-gnu/libxcb-glx.so.0.0.0
7f21014f0000-7f21014f2000 r--p 00016000 08:02 9708743                    /usr/lib/x86_64-linux-gnu/libxcb-glx.so.0.0.0
7f21014f2000-7f21014f3000 rw-p 00018000 08:02 9708743                    /usr/lib/x86_64-linux-gnu/libxcb-glx.so.0.0.0
7f21014fa000-7f21014fb000 r-xp 00000000 08:02 9707387                    /usr/lib/x86_64-linux-gnu/libX11-xcb.so.1.0.0
7f21014fb000-7f21016fa000 ---p 00001000 08:02 9707387                    /usr/lib/x86_64-linux-gnu/libX11-xcb.so.1.0.0
7f21016fa000-7f21016fb000 r--p 00000000 08:02 9707387                    /usr/lib/x86_64-linux-gnu/libX11-xcb.so.1.0.0
7f21016fb000-7f21016fc000 rw-p 00001000 08:02 9707387                    /usr/lib/x86_64-linux-gnu/libX11-xcb.so.1.0.0
7f2101702000-7f2101704000 r-xp 00000000 08:02 9707402                    /usr/lib/x86_64-linux-gnu/libXdamage.so.1.1.0
7f2101704000-7f2101903000 ---p 00002000 08:02 9707402                    /usr/lib/x86_64-linux-gnu/libXdamage.so.1.1.0
7f2101903000-7f2101904000 r--p 00001000 08:02 9707402                    /usr/lib/x86_64-linux-gnu/libXdamage.so.1.1.0
7f2101904000-7f2101905000 rw-p 00002000 08:02 9707402                    /usr/lib/x86_64-linux-gnu/libXdamage.so.1.1.0
7f210190a000-7f2101934000 r-xp 00000000 08:02 9699676                    /usr/lib/x86_64-linux-gnu/libglapi.so.0.0.0
7f2101934000-7f2101b33000 ---p 0002a000 08:02 9699676                    /usr/lib/x86_64-linux-gnu/libglapi.so.0.0.0
7f2101b33000-7f2101b37000 r--p 00029000 08:02 9699676                    /usr/lib/x86_64-linux-gnu/libglapi.so.0.0.0
7f2101b37000-7f2101b38000 rw-p 0002d000 08:02 9699676                    /usr/lib/x86_64-linux-gnu/libglapi.so.0.0.0
7f2101b38000-7f2101b39000 rw-p 00000000 00:00 0 
7f2101b3a000-7f2101b3b000 r-xp 00000000 08:02 9708783                    /usr/lib/x86_64-linux-gnu/libxshmfence.so.1.0.0
7f2101b3b000-7f2101d3b000 ---p 00001000 08:02 9708783                    /usr/lib/x86_64-linux-gnu/libxshmfence.so.1.0.0
7f2101d3b000-7f2101d3c000 r--p 00001000 08:02 9708783                    /usr/lib/x86_64-linux-gnu/libxshmfence.so.1.0.0
7f2101d3c000-7f2101d3d000 rw-p 00002000 08:02 9708783                    /usr/lib/x86_64-linux-gnu/libxshmfence.so.1.0.0
7f2101d42000-7f2101d47000 r-xp 00000000 08:02 9708763                    /usr/lib/x86_64-linux-gnu/libxcb-sync.so.1.0.0
7f2101d47000-7f2101f47000 ---p 00005000 08:02 9708763                    /usr/lib/x86_64-linux-gnu/libxcb-sync.so.1.0.0
7f2101f47000-7f2101f48000 r--p 00005000 08:02 9708763                    /usr/lib/x86_64-linux-gnu/libxcb-sync.so.1.0.0
7f2101f48000-7f2101f49000 rw-p 00006000 08:02 9708763                    /usr/lib/x86_64-linux-gnu/libxcb-sync.so.1.0.0
7f2101f4a000-7f2101f4c000 r-xp 00000000 08:02 9708751                    /usr/lib/x86_64-linux-gnu/libxcb-present.so.0.0.0
7f2101f4c000-7f210214b000 ---p 00002000 08:02 9708751                    /usr/lib/x86_64-linux-gnu/libxcb-present.so.0.0.0
7f210214b000-7f210214c000 r--p 00001000 08:02 9708751                    /usr/lib/x86_64-linux-gnu/libxcb-present.so.0.0.0
7f210214c000-7f210214d000 rw-p 00002000 08:02 9708751                    /usr/lib/x86_64-linux-gnu/libxcb-present.so.0.0.0
7f2102152000-7f2102154000 r-xp 00000000 08:02 9708741                    /usr/lib/x86_64-linux-gnu/libxcb-dri3.so.0.0.0
7f2102154000-7f2102353000 ---p 00002000 08:02 9708741                    /usr/lib/x86_64-linux-gnu/libxcb-dri3.so.0.0.0
7f2102353000-7f2102354000 r--p 00001000 08:02 9708741                    /usr/lib/x86_64-linux-gnu/libxcb-dri3.so.0.0.0
7f2102354000-7f2102355000 rw-p 00002000 08:02 9708741                    /usr/lib/x86_64-linux-gnu/libxcb-dri3.so.0.0.0
7f210235a000-7f2102380000 r-xp 00000000 08:02 661188                     /lib/x86_64-linux-gnu/libexpat.so.1.6.0
7f2102380000-7f2102580000 ---p 00026000 08:02 661188                     /lib/x86_64-linux-gnu/libexpat.so.1.6.0
7f2102580000-7f2102582000 r--p 00026000 08:02 661188                     /lib/x86_64-linux-gnu/libexpat.so.1.6.0
7f2102582000-7f2102583000 rw-p 00028000 08:02 661188                     /lib/x86_64-linux-gnu/libexpat.so.1.6.0
7f210258a000-7f21025f6000 r-xp 00000000 08:02 9963453                    /usr/lib/x86_64-linux-gnu/mesa/libGL.so.1.2.0
7f21025f6000-7f21027f5000 ---p 0006c000 08:02 9963453                    /usr/lib/x86_64-linux-gnu/mesa/libGL.so.1.2.0
7f21027f5000-7f21027f8000 r--p 0006b000 08:02 9963453                    /usr/lib/x86_64-linux-gnu/mesa/libGL.so.1.2.0
7f21027f8000-7f21027f9000 rw-p 0006e000 08:02 9963453                    /usr/lib/x86_64-linux-gnu/mesa/libGL.so.1.2.0
7f21027f9000-7f21027fa000 rw-p 00000000 00:00 0 
7f2102800000-7f2102a00000 rw-p 00000000 00:00 0 
7f2102a20000-7f2102b20000 rw-s 151f0e000 00:06 368                       /dev/dri/renderD128
7f2102b25000-7f2102b35000 rw-s 14ce43000 00:06 368                       /dev/dri/renderD128
7f2102b3a000-7f2102b6f000 r-xp 00000000 08:02 12847624                   /tmp/lwjgljimmy/3.0.1-build-25/libjemalloc.so
7f2102b6f000-7f2102d6e000 ---p 00035000 08:02 12847624                   /tmp/lwjgljimmy/3.0.1-build-25/libjemalloc.so
7f2102d6e000-7f2102d71000 r--p 00034000 08:02 12847624                   /tmp/lwjgljimmy/3.0.1-build-25/libjemalloc.so
7f2102d71000-7f2102d72000 rw-p 00037000 08:02 12847624                   /tmp/lwjgljimmy/3.0.1-build-25/libjemalloc.so
7f2102d72000-7f2102d73000 rw-p 00000000 00:00 0 
7f2102d7a000-7f2102d7f000 r-xp 00000000 08:02 9707404                    /usr/lib/x86_64-linux-gnu/libXdmcp.so.6.0.0
7f2102d7f000-7f2102f7e000 ---p 00005000 08:02 9707404                    /usr/lib/x86_64-linux-gnu/libXdmcp.so.6.0.0
7f2102f7e000-7f2102f7f000 r--p 00004000 08:02 9707404                    /usr/lib/x86_64-linux-gnu/libXdmcp.so.6.0.0
7f2102f7f000-7f2102f80000 rw-p 00005000 08:02 9707404                    /usr/lib/x86_64-linux-gnu/libXdmcp.so.6.0.0
7f2102f82000-7f2102f84000 r-xp 00000000 08:02 9707393                    /usr/lib/x86_64-linux-gnu/libXau.so.6.0.0
7f2102f84000-7f2103184000 ---p 00002000 08:02 9707393                    /usr/lib/x86_64-linux-gnu/libXau.so.6.0.0
7f2103184000-7f2103185000 r--p 00002000 08:02 9707393                    /usr/lib/x86_64-linux-gnu/libXau.so.6.0.0
7f2103185000-7f2103186000 rw-p 00003000 08:02 9707393                    /usr/lib/x86_64-linux-gnu/libXau.so.6.0.0
7f210318a000-7f210318f000 r-xp 00000000 08:02 9707408                    /usr/lib/x86_64-linux-gnu/libXfixes.so.3.1.0
7f210318f000-7f210338e000 ---p 00005000 08:02 9707408                    /usr/lib/x86_64-linux-gnu/libXfixes.so.3.1.0
7f210338e000-7f210338f000 r--p 00004000 08:02 9707408                    /usr/lib/x86_64-linux-gnu/libXfixes.so.3.1.0
7f210338f000-7f2103390000 rw-p 00005000 08:02 9707408                    /usr/lib/x86_64-linux-gnu/libXfixes.so.3.1.0
7f2103392000-7f210339b000 r-xp 00000000 08:02 9707426                    /usr/lib/x86_64-linux-gnu/libXrender.so.1.3.0
7f210339b000-7f210359a000 ---p 00009000 08:02 9707426                    /usr/lib/x86_64-linux-gnu/libXrender.so.1.3.0
7f210359a000-7f210359b000 r--p 00008000 08:02 9707426                    /usr/lib/x86_64-linux-gnu/libXrender.so.1.3.0
7f210359b000-7f210359c000 rw-p 00009000 08:02 9707426                    /usr/lib/x86_64-linux-gnu/libXrender.so.1.3.0
7f21035a2000-7f21035b3000 r-xp 00000000 08:02 9707406                    /usr/lib/x86_64-linux-gnu/libXext.so.6.4.0
7f21035b3000-7f21037b2000 ---p 00011000 08:02 9707406                    /usr/lib/x86_64-linux-gnu/libXext.so.6.4.0
7f21037b2000-7f21037b3000 r--p 00010000 08:02 9707406                    /usr/lib/x86_64-linux-gnu/libXext.so.6.4.0
7f21037b3000-7f21037b4000 rw-p 00011000 08:02 9707406                    /usr/lib/x86_64-linux-gnu/libXext.so.6.4.0
7f21037ba000-7f21037db000 r-xp 00000000 08:02 9708771                    /usr/lib/x86_64-linux-gnu/libxcb.so.1.1.0
7f21037db000-7f21039da000 ---p 00021000 08:02 9708771                    /usr/lib/x86_64-linux-gnu/libxcb.so.1.1.0
7f21039da000-7f21039db000 r--p 00020000 08:02 9708771                    /usr/lib/x86_64-linux-gnu/libxcb.so.1.1.0
7f21039db000-7f21039dc000 rw-p 00021000 08:02 9708771                    /usr/lib/x86_64-linux-gnu/libxcb.so.1.1.0
7f21039e2000-7f21039eb000 r-xp 00000000 08:02 9707400                    /usr/lib/x86_64-linux-gnu/libXcursor.so.1.0.2
7f21039eb000-7f2103bea000 ---p 00009000 08:02 9707400                    /usr/lib/x86_64-linux-gnu/libXcursor.so.1.0.2
7f2103bea000-7f2103beb000 r--p 00008000 08:02 9707400                    /usr/lib/x86_64-linux-gnu/libXcursor.so.1.0.2
7f2103beb000-7f2103bec000 rw-p 00009000 08:02 9707400                    /usr/lib/x86_64-linux-gnu/libXcursor.so.1.0.2
7f2103bf2000-7f2103bf7000 r-xp 00000000 08:02 9707442                    /usr/lib/x86_64-linux-gnu/libXxf86vm.so.1.0.0
7f2103bf7000-7f2103df6000 ---p 00005000 08:02 9707442                    /usr/lib/x86_64-linux-gnu/libXxf86vm.so.1.0.0
7f2103df6000-7f2103df7000 r--p 00004000 08:02 9707442                    /usr/lib/x86_64-linux-gnu/libXxf86vm.so.1.0.0
7f2103df7000-7f2103df8000 rw-p 00005000 08:02 9707442                    /usr/lib/x86_64-linux-gnu/libXxf86vm.so.1.0.0
7f2103dfa000-7f2103dfc000 r-xp 00000000 08:02 9707416                    /usr/lib/x86_64-linux-gnu/libXinerama.so.1.0.0
7f2103dfc000-7f2103ffb000 ---p 00002000 08:02 9707416                    /usr/lib/x86_64-linux-gnu/libXinerama.so.1.0.0
7f2103ffb000-7f2103ffc000 r--p 00001000 08:02 9707416                    /usr/lib/x86_64-linux-gnu/libXinerama.so.1.0.0
7f2103ffc000-7f2103ffd000 rw-p 00002000 08:02 9707416                    /usr/lib/x86_64-linux-gnu/libXinerama.so.1.0.0
7f2104000000-7f2104021000 rw-p 00000000 00:00 0 
7f2104021000-7f2108000000 ---p 00000000 00:00 0 
7f2108000000-7f2108021000 rw-p 00000000 00:00 0 
7f2108021000-7f210c000000 ---p 00000000 00:00 0 
7f210c000000-7f210c1f8000 rw-p 00000000 00:00 0 
7f210c1f8000-7f2110000000 ---p 00000000 00:00 0 
7f2110000000-7f211032f000 rw-p 00000000 00:00 0 
7f211032f000-7f2114000000 ---p 00000000 00:00 0 
7f2114000000-7f2114021000 rw-p 00000000 00:00 0 
7f2114021000-7f2118000000 ---p 00000000 00:00 0 
7f2118000000-7f2118237000 rw-p 00000000 00:00 0 
7f2118237000-7f211c000000 ---p 00000000 00:00 0 
7f211c000000-7f211c021000 rw-p 00000000 00:00 0 
7f211c021000-7f2120000000 ---p 00000000 00:00 0 
7f2120000000-7f2120021000 rw-p 00000000 00:00 0 
7f2120021000-7f2124000000 ---p 00000000 00:00 0 
7f2124000000-7f2124021000 rw-p 00000000 00:00 0 
7f2124021000-7f2128000000 ---p 00000000 00:00 0 
7f2128000000-7f2128021000 rw-p 00000000 00:00 0 
7f2128021000-7f212c000000 ---p 00000000 00:00 0 
7f212c000000-7f212c021000 rw-p 00000000 00:00 0 
7f212c021000-7f2130000000 ---p 00000000 00:00 0 
7f2130000000-7f2130021000 rw-p 00000000 00:00 0 
7f2130021000-7f2134000000 ---p 00000000 00:00 0 
7f2134000000-7f2134021000 rw-p 00000000 00:00 0 
7f2134021000-7f2138000000 ---p 00000000 00:00 0 
7f2138015000-7f2138025000 rw-s 14ce33000 00:06 368                       /dev/dri/renderD128
7f2138062000-7f213806c000 r-xp 00000000 08:02 9707424                    /usr/lib/x86_64-linux-gnu/libXrandr.so.2.2.0
7f213806c000-7f213826b000 ---p 0000a000 08:02 9707424                    /usr/lib/x86_64-linux-gnu/libXrandr.so.2.2.0
7f213826b000-7f213826c000 r--p 00009000 08:02 9707424                    /usr/lib/x86_64-linux-gnu/libXrandr.so.2.2.0
7f213826c000-7f213826d000 rw-p 0000a000 08:02 9707424                    /usr/lib/x86_64-linux-gnu/libXrandr.so.2.2.0
7f2138272000-7f21383a7000 r-xp 00000000 08:02 9707389                    /usr/lib/x86_64-linux-gnu/libX11.so.6.3.0
7f21383a7000-7f21385a7000 ---p 00135000 08:02 9707389                    /usr/lib/x86_64-linux-gnu/libX11.so.6.3.0
7f21385a7000-7f21385a8000 r--p 00135000 08:02 9707389                    /usr/lib/x86_64-linux-gnu/libX11.so.6.3.0
7f21385a8000-7f21385ac000 rw-p 00136000 08:02 9707389                    /usr/lib/x86_64-linux-gnu/libX11.so.6.3.0
7f21385b2000-7f21385b3000 rw-s 00000000 00:05 111876                     /memfd:xshmfence (deleted)
7f21385ba000-7f21385bb000 rw-s 00000000 00:05 110981                     /memfd:xshmfence (deleted)
7f21385bd000-7f21385cd000 rw-s 14ce23000 00:06 368                       /dev/dri/renderD128
7f21385d2000-7f21385d9000 r--s 00000000 08:02 9964743                    /usr/lib/x86_64-linux-gnu/gconv/gconv-modules.cache
7f21385da000-7f21385f4000 r-xp 00000000 08:02 12847623                   /tmp/lwjgljimmy/3.0.1-build-25/libglfw.so
7f21385f4000-7f21387f3000 ---p 0001a000 08:02 12847623                   /tmp/lwjgljimmy/3.0.1-build-25/libglfw.so
7f21387f3000-7f21387f4000 r--p 00019000 08:02 12847623                   /tmp/lwjgljimmy/3.0.1-build-25/libglfw.so
7f21387f4000-7f21387f5000 rw-p 0001a000 08:02 12847623                   /tmp/lwjgljimmy/3.0.1-build-25/libglfw.so
7f21387f5000-7f21387f6000 rw-p 00000000 00:00 0 
7f213881a000-7f2138855000 r-xp 00000000 08:02 12847622                   /tmp/lwjgljimmy/3.0.1-build-25/liblwjgl.so
7f2138855000-7f2138a54000 ---p 0003b000 08:02 12847622                   /tmp/lwjgljimmy/3.0.1-build-25/liblwjgl.so
7f2138a54000-7f2138a55000 rw-p 0003a000 08:02 12847622                   /tmp/lwjgljimmy/3.0.1-build-25/liblwjgl.so
7f2138a6a000-7f2138a7a000 rw-s 14fe70000 00:06 368                       /dev/dri/renderD128
7f2138a80000-7f2138a90000 rw-s 15200e000 00:06 368                       /dev/dri/renderD128
7f2138a91000-7f2138a95000 r--s 00097000 08:02 10881882                   /usr/lib/jvm/java-8-openjdk-amd64/jre/lib/jsse.jar
7f2138a9a000-7f2138aab000 r-xp 00000000 08:02 11284704                   /usr/lib/jvm/java-8-openjdk-amd64/jre/lib/amd64/libnio.so
7f2138aab000-7f2138cab000 ---p 00011000 08:02 11284704                   /usr/lib/jvm/java-8-openjdk-amd64/jre/lib/amd64/libnio.so
7f2138cab000-7f2138cac000 r--p 00011000 08:02 11284704                   /usr/lib/jvm/java-8-openjdk-amd64/jre/lib/amd64/libnio.so
7f2138cac000-7f2138cad000 rw-p 00012000 08:02 11284704                   /usr/lib/jvm/java-8-openjdk-amd64/jre/lib/amd64/libnio.so
7f2138cb1000-7f2138fb2000 rw-p 00000000 00:00 0 
7f2138fb2000-7f2138fc9000 r-xp 00000000 08:02 11284728                   /usr/lib/jvm/java-8-openjdk-amd64/jre/lib/amd64/libnet.so
7f2138fc9000-7f21391c8000 ---p 00017000 08:02 11284728                   /usr/lib/jvm/java-8-openjdk-amd64/jre/lib/amd64/libnet.so
7f21391c8000-7f21391c9000 r--p 00016000 08:02 11284728                   /usr/lib/jvm/java-8-openjdk-amd64/jre/lib/amd64/libnet.so
7f21391c9000-7f21391ca000 rw-p 00017000 08:02 11284728                   /usr/lib/jvm/java-8-openjdk-amd64/jre/lib/amd64/libnet.so
7f21391d1000-7f21391d4000 ---p 00000000 00:00 0 
7f21391d4000-7f21392d2000 rw-p 00000000 00:00 0 
7f21392d2000-7f21392d3000 r-xp 00000000 08:02 8265945                    /home/jimmy/Downloads/idea-IC-145.1617.8/bin/libbreakgen64.so
7f21392d3000-7f21394d2000 ---p 00001000 08:02 8265945                    /home/jimmy/Downloads/idea-IC-145.1617.8/bin/libbreakgen64.so
7f21394d2000-7f21394d3000 r--p 00000000 08:02 8265945                    /home/jimmy/Downloads/idea-IC-145.1617.8/bin/libbreakgen64.so
7f21394d3000-7f21394d4000 rw-p 00001000 08:02 8265945                    /home/jimmy/Downloads/idea-IC-145.1617.8/bin/libbreakgen64.so
7f21394d8000-7f21394da000 r--s 0001e000 08:02 8265805                    /home/jimmy/Downloads/idea-IC-145.1617.8/lib/idea_rt.jar
7f21394de000-7f21394e2000 r--s 0041c000 08:02 11410368                   /home/jimmy/IdeaProjects/TotalFantasyOpenGL/lib/sqlite-jdbc-3.14.2.1.jar
7f21394e6000-7f21394e7000 r--s 00014000 08:02 11016945                   /home/jimmy/IdeaProjects/lwjgl/lwjgl-xxhash/lwjgl-xxhash-natives-windows.jar
7f21394ea000-7f21394eb000 r--s 00000000 08:02 11016941                   /home/jimmy/IdeaProjects/lwjgl/lwjgl-xxhash/lwjgl-xxhash-natives-macos.jar
7f21394eb000-7f21394ec000 r--s 00001000 08:02 11016937                   /home/jimmy/IdeaProjects/lwjgl/lwjgl-xxhash/lwjgl-xxhash-natives-linux.jar
7f21394ed000-7f21394ee000 r--s 00003000 08:02 11016949                   /home/jimmy/IdeaProjects/lwjgl/lwjgl-xxhash/lwjgl-xxhash-sources.jar
7f21394f4000-7f21394f6000 r--s 00062000 08:02 11016933                   /home/jimmy/IdeaProjects/lwjgl/lwjgl-xxhash/lwjgl-xxhash-javadoc.jar
7f21394f6000-7f21394f7000 r--s 00004000 08:02 11016953                   /home/jimmy/IdeaProjects/lwjgl/lwjgl-xxhash/lwjgl-xxhash.jar
7f21394fb000-7f2139500000 r--s 00091000 08:02 11016921                   /home/jimmy/IdeaProjects/lwjgl/lwjgl-vulkan/lwjgl-vulkan-sources.jar
7f2139505000-7f213950d000 r--s 00213000 08:02 11016917                   /home/jimmy/IdeaProjects/lwjgl/lwjgl-vulkan/lwjgl-vulkan-javadoc.jar
7f2139513000-7f213951c000 r--s 00091000 08:02 11016925                   /home/jimmy/IdeaProjects/lwjgl/lwjgl-vulkan/lwjgl-vulkan.jar
7f213951f000-7f2139520000 r--s 0002d000 08:02 11016893                   /home/jimmy/IdeaProjects/lwjgl/lwjgl-tinyfd/lwjgl-tinyfd-natives-windows.jar
7f2139520000-7f2139521000 r--s 00006000 08:02 11016889                   /home/jimmy/IdeaProjects/lwjgl/lwjgl-tinyfd/lwjgl-tinyfd-natives-macos.jar
7f2139521000-7f2139522000 r--s 00007000 08:02 11016885                   /home/jimmy/IdeaProjects/lwjgl/lwjgl-tinyfd/lwjgl-tinyfd-natives-linux.jar
7f2139522000-7f2139524000 r--s 00000000 08:02 11016897                   /home/jimmy/IdeaProjects/lwjgl/lwjgl-tinyfd/lwjgl-tinyfd-sources.jar
7f2139529000-7f213952b000 r--s 00057000 08:02 11016881                   /home/jimmy/IdeaProjects/lwjgl/lwjgl-tinyfd/lwjgl-tinyfd-javadoc.jar
7f213952b000-7f213952c000 r--s 00001000 08:02 11016901                   /home/jimmy/IdeaProjects/lwjgl/lwjgl-tinyfd/lwjgl-tinyfd.jar
7f2139533000-7f2139534000 r--s 00069000 08:02 11016865                   /home/jimmy/IdeaProjects/lwjgl/lwjgl-stb/lwjgl-stb-natives-windows.jar
7f213953a000-7f213953b000 r--s 00028000 08:02 11016861                   /home/jimmy/IdeaProjects/lwjgl/lwjgl-stb/lwjgl-stb-natives-macos.jar
7f213953c000-7f213953d000 r--s 0002a000 08:02 11016857                   /home/jimmy/IdeaProjects/lwjgl/lwjgl-stb/lwjgl-stb-natives-linux.jar
7f2139544000-7f2139546000 r--s 00012000 08:02 11016869                   /home/jimmy/IdeaProjects/lwjgl/lwjgl-stb/lwjgl-stb-sources.jar
7f2139549000-7f213954c000 r--s 0008f000 08:02 11016853                   /home/jimmy/IdeaProjects/lwjgl/lwjgl-stb/lwjgl-stb-javadoc.jar
7f213954c000-7f213954e000 r--s 00012000 08:02 11016873                   /home/jimmy/IdeaProjects/lwjgl/lwjgl-stb/lwjgl-stb.jar
7f2139555000-7f2139556000 r--s 00013000 08:02 11016837                   /home/jimmy/IdeaProjects/lwjgl/lwjgl-sse/lwjgl-sse-natives-windows.jar
7f213955a000-7f213955b000 r--s 00000000 08:02 11016833                   /home/jimmy/IdeaProjects/lwjgl/lwjgl-sse/lwjgl-sse-natives-macos.jar
7f2139562000-7f2139563000 r--s 00000000 08:02 11016829                   /home/jimmy/IdeaProjects/lwjgl/lwjgl-sse/lwjgl-sse-natives-linux.jar
7f213956a000-7f213956b000 r--s 00000000 08:02 11016841                   /home/jimmy/IdeaProjects/lwjgl/lwjgl-sse/lwjgl-sse-sources.jar
7f2139572000-7f2139574000 r--s 00058000 08:02 11016825                   /home/jimmy/IdeaProjects/lwjgl/lwjgl-sse/lwjgl-sse-javadoc.jar
7f213957a000-7f213957b000 r--s 00000000 08:02 11016845                   /home/jimmy/IdeaProjects/lwjgl/lwjgl-sse/lwjgl-sse.jar
7f213957b000-7f213957c000 r--s 00031000 08:02 11016809                   /home/jimmy/IdeaProjects/lwjgl/lwjgl-par/lwjgl-par-natives-windows.jar
7f213957e000-7f213957f000 r--s 00004000 08:02 11016805                   /home/jimmy/IdeaProjects/lwjgl/lwjgl-par/lwjgl-par-natives-macos.jar
7f213957f000-7f2139580000 r--s 00005000 08:02 11016801                   /home/jimmy/IdeaProjects/lwjgl/lwjgl-par/lwjgl-par-natives-linux.jar
7f2139583000-7f2139584000 r--s 00001000 08:02 11016813                   /home/jimmy/IdeaProjects/lwjgl/lwjgl-par/lwjgl-par-sources.jar
7f2139584000-7f2139586000 r--s 0005a000 08:02 11016797                   /home/jimmy/IdeaProjects/lwjgl/lwjgl-par/lwjgl-par-javadoc.jar
7f213958b000-7f213958d000 r--s 00001000 08:02 11016817                   /home/jimmy/IdeaProjects/lwjgl/lwjgl-par/lwjgl-par.jar
7f2139591000-7f2139592000 r--s 0001f000 08:02 11016777                   /home/jimmy/IdeaProjects/lwjgl/lwjgl-ovr/lwjgl-ovr-natives-windows.jar
7f2139595000-7f2139597000 r--s 0001b000 08:02 11016781                   /home/jimmy/IdeaProjects/lwjgl/lwjgl-ovr/lwjgl-ovr-sources.jar
7f213959d000-7f21395a0000 r--s 000bb000 08:02 11016773                   /home/jimmy/IdeaProjects/lwjgl/lwjgl-ovr/lwjgl-ovr-javadoc.jar
7f21395a2000-7f21395a5000 r--s 00020000 08:02 11016785                   /home/jimmy/IdeaProjects/lwjgl/lwjgl-ovr/lwjgl-ovr.jar
7f21395ac000-7f21395b1000 r--s 00052000 08:02 11016761                   /home/jimmy/IdeaProjects/lwjgl/lwjgl-opengles/lwjgl-opengles-sources.jar
7f21395b1000-7f21395b8000 r--s 0014f000 08:02 11016757                   /home/jimmy/IdeaProjects/lwjgl/lwjgl-opengles/lwjgl-opengles-javadoc.jar
7f21395b8000-7f21395bd000 r--s 0004e000 08:02 11016765                   /home/jimmy/IdeaProjects/lwjgl/lwjgl-opengles/lwjgl-opengles.jar
7f21395c1000-7f21395ca000 r--s 000ef000 08:02 11016741                   /home/jimmy/IdeaProjects/lwjgl/lwjgl-opengl/lwjgl-opengl-sources.jar
7f21395d1000-7f21395db000 r--s 002bf000 08:02 11016737                   /home/jimmy/IdeaProjects/lwjgl/lwjgl-opengl/lwjgl-opengl-javadoc.jar
7f21395db000-7f21395e5000 r--s 000c9000 08:02 11016745                   /home/jimmy/IdeaProjects/lwjgl/lwjgl-opengl/lwjgl-opengl.jar
7f21395ea000-7f21395ed000 r--s 00030000 08:02 11016721                   /home/jimmy/IdeaProjects/lwjgl/lwjgl-opencl/lwjgl-opencl-sources.jar
7f21395f2000-7f21395f6000 r--s 000d0000 08:02 11016717                   /home/jimmy/IdeaProjects/lwjgl/lwjgl-opencl/lwjgl-opencl-javadoc.jar
7f21395fd000-7f2139601000 r--s 00023000 08:02 11016725                   /home/jimmy/IdeaProjects/lwjgl/lwjgl-opencl/lwjgl-opencl.jar
7f2139608000-7f2139609000 r--s 000b6000 08:02 11016693                   /home/jimmy/IdeaProjects/lwjgl/lwjgl-openal/lwjgl-openal-natives-windows.jar
7f213960f000-7f2139610000 r--s 0003d000 08:02 11016689                   /home/jimmy/IdeaProjects/lwjgl/lwjgl-openal/lwjgl-openal-natives-macos.jar
7f2139616000-7f2139617000 r--s 00044000 08:02 11016685                   /home/jimmy/IdeaProjects/lwjgl/lwjgl-openal/lwjgl-openal-natives-linux.jar
7f213961a000-7f213961c000 r--s 00010000 08:02 11016697                   /home/jimmy/IdeaProjects/lwjgl/lwjgl-openal/lwjgl-openal-sources.jar
7f213961f000-7f2139621000 r--s 0008d000 08:02 11016681                   /home/jimmy/IdeaProjects/lwjgl/lwjgl-openal/lwjgl-openal-javadoc.jar
7f2139622000-7f2139624000 r--s 00010000 08:02 11016701                   /home/jimmy/IdeaProjects/lwjgl/lwjgl-openal/lwjgl-openal.jar
7f2139629000-7f213962a000 r--s 0003f000 08:02 11016665                   /home/jimmy/IdeaProjects/lwjgl/lwjgl-nuklear/lwjgl-nuklear-natives-windows.jar
7f213962a000-7f213962b000 r--s 00020000 08:02 11016225                   /home/jimmy/IdeaProjects/lwjgl/lwjgl-nuklear/lwjgl-nuklear-natives-macos.jar
7f2139632000-7f2139633000 r--s 00020000 08:02 11016221                   /home/jimmy/IdeaProjects/lwjgl/lwjgl-nuklear/lwjgl-nuklear-natives-linux.jar
7f2139638000-7f213963b000 r--s 00036000 08:02 11016669                   /home/jimmy/IdeaProjects/lwjgl/lwjgl-nuklear/lwjgl-nuklear-sources.jar
7f213963d000-7f2139641000 r--s 0010b000 08:02 11016217                   /home/jimmy/IdeaProjects/lwjgl/lwjgl-nuklear/lwjgl-nuklear-javadoc.jar
7f2139644000-7f2139649000 r--s 00052000 08:02 11016673                   /home/jimmy/IdeaProjects/lwjgl/lwjgl-nuklear/lwjgl-nuklear.jar
7f2139650000-7f2139652000 r--s 0001e000 08:02 11016197                   /home/jimmy/IdeaProjects/lwjgl/lwjgl-nfd/lwjgl-nfd-natives-windows.jar
7f2139653000-7f2139654000 r--s 00001000 08:02 11016193                   /home/jimmy/IdeaProjects/lwjgl/lwjgl-nfd/lwjgl-nfd-natives-macos.jar
7f213965b000-7f213965c000 r--s 00001000 08:02 11016189                   /home/jimmy/IdeaProjects/lwjgl/lwjgl-nfd/lwjgl-nfd-natives-linux.jar
7f2139663000-7f2139664000 r--s 00001000 08:02 11016201                   /home/jimmy/IdeaProjects/lwjgl/lwjgl-nfd/lwjgl-nfd-sources.jar
7f213966b000-7f213966d000 r--s 00059000 08:02 11016185                   /home/jimmy/IdeaProjects/lwjgl/lwjgl-nfd/lwjgl-nfd-javadoc.jar
7f2139673000-7f2139674000 r--s 00001000 08:02 11016205                   /home/jimmy/IdeaProjects/lwjgl/lwjgl-nfd/lwjgl-nfd.jar
7f213967b000-7f213967c000 r--s 00059000 08:02 11016165                   /home/jimmy/IdeaProjects/lwjgl/lwjgl-nanovg/lwjgl-nanovg-natives-windows.jar
7f213967d000-7f213967e000 r--s 0001b000 08:02 11016161                   /home/jimmy/IdeaProjects/lwjgl/lwjgl-nanovg/lwjgl-nanovg-natives-macos.jar
7f213967f000-7f2139680000 r--s 0001d000 08:02 11016157                   /home/jimmy/IdeaProjects/lwjgl/lwjgl-nanovg/lwjgl-nanovg-natives-linux.jar
7f2139682000-7f2139684000 r--s 00008000 08:02 11016169                   /home/jimmy/IdeaProjects/lwjgl/lwjgl-nanovg/lwjgl-nanovg-sources.jar
7f213968a000-7f213968c000 r--s 00070000 08:02 11016153                   /home/jimmy/IdeaProjects/lwjgl/lwjgl-nanovg/lwjgl-nanovg-javadoc.jar
7f2139693000-7f2139695000 r--s 00009000 08:02 11016173                   /home/jimmy/IdeaProjects/lwjgl/lwjgl-nanovg/lwjgl-nanovg.jar
7f2139696000-7f2139697000 r--s 0002c000 08:02 11016137                   /home/jimmy/IdeaProjects/lwjgl/lwjgl-lmdb/lwjgl-lmdb-natives-windows.jar
7f2139697000-7f2139698000 r--s 0000d000 08:02 11016133                   /home/jimmy/IdeaProjects/lwjgl/lwjgl-lmdb/lwjgl-lmdb-natives-macos.jar
7f213969f000-7f21396a0000 r--s 0000d000 08:02 11016129                   /home/jimmy/IdeaProjects/lwjgl/lwjgl-lmdb/lwjgl-lmdb-natives-linux.jar
7f21396a2000-7f21396a3000 r--s 00008000 08:02 11016141                   /home/jimmy/IdeaProjects/lwjgl/lwjgl-lmdb/lwjgl-lmdb-sources.jar
7f21396a5000-7f21396a7000 r--s 0006b000 08:02 11016125                   /home/jimmy/IdeaProjects/lwjgl/lwjgl-lmdb/lwjgl-lmdb-javadoc.jar
7f21396a7000-7f21396a9000 r--s 00005000 08:02 11016145                   /home/jimmy/IdeaProjects/lwjgl/lwjgl-lmdb/lwjgl-lmdb.jar
7f21396ad000-7f21396ae000 r--s 0002b000 08:02 11016112                   /home/jimmy/IdeaProjects/lwjgl/lwjgl-jemalloc/lwjgl-jemalloc-natives-windows.jar
7f21396ae000-7f21396af000 r--s 00014000 08:02 11015117                   /home/jimmy/IdeaProjects/lwjgl/lwjgl-jemalloc/lwjgl-jemalloc-natives-macos.jar
7f21396b2000-7f21396b3000 r--s 00018000 08:02 11015115                   /home/jimmy/IdeaProjects/lwjgl/lwjgl-jemalloc/lwjgl-jemalloc-natives-linux.jar
7f21396b7000-7f21396b9000 r--s 00005000 08:02 11016114                   /home/jimmy/IdeaProjects/lwjgl/lwjgl-jemalloc/lwjgl-jemalloc-sources.jar
7f21396be000-7f21396c0000 r--s 0006c000 08:02 11015113                   /home/jimmy/IdeaProjects/lwjgl/lwjgl-jemalloc/lwjgl-jemalloc-javadoc.jar
7f21396c1000-7f21396c3000 r--s 00007000 08:02 11016116                   /home/jimmy/IdeaProjects/lwjgl/lwjgl-jemalloc/lwjgl-jemalloc.jar
7f21396c6000-7f21396c7000 r--s 00004000 08:02 11015105                   /home/jimmy/IdeaProjects/lwjgl/lwjgl-jawt/lwjgl-jawt-sources.jar
7f21396c8000-7f21396ca000 r--s 00066000 08:02 11015103                   /home/jimmy/IdeaProjects/lwjgl/lwjgl-jawt/lwjgl-jawt-javadoc.jar
7f21396cf000-7f21396d0000 r--s 00005000 08:02 11015107                   /home/jimmy/IdeaProjects/lwjgl/lwjgl-jawt/lwjgl-jawt.jar
7f21396d0000-7f21396d1000 r--s 00036000 08:02 11015095                   /home/jimmy/IdeaProjects/lwjgl/lwjgl-glfw/lwjgl-glfw-natives-windows.jar
7f21396d3000-7f21396d4000 r--s 00009000 08:02 11015093                   /home/jimmy/IdeaProjects/lwjgl/lwjgl-glfw/lwjgl-glfw-natives-macos.jar
7f21396d5000-7f21396d6000 r--s 0000b000 08:02 11015091                   /home/jimmy/IdeaProjects/lwjgl/lwjgl-glfw/lwjgl-glfw-natives-linux.jar
7f21396db000-7f21396dd000 r--s 00011000 08:02 11015097                   /home/jimmy/IdeaProjects/lwjgl/lwjgl-glfw/lwjgl-glfw-sources.jar
7f21396e0000-7f21396e3000 r--s 00096000 08:02 11015089                   /home/jimmy/IdeaProjects/lwjgl/lwjgl-glfw/lwjgl-glfw-javadoc.jar
7f21396e6000-7f21396e9000 r--s 00014000 08:02 11015099                   /home/jimmy/IdeaProjects/lwjgl/lwjgl-glfw/lwjgl-glfw.jar
7f21396ec000-7f21396ef000 r--s 0001a000 08:02 11015078                   /home/jimmy/IdeaProjects/lwjgl/lwjgl-egl/lwjgl-egl-sources.jar
7f21396f4000-7f21396f8000 r--s 000b2000 08:02 11015077                   /home/jimmy/IdeaProjects/lwjgl/lwjgl-egl/lwjgl-egl-javadoc.jar
7f21396fb000-7f21396fe000 r--s 00019000 08:02 11015083                   /home/jimmy/IdeaProjects/lwjgl/lwjgl-egl/lwjgl-egl.jar
7f21396ff000-7f2139700000 r--s 00035000 08:02 11013722                   /home/jimmy/IdeaProjects/lwjgl/lwjgl/lwjgl-natives-windows.jar
7f2139703000-7f2139704000 r--s 00009000 08:02 11013721                   /home/jimmy/IdeaProjects/lwjgl/lwjgl/lwjgl-natives-macos.jar
7f2139706000-7f2139707000 r--s 0000c000 08:02 11013719                   /home/jimmy/IdeaProjects/lwjgl/lwjgl/lwjgl-natives-linux.jar
7f213970d000-7f213970f000 r--s 00033000 08:02 11013724                   /home/jimmy/IdeaProjects/lwjgl/lwjgl/lwjgl-sources.jar
7f2139714000-7f2139719000 r--s 0010a000 08:02 11013693                   /home/jimmy/IdeaProjects/lwjgl/lwjgl/lwjgl-javadoc.jar
7f2139720000-7f2139725000 r--s 0003e000 08:02 11013725                   /home/jimmy/IdeaProjects/lwjgl/lwjgl/lwjgl.jar
7f213972b000-7f213972d000 r--s 00061000 08:02 11410366                   /home/jimmy/IdeaProjects/TotalFantasyOpenGL/lib/joml-1.8.21.jar
7f2139730000-7f2139743000 r--s 00346000 08:02 10881248                   /usr/lib/jvm/java-8-openjdk-amd64/jre/lib/resources.jar
7f213974a000-7f213974b000 r--s 00000000 08:02 10881878                   /usr/lib/jvm/java-8-openjdk-amd64/jre/lib/management-agent.jar
7f2139751000-7f2139755000 r--s 00097000 08:02 10881882                   /usr/lib/jvm/java-8-openjdk-amd64/jre/lib/jsse.jar
7f2139757000-7f213975a000 r--s 00015000 08:02 10881880                   /usr/lib/jvm/java-8-openjdk-amd64/jre/lib/jce.jar
7f213975b000-7f2139760000 r--s 002f9000 08:02 10881877                   /usr/lib/jvm/java-8-openjdk-amd64/jre/lib/charsets.jar
7f2139764000-7f2139765000 r--s 0000a000 08:02 11403826                   /usr/lib/jvm/java-8-openjdk-amd64/jre/lib/ext/jaccess.jar
7f2139767000-7f2139782000 r--s 001d5000 08:02 11403820                   /usr/lib/jvm/java-8-openjdk-amd64/jre/lib/ext/nashorn.jar
7f2139784000-7f2139785000 ---p 00000000 00:00 0 
7f2139785000-7f2139885000 rw-p 00000000 00:00 0 
7f2139885000-7f2139888000 ---p 00000000 00:00 0 
7f2139888000-7f2139986000 rw-p 00000000 00:00 0 
7f2139986000-7f2139989000 ---p 00000000 00:00 0 
7f2139989000-7f2139a87000 rw-p 00000000 00:00 0 
7f2139a87000-7f2139a8a000 ---p 00000000 00:00 0 
7f2139a8a000-7f2139b88000 rw-p 00000000 00:00 0 
7f2139b88000-7f2139b8b000 ---p 00000000 00:00 0 
7f2139b8b000-7f2139c89000 rw-p 00000000 00:00 0 
7f2139c89000-7f2139c8c000 ---p 00000000 00:00 0 
7f2139c8c000-7f2139d8a000 rw-p 00000000 00:00 0 
7f2139d8a000-7f213a1e1000 r--p 00000000 08:02 9700121                    /usr/lib/locale/locale-archive
7f213a1e1000-7f213a1e4000 ---p 00000000 00:00 0 
7f213a1e4000-7f213a2e2000 rw-p 00000000 00:00 0 
7f213a2e2000-7f213a2e5000 ---p 00000000 00:00 0 
7f213a2e5000-7f213a3e3000 rw-p 00000000 00:00 0 
7f213a3e3000-7f213a3e4000 ---p 00000000 00:00 0 
7f213a3e4000-7f213d000000 rw-p 00000000 00:00 0 
7f213d000000-7f213d380000 rwxp 00000000 00:00 0 
7f213d380000-7f214c000000 ---p 00000000 00:00 0 
7f214c000000-7f214d53c000 rw-p 00000000 00:00 0 
7f214d53c000-7f2150000000 ---p 00000000 00:00 0 
7f2150002000-7f2150003000 r--s 00010000 08:02 11403832                   /usr/lib/jvm/java-8-openjdk-amd64/jre/lib/ext/zipfs.jar
7f2150009000-7f215000d000 r--s 00037000 08:02 11403824                   /usr/lib/jvm/java-8-openjdk-amd64/jre/lib/ext/sunpkcs11.jar
7f2150013000-7f2150015000 r--s 00001000 08:02 11403836                   /usr/lib/jvm/java-8-openjdk-amd64/jre/lib/ext/dnsns.jar
7f215001a000-7f215001c000 r--s 00008000 08:02 11403828                   /usr/lib/jvm/java-8-openjdk-amd64/jre/lib/ext/sunec.jar
7f2150021000-7f2150024000 r--s 0000f000 08:02 11403834                   /usr/lib/jvm/java-8-openjdk-amd64/jre/lib/ext/icedtea-sound.jar
7f2150025000-7f215002a000 r--s 0003b000 08:02 11403822                   /usr/lib/jvm/java-8-openjdk-amd64/jre/lib/ext/sunjce_provider.jar
7f215002e000-7f2150049000 r--s 00394000 08:02 11403818                   /usr/lib/jvm/java-8-openjdk-amd64/jre/lib/ext/cldrdata.jar
7f2150050000-7f215005a000 r--s 00116000 08:02 11403830                   /usr/lib/jvm/java-8-openjdk-amd64/jre/lib/ext/localedata.jar
7f215005b000-7f2150403000 rw-p 00000000 00:00 0 
7f2150403000-7f21505d1000 r--s 03bf1000 08:02 10881874                   /usr/lib/jvm/java-8-openjdk-amd64/jre/lib/rt.jar
7f21505d1000-7f2151038000 rw-p 00000000 00:00 0 
7f2151038000-7f2151039000 ---p 00000000 00:00 0 
7f2151039000-7f2151139000 rw-p 00000000 00:00 0 
7f2151139000-7f215113a000 ---p 00000000 00:00 0 
7f215113a000-7f215123a000 rw-p 00000000 00:00 0 
7f215123a000-7f215123b000 ---p 00000000 00:00 0 
7f215123b000-7f215133b000 rw-p 00000000 00:00 0 
7f215133b000-7f215133c000 ---p 00000000 00:00 0 
7f215133c000-7f2151452000 rw-p 00000000 00:00 0 
7f2151452000-7f2151588000 ---p 00000000 00:00 0 
7f2151588000-7f215159e000 rw-p 00000000 00:00 0 
7f215159e000-7f21516d3000 ---p 00000000 00:00 0 
7f21516d3000-7f21516f7000 rw-p 00000000 00:00 0 
7f21516f7000-7f2151779000 ---p 00000000 00:00 0 
7f2151779000-7f2151788000 rw-p 00000000 00:00 0 
7f2151788000-7f2151b3a000 ---p 00000000 00:00 0 
7f2151b3a000-7f2151b42000 r-xp 00000000 08:02 11284709                   /usr/lib/jvm/java-8-openjdk-amd64/jre/lib/amd64/libzip.so
7f2151b42000-7f2151d41000 ---p 00008000 08:02 11284709                   /usr/lib/jvm/java-8-openjdk-amd64/jre/lib/amd64/libzip.so
7f2151d41000-7f2151d42000 r--p 00007000 08:02 11284709                   /usr/lib/jvm/java-8-openjdk-amd64/jre/lib/amd64/libzip.so
7f2151d42000-7f2151d43000 rw-p 00008000 08:02 11284709                   /usr/lib/jvm/java-8-openjdk-amd64/jre/lib/amd64/libzip.so
7f2151d4a000-7f2151d55000 r-xp 00000000 08:02 655605                     /lib/x86_64-linux-gnu/libnss_files-2.23.so
7f2151d55000-7f2151f54000 ---p 0000b000 08:02 655605                     /lib/x86_64-linux-gnu/libnss_files-2.23.so
7f2151f54000-7f2151f55000 r--p 0000a000 08:02 655605                     /lib/x86_64-linux-gnu/libnss_files-2.23.so
7f2151f55000-7f2151f56000 rw-p 0000b000 08:02 655605                     /lib/x86_64-linux-gnu/libnss_files-2.23.so
7f2151f56000-7f2151f5c000 rw-p 00000000 00:00 0 
7f2151f62000-7f2151f6d000 r-xp 00000000 08:02 655575                     /lib/x86_64-linux-gnu/libnss_nis-2.23.so
7f2151f6d000-7f215216c000 ---p 0000b000 08:02 655575                     /lib/x86_64-linux-gnu/libnss_nis-2.23.so
7f215216c000-7f215216d000 r--p 0000a000 08:02 655575                     /lib/x86_64-linux-gnu/libnss_nis-2.23.so
7f215216d000-7f215216e000 rw-p 0000b000 08:02 655575                     /lib/x86_64-linux-gnu/libnss_nis-2.23.so
7f2152172000-7f2152188000 r-xp 00000000 08:02 655599                     /lib/x86_64-linux-gnu/libnsl-2.23.so
7f2152188000-7f2152387000 ---p 00016000 08:02 655599                     /lib/x86_64-linux-gnu/libnsl-2.23.so
7f2152387000-7f2152388000 r--p 00015000 08:02 655599                     /lib/x86_64-linux-gnu/libnsl-2.23.so
7f2152388000-7f2152389000 rw-p 00016000 08:02 655599                     /lib/x86_64-linux-gnu/libnsl-2.23.so
7f2152389000-7f215238b000 rw-p 00000000 00:00 0 
7f2152392000-7f215239a000 r-xp 00000000 08:02 655601                     /lib/x86_64-linux-gnu/libnss_compat-2.23.so
7f215239a000-7f2152599000 ---p 00008000 08:02 655601                     /lib/x86_64-linux-gnu/libnss_compat-2.23.so
7f2152599000-7f215259a000 r--p 00007000 08:02 655601                     /lib/x86_64-linux-gnu/libnss_compat-2.23.so
7f215259a000-7f215259b000 rw-p 00008000 08:02 655601                     /lib/x86_64-linux-gnu/libnss_compat-2.23.so
7f21525a2000-7f21525cf000 r-xp 00000000 08:02 11282370                   /usr/lib/jvm/java-8-openjdk-amd64/jre/lib/amd64/libjava.so
7f21525cf000-7f21527ce000 ---p 0002d000 08:02 11282370                   /usr/lib/jvm/java-8-openjdk-amd64/jre/lib/amd64/libjava.so
7f21527ce000-7f21527cf000 r--p 0002c000 08:02 11282370                   /usr/lib/jvm/java-8-openjdk-amd64/jre/lib/amd64/libjava.so
7f21527cf000-7f21527d1000 rw-p 0002d000 08:02 11282370                   /usr/lib/jvm/java-8-openjdk-amd64/jre/lib/amd64/libjava.so
7f21527d2000-7f21527e1000 r-xp 00000000 08:02 11284707                   /usr/lib/jvm/java-8-openjdk-amd64/jre/lib/amd64/libverify.so
7f21527e1000-7f21529e0000 ---p 0000f000 08:02 11284707                   /usr/lib/jvm/java-8-openjdk-amd64/jre/lib/amd64/libverify.so
7f21529e0000-7f21529e2000 r--p 0000e000 08:02 11284707                   /usr/lib/jvm/java-8-openjdk-amd64/jre/lib/amd64/libverify.so
7f21529e2000-7f21529e3000 rw-p 00010000 08:02 11284707                   /usr/lib/jvm/java-8-openjdk-amd64/jre/lib/amd64/libverify.so
7f21529ea000-7f21529f1000 r-xp 00000000 08:02 655573                     /lib/x86_64-linux-gnu/librt-2.23.so
7f21529f1000-7f2152bf0000 ---p 00007000 08:02 655573                     /lib/x86_64-linux-gnu/librt-2.23.so
7f2152bf0000-7f2152bf1000 r--p 00006000 08:02 655573                     /lib/x86_64-linux-gnu/librt-2.23.so
7f2152bf1000-7f2152bf2000 rw-p 00007000 08:02 655573                     /lib/x86_64-linux-gnu/librt-2.23.so
7f2152bf2000-7f2152c08000 r-xp 00000000 08:02 659912                     /lib/x86_64-linux-gnu/libgcc_s.so.1
7f2152c08000-7f2152e07000 ---p 00016000 08:02 659912                     /lib/x86_64-linux-gnu/libgcc_s.so.1
7f2152e07000-7f2152e08000 rw-p 00015000 08:02 659912                     /lib/x86_64-linux-gnu/libgcc_s.so.1
7f2152e0a000-7f2152f12000 r-xp 00000000 08:02 655595                     /lib/x86_64-linux-gnu/libm-2.23.so
7f2152f12000-7f2153111000 ---p 00108000 08:02 655595                     /lib/x86_64-linux-gnu/libm-2.23.so
7f2153111000-7f2153112000 r--p 00107000 08:02 655595                     /lib/x86_64-linux-gnu/libm-2.23.so
7f2153112000-7f2153113000 rw-p 00108000 08:02 655595                     /lib/x86_64-linux-gnu/libm-2.23.so
7f215311a000-7f215328c000 r-xp 00000000 08:02 9699525                    /usr/lib/x86_64-linux-gnu/libstdc++.so.6.0.21
7f215328c000-7f215348c000 ---p 00172000 08:02 9699525                    /usr/lib/x86_64-linux-gnu/libstdc++.so.6.0.21
7f215348c000-7f2153496000 r--p 00172000 08:02 9699525                    /usr/lib/x86_64-linux-gnu/libstdc++.so.6.0.21
7f2153496000-7f2153498000 rw-p 0017c000 08:02 9699525                    /usr/lib/x86_64-linux-gnu/libstdc++.so.6.0.21
7f2153498000-7f215349c000 rw-p 00000000 00:00 0 
7f21534a2000-7f21540f1000 r-xp 00000000 08:02 11284710                   /usr/lib/jvm/java-8-openjdk-amd64/jre/lib/amd64/server/libjvm.so
7f21540f1000-7f21542f0000 ---p 00c4f000 08:02 11284710                   /usr/lib/jvm/java-8-openjdk-amd64/jre/lib/amd64/server/libjvm.so
7f21542f0000-7f2154383000 r--p 00c4e000 08:02 11284710                   /usr/lib/jvm/java-8-openjdk-amd64/jre/lib/amd64/server/libjvm.so
7f2154383000-7f21543ac000 rw-p 00ce1000 08:02 11284710                   /usr/lib/jvm/java-8-openjdk-amd64/jre/lib/amd64/server/libjvm.so
7f21543ac000-7f21543dc000 rw-p 00000000 00:00 0 
7f21543e2000-7f21543fa000 r-xp 00000000 08:02 655597                     /lib/x86_64-linux-gnu/libpthread-2.23.so
7f21543fa000-7f21545f9000 ---p 00018000 08:02 655597                     /lib/x86_64-linux-gnu/libpthread-2.23.so
7f21545f9000-7f21545fa000 r--p 00017000 08:02 655597                     /lib/x86_64-linux-gnu/libpthread-2.23.so
7f21545fa000-7f21545fb000 rw-p 00018000 08:02 655597                     /lib/x86_64-linux-gnu/libpthread-2.23.so
7f21545fb000-7f21545ff000 rw-p 00000000 00:00 0 
7f2154602000-7f2154605000 r-xp 00000000 08:02 655581                     /lib/x86_64-linux-gnu/libdl-2.23.so
7f2154605000-7f2154804000 ---p 00003000 08:02 655581                     /lib/x86_64-linux-gnu/libdl-2.23.so
7f2154804000-7f2154805000 r--p 00002000 08:02 655581                     /lib/x86_64-linux-gnu/libdl-2.23.so
7f2154805000-7f2154806000 rw-p 00003000 08:02 655581                     /lib/x86_64-linux-gnu/libdl-2.23.so
7f215480a000-7f2154823000 r-xp 00000000 08:02 660065                     /lib/x86_64-linux-gnu/libz.so.1.2.8
7f2154823000-7f2154a22000 ---p 00019000 08:02 660065                     /lib/x86_64-linux-gnu/libz.so.1.2.8
7f2154a22000-7f2154a23000 r--p 00018000 08:02 660065                     /lib/x86_64-linux-gnu/libz.so.1.2.8
7f2154a23000-7f2154a24000 rw-p 00019000 08:02 660065                     /lib/x86_64-linux-gnu/libz.so.1.2.8
7f2154a2a000-7f2154be9000 r-xp 00000000 08:02 655584                     /lib/x86_64-linux-gnu/libc-2.23.so
7f2154be9000-7f2154de9000 ---p 001bf000 08:02 655584                     /lib/x86_64-linux-gnu/libc-2.23.so
7f2154de9000-7f2154ded000 r--p 001bf000 08:02 655584                     /lib/x86_64-linux-gnu/libc-2.23.so
7f2154ded000-7f2154def000 rw-p 001c3000 08:02 655584                     /lib/x86_64-linux-gnu/libc-2.23.so
7f2154def000-7f2154df3000 rw-p 00000000 00:00 0 
7f2154dfa000-7f2154e07000 r-xp 00000000 08:02 11284706                   /usr/lib/jvm/java-8-openjdk-amd64/jre/lib/amd64/jli/libjli.so
7f2154e07000-7f2155007000 ---p 0000d000 08:02 11284706                   /usr/lib/jvm/java-8-openjdk-amd64/jre/lib/amd64/jli/libjli.so
7f2155007000-7f2155008000 r--p 0000d000 08:02 11284706                   /usr/lib/jvm/java-8-openjdk-amd64/jre/lib/amd64/jli/libjli.so
7f2155008000-7f2155009000 rw-p 0000e000 08:02 11284706                   /usr/lib/jvm/java-8-openjdk-amd64/jre/lib/amd64/jli/libjli.so
7f215500a000-7f2155030000 r-xp 00000000 08:02 655561                     /lib/x86_64-linux-gnu/ld-2.23.so
7f2155036000-7f215511a000 rw-p 00000000 00:00 0 
7f215511a000-7f2155122000 rw-s 00000000 08:02 12847556                   /tmp/hsperfdata_jimmy/5002
7f2155126000-7f2155128000 rwxp 00000000 00:00 0 
7f2155128000-7f2155129000 rw-p 00000000 00:00 0 
7f2155129000-7f215512a000 r--p 00000000 00:00 0 
7f215512a000-7f215512d000 ---p 00000000 00:00 0 
7f215512d000-7f215522f000 rw-p 00000000 00:00 0 
7f215522f000-7f2155230000 r--p 00025000 08:02 655561                     /lib/x86_64-linux-gnu/ld-2.23.so
7f2155230000-7f2155231000 rw-p 00026000 08:02 655561                     /lib/x86_64-linux-gnu/ld-2.23.so
7f2155231000-7f2155233000 rw-p 00000000 00:00 0 
7f2155233000-7f2155235000 rw-p 00000000 00:00 0 
7fffddb69000-7fffddb8c000 rw-p 00000000 00:00 0                          [stack]
7fffddbea000-7fffddbec000 r--p 00000000 00:00 0                          [vvar]
7fffddbec000-7fffddbee000 r-xp 00000000 00:00 0                          [vdso]
ffffffffff600000-ffffffffff601000 r-xp 00000000 00:00 0                  [vsyscall]

VM Arguments:
jvm_args: -Didea.launcher.port=7536 -Didea.launcher.bin.path=/home/jimmy/Downloads/idea-IC-145.1617.8/bin -Dfile.encoding=UTF-8 
java_command: com.intellij.rt.execution.application.AppMain Main.Main
java_class_path (initial): /usr/lib/jvm/java-8-openjdk-amd64/jre/lib/charsets.jar:/usr/lib/jvm/java-8-openjdk-amd64/jre/lib/ext/cldrdata.jar:/usr/lib/jvm/java-8-openjdk-amd64/jre/lib/ext/dnsns.jar:/usr/lib/jvm/java-8-openjdk-amd64/jre/lib/ext/icedtea-sound.jar:/usr/lib/jvm/java-8-openjdk-amd64/jre/lib/ext/jaccess.jar:/usr/lib/jvm/java-8-openjdk-amd64/jre/lib/ext/localedata.jar:/usr/lib/jvm/java-8-openjdk-amd64/jre/lib/ext/nashorn.jar:/usr/lib/jvm/java-8-openjdk-amd64/jre/lib/ext/sunec.jar:/usr/lib/jvm/java-8-openjdk-amd64/jre/lib/ext/sunjce_provider.jar:/usr/lib/jvm/java-8-openjdk-amd64/jre/lib/ext/sunpkcs11.jar:/usr/lib/jvm/java-8-openjdk-amd64/jre/lib/ext/zipfs.jar:/usr/lib/jvm/java-8-openjdk-amd64/jre/lib/jce.jar:/usr/lib/jvm/java-8-openjdk-amd64/jre/lib/jsse.jar:/usr/lib/jvm/java-8-openjdk-amd64/jre/lib/management-agent.jar:/usr/lib/jvm/java-8-openjdk-amd64/jre/lib/resources.jar:/usr/lib/jvm/java-8-openjdk-amd64/jre/lib/rt.jar:/home/jimmy/IdeaProjects/TotalFantasyOpenGL/out/production/TotalFantasyOpenGL:/home/jimmy/IdeaProjects/TotalFantasyOpenGL/lib/joml-1.8.21.jar:/home/jimmy/IdeaProjects/lwjgl/lwjgl/lwjgl.jar:/home/jimmy/IdeaProjects/lwjgl/lwjgl/lwjgl-javadoc.jar:/home/jimmy/IdeaProjects/lwjgl/lwjgl/lwjgl-sources.jar:/home/jimmy/IdeaProjects/lwjgl/lwjgl/lwjgl-natives-linux.jar:/home/jimmy/IdeaProjects/lwjgl/lwjgl/lwjgl-natives-macos.jar:/home/jimmy/IdeaProjects/lwjgl/lwjgl/lwjgl-natives-windows.jar:/home/jimmy/IdeaProjects/lwjgl/lwjgl-egl/lwjgl-egl.jar:/home/jimmy/IdeaProjects/lwjgl/lwjgl-egl/lwjgl-egl-javadoc.jar:/home/jimmy/IdeaProjects/lwjgl/lwjgl-egl/lwjgl-egl-sources.jar:/home/jimmy/IdeaProjects/lwjgl/lwjgl-glfw/lwjgl-glfw.jar:/home/jimmy/IdeaProjects/lwjgl/lwjgl-glfw/lwjgl-glfw-javadoc.jar:/home/jimmy/IdeaProjects/lwjgl/lwjgl-glfw/lwjgl-glfw-sources.jar:/home/jimmy/IdeaProjects/lwjgl/lwjgl-glfw/lwjgl-glfw-natives-linux.jar:/home/jimmy/IdeaProjects/lwjgl/lwjgl-glfw/lwjgl-glfw-natives-macos.jar:/home/jimmy/IdeaProjects/lwjgl/lwjgl-glfw/lwjgl-glfw-native
Launcher Type: SUN_STANDARD

Environment Variables:
JAVA_HOME=/usr/local/java/jdk1.8.0_91
JRE_HOME=/usr/local/java/jre1.8.0_91
PATH=/usr/local/sbin:/usr/local/bin:/usr/sbin:/usr/bin:/sbin:/bin:/usr/games:/usr/local/games:/snap/bin:/usr/local/java/jre1.8.0_91/bin:/usr/local/java/jdk1.8.0_91/bin
LD_LIBRARY_PATH=/home/jimmy/Downloads/idea-IC-145.1617.8/bin:
SHELL=/bin/bash
DISPLAY=:0

Signal Handlers:
SIGSEGV: [libjvm.so+0xa65880], sa_mask[0]=11111111011111111101111111111110, sa_flags=SA_RESTART|SA_SIGINFO
SIGBUS: [libjvm.so+0xa65880], sa_mask[0]=11111111011111111101111111111110, sa_flags=SA_RESTART|SA_SIGINFO
SIGFPE: [libjvm.so+0x8af1c0], sa_mask[0]=11111111011111111101111111111110, sa_flags=SA_RESTART|SA_SIGINFO
SIGPIPE: [libjvm.so+0x8af1c0], sa_mask[0]=11111111011111111101111111111110, sa_flags=SA_RESTART|SA_SIGINFO
SIGXFSZ: [libjvm.so+0x8af1c0], sa_mask[0]=11111111011111111101111111111110, sa_flags=SA_RESTART|SA_SIGINFO
SIGILL: [libjvm.so+0x8af1c0], sa_mask[0]=11111111011111111101111111111110, sa_flags=SA_RESTART|SA_SIGINFO
SIGUSR1: SIG_DFL, sa_mask[0]=00000000000000000000000000000000, sa_flags=none
SIGUSR2: [libjvm.so+0x8af070], sa_mask[0]=00100000000000000000000000000000, sa_flags=SA_RESTART|SA_SIGINFO
SIGHUP: [libjvm.so+0x8af540], sa_mask[0]=11111111011111111101111111111110, sa_flags=SA_RESTART|SA_SIGINFO
SIGINT: [libjvm.so+0x8af540], sa_mask[0]=11111111011111111101111111111110, sa_flags=SA_RESTART|SA_SIGINFO
SIGTERM: [libjvm.so+0x8af540], sa_mask[0]=11111111011111111101111111111110, sa_flags=SA_RESTART|SA_SIGINFO
SIGQUIT: [libjvm.so+0x8af540], sa_mask[0]=11111111011111111101111111111110, sa_flags=SA_RESTART|SA_SIGINFO


---------------  S Y S T E M  ---------------

OS:DISTRIB_ID=Ubuntu
DISTRIB_RELEASE=16.04
DISTRIB_CODENAME=xenial
DISTRIB_DESCRIPTION="Ubuntu 16.04.1 LTS"

uname:Linux 4.4.0-59-generic #80-Ubuntu SMP Fri Jan 6 17:47:47 UTC 2017 x86_64
libc:glibc 2.23 NPTL 2.23 
rlimit: STACK 8192k, CORE 0k, NPROC 14625, NOFILE 65536, AS infinity
load average:0,46 0,81 0,86

/proc/meminfo:
MemTotal:        4070216 kB
MemFree:         1152004 kB
MemAvailable:    1251028 kB
Buffers:            7284 kB
Cached:           291460 kB
SwapCached:        18860 kB
Active:          1714892 kB
Inactive:         890080 kB
Active(anon):    1537592 kB
Inactive(anon):   790000 kB
Active(file):     177300 kB
Inactive(file):   100080 kB
Unevictable:          32 kB
Mlocked:              32 kB
SwapTotal:       4151292 kB
SwapFree:        3917716 kB
Dirty:              4604 kB
Writeback:             0 kB
AnonPages:       2287840 kB
Mapped:           192932 kB
Shmem:             21364 kB
Slab:              91604 kB
SReclaimable:      53312 kB
SUnreclaim:        38292 kB
KernelStack:       10736 kB
PageTables:        43896 kB
NFS_Unstable:          0 kB
Bounce:                0 kB
WritebackTmp:          0 kB
CommitLimit:     6186400 kB
Committed_AS:    6366416 kB
VmallocTotal:   34359738367 kB
VmallocUsed:           0 kB
VmallocChunk:          0 kB
HardwareCorrupted:     0 kB
AnonHugePages:   1361920 kB
CmaTotal:              0 kB
CmaFree:               0 kB
HugePages_Total:       0
HugePages_Free:        0
HugePages_Rsvd:        0
HugePages_Surp:        0
Hugepagesize:       2048 kB
DirectMap4k:      279444 kB
DirectMap2M:     3872768 kB
DirectMap1G:           0 kB


CPU:total 4 (4 cores per cpu, 1 threads per core) family 21 model 48 stepping 1, cmov, cx8, fxsr, mmx, sse, sse2, sse3, ssse3, sse4.1, sse4.2, popcnt, avx, aes, clmul, mmxext, 3dnowpref, lzcnt, sse4a, tsc, tscinvbit, tscinv, bmi1

/proc/cpuinfo:
processor	: 0
vendor_id	: AuthenticAMD
cpu family	: 21
model		: 48
model name	: AMD Athlon(tm) X4 840 Quad Core Processor
stepping	: 1
microcode	: 0x6003106
cpu MHz		: 2400.000
cache size	: 2048 KB
physical id	: 0
siblings	: 4
core id		: 0
cpu cores	: 2
apicid		: 16
initial apicid	: 0
fpu		: yes
fpu_exception	: yes
cpuid level	: 13
wp		: yes
flags		: fpu vme de pse tsc msr pae mce cx8 apic sep mtrr pge mca cmov pat pse36 clflush mmx fxsr sse sse2 ht syscall nx mmxext fxsr_opt pdpe1gb rdtscp lm constant_tsc rep_good nopl nonstop_tsc extd_apicid aperfmperf eagerfpu pni pclmulqdq monitor ssse3 fma cx16 sse4_1 sse4_2 popcnt aes xsave avx f16c lahf_lm cmp_legacy svm extapic cr8_legacy abm sse4a misalignsse 3dnowprefetch osvw ibs xop skinit wdt lwp fma4 tce nodeid_msr tbm topoext perfctr_core perfctr_nb bpext cpb hw_pstate vmmcall fsgsbase bmi1 xsaveopt arat npt lbrv svm_lock nrip_save tsc_scale vmcb_clean flushbyasid decodeassists pausefilter pfthreshold
bugs		: fxsave_leak sysret_ss_attrs
bogomips	: 6188.12
TLB size	: 1536 4K pages
clflush size	: 64
cache_alignment	: 64
address sizes	: 48 bits physical, 48 bits virtual
power management: ts ttp tm 100mhzsteps hwpstate cpb eff_freq_ro [13]

processor	: 1
vendor_id	: AuthenticAMD
cpu family	: 21
model		: 48
model name	: AMD Athlon(tm) X4 840 Quad Core Processor
stepping	: 1
microcode	: 0x6003106
cpu MHz		: 1900.000
cache size	: 2048 KB
physical id	: 0
siblings	: 4
core id		: 1
cpu cores	: 2
apicid		: 17
initial apicid	: 1
fpu		: yes
fpu_exception	: yes
cpuid level	: 13
wp		: yes
flags		: fpu vme de pse tsc msr pae mce cx8 apic sep mtrr pge mca cmov pat pse36 clflush mmx fxsr sse sse2 ht syscall nx mmxext fxsr_opt pdpe1gb rdtscp lm constant_tsc rep_good nopl nonstop_tsc extd_apicid aperfmperf eagerfpu pni pclmulqdq monitor ssse3 fma cx16 sse4_1 sse4_2 popcnt aes xsave avx f16c lahf_lm cmp_legacy svm extapic cr8_legacy abm sse4a misalignsse 3dnowprefetch osvw ibs xop skinit wdt lwp fma4 tce nodeid_msr tbm topoext perfctr_core perfctr_nb bpext cpb hw_pstate vmmcall fsgsbase bmi1 xsaveopt arat npt lbrv svm_lock nrip_save tsc_scale vmcb_clean flushbyasid decodeassists pausefilter pfthreshold
bugs		: fxsave_leak sysret_ss_attrs
bogomips	: 6188.12
TLB size	: 1536 4K pages
clflush size	: 64
cache_alignment	: 64
address sizes	: 48 bits physical, 48 bits virtual
power management: ts ttp tm 100mhzsteps hwpstate cpb eff_freq_ro [13]

processor	: 2
vendor_id	: AuthenticAMD
cpu family	: 21
model		: 48
model name	: AMD Athlon(tm) X4 840 Quad Core Processor
stepping	: 1
microcode	: 0x6003106
cpu MHz		: 1900.000
cache size	: 2048 KB
physical id	: 0
siblings	: 4
core id		: 2
cpu cores	: 2
apicid		: 18
initial apicid	: 2
fpu		: yes
fpu_exception	: yes
cpuid level	: 13
wp		: yes
flags		: fpu vme de pse tsc msr pae mce cx8 apic sep mtrr pge mca cmov pat pse36 clflush mmx fxsr sse sse2 ht syscall nx mmxext fxsr_opt pdpe1gb rdtscp lm constant_tsc rep_good nopl nonstop_tsc extd_apicid aperfmperf eagerfpu pni pclmulqdq monitor ssse3 fma cx16 sse4_1 sse4_2 popcnt aes xsave avx f16c lahf_lm cmp_legacy svm extapic cr8_legacy abm sse4a misalignsse 3dnowprefetch osvw ibs xop skinit wdt lwp fma4 tce nodeid_msr tbm topoext perfctr_core perfctr_nb bpext cpb hw_pstate vmmcall fsgsbase bmi1 xsaveopt arat npt lbrv svm_lock nrip_save tsc_scale vmcb_clean flushbyasid decodeassists pausefilter pfthreshold
bugs		: fxsave_leak sysret_ss_attrs
bogomips	: 6188.12
TLB size	: 1536 4K pages
clflush size	: 64
cache_alignment	: 64
address sizes	: 48 bits physical, 48 bits virtual
power management: ts ttp tm 100mhzsteps hwpstate cpb eff_freq_ro [13]

processor	: 3
vendor_id	: AuthenticAMD
cpu family	: 21
model		: 48
model name	: AMD Athlon(tm) X4 840 Quad Core Processor
stepping	: 1
microcode	: 0x6003106
cpu MHz		: 3100.000
cache size	: 2048 KB
physical id	: 0
siblings	: 4
core id		: 3
cpu cores	: 2
apicid		: 19
initial apicid	: 3
fpu		: yes
fpu_exception	: yes
cpuid level	: 13
wp		: yes
flags		: fpu vme de pse tsc msr pae mce cx8 apic sep mtrr pge mca cmov pat pse36 clflush mmx fxsr sse sse2 ht syscall nx mmxext fxsr_opt pdpe1gb rdtscp lm constant_tsc rep_good nopl nonstop_tsc extd_apicid aperfmperf eagerfpu pni pclmulqdq monitor ssse3 fma cx16 sse4_1 sse4_2 popcnt aes xsave avx f16c lahf_lm cmp_legacy svm extapic cr8_legacy abm sse4a misalignsse 3dnowprefetch osvw ibs xop skinit wdt lwp fma4 tce nodeid_msr tbm topoext perfctr_core perfctr_nb bpext cpb hw_pstate vmmcall fsgsbase bmi1 xsaveopt arat npt lbrv svm_lock nrip_save tsc_scale vmcb_clean flushbyasid decodeassists pausefilter pfthreshold
bugs		: fxsave_leak sysret_ss_attrs
bogomips	: 6188.12
TLB size	: 1536 4K pages
clflush size	: 64
cache_alignment	: 64
address sizes	: 48 bits physical, 48 bits virtual
power management: ts ttp tm 100mhzsteps hwpstate cpb eff_freq_ro [13]



Memory: 4k page, physical 4070216k(1152004k free), swap 4151292k(3917716k free)

vm_info: OpenJDK 64-Bit Server VM (25.111-b14) for linux-amd64 JRE (1.8.0_111-8u111-b14-2ubuntu0.16.04.2-b14), built on Oct 27 2016 18:10:19 by "buildd" with gcc 5.4.0 20160609

time: Tue Jan 17 01:31:26 2017
elapsed time: 2 seconds (0d 0h 0m 2s)

