#
# A fatal error has been detected by the Java Runtime Environment:
#
#  SIGSEGV (0xb) at pc=0x00007f49d1833c9e, pid=5733, tid=0x00007f49d1f71700
#
# JRE version: OpenJDK Runtime Environment (8.0_111-b14) (build 1.8.0_111-8u111-b14-2ubuntu0.16.04.2-b14)
# Java VM: OpenJDK 64-Bit Server VM (25.111-b14 mixed mode linux-amd64 compressed oops)
# Problematic frame:
# C  [libc.so.6+0x9ec9e]
#
# Failed to write core dump. Core dumps have been disabled. To enable core dumping, try "ulimit -c unlimited" before starting Java again
#
# If you would like to submit a bug report, please visit:
#   http://bugreport.java.com/bugreport/crash.jsp
# The crash happened outside the Java Virtual Machine in native code.
# See problematic frame for where to report the bug.
#

---------------  T H R E A D  ---------------

Current thread (0x00007f49c800e000):  JavaThread "main" [_thread_in_native, id=5734, stack(0x00007f49d1e71000,0x00007f49d1f72000)]

siginfo: si_signo: 11 (SIGSEGV), si_code: 2 (SEGV_ACCERR), si_addr: 0x00007f49c9baad30

Registers:
RAX=0x000000006cbaed40, RBX=0x00007f495affc000, RCX=0x0000000002000000, RDX=0x0000000001000000
RSP=0x00007f49d1f6f918, RBP=0x00007f49d1f6f9a0, RSI=0x00007f49c8baad40, RDI=0x00007f495affc000
R8 =0x0000000000002000, R9 =0x0000000000000001, R10=0x0000000000002000, R11=0x0000000000000246
R12=0x00007f49c8baad40, R13=0x0000000000002000, R14=0x0000000000000800, R15=0x0000000000000001
RIP=0x00007f49d1833c9e, EFLAGS=0x0000000000010202, CSGSFS=0x0000000000000033, ERR=0x0000000000000004
  TRAPNO=0x000000000000000e

Top of Stack: (sp=0x00007f49d1f6f918)
0x00007f49d1f6f918:   00007f497d07809f 0000000000000800
0x00007f49d1f6f928:   00007f49c8baad40 0000000000002000
0x00007f49d1f6f938:   0000000000000000 0000000000000000
0x00007f49d1f6f948:   0000000000000000 0000000000000000
0x00007f49d1f6f958:   0000004300002000 0000000001000000
0x00007f49d1f6f968:   0000000001000000 0000000000000000
0x00007f49d1f6f978:   00007f49c84a4530 00007f49d1f6fb20
0x00007f49d1f6f988:   00007f49c8baad40 00007f49c84760e0
0x00007f49d1f6f998:   0000000000002000 00007f49d1f6fa30
0x00007f49d1f6f9a8:   00007f497d07c297 0000000000000000
0x00007f49d1f6f9b8:   0000000000000800 0000000000000800
0x00007f49d1f6f9c8:   0000000000000001 00007f49c8baad40
0x00007f49d1f6f9d8:   0000000000002000 0000000001000000
0x00007f49d1f6f9e8:   0000000000000000 0000000000000000
0x00007f49d1f6f9f8:   0000000000000000 00007f49c8757150
0x00007f49d1f6fa08:   d8a0bfd28adfcc00 0000000001000000
0x00007f49d1f6fa18:   00007f49c8630160 00007f49c8b7fa60
0x00007f49d1f6fa28:   00007f49c8614ef0 00007f49d1f6fc60
0x00007f49d1f6fa38:   00007f497ce57f3c 0000000000002000
0x00007f49d1f6fa48:   0000000001000000 0000000000000000
0x00007f49d1f6fa58:   000000000000000e 0000000000000000
0x00007f49d1f6fa68:   0000000000000000 0000000000000000
0x00007f49d1f6fa78:   d8a0bfd28adfcc00 ffffffffffffffff
0x00007f49d1f6fa88:   0000000000000000 0000000000000043
0x00007f49d1f6fa98:   00007f49c8648680 00007f49c8503a70
0x00007f49d1f6faa8:   000000000000000a 00007f49c84a4530
0x00007f49d1f6fab8:   0000000000000de1 0000000000000000
0x00007f49d1f6fac8:   0000000200000000 00007f49c84760e0
0x00007f49d1f6fad8:   00007f49c8baad40 0000000000000000
0x00007f49d1f6fae8:   0000000a00000000 0000000000000004
0x00007f49d1f6faf8:   0000000000000000 0000000000000043
0x00007f49d1f6fb08:   d8a0bfd28adfcc00 0000000000000000 

Instructions: (pc=0x00007f49d1833c9e)
0x00007f49d1833c7e:   39 c8 0f 82 07 01 00 00 48 83 fa 10 0f 86 8b 01
0x00007f49d1833c8e:   00 00 f3 44 0f 6f 06 48 83 fa 20 f3 44 0f 7f 07
0x00007f49d1833c9e:   f3 44 0f 6f 44 16 f0 f3 44 0f 7f 44 17 f0 77 12
0x00007f49d1833cae:   48 89 f8 c3 0f 1f 40 00 66 2e 0f 1f 84 00 00 00 

Register to memory mapping:

RAX=0x000000006cbaed40 is an unknown value
RBX=0x00007f495affc000 is an unknown value
RCX=0x0000000002000000 is an unknown value
RDX=0x0000000001000000 is an unknown value
RSP=0x00007f49d1f6f918 is pointing into the stack for thread: 0x00007f49c800e000
RBP=0x00007f49d1f6f9a0 is pointing into the stack for thread: 0x00007f49c800e000
RSI=0x00007f49c8baad40 is an unknown value
RDI=0x00007f495affc000 is an unknown value
R8 =0x0000000000002000 is an unknown value
R9 =0x0000000000000001 is an unknown value
R10=0x0000000000002000 is an unknown value
R11=0x0000000000000246 is an unknown value
R12=0x00007f49c8baad40 is an unknown value
R13=0x0000000000002000 is an unknown value
R14=0x0000000000000800 is an unknown value
R15=0x0000000000000001 is an unknown value


Stack: [0x00007f49d1e71000,0x00007f49d1f72000],  sp=0x00007f49d1f6f918,  free space=1018k
Native frames: (J=compiled Java code, j=interpreted, Vv=VM code, C=native code)
C  [libc.so.6+0x9ec9e]
C  [radeonsi_dri.so+0x417297]
C  [radeonsi_dri.so+0x1f2f3c]
C  [radeonsi_dri.so+0x1f48bb]
C  [radeonsi_dri.so+0x17641a]
C  [radeonsi_dri.so+0x17722d]
j  org.lwjgl.system.JNI.callPV(JIIIIIIIIJ)V+0
j  org.lwjgl.opengl.GL11.nglTexImage2D(IIIIIIIIJ)V+24
j  org.lwjgl.opengl.GL11.glTexImage2D(IIIIIIIILjava/nio/ByteBuffer;)V+17
j  Main.Loader.createTextureFromByteBuffer(Ljava/nio/ByteBuffer;II)LMain/Texture;+52
j  Main.Map.<init>(LMain/Camera;LMain/Shader;LMain/Loader;LMain/Renderer;Lorg/joml/Vector3f;)V+345
j  Main.Game.<init>(LMain/Window;)V+186
j  Main.Main.<init>()V+104
j  Main.Main.main([Ljava/lang/String;)V+4
v  ~StubRoutines::call_stub
V  [libjvm.so+0x66088b]
V  [libjvm.so+0x935a26]
V  [libjvm.so+0x93773f]
V  [libjvm.so+0x6ac489]  JVM_InvokeMethod+0x119
j  sun.reflect.NativeMethodAccessorImpl.invoke0(Ljava/lang/reflect/Method;Ljava/lang/Object;[Ljava/lang/Object;)Ljava/lang/Object;+0
j  sun.reflect.NativeMethodAccessorImpl.invoke(Ljava/lang/Object;[Ljava/lang/Object;)Ljava/lang/Object;+100
j  sun.reflect.DelegatingMethodAccessorImpl.invoke(Ljava/lang/Object;[Ljava/lang/Object;)Ljava/lang/Object;+6
j  java.lang.reflect.Method.invoke(Ljava/lang/Object;[Ljava/lang/Object;)Ljava/lang/Object;+56
j  com.intellij.rt.execution.application.AppMain.main([Ljava/lang/String;)V+180
v  ~StubRoutines::call_stub
V  [libjvm.so+0x66088b]
V  [libjvm.so+0x6825ce]
V  [libjvm.so+0x684eff]
C  [libjli.so+0x3552]
C  [libjli.so+0x73dd]
C  [libpthread.so.0+0x76ba]  start_thread+0xca

Java frames: (J=compiled Java code, j=interpreted, Vv=VM code)
j  org.lwjgl.system.JNI.callPV(JIIIIIIIIJ)V+0
j  org.lwjgl.opengl.GL11.nglTexImage2D(IIIIIIIIJ)V+24
j  org.lwjgl.opengl.GL11.glTexImage2D(IIIIIIIILjava/nio/ByteBuffer;)V+17
j  Main.Loader.createTextureFromByteBuffer(Ljava/nio/ByteBuffer;II)LMain/Texture;+52
j  Main.Map.<init>(LMain/Camera;LMain/Shader;LMain/Loader;LMain/Renderer;Lorg/joml/Vector3f;)V+345
j  Main.Game.<init>(LMain/Window;)V+186
j  Main.Main.<init>()V+104
j  Main.Main.main([Ljava/lang/String;)V+4
v  ~StubRoutines::call_stub
j  sun.reflect.NativeMethodAccessorImpl.invoke0(Ljava/lang/reflect/Method;Ljava/lang/Object;[Ljava/lang/Object;)Ljava/lang/Object;+0
j  sun.reflect.NativeMethodAccessorImpl.invoke(Ljava/lang/Object;[Ljava/lang/Object;)Ljava/lang/Object;+100
j  sun.reflect.DelegatingMethodAccessorImpl.invoke(Ljava/lang/Object;[Ljava/lang/Object;)Ljava/lang/Object;+6
j  java.lang.reflect.Method.invoke(Ljava/lang/Object;[Ljava/lang/Object;)Ljava/lang/Object;+56
j  com.intellij.rt.execution.application.AppMain.main([Ljava/lang/String;)V+180
v  ~StubRoutines::call_stub

---------------  P R O C E S S  ---------------

Java Threads: ( => current thread )
  0x00007f49c8b93000 JavaThread "Java2D Disposer" daemon [_thread_blocked, id=5773, stack(0x00007f497c0dc000,0x00007f497c1dd000)]
  0x00007f49c834f000 JavaThread "Monitor Ctrl-Break" daemon [_thread_in_native, id=5748, stack(0x00007f49b804a000,0x00007f49b814b000)]
  0x00007f49c80be000 JavaThread "Service Thread" daemon [_thread_blocked, id=5746, stack(0x00007f49b84a0000,0x00007f49b85a1000)]
  0x00007f49c80b6800 JavaThread "C1 CompilerThread2" daemon [_thread_blocked, id=5745, stack(0x00007f49b85a1000,0x00007f49b86a2000)]
  0x00007f49c80b5000 JavaThread "C2 CompilerThread1" daemon [_thread_blocked, id=5744, stack(0x00007f49b86a2000,0x00007f49b87a3000)]
  0x00007f49c80b2000 JavaThread "C2 CompilerThread0" daemon [_thread_blocked, id=5743, stack(0x00007f49b87a3000,0x00007f49b88a4000)]
  0x00007f49c80b0000 JavaThread "Signal Dispatcher" daemon [_thread_blocked, id=5742, stack(0x00007f49b88a4000,0x00007f49b89a5000)]
  0x00007f49c8087800 JavaThread "Finalizer" daemon [_thread_blocked, id=5741, stack(0x00007f49b8dfe000,0x00007f49b8eff000)]
  0x00007f49c8083000 JavaThread "Reference Handler" daemon [_thread_blocked, id=5740, stack(0x00007f49b8eff000,0x00007f49b9000000)]
=>0x00007f49c800e000 JavaThread "main" [_thread_in_native, id=5734, stack(0x00007f49d1e71000,0x00007f49d1f72000)]

Other Threads:
  0x00007f49c807b000 VMThread [stack: 0x00007f49cc08d000,0x00007f49cc18e000] [id=5739]
  0x00007f49c80c0800 WatcherThread [stack: 0x00007f49b839f000,0x00007f49b84a0000] [id=5747]

VM state:not at safepoint (normal execution)

VM Mutex/Monitor currently owned by a thread: None

Heap:
 PSYoungGen      total 35328K, used 12261K [0x00000000eb500000, 0x00000000eda00000, 0x0000000100000000)
  eden space 32768K, 29% used [0x00000000eb500000,0x00000000ebe7d460,0x00000000ed500000)
  from space 2560K, 99% used [0x00000000ed780000,0x00000000ed9fc020,0x00000000eda00000)
  to   space 2560K, 0% used [0x00000000ed500000,0x00000000ed500000,0x00000000ed780000)
 ParOldGen       total 44032K, used 1150K [0x00000000c1e00000, 0x00000000c4900000, 0x00000000eb500000)
  object space 44032K, 2% used [0x00000000c1e00000,0x00000000c1f1f9e0,0x00000000c4900000)
 Metaspace       used 10760K, capacity 10971K, committed 11264K, reserved 1058816K
  class space    used 962K, capacity 1023K, committed 1024K, reserved 1048576K

Card table byte_map: [0x00007f49ce2f3000,0x00007f49ce4e5000] byte_map_base: 0x00007f49cdce4000

Marking Bits: (ParMarkBitMap*) 0x00007f49d112a220
 Begin Bits: [0x00007f49a60f0000, 0x00007f49a7078000)
 End Bits:   [0x00007f49a7078000, 0x00007f49a8000000)

Polling page: 0x00007f49d1f95000

CodeCache: size=245760Kb used=3051Kb max_used=3065Kb free=242708Kb
 bounds [0x00007f49b9000000, 0x00007f49b9310000, 0x00007f49c8000000]
 total_blobs=1542 nmethods=729 adapters=729
 compilation: enabled

Compilation events (10 events):
Event: 2,078 Thread 0x00007f49c80b6800  725       3       java.net.URL::equals (24 bytes)
Event: 2,078 Thread 0x00007f49c80b6800 nmethod 725 0x00007f49b92f6990 code [0x00007f49b92f6b20, 0x00007f49b92f6f68]
Event: 2,107 Thread 0x00007f49c80b2000  726       4       java.util.zip.Inflater::ensureOpen (47 bytes)
Event: 2,108 Thread 0x00007f49c80b2000 nmethod 726 0x00007f49b92e6b90 code [0x00007f49b92e6ce0, 0x00007f49b92e6d78]
Event: 2,109 Thread 0x00007f49c80b2000  727   !   4       java.util.zip.Inflater::inflate (113 bytes)
Event: 2,112 Thread 0x00007f49c80b2000 nmethod 727 0x00007f49b92fa310 code [0x00007f49b92fa480, 0x00007f49b92fa948]
Event: 2,126 Thread 0x00007f49c80b5000  728       4       java.io.BufferedInputStream::read1 (108 bytes)
Event: 2,130 Thread 0x00007f49c80b5000 nmethod 728 0x00007f49b92f9ad0 code [0x00007f49b92f9c40, 0x00007f49b92f9f88]
Event: 2,133 Thread 0x00007f49c80b2000  729       4       Main.Loader::loadImageFileToByteBuffer (184 bytes)
Event: 2,163 Thread 0x00007f49c80b2000 nmethod 729 0x00007f49b92faed0 code [0x00007f49b92fb0e0, 0x00007f49b92fbd10]

GC Heap History (8 events):
Event: 1,280 GC heap before
{Heap before GC invocations=1 (full 0):
 PSYoungGen      total 18944K, used 16384K [0x00000000eb500000, 0x00000000eca00000, 0x0000000100000000)
  eden space 16384K, 100% used [0x00000000eb500000,0x00000000ec500000,0x00000000ec500000)
  from space 2560K, 0% used [0x00000000ec780000,0x00000000ec780000,0x00000000eca00000)
  to   space 2560K, 0% used [0x00000000ec500000,0x00000000ec500000,0x00000000ec780000)
 ParOldGen       total 44032K, used 0K [0x00000000c1e00000, 0x00000000c4900000, 0x00000000eb500000)
  object space 44032K, 0% used [0x00000000c1e00000,0x00000000c1e00000,0x00000000c4900000)
 Metaspace       used 8046K, capacity 8209K, committed 8448K, reserved 1056768K
  class space    used 692K, capacity 762K, committed 768K, reserved 1048576K
Event: 1,286 GC heap after
Heap after GC invocations=1 (full 0):
 PSYoungGen      total 18944K, used 2538K [0x00000000eb500000, 0x00000000eca00000, 0x0000000100000000)
  eden space 16384K, 0% used [0x00000000eb500000,0x00000000eb500000,0x00000000ec500000)
  from space 2560K, 99% used [0x00000000ec500000,0x00000000ec77aa68,0x00000000ec780000)
  to   space 2560K, 0% used [0x00000000ec780000,0x00000000ec780000,0x00000000eca00000)
 ParOldGen       total 44032K, used 493K [0x00000000c1e00000, 0x00000000c4900000, 0x00000000eb500000)
  object space 44032K, 1% used [0x00000000c1e00000,0x00000000c1e7b518,0x00000000c4900000)
 Metaspace       used 8046K, capacity 8209K, committed 8448K, reserved 1056768K
  class space    used 692K, capacity 762K, committed 768K, reserved 1048576K
}
Event: 2,004 GC heap before
{Heap before GC invocations=2 (full 0):
 PSYoungGen      total 18944K, used 18922K [0x00000000eb500000, 0x00000000eca00000, 0x0000000100000000)
  eden space 16384K, 100% used [0x00000000eb500000,0x00000000ec500000,0x00000000ec500000)
  from space 2560K, 99% used [0x00000000ec500000,0x00000000ec77aa68,0x00000000ec780000)
  to   space 2560K, 0% used [0x00000000ec780000,0x00000000ec780000,0x00000000eca00000)
 ParOldGen       total 44032K, used 493K [0x00000000c1e00000, 0x00000000c4900000, 0x00000000eb500000)
  object space 44032K, 1% used [0x00000000c1e00000,0x00000000c1e7b518,0x00000000c4900000)
 Metaspace       used 10752K, capacity 10907K, committed 11008K, reserved 1058816K
  class space    used 961K, capacity 1023K, committed 1024K, reserved 1048576K
Event: 2,010 GC heap after
Heap after GC invocations=2 (full 0):
 PSYoungGen      total 18944K, used 2528K [0x00000000eb500000, 0x00000000eca00000, 0x0000000100000000)
  eden space 16384K, 0% used [0x00000000eb500000,0x00000000eb500000,0x00000000ec500000)
  from space 2560K, 98% used [0x00000000ec780000,0x00000000ec9f8010,0x00000000eca00000)
  to   space 2560K, 0% used [0x00000000ec500000,0x00000000ec500000,0x00000000ec780000)
 ParOldGen       total 44032K, used 1134K [0x00000000c1e00000, 0x00000000c4900000, 0x00000000eb500000)
  object space 44032K, 2% used [0x00000000c1e00000,0x00000000c1f1b9e0,0x00000000c4900000)
 Metaspace       used 10752K, capacity 10907K, committed 11008K, reserved 1058816K
  class space    used 961K, capacity 1023K, committed 1024K, reserved 1048576K
}
Event: 2,081 GC heap before
{Heap before GC invocations=3 (full 0):
 PSYoungGen      total 18944K, used 18912K [0x00000000eb500000, 0x00000000eca00000, 0x0000000100000000)
  eden space 16384K, 100% used [0x00000000eb500000,0x00000000ec500000,0x00000000ec500000)
  from space 2560K, 98% used [0x00000000ec780000,0x00000000ec9f8010,0x00000000eca00000)
  to   space 2560K, 0% used [0x00000000ec500000,0x00000000ec500000,0x00000000ec780000)
 ParOldGen       total 44032K, used 1134K [0x00000000c1e00000, 0x00000000c4900000, 0x00000000eb500000)
  object space 44032K, 2% used [0x00000000c1e00000,0x00000000c1f1b9e0,0x00000000c4900000)
 Metaspace       used 10760K, capacity 10971K, committed 11264K, reserved 1058816K
  class space    used 962K, capacity 1023K, committed 1024K, reserved 1048576K
Event: 2,098 GC heap after
Heap after GC invocations=3 (full 0):
 PSYoungGen      total 18944K, used 1568K [0x00000000eb500000, 0x00000000eda00000, 0x0000000100000000)
  eden space 16384K, 0% used [0x00000000eb500000,0x00000000eb500000,0x00000000ec500000)
  from space 2560K, 61% used [0x00000000ec500000,0x00000000ec688000,0x00000000ec780000)
  to   space 2560K, 0% used [0x00000000ed780000,0x00000000ed780000,0x00000000eda00000)
 ParOldGen       total 44032K, used 1134K [0x00000000c1e00000, 0x00000000c4900000, 0x00000000eb500000)
  object space 44032K, 2% used [0x00000000c1e00000,0x00000000c1f1b9e0,0x00000000c4900000)
 Metaspace       used 10760K, capacity 10971K, committed 11264K, reserved 1058816K
  class space    used 962K, capacity 1023K, committed 1024K, reserved 1048576K
}
Event: 2,165 GC heap before
{Heap before GC invocations=4 (full 0):
 PSYoungGen      total 18944K, used 17952K [0x00000000eb500000, 0x00000000eda00000, 0x0000000100000000)
  eden space 16384K, 100% used [0x00000000eb500000,0x00000000ec500000,0x00000000ec500000)
  from space 2560K, 61% used [0x00000000ec500000,0x00000000ec688000,0x00000000ec780000)
  to   space 2560K, 0% used [0x00000000ed780000,0x00000000ed780000,0x00000000eda00000)
 ParOldGen       total 44032K, used 1134K [0x00000000c1e00000, 0x00000000c4900000, 0x00000000eb500000)
  object space 44032K, 2% used [0x00000000c1e00000,0x00000000c1f1b9e0,0x00000000c4900000)
 Metaspace       used 10760K, capacity 10971K, committed 11264K, reserved 1058816K
  class space    used 962K, capacity 1023K, committed 1024K, reserved 1048576K
Event: 2,175 GC heap after
Heap after GC invocations=4 (full 0):
 PSYoungGen      total 35328K, used 2544K [0x00000000eb500000, 0x00000000eda00000, 0x0000000100000000)
  eden space 32768K, 0% used [0x00000000eb500000,0x00000000eb500000,0x00000000ed500000)
  from space 2560K, 99% used [0x00000000ed780000,0x00000000ed9fc020,0x00000000eda00000)
  to   space 2560K, 0% used [0x00000000ed500000,0x00000000ed500000,0x00000000ed780000)
 ParOldGen       total 44032K, used 1150K [0x00000000c1e00000, 0x00000000c4900000, 0x00000000eb500000)
  object space 44032K, 2% used [0x00000000c1e00000,0x00000000c1f1f9e0,0x00000000c4900000)
 Metaspace       used 10760K, capacity 10971K, committed 11264K, reserved 1058816K
  class space    used 962K, capacity 1023K, committed 1024K, reserved 1048576K
}

Deoptimization events (6 events):
Event: 0,176 Thread 0x00007f49c800e000 Uncommon trap: reason=unstable_if action=reinterpret pc=0x00007f49b911ed84 method=java.lang.String.indexOf(II)I @ 49
Event: 0,179 Thread 0x00007f49c800e000 Uncommon trap: reason=unstable_if action=reinterpret pc=0x00007f49b911a3f0 method=java.lang.String.hashCode()I @ 14
Event: 1,230 Thread 0x00007f49c800e000 Uncommon trap: reason=unstable_if action=reinterpret pc=0x00007f49b91e77f8 method=java.lang.String.replace(CC)Ljava/lang/String; @ 26
Event: 1,237 Thread 0x00007f49c800e000 Uncommon trap: reason=unstable_if action=reinterpret pc=0x00007f49b9245f1c method=java.lang.AbstractStringBuilder.append(Ljava/lang/String;)Ljava/lang/AbstractStringBuilder; @ 1
Event: 1,352 Thread 0x00007f49c800e000 Uncommon trap: reason=unstable_if action=reinterpret pc=0x00007f49b91b8e6c method=java.lang.String.indexOf([CII[CIII)I @ 3
Event: 1,457 Thread 0x00007f49c800e000 Uncommon trap: reason=unstable_if action=reinterpret pc=0x00007f49b927fddc method=org.sqlite.SQLiteJDBCLoader.contentsEquals(Ljava/io/InputStream;Ljava/io/InputStream;)Z @ 39

Internal exceptions (10 events):
Event: 0,930 Thread 0x00007f49c800e000 Exception <a 'sun/nio/fs/UnixException'> (0x00000000ebb9d8a0) thrown at [/build/openjdk-8-8jAw7G/openjdk-8-8u111-b14/src/hotspot/src/share/vm/prims/jni.cpp, line 709]
Event: 0,930 Thread 0x00007f49c800e000 Exception <a 'sun/nio/fs/UnixException'> (0x00000000ebb9e0e8) thrown at [/build/openjdk-8-8jAw7G/openjdk-8-8u111-b14/src/hotspot/src/share/vm/prims/jni.cpp, line 709]
Event: 0,930 Thread 0x00007f49c800e000 Exception <a 'sun/nio/fs/UnixException'> (0x00000000ebb9e850) thrown at [/build/openjdk-8-8jAw7G/openjdk-8-8u111-b14/src/hotspot/src/share/vm/prims/jni.cpp, line 709]
Event: 0,930 Thread 0x00007f49c800e000 Exception <a 'sun/nio/fs/UnixException'> (0x00000000ebb9f070) thrown at [/build/openjdk-8-8jAw7G/openjdk-8-8u111-b14/src/hotspot/src/share/vm/prims/jni.cpp, line 709]
Event: 0,930 Thread 0x00007f49c800e000 Exception <a 'sun/nio/fs/UnixException'> (0x00000000ebb9f790) thrown at [/build/openjdk-8-8jAw7G/openjdk-8-8u111-b14/src/hotspot/src/share/vm/prims/jni.cpp, line 709]
Event: 0,930 Thread 0x00007f49c800e000 Exception <a 'sun/nio/fs/UnixException'> (0x00000000ebb9fe00) thrown at [/build/openjdk-8-8jAw7G/openjdk-8-8u111-b14/src/hotspot/src/share/vm/prims/jni.cpp, line 709]
Event: 0,930 Thread 0x00007f49c800e000 Exception <a 'sun/nio/fs/UnixException'> (0x00000000ebba04e0) thrown at [/build/openjdk-8-8jAw7G/openjdk-8-8u111-b14/src/hotspot/src/share/vm/prims/jni.cpp, line 709]
Event: 1,237 Thread 0x00007f49c800e000 Implicit null exception at 0x00007f49b9245b76 to 0x00007f49b9245f05
Event: 1,803 Thread 0x00007f49c800e000 Exception <a 'java/io/FileNotFoundException'> (0x00000000ebb6de88) thrown at [/build/openjdk-8-8jAw7G/openjdk-8-8u111-b14/src/hotspot/src/share/vm/prims/jni.cpp, line 709]
Event: 1,803 Thread 0x00007f49c800e000 Exception <a 'java/io/FileNotFoundException'> (0x00000000ebb6e870) thrown at [/build/openjdk-8-8jAw7G/openjdk-8-8u111-b14/src/hotspot/src/share/vm/prims/jni.cpp, line 709]

Events (10 events):
Event: 2,077 loading class Main/Texture
Event: 2,077 loading class Main/Texture done
Event: 2,078 loading class Main/TexturedModel
Event: 2,078 loading class Main/TexturedModel done
Event: 2,081 Executing VM operation: ParallelGCFailedAllocation
Event: 2,098 Executing VM operation: ParallelGCFailedAllocation done
Event: 2,133 Thread 0x00007f49c800e000 DEOPT PACKING pc=0x00007f49b92f50fa sp=0x00007f49d1f70030
Event: 2,133 Thread 0x00007f49c800e000 DEOPT UNPACKING pc=0x00007f49b9046f73 sp=0x00007f49d1f6fe48 mode 0
Event: 2,165 Executing VM operation: ParallelGCFailedAllocation
Event: 2,175 Executing VM operation: ParallelGCFailedAllocation done


Dynamic libraries:
00400000-00401000 r-xp 00000000 08:02 11408795                           /usr/lib/jvm/java-8-openjdk-amd64/jre/bin/java
00600000-00601000 r--p 00000000 08:02 11408795                           /usr/lib/jvm/java-8-openjdk-amd64/jre/bin/java
00601000-00602000 rw-p 00001000 08:02 11408795                           /usr/lib/jvm/java-8-openjdk-amd64/jre/bin/java
011b7000-011d8000 rw-p 00000000 00:00 0                                  [heap]
c1e00000-c4900000 rw-p 00000000 00:00 0 
c4900000-eb500000 ---p 00000000 00:00 0 
eb500000-eda00000 rw-p 00000000 00:00 0 
eda00000-100000000 ---p 00000000 00:00 0 
100000000-100100000 rw-p 00000000 00:00 0 
100100000-140000000 ---p 00000000 00:00 0 
7f495affc000-7f495bffc000 rw-s 161447000 00:06 369                       /dev/dri/renderD128
7f495c000000-7f495c0a4000 rw-p 00000000 00:00 0 
7f495c0a4000-7f4960000000 ---p 00000000 00:00 0 
7f4960000000-7f4960021000 rw-p 00000000 00:00 0 
7f4960021000-7f4964000000 ---p 00000000 00:00 0 
7f4964000000-7f4964168000 rw-p 00000000 00:00 0 
7f4964168000-7f4968000000 ---p 00000000 00:00 0 
7f4968000000-7f4968166000 rw-p 00000000 00:00 0 
7f4968166000-7f496c000000 ---p 00000000 00:00 0 
7f496c000000-7f496c19d000 rw-p 00000000 00:00 0 
7f496c19d000-7f4970000000 ---p 00000000 00:00 0 
7f4970ab5000-7f4970ac4000 r-xp 00000000 08:02 9707414                    /usr/lib/x86_64-linux-gnu/libXi.so.6.1.0
7f4970ac4000-7f4970cc3000 ---p 0000f000 08:02 9707414                    /usr/lib/x86_64-linux-gnu/libXi.so.6.1.0
7f4970cc3000-7f4970cc4000 r--p 0000e000 08:02 9707414                    /usr/lib/x86_64-linux-gnu/libXi.so.6.1.0
7f4970cc4000-7f4970cc5000 rw-p 0000f000 08:02 9707414                    /usr/lib/x86_64-linux-gnu/libXi.so.6.1.0
7f4970cc5000-7f4970cca000 r-xp 00000000 08:02 9707432                    /usr/lib/x86_64-linux-gnu/libXtst.so.6.1.0
7f4970cca000-7f4970ec9000 ---p 00005000 08:02 9707432                    /usr/lib/x86_64-linux-gnu/libXtst.so.6.1.0
7f4970ec9000-7f4970eca000 r--p 00004000 08:02 9707432                    /usr/lib/x86_64-linux-gnu/libXtst.so.6.1.0
7f4970eca000-7f4970ecb000 rw-p 00005000 08:02 9707432                    /usr/lib/x86_64-linux-gnu/libXtst.so.6.1.0
7f4970ecd000-7f4970f21000 r-xp 00000000 08:02 11284722                   /usr/lib/jvm/java-8-openjdk-amd64/jre/lib/amd64/libawt_xawt.so
7f4970f21000-7f4971121000 ---p 00054000 08:02 11284722                   /usr/lib/jvm/java-8-openjdk-amd64/jre/lib/amd64/libawt_xawt.so
7f4971121000-7f4971122000 r--p 00054000 08:02 11284722                   /usr/lib/jvm/java-8-openjdk-amd64/jre/lib/amd64/libawt_xawt.so
7f4971122000-7f4971125000 rw-p 00055000 08:02 11284722                   /usr/lib/jvm/java-8-openjdk-amd64/jre/lib/amd64/libawt_xawt.so
7f4971125000-7f4971126000 rw-p 00000000 00:00 0 
7f497112d000-7f49711cd000 r-xp 00000000 08:02 11284729                   /usr/lib/jvm/java-8-openjdk-amd64/jre/lib/amd64/libawt.so
7f49711cd000-7f49713cd000 ---p 000a0000 08:02 11284729                   /usr/lib/jvm/java-8-openjdk-amd64/jre/lib/amd64/libawt.so
7f49713cd000-7f49713ce000 r--p 000a0000 08:02 11284729                   /usr/lib/jvm/java-8-openjdk-amd64/jre/lib/amd64/libawt.so
7f49713ce000-7f49713d9000 rw-p 000a1000 08:02 11284729                   /usr/lib/jvm/java-8-openjdk-amd64/jre/lib/amd64/libawt.so
7f49713d9000-7f49713fe000 rw-p 00000000 00:00 0 
7f4971400000-7f4971600000 rw-p 00000000 00:00 0 
7f4971665000-7f4971744000 r-xp 00000000 08:02 10751542                   /tmp/sqlite-3.14.2.1-94f725f5-c5cf-4b7e-9125-2dee7d60ff42-libsqlitejdbc.so
7f4971744000-7f4971944000 ---p 000df000 08:02 10751542                   /tmp/sqlite-3.14.2.1-94f725f5-c5cf-4b7e-9125-2dee7d60ff42-libsqlitejdbc.so
7f4971944000-7f4971949000 rw-p 000df000 08:02 10751542                   /tmp/sqlite-3.14.2.1-94f725f5-c5cf-4b7e-9125-2dee7d60ff42-libsqlitejdbc.so
7f4971949000-7f4971b49000 rw-p 00000000 00:00 0 
7f4971b49000-7f4971b4a000 ---p 00000000 00:00 0 
7f4971b4a000-7f497234a000 rw-p 00000000 00:00 0 
7f497234a000-7f497234b000 ---p 00000000 00:00 0 
7f497234b000-7f4972b4b000 rw-p 00000000 00:00 0 
7f4972b4b000-7f4972b4c000 ---p 00000000 00:00 0 
7f4972b4c000-7f497334c000 rw-p 00000000 00:00 0 
7f497334c000-7f497334d000 ---p 00000000 00:00 0 
7f497334d000-7f4973b4d000 rw-p 00000000 00:00 0 
7f4973b4d000-7f4973b84000 r-xp 00000000 08:02 9708578                    /usr/lib/x86_64-linux-gnu/libtxc_dxtn_s2tc.so.0.0.0
7f4973b84000-7f4973d83000 ---p 00037000 08:02 9708578                    /usr/lib/x86_64-linux-gnu/libtxc_dxtn_s2tc.so.0.0.0
7f4973d83000-7f4973d84000 r--p 00036000 08:02 9708578                    /usr/lib/x86_64-linux-gnu/libtxc_dxtn_s2tc.so.0.0.0
7f4973d84000-7f4973d85000 rw-p 00037000 08:02 9708578                    /usr/lib/x86_64-linux-gnu/libtxc_dxtn_s2tc.so.0.0.0
7f4973d8c000-7f4973d8d000 ---p 00000000 00:00 0 
7f4973d8d000-7f497458d000 rw-p 00000000 00:00 0 
7f497458d000-7f49745a0000 r-xp 00000000 08:02 659870                     /lib/x86_64-linux-gnu/libbsd.so.0.8.2
7f49745a0000-7f497479f000 ---p 00013000 08:02 659870                     /lib/x86_64-linux-gnu/libbsd.so.0.8.2
7f497479f000-7f49747a0000 r--p 00012000 08:02 659870                     /lib/x86_64-linux-gnu/libbsd.so.0.8.2
7f49747a0000-7f49747a1000 rw-p 00013000 08:02 659870                     /lib/x86_64-linux-gnu/libbsd.so.0.8.2
7f49747a1000-7f49747a2000 rw-p 00000000 00:00 0 
7f49747a5000-7f49747ca000 r-xp 00000000 08:02 660046                     /lib/x86_64-linux-gnu/libtinfo.so.5.9
7f49747ca000-7f49749c9000 ---p 00025000 08:02 660046                     /lib/x86_64-linux-gnu/libtinfo.so.5.9
7f49749c9000-7f49749cd000 r--p 00024000 08:02 660046                     /lib/x86_64-linux-gnu/libtinfo.so.5.9
7f49749cd000-7f49749ce000 rw-p 00028000 08:02 660046                     /lib/x86_64-linux-gnu/libtinfo.so.5.9
7f49749d5000-7f4974a06000 r-xp 00000000 08:02 9707727                    /usr/lib/x86_64-linux-gnu/libedit.so.2.0.53
7f4974a06000-7f4974c06000 ---p 00031000 08:02 9707727                    /usr/lib/x86_64-linux-gnu/libedit.so.2.0.53
7f4974c06000-7f4974c08000 r--p 00031000 08:02 9707727                    /usr/lib/x86_64-linux-gnu/libedit.so.2.0.53
7f4974c08000-7f4974c09000 rw-p 00033000 08:02 9707727                    /usr/lib/x86_64-linux-gnu/libedit.so.2.0.53
7f4974c09000-7f4974c0d000 rw-p 00000000 00:00 0 
7f4974c0d000-7f4974c14000 r-xp 00000000 08:02 9707775                    /usr/lib/x86_64-linux-gnu/libffi.so.6.0.4
7f4974c14000-7f4974e13000 ---p 00007000 08:02 9707775                    /usr/lib/x86_64-linux-gnu/libffi.so.6.0.4
7f4974e13000-7f4974e14000 r--p 00006000 08:02 9707775                    /usr/lib/x86_64-linux-gnu/libffi.so.6.0.4
7f4974e14000-7f4974e15000 rw-p 00007000 08:02 9707775                    /usr/lib/x86_64-linux-gnu/libffi.so.6.0.4
7f4974e15000-7f4974e1d000 r-xp 00000000 08:02 9708340                    /usr/lib/x86_64-linux-gnu/libpciaccess.so.0.11.1
7f4974e1d000-7f497501d000 ---p 00008000 08:02 9708340                    /usr/lib/x86_64-linux-gnu/libpciaccess.so.0.11.1
7f497501d000-7f497501e000 r--p 00008000 08:02 9708340                    /usr/lib/x86_64-linux-gnu/libpciaccess.so.0.11.1
7f497501e000-7f497501f000 rw-p 00009000 08:02 9708340                    /usr/lib/x86_64-linux-gnu/libpciaccess.so.0.11.1
7f4975025000-7f49778a1000 r-xp 00000000 08:02 9700710                    /usr/lib/x86_64-linux-gnu/libLLVM-3.9.so.1
7f49778a1000-7f49778a2000 ---p 0287c000 08:02 9700710                    /usr/lib/x86_64-linux-gnu/libLLVM-3.9.so.1
7f49778a2000-7f4977b91000 r--p 0287c000 08:02 9700710                    /usr/lib/x86_64-linux-gnu/libLLVM-3.9.so.1
7f4977b91000-7f4977b94000 rw-p 02b6b000 08:02 9700710                    /usr/lib/x86_64-linux-gnu/libLLVM-3.9.so.1
7f4977b94000-7f4977bd8000 rw-p 00000000 00:00 0 
7f4977bdd000-7f4977bf4000 r-xp 00000000 08:02 9707732                    /usr/lib/x86_64-linux-gnu/libelf-0.165.so
7f4977bf4000-7f4977df3000 ---p 00017000 08:02 9707732                    /usr/lib/x86_64-linux-gnu/libelf-0.165.so
7f4977df3000-7f4977df4000 r--p 00016000 08:02 9707732                    /usr/lib/x86_64-linux-gnu/libelf-0.165.so
7f4977df4000-7f4977df5000 rw-p 00017000 08:02 9707732                    /usr/lib/x86_64-linux-gnu/libelf-0.165.so
7f4977df5000-7f4977dfe000 r-xp 00000000 08:02 9699592                    /usr/lib/x86_64-linux-gnu/libdrm_amdgpu.so.1.0.0
7f4977dfe000-7f4977ffd000 ---p 00009000 08:02 9699592                    /usr/lib/x86_64-linux-gnu/libdrm_amdgpu.so.1.0.0
7f4977ffd000-7f4977ffe000 r--p 00008000 08:02 9699592                    /usr/lib/x86_64-linux-gnu/libdrm_amdgpu.so.1.0.0
7f4977ffe000-7f4977fff000 rw-p 00009000 08:02 9699592                    /usr/lib/x86_64-linux-gnu/libdrm_amdgpu.so.1.0.0
7f4978000000-7f4978021000 rw-p 00000000 00:00 0 
7f4978021000-7f497c000000 ---p 00000000 00:00 0 
7f497c0dc000-7f497c0df000 ---p 00000000 00:00 0 
7f497c0df000-7f497c1dd000 rw-p 00000000 00:00 0 
7f497c1dd000-7f497c1e8000 r-xp 00000000 08:02 9700551                    /usr/lib/x86_64-linux-gnu/libdrm_radeon.so.1.0.1
7f497c1e8000-7f497c3e7000 ---p 0000b000 08:02 9700551                    /usr/lib/x86_64-linux-gnu/libdrm_radeon.so.1.0.1
7f497c3e7000-7f497c3e8000 r--p 0000a000 08:02 9700551                    /usr/lib/x86_64-linux-gnu/libdrm_radeon.so.1.0.1
7f497c3e8000-7f497c3e9000 rw-p 0000b000 08:02 9700551                    /usr/lib/x86_64-linux-gnu/libdrm_radeon.so.1.0.1
7f497c3ed000-7f497c3f4000 r-xp 00000000 08:02 9699351                    /usr/lib/x86_64-linux-gnu/libdrm_nouveau.so.2.0.0
7f497c3f4000-7f497c5f3000 ---p 00007000 08:02 9699351                    /usr/lib/x86_64-linux-gnu/libdrm_nouveau.so.2.0.0
7f497c5f3000-7f497c5f4000 r--p 00006000 08:02 9699351                    /usr/lib/x86_64-linux-gnu/libdrm_nouveau.so.2.0.0
7f497c5f4000-7f497c5f5000 rw-p 00007000 08:02 9699351                    /usr/lib/x86_64-linux-gnu/libdrm_nouveau.so.2.0.0
7f497c5f5000-7f497c617000 r-xp 00000000 08:02 9700378                    /usr/lib/x86_64-linux-gnu/libdrm_intel.so.1.0.0
7f497c617000-7f497c816000 ---p 00022000 08:02 9700378                    /usr/lib/x86_64-linux-gnu/libdrm_intel.so.1.0.0
7f497c816000-7f497c817000 r--p 00021000 08:02 9700378                    /usr/lib/x86_64-linux-gnu/libdrm_intel.so.1.0.0
7f497c817000-7f497c818000 rw-p 00022000 08:02 9700378                    /usr/lib/x86_64-linux-gnu/libdrm_intel.so.1.0.0
7f497c81d000-7f497c82b000 r-xp 00000000 08:02 9708472                    /usr/lib/x86_64-linux-gnu/libsensors.so.4.4.0
7f497c82b000-7f497ca2a000 ---p 0000e000 08:02 9708472                    /usr/lib/x86_64-linux-gnu/libsensors.so.4.4.0
7f497ca2a000-7f497ca2b000 r--p 0000d000 08:02 9708472                    /usr/lib/x86_64-linux-gnu/libsensors.so.4.4.0
7f497ca2b000-7f497ca2c000 rw-p 0000e000 08:02 9708472                    /usr/lib/x86_64-linux-gnu/libsensors.so.4.4.0
7f497ca2d000-7f497ca61000 r-xp 00000000 08:02 9708254                    /usr/lib/x86_64-linux-gnu/libnettle.so.6.2
7f497ca61000-7f497cc60000 ---p 00034000 08:02 9708254                    /usr/lib/x86_64-linux-gnu/libnettle.so.6.2
7f497cc60000-7f497cc62000 r--p 00033000 08:02 9708254                    /usr/lib/x86_64-linux-gnu/libnettle.so.6.2
7f497cc62000-7f497cc63000 rw-p 00035000 08:02 9708254                    /usr/lib/x86_64-linux-gnu/libnettle.so.6.2
7f497cc65000-7f497d680000 r-xp 00000000 08:02 9962205                    /usr/lib/x86_64-linux-gnu/dri/radeonsi_dri.so
7f497d680000-7f497d880000 ---p 00a1b000 08:02 9962205                    /usr/lib/x86_64-linux-gnu/dri/radeonsi_dri.so
7f497d880000-7f497d8bd000 r--p 00a1b000 08:02 9962205                    /usr/lib/x86_64-linux-gnu/dri/radeonsi_dri.so
7f497d8bd000-7f497d8c9000 rw-p 00a58000 08:02 9962205                    /usr/lib/x86_64-linux-gnu/dri/radeonsi_dri.so
7f497d8c9000-7f497dac1000 rw-p 00000000 00:00 0 
7f497dac5000-7f497dad3000 r-xp 00000000 08:02 9702276                    /usr/lib/x86_64-linux-gnu/libdrm.so.2.4.0
7f497dad3000-7f497dcd3000 ---p 0000e000 08:02 9702276                    /usr/lib/x86_64-linux-gnu/libdrm.so.2.4.0
7f497dcd3000-7f497dcd4000 r--p 0000e000 08:02 9702276                    /usr/lib/x86_64-linux-gnu/libdrm.so.2.4.0
7f497dcd4000-7f497dcd5000 rw-p 0000f000 08:02 9702276                    /usr/lib/x86_64-linux-gnu/libdrm.so.2.4.0
7f497dcd5000-7f497dcd9000 r-xp 00000000 08:02 9708739                    /usr/lib/x86_64-linux-gnu/libxcb-dri2.so.0.0.0
7f497dcd9000-7f497ded8000 ---p 00004000 08:02 9708739                    /usr/lib/x86_64-linux-gnu/libxcb-dri2.so.0.0.0
7f497ded8000-7f497ded9000 r--p 00003000 08:02 9708739                    /usr/lib/x86_64-linux-gnu/libxcb-dri2.so.0.0.0
7f497ded9000-7f497deda000 rw-p 00004000 08:02 9708739                    /usr/lib/x86_64-linux-gnu/libxcb-dri2.so.0.0.0
7f497dedd000-7f497def4000 r-xp 00000000 08:02 9708743                    /usr/lib/x86_64-linux-gnu/libxcb-glx.so.0.0.0
7f497def4000-7f497e0f3000 ---p 00017000 08:02 9708743                    /usr/lib/x86_64-linux-gnu/libxcb-glx.so.0.0.0
7f497e0f3000-7f497e0f5000 r--p 00016000 08:02 9708743                    /usr/lib/x86_64-linux-gnu/libxcb-glx.so.0.0.0
7f497e0f5000-7f497e0f6000 rw-p 00018000 08:02 9708743                    /usr/lib/x86_64-linux-gnu/libxcb-glx.so.0.0.0
7f497e0fd000-7f497e0fe000 r-xp 00000000 08:02 9707387                    /usr/lib/x86_64-linux-gnu/libX11-xcb.so.1.0.0
7f497e0fe000-7f497e2fd000 ---p 00001000 08:02 9707387                    /usr/lib/x86_64-linux-gnu/libX11-xcb.so.1.0.0
7f497e2fd000-7f497e2fe000 r--p 00000000 08:02 9707387                    /usr/lib/x86_64-linux-gnu/libX11-xcb.so.1.0.0
7f497e2fe000-7f497e2ff000 rw-p 00001000 08:02 9707387                    /usr/lib/x86_64-linux-gnu/libX11-xcb.so.1.0.0
7f497e305000-7f497e307000 r-xp 00000000 08:02 9707402                    /usr/lib/x86_64-linux-gnu/libXdamage.so.1.1.0
7f497e307000-7f497e506000 ---p 00002000 08:02 9707402                    /usr/lib/x86_64-linux-gnu/libXdamage.so.1.1.0
7f497e506000-7f497e507000 r--p 00001000 08:02 9707402                    /usr/lib/x86_64-linux-gnu/libXdamage.so.1.1.0
7f497e507000-7f497e508000 rw-p 00002000 08:02 9707402                    /usr/lib/x86_64-linux-gnu/libXdamage.so.1.1.0
7f497e50d000-7f497e537000 r-xp 00000000 08:02 9699676                    /usr/lib/x86_64-linux-gnu/libglapi.so.0.0.0
7f497e537000-7f497e736000 ---p 0002a000 08:02 9699676                    /usr/lib/x86_64-linux-gnu/libglapi.so.0.0.0
7f497e736000-7f497e73a000 r--p 00029000 08:02 9699676                    /usr/lib/x86_64-linux-gnu/libglapi.so.0.0.0
7f497e73a000-7f497e73b000 rw-p 0002d000 08:02 9699676                    /usr/lib/x86_64-linux-gnu/libglapi.so.0.0.0
7f497e73b000-7f497e73c000 rw-p 00000000 00:00 0 
7f497e73d000-7f497e73e000 r-xp 00000000 08:02 9708783                    /usr/lib/x86_64-linux-gnu/libxshmfence.so.1.0.0
7f497e73e000-7f497e93e000 ---p 00001000 08:02 9708783                    /usr/lib/x86_64-linux-gnu/libxshmfence.so.1.0.0
7f497e93e000-7f497e93f000 r--p 00001000 08:02 9708783                    /usr/lib/x86_64-linux-gnu/libxshmfence.so.1.0.0
7f497e93f000-7f497e940000 rw-p 00002000 08:02 9708783                    /usr/lib/x86_64-linux-gnu/libxshmfence.so.1.0.0
7f497e945000-7f497e94a000 r-xp 00000000 08:02 9708763                    /usr/lib/x86_64-linux-gnu/libxcb-sync.so.1.0.0
7f497e94a000-7f497eb4a000 ---p 00005000 08:02 9708763                    /usr/lib/x86_64-linux-gnu/libxcb-sync.so.1.0.0
7f497eb4a000-7f497eb4b000 r--p 00005000 08:02 9708763                    /usr/lib/x86_64-linux-gnu/libxcb-sync.so.1.0.0
7f497eb4b000-7f497eb4c000 rw-p 00006000 08:02 9708763                    /usr/lib/x86_64-linux-gnu/libxcb-sync.so.1.0.0
7f497eb4d000-7f497eb4f000 r-xp 00000000 08:02 9708751                    /usr/lib/x86_64-linux-gnu/libxcb-present.so.0.0.0
7f497eb4f000-7f497ed4e000 ---p 00002000 08:02 9708751                    /usr/lib/x86_64-linux-gnu/libxcb-present.so.0.0.0
7f497ed4e000-7f497ed4f000 r--p 00001000 08:02 9708751                    /usr/lib/x86_64-linux-gnu/libxcb-present.so.0.0.0
7f497ed4f000-7f497ed50000 rw-p 00002000 08:02 9708751                    /usr/lib/x86_64-linux-gnu/libxcb-present.so.0.0.0
7f497ed55000-7f497ed57000 r-xp 00000000 08:02 9708741                    /usr/lib/x86_64-linux-gnu/libxcb-dri3.so.0.0.0
7f497ed57000-7f497ef56000 ---p 00002000 08:02 9708741                    /usr/lib/x86_64-linux-gnu/libxcb-dri3.so.0.0.0
7f497ef56000-7f497ef57000 r--p 00001000 08:02 9708741                    /usr/lib/x86_64-linux-gnu/libxcb-dri3.so.0.0.0
7f497ef57000-7f497ef58000 rw-p 00002000 08:02 9708741                    /usr/lib/x86_64-linux-gnu/libxcb-dri3.so.0.0.0
7f497ef5d000-7f497ef83000 r-xp 00000000 08:02 661188                     /lib/x86_64-linux-gnu/libexpat.so.1.6.0
7f497ef83000-7f497f183000 ---p 00026000 08:02 661188                     /lib/x86_64-linux-gnu/libexpat.so.1.6.0
7f497f183000-7f497f185000 r--p 00026000 08:02 661188                     /lib/x86_64-linux-gnu/libexpat.so.1.6.0
7f497f185000-7f497f186000 rw-p 00028000 08:02 661188                     /lib/x86_64-linux-gnu/libexpat.so.1.6.0
7f497f18d000-7f497f1f9000 r-xp 00000000 08:02 9963453                    /usr/lib/x86_64-linux-gnu/mesa/libGL.so.1.2.0
7f497f1f9000-7f497f3f8000 ---p 0006c000 08:02 9963453                    /usr/lib/x86_64-linux-gnu/mesa/libGL.so.1.2.0
7f497f3f8000-7f497f3fb000 r--p 0006b000 08:02 9963453                    /usr/lib/x86_64-linux-gnu/mesa/libGL.so.1.2.0
7f497f3fb000-7f497f3fc000 rw-p 0006e000 08:02 9963453                    /usr/lib/x86_64-linux-gnu/mesa/libGL.so.1.2.0
7f497f3fc000-7f497f3fd000 rw-p 00000000 00:00 0 
7f497f400000-7f497f600000 rw-p 00000000 00:00 0 
7f497f6a4000-7f497f7a4000 rw-s 13c4d7000 00:06 369                       /dev/dri/renderD128
7f497f7a5000-7f497f7da000 r-xp 00000000 08:02 2493570                    /tmp/lwjgljimmy/3.0.1-build-25/libjemalloc.so
7f497f7da000-7f497f9d9000 ---p 00035000 08:02 2493570                    /tmp/lwjgljimmy/3.0.1-build-25/libjemalloc.so
7f497f9d9000-7f497f9dc000 r--p 00034000 08:02 2493570                    /tmp/lwjgljimmy/3.0.1-build-25/libjemalloc.so
7f497f9dc000-7f497f9dd000 rw-p 00037000 08:02 2493570                    /tmp/lwjgljimmy/3.0.1-build-25/libjemalloc.so
7f497f9dd000-7f497f9de000 rw-p 00000000 00:00 0 
7f497f9e5000-7f497f9ea000 r-xp 00000000 08:02 9707404                    /usr/lib/x86_64-linux-gnu/libXdmcp.so.6.0.0
7f497f9ea000-7f497fbe9000 ---p 00005000 08:02 9707404                    /usr/lib/x86_64-linux-gnu/libXdmcp.so.6.0.0
7f497fbe9000-7f497fbea000 r--p 00004000 08:02 9707404                    /usr/lib/x86_64-linux-gnu/libXdmcp.so.6.0.0
7f497fbea000-7f497fbeb000 rw-p 00005000 08:02 9707404                    /usr/lib/x86_64-linux-gnu/libXdmcp.so.6.0.0
7f497fbed000-7f497fbef000 r-xp 00000000 08:02 9707393                    /usr/lib/x86_64-linux-gnu/libXau.so.6.0.0
7f497fbef000-7f497fdef000 ---p 00002000 08:02 9707393                    /usr/lib/x86_64-linux-gnu/libXau.so.6.0.0
7f497fdef000-7f497fdf0000 r--p 00002000 08:02 9707393                    /usr/lib/x86_64-linux-gnu/libXau.so.6.0.0
7f497fdf0000-7f497fdf1000 rw-p 00003000 08:02 9707393                    /usr/lib/x86_64-linux-gnu/libXau.so.6.0.0
7f497fdf5000-7f497fdfa000 r-xp 00000000 08:02 9707408                    /usr/lib/x86_64-linux-gnu/libXfixes.so.3.1.0
7f497fdfa000-7f497fff9000 ---p 00005000 08:02 9707408                    /usr/lib/x86_64-linux-gnu/libXfixes.so.3.1.0
7f497fff9000-7f497fffa000 r--p 00004000 08:02 9707408                    /usr/lib/x86_64-linux-gnu/libXfixes.so.3.1.0
7f497fffa000-7f497fffb000 rw-p 00005000 08:02 9707408                    /usr/lib/x86_64-linux-gnu/libXfixes.so.3.1.0
7f4980000000-7f4980021000 rw-p 00000000 00:00 0 
7f4980021000-7f4984000000 ---p 00000000 00:00 0 
7f4984000000-7f4984021000 rw-p 00000000 00:00 0 
7f4984021000-7f4988000000 ---p 00000000 00:00 0 
7f4988000000-7f49880cb000 rw-p 00000000 00:00 0 
7f49880cb000-7f498c000000 ---p 00000000 00:00 0 
7f498c000000-7f498c2cf000 rw-p 00000000 00:00 0 
7f498c2cf000-7f4990000000 ---p 00000000 00:00 0 
7f4990000000-7f4990021000 rw-p 00000000 00:00 0 
7f4990021000-7f4994000000 ---p 00000000 00:00 0 
7f4994000000-7f4994127000 rw-p 00000000 00:00 0 
7f4994127000-7f4998000000 ---p 00000000 00:00 0 
7f4998000000-7f4998021000 rw-p 00000000 00:00 0 
7f4998021000-7f499c000000 ---p 00000000 00:00 0 
7f499c000000-7f499c021000 rw-p 00000000 00:00 0 
7f499c021000-7f49a0000000 ---p 00000000 00:00 0 
7f49a0000000-7f49a0021000 rw-p 00000000 00:00 0 
7f49a0021000-7f49a4000000 ---p 00000000 00:00 0 
7f49a4049000-7f49a4089000 rw-s 15f654000 00:06 369                       /dev/dri/renderD128
7f49a408f000-7f49a40fa000 rw-p 00000000 00:00 0 
7f49a40fa000-7f49a410a000 rw-s 12088d000 00:06 369                       /dev/dri/renderD128
7f49a410b000-7f49a411b000 rw-s 1207a6000 00:06 369                       /dev/dri/renderD128
7f49a4155000-7f49a415e000 r-xp 00000000 08:02 9707426                    /usr/lib/x86_64-linux-gnu/libXrender.so.1.3.0
7f49a415e000-7f49a435d000 ---p 00009000 08:02 9707426                    /usr/lib/x86_64-linux-gnu/libXrender.so.1.3.0
7f49a435d000-7f49a435e000 r--p 00008000 08:02 9707426                    /usr/lib/x86_64-linux-gnu/libXrender.so.1.3.0
7f49a435e000-7f49a435f000 rw-p 00009000 08:02 9707426                    /usr/lib/x86_64-linux-gnu/libXrender.so.1.3.0
7f49a4365000-7f49a4376000 r-xp 00000000 08:02 9707406                    /usr/lib/x86_64-linux-gnu/libXext.so.6.4.0
7f49a4376000-7f49a4575000 ---p 00011000 08:02 9707406                    /usr/lib/x86_64-linux-gnu/libXext.so.6.4.0
7f49a4575000-7f49a4576000 r--p 00010000 08:02 9707406                    /usr/lib/x86_64-linux-gnu/libXext.so.6.4.0
7f49a4576000-7f49a4577000 rw-p 00011000 08:02 9707406                    /usr/lib/x86_64-linux-gnu/libXext.so.6.4.0
7f49a457d000-7f49a459e000 r-xp 00000000 08:02 9708771                    /usr/lib/x86_64-linux-gnu/libxcb.so.1.1.0
7f49a459e000-7f49a479d000 ---p 00021000 08:02 9708771                    /usr/lib/x86_64-linux-gnu/libxcb.so.1.1.0
7f49a479d000-7f49a479e000 r--p 00020000 08:02 9708771                    /usr/lib/x86_64-linux-gnu/libxcb.so.1.1.0
7f49a479e000-7f49a479f000 rw-p 00021000 08:02 9708771                    /usr/lib/x86_64-linux-gnu/libxcb.so.1.1.0
7f49a47a5000-7f49a47ae000 r-xp 00000000 08:02 9707400                    /usr/lib/x86_64-linux-gnu/libXcursor.so.1.0.2
7f49a47ae000-7f49a49ad000 ---p 00009000 08:02 9707400                    /usr/lib/x86_64-linux-gnu/libXcursor.so.1.0.2
7f49a49ad000-7f49a49ae000 r--p 00008000 08:02 9707400                    /usr/lib/x86_64-linux-gnu/libXcursor.so.1.0.2
7f49a49ae000-7f49a49af000 rw-p 00009000 08:02 9707400                    /usr/lib/x86_64-linux-gnu/libXcursor.so.1.0.2
7f49a49b5000-7f49a49ba000 r-xp 00000000 08:02 9707442                    /usr/lib/x86_64-linux-gnu/libXxf86vm.so.1.0.0
7f49a49ba000-7f49a4bb9000 ---p 00005000 08:02 9707442                    /usr/lib/x86_64-linux-gnu/libXxf86vm.so.1.0.0
7f49a4bb9000-7f49a4bba000 r--p 00004000 08:02 9707442                    /usr/lib/x86_64-linux-gnu/libXxf86vm.so.1.0.0
7f49a4bba000-7f49a4bbb000 rw-p 00005000 08:02 9707442                    /usr/lib/x86_64-linux-gnu/libXxf86vm.so.1.0.0
7f49a4bbd000-7f49a4bbf000 r-xp 00000000 08:02 9707416                    /usr/lib/x86_64-linux-gnu/libXinerama.so.1.0.0
7f49a4bbf000-7f49a4dbe000 ---p 00002000 08:02 9707416                    /usr/lib/x86_64-linux-gnu/libXinerama.so.1.0.0
7f49a4dbe000-7f49a4dbf000 r--p 00001000 08:02 9707416                    /usr/lib/x86_64-linux-gnu/libXinerama.so.1.0.0
7f49a4dbf000-7f49a4dc0000 rw-p 00002000 08:02 9707416                    /usr/lib/x86_64-linux-gnu/libXinerama.so.1.0.0
7f49a4dc5000-7f49a4dcf000 r-xp 00000000 08:02 9707424                    /usr/lib/x86_64-linux-gnu/libXrandr.so.2.2.0
7f49a4dcf000-7f49a4fce000 ---p 0000a000 08:02 9707424                    /usr/lib/x86_64-linux-gnu/libXrandr.so.2.2.0
7f49a4fce000-7f49a4fcf000 r--p 00009000 08:02 9707424                    /usr/lib/x86_64-linux-gnu/libXrandr.so.2.2.0
7f49a4fcf000-7f49a4fd0000 rw-p 0000a000 08:02 9707424                    /usr/lib/x86_64-linux-gnu/libXrandr.so.2.2.0
7f49a4fd5000-7f49a510a000 r-xp 00000000 08:02 9707389                    /usr/lib/x86_64-linux-gnu/libX11.so.6.3.0
7f49a510a000-7f49a530a000 ---p 00135000 08:02 9707389                    /usr/lib/x86_64-linux-gnu/libX11.so.6.3.0
7f49a530a000-7f49a530b000 r--p 00135000 08:02 9707389                    /usr/lib/x86_64-linux-gnu/libX11.so.6.3.0
7f49a530b000-7f49a530f000 rw-p 00136000 08:02 9707389                    /usr/lib/x86_64-linux-gnu/libX11.so.6.3.0
7f49a531d000-7f49a531e000 rw-s 00000000 00:05 203105                     /memfd:xshmfence (deleted)
7f49a5323000-7f49a5333000 rw-s 120796000 00:06 369                       /dev/dri/renderD128
7f49a5335000-7f49a533c000 r--s 00000000 08:02 9964743                    /usr/lib/x86_64-linux-gnu/gconv/gconv-modules.cache
7f49a533d000-7f49a5357000 r-xp 00000000 08:02 2493569                    /tmp/lwjgljimmy/3.0.1-build-25/libglfw.so
7f49a5357000-7f49a5556000 ---p 0001a000 08:02 2493569                    /tmp/lwjgljimmy/3.0.1-build-25/libglfw.so
7f49a5556000-7f49a5557000 r--p 00019000 08:02 2493569                    /tmp/lwjgljimmy/3.0.1-build-25/libglfw.so
7f49a5557000-7f49a5558000 rw-p 0001a000 08:02 2493569                    /tmp/lwjgljimmy/3.0.1-build-25/libglfw.so
7f49a5558000-7f49a5559000 rw-p 00000000 00:00 0 
7f49a557d000-7f49a55b8000 r-xp 00000000 08:02 2493568                    /tmp/lwjgljimmy/3.0.1-build-25/liblwjgl.so
7f49a55b8000-7f49a57b7000 ---p 0003b000 08:02 2493568                    /tmp/lwjgljimmy/3.0.1-build-25/liblwjgl.so
7f49a57b7000-7f49a57b8000 rw-p 0003a000 08:02 2493568                    /tmp/lwjgljimmy/3.0.1-build-25/liblwjgl.so
7f49a57bd000-7f49a57ce000 r-xp 00000000 08:02 11284704                   /usr/lib/jvm/java-8-openjdk-amd64/jre/lib/amd64/libnio.so
7f49a57ce000-7f49a59ce000 ---p 00011000 08:02 11284704                   /usr/lib/jvm/java-8-openjdk-amd64/jre/lib/amd64/libnio.so
7f49a59ce000-7f49a59cf000 r--p 00011000 08:02 11284704                   /usr/lib/jvm/java-8-openjdk-amd64/jre/lib/amd64/libnio.so
7f49a59cf000-7f49a59d0000 rw-p 00012000 08:02 11284704                   /usr/lib/jvm/java-8-openjdk-amd64/jre/lib/amd64/libnio.so
7f49a59d4000-7f49a5cd5000 rw-p 00000000 00:00 0 
7f49a5cd5000-7f49a5cec000 r-xp 00000000 08:02 11284728                   /usr/lib/jvm/java-8-openjdk-amd64/jre/lib/amd64/libnet.so
7f49a5cec000-7f49a5eeb000 ---p 00017000 08:02 11284728                   /usr/lib/jvm/java-8-openjdk-amd64/jre/lib/amd64/libnet.so
7f49a5eeb000-7f49a5eec000 r--p 00016000 08:02 11284728                   /usr/lib/jvm/java-8-openjdk-amd64/jre/lib/amd64/libnet.so
7f49a5eec000-7f49a5eed000 rw-p 00017000 08:02 11284728                   /usr/lib/jvm/java-8-openjdk-amd64/jre/lib/amd64/libnet.so
7f49a5eed000-7f49a5eee000 r-xp 00000000 08:02 8265945                    /home/jimmy/Downloads/idea-IC-145.1617.8/bin/libbreakgen64.so
7f49a5eee000-7f49a60ed000 ---p 00001000 08:02 8265945                    /home/jimmy/Downloads/idea-IC-145.1617.8/bin/libbreakgen64.so
7f49a60ed000-7f49a60ee000 r--p 00000000 08:02 8265945                    /home/jimmy/Downloads/idea-IC-145.1617.8/bin/libbreakgen64.so
7f49a60ee000-7f49a60ef000 rw-p 00001000 08:02 8265945                    /home/jimmy/Downloads/idea-IC-145.1617.8/bin/libbreakgen64.so
7f49a60f0000-7f49a8000000 rw-p 00000000 00:00 0 
7f49a8000000-7f49a8021000 rw-p 00000000 00:00 0 
7f49a8021000-7f49ac000000 ---p 00000000 00:00 0 
7f49ac000000-7f49ac021000 rw-p 00000000 00:00 0 
7f49ac021000-7f49b0000000 ---p 00000000 00:00 0 
7f49b0000000-7f49b0021000 rw-p 00000000 00:00 0 
7f49b0021000-7f49b4000000 ---p 00000000 00:00 0 
7f49b4000000-7f49b4021000 rw-p 00000000 00:00 0 
7f49b4021000-7f49b8000000 ---p 00000000 00:00 0 
7f49b8005000-7f49b8006000 rw-s 00000000 00:05 204015                     /memfd:xshmfence (deleted)
7f49b8020000-7f49b8030000 rw-s 1602fb000 00:06 369                       /dev/dri/renderD128
7f49b8034000-7f49b8044000 rw-s 13c5d7000 00:06 369                       /dev/dri/renderD128
7f49b8044000-7f49b8048000 r--s 00097000 08:02 10881882                   /usr/lib/jvm/java-8-openjdk-amd64/jre/lib/jsse.jar
7f49b804a000-7f49b804d000 ---p 00000000 00:00 0 
7f49b804d000-7f49b814b000 rw-p 00000000 00:00 0 
7f49b814b000-7f49b814d000 r--s 0001e000 08:02 8265805                    /home/jimmy/Downloads/idea-IC-145.1617.8/lib/idea_rt.jar
7f49b8151000-7f49b8155000 r--s 0041c000 08:02 11410368                   /home/jimmy/IdeaProjects/TotalFantasyOpenGL/lib/sqlite-jdbc-3.14.2.1.jar
7f49b8159000-7f49b815a000 r--s 00014000 08:02 11016945                   /home/jimmy/IdeaProjects/lwjgl/lwjgl-xxhash/lwjgl-xxhash-natives-windows.jar
7f49b815d000-7f49b815e000 r--s 00000000 08:02 11016941                   /home/jimmy/IdeaProjects/lwjgl/lwjgl-xxhash/lwjgl-xxhash-natives-macos.jar
7f49b815e000-7f49b815f000 r--s 00001000 08:02 11016937                   /home/jimmy/IdeaProjects/lwjgl/lwjgl-xxhash/lwjgl-xxhash-natives-linux.jar
7f49b8160000-7f49b8161000 r--s 00003000 08:02 11016949                   /home/jimmy/IdeaProjects/lwjgl/lwjgl-xxhash/lwjgl-xxhash-sources.jar
7f49b8167000-7f49b8169000 r--s 00062000 08:02 11016933                   /home/jimmy/IdeaProjects/lwjgl/lwjgl-xxhash/lwjgl-xxhash-javadoc.jar
7f49b8169000-7f49b816a000 r--s 00004000 08:02 11016953                   /home/jimmy/IdeaProjects/lwjgl/lwjgl-xxhash/lwjgl-xxhash.jar
7f49b816e000-7f49b8173000 r--s 00091000 08:02 11016921                   /home/jimmy/IdeaProjects/lwjgl/lwjgl-vulkan/lwjgl-vulkan-sources.jar
7f49b8178000-7f49b8180000 r--s 00213000 08:02 11016917                   /home/jimmy/IdeaProjects/lwjgl/lwjgl-vulkan/lwjgl-vulkan-javadoc.jar
7f49b8186000-7f49b818f000 r--s 00091000 08:02 11016925                   /home/jimmy/IdeaProjects/lwjgl/lwjgl-vulkan/lwjgl-vulkan.jar
7f49b8192000-7f49b8193000 r--s 0002d000 08:02 11016893                   /home/jimmy/IdeaProjects/lwjgl/lwjgl-tinyfd/lwjgl-tinyfd-natives-windows.jar
7f49b8193000-7f49b8194000 r--s 00006000 08:02 11016889                   /home/jimmy/IdeaProjects/lwjgl/lwjgl-tinyfd/lwjgl-tinyfd-natives-macos.jar
7f49b8194000-7f49b8195000 r--s 00007000 08:02 11016885                   /home/jimmy/IdeaProjects/lwjgl/lwjgl-tinyfd/lwjgl-tinyfd-natives-linux.jar
7f49b8195000-7f49b8197000 r--s 00000000 08:02 11016897                   /home/jimmy/IdeaProjects/lwjgl/lwjgl-tinyfd/lwjgl-tinyfd-sources.jar
7f49b819c000-7f49b819e000 r--s 00057000 08:02 11016881                   /home/jimmy/IdeaProjects/lwjgl/lwjgl-tinyfd/lwjgl-tinyfd-javadoc.jar
7f49b819e000-7f49b819f000 r--s 00001000 08:02 11016901                   /home/jimmy/IdeaProjects/lwjgl/lwjgl-tinyfd/lwjgl-tinyfd.jar
7f49b81a6000-7f49b81a7000 r--s 00069000 08:02 11016865                   /home/jimmy/IdeaProjects/lwjgl/lwjgl-stb/lwjgl-stb-natives-windows.jar
7f49b81ad000-7f49b81ae000 r--s 00028000 08:02 11016861                   /home/jimmy/IdeaProjects/lwjgl/lwjgl-stb/lwjgl-stb-natives-macos.jar
7f49b81af000-7f49b81b0000 r--s 0002a000 08:02 11016857                   /home/jimmy/IdeaProjects/lwjgl/lwjgl-stb/lwjgl-stb-natives-linux.jar
7f49b81b7000-7f49b81b9000 r--s 00012000 08:02 11016869                   /home/jimmy/IdeaProjects/lwjgl/lwjgl-stb/lwjgl-stb-sources.jar
7f49b81bc000-7f49b81bf000 r--s 0008f000 08:02 11016853                   /home/jimmy/IdeaProjects/lwjgl/lwjgl-stb/lwjgl-stb-javadoc.jar
7f49b81bf000-7f49b81c1000 r--s 00012000 08:02 11016873                   /home/jimmy/IdeaProjects/lwjgl/lwjgl-stb/lwjgl-stb.jar
7f49b81c8000-7f49b81c9000 r--s 00013000 08:02 11016837                   /home/jimmy/IdeaProjects/lwjgl/lwjgl-sse/lwjgl-sse-natives-windows.jar
7f49b81cd000-7f49b81ce000 r--s 00000000 08:02 11016833                   /home/jimmy/IdeaProjects/lwjgl/lwjgl-sse/lwjgl-sse-natives-macos.jar
7f49b81d5000-7f49b81d6000 r--s 00000000 08:02 11016829                   /home/jimmy/IdeaProjects/lwjgl/lwjgl-sse/lwjgl-sse-natives-linux.jar
7f49b81dd000-7f49b81de000 r--s 00000000 08:02 11016841                   /home/jimmy/IdeaProjects/lwjgl/lwjgl-sse/lwjgl-sse-sources.jar
7f49b81e5000-7f49b81e7000 r--s 00058000 08:02 11016825                   /home/jimmy/IdeaProjects/lwjgl/lwjgl-sse/lwjgl-sse-javadoc.jar
7f49b81ed000-7f49b81ee000 r--s 00000000 08:02 11016845                   /home/jimmy/IdeaProjects/lwjgl/lwjgl-sse/lwjgl-sse.jar
7f49b81ee000-7f49b81ef000 r--s 00031000 08:02 11016809                   /home/jimmy/IdeaProjects/lwjgl/lwjgl-par/lwjgl-par-natives-windows.jar
7f49b81f1000-7f49b81f2000 r--s 00004000 08:02 11016805                   /home/jimmy/IdeaProjects/lwjgl/lwjgl-par/lwjgl-par-natives-macos.jar
7f49b81f2000-7f49b81f3000 r--s 00005000 08:02 11016801                   /home/jimmy/IdeaProjects/lwjgl/lwjgl-par/lwjgl-par-natives-linux.jar
7f49b81f6000-7f49b81f7000 r--s 00001000 08:02 11016813                   /home/jimmy/IdeaProjects/lwjgl/lwjgl-par/lwjgl-par-sources.jar
7f49b81f7000-7f49b81f9000 r--s 0005a000 08:02 11016797                   /home/jimmy/IdeaProjects/lwjgl/lwjgl-par/lwjgl-par-javadoc.jar
7f49b81fe000-7f49b8200000 r--s 00001000 08:02 11016817                   /home/jimmy/IdeaProjects/lwjgl/lwjgl-par/lwjgl-par.jar
7f49b8204000-7f49b8205000 r--s 0001f000 08:02 11016777                   /home/jimmy/IdeaProjects/lwjgl/lwjgl-ovr/lwjgl-ovr-natives-windows.jar
7f49b8208000-7f49b820a000 r--s 0001b000 08:02 11016781                   /home/jimmy/IdeaProjects/lwjgl/lwjgl-ovr/lwjgl-ovr-sources.jar
7f49b8210000-7f49b8213000 r--s 000bb000 08:02 11016773                   /home/jimmy/IdeaProjects/lwjgl/lwjgl-ovr/lwjgl-ovr-javadoc.jar
7f49b8215000-7f49b8218000 r--s 00020000 08:02 11016785                   /home/jimmy/IdeaProjects/lwjgl/lwjgl-ovr/lwjgl-ovr.jar
7f49b821f000-7f49b8224000 r--s 00052000 08:02 11016761                   /home/jimmy/IdeaProjects/lwjgl/lwjgl-opengles/lwjgl-opengles-sources.jar
7f49b8224000-7f49b822b000 r--s 0014f000 08:02 11016757                   /home/jimmy/IdeaProjects/lwjgl/lwjgl-opengles/lwjgl-opengles-javadoc.jar
7f49b822b000-7f49b8230000 r--s 0004e000 08:02 11016765                   /home/jimmy/IdeaProjects/lwjgl/lwjgl-opengles/lwjgl-opengles.jar
7f49b8234000-7f49b823d000 r--s 000ef000 08:02 11016741                   /home/jimmy/IdeaProjects/lwjgl/lwjgl-opengl/lwjgl-opengl-sources.jar
7f49b8244000-7f49b824e000 r--s 002bf000 08:02 11016737                   /home/jimmy/IdeaProjects/lwjgl/lwjgl-opengl/lwjgl-opengl-javadoc.jar
7f49b824e000-7f49b8258000 r--s 000c9000 08:02 11016745                   /home/jimmy/IdeaProjects/lwjgl/lwjgl-opengl/lwjgl-opengl.jar
7f49b825d000-7f49b8260000 r--s 00030000 08:02 11016721                   /home/jimmy/IdeaProjects/lwjgl/lwjgl-opencl/lwjgl-opencl-sources.jar
7f49b8265000-7f49b8269000 r--s 000d0000 08:02 11016717                   /home/jimmy/IdeaProjects/lwjgl/lwjgl-opencl/lwjgl-opencl-javadoc.jar
7f49b8270000-7f49b8274000 r--s 00023000 08:02 11016725                   /home/jimmy/IdeaProjects/lwjgl/lwjgl-opencl/lwjgl-opencl.jar
7f49b827b000-7f49b827c000 r--s 000b6000 08:02 11016693                   /home/jimmy/IdeaProjects/lwjgl/lwjgl-openal/lwjgl-openal-natives-windows.jar
7f49b8282000-7f49b8283000 r--s 0003d000 08:02 11016689                   /home/jimmy/IdeaProjects/lwjgl/lwjgl-openal/lwjgl-openal-natives-macos.jar
7f49b8289000-7f49b828a000 r--s 00044000 08:02 11016685                   /home/jimmy/IdeaProjects/lwjgl/lwjgl-openal/lwjgl-openal-natives-linux.jar
7f49b828d000-7f49b828f000 r--s 00010000 08:02 11016697                   /home/jimmy/IdeaProjects/lwjgl/lwjgl-openal/lwjgl-openal-sources.jar
7f49b8292000-7f49b8294000 r--s 0008d000 08:02 11016681                   /home/jimmy/IdeaProjects/lwjgl/lwjgl-openal/lwjgl-openal-javadoc.jar
7f49b8295000-7f49b8297000 r--s 00010000 08:02 11016701                   /home/jimmy/IdeaProjects/lwjgl/lwjgl-openal/lwjgl-openal.jar
7f49b829c000-7f49b829d000 r--s 0003f000 08:02 11016665                   /home/jimmy/IdeaProjects/lwjgl/lwjgl-nuklear/lwjgl-nuklear-natives-windows.jar
7f49b829d000-7f49b829e000 r--s 00020000 08:02 11016225                   /home/jimmy/IdeaProjects/lwjgl/lwjgl-nuklear/lwjgl-nuklear-natives-macos.jar
7f49b82a5000-7f49b82a6000 r--s 00020000 08:02 11016221                   /home/jimmy/IdeaProjects/lwjgl/lwjgl-nuklear/lwjgl-nuklear-natives-linux.jar
7f49b82ab000-7f49b82ae000 r--s 00036000 08:02 11016669                   /home/jimmy/IdeaProjects/lwjgl/lwjgl-nuklear/lwjgl-nuklear-sources.jar
7f49b82b0000-7f49b82b4000 r--s 0010b000 08:02 11016217                   /home/jimmy/IdeaProjects/lwjgl/lwjgl-nuklear/lwjgl-nuklear-javadoc.jar
7f49b82b7000-7f49b82bc000 r--s 00052000 08:02 11016673                   /home/jimmy/IdeaProjects/lwjgl/lwjgl-nuklear/lwjgl-nuklear.jar
7f49b82c3000-7f49b82c5000 r--s 0001e000 08:02 11016197                   /home/jimmy/IdeaProjects/lwjgl/lwjgl-nfd/lwjgl-nfd-natives-windows.jar
7f49b82c6000-7f49b82c7000 r--s 00001000 08:02 11016193                   /home/jimmy/IdeaProjects/lwjgl/lwjgl-nfd/lwjgl-nfd-natives-macos.jar
7f49b82ce000-7f49b82cf000 r--s 00001000 08:02 11016189                   /home/jimmy/IdeaProjects/lwjgl/lwjgl-nfd/lwjgl-nfd-natives-linux.jar
7f49b82d6000-7f49b82d7000 r--s 00001000 08:02 11016201                   /home/jimmy/IdeaProjects/lwjgl/lwjgl-nfd/lwjgl-nfd-sources.jar
7f49b82de000-7f49b82e0000 r--s 00059000 08:02 11016185                   /home/jimmy/IdeaProjects/lwjgl/lwjgl-nfd/lwjgl-nfd-javadoc.jar
7f49b82e6000-7f49b82e7000 r--s 00001000 08:02 11016205                   /home/jimmy/IdeaProjects/lwjgl/lwjgl-nfd/lwjgl-nfd.jar
7f49b82ee000-7f49b82ef000 r--s 00059000 08:02 11016165                   /home/jimmy/IdeaProjects/lwjgl/lwjgl-nanovg/lwjgl-nanovg-natives-windows.jar
7f49b82f0000-7f49b82f1000 r--s 0001b000 08:02 11016161                   /home/jimmy/IdeaProjects/lwjgl/lwjgl-nanovg/lwjgl-nanovg-natives-macos.jar
7f49b82f2000-7f49b82f3000 r--s 0001d000 08:02 11016157                   /home/jimmy/IdeaProjects/lwjgl/lwjgl-nanovg/lwjgl-nanovg-natives-linux.jar
7f49b82f5000-7f49b82f7000 r--s 00008000 08:02 11016169                   /home/jimmy/IdeaProjects/lwjgl/lwjgl-nanovg/lwjgl-nanovg-sources.jar
7f49b82fd000-7f49b82ff000 r--s 00070000 08:02 11016153                   /home/jimmy/IdeaProjects/lwjgl/lwjgl-nanovg/lwjgl-nanovg-javadoc.jar
7f49b8306000-7f49b8308000 r--s 00009000 08:02 11016173                   /home/jimmy/IdeaProjects/lwjgl/lwjgl-nanovg/lwjgl-nanovg.jar
7f49b8309000-7f49b830a000 r--s 0002c000 08:02 11016137                   /home/jimmy/IdeaProjects/lwjgl/lwjgl-lmdb/lwjgl-lmdb-natives-windows.jar
7f49b830a000-7f49b830b000 r--s 0000d000 08:02 11016133                   /home/jimmy/IdeaProjects/lwjgl/lwjgl-lmdb/lwjgl-lmdb-natives-macos.jar
7f49b8312000-7f49b8313000 r--s 0000d000 08:02 11016129                   /home/jimmy/IdeaProjects/lwjgl/lwjgl-lmdb/lwjgl-lmdb-natives-linux.jar
7f49b8315000-7f49b8316000 r--s 00008000 08:02 11016141                   /home/jimmy/IdeaProjects/lwjgl/lwjgl-lmdb/lwjgl-lmdb-sources.jar
7f49b8318000-7f49b831a000 r--s 0006b000 08:02 11016125                   /home/jimmy/IdeaProjects/lwjgl/lwjgl-lmdb/lwjgl-lmdb-javadoc.jar
7f49b831a000-7f49b831c000 r--s 00005000 08:02 11016145                   /home/jimmy/IdeaProjects/lwjgl/lwjgl-lmdb/lwjgl-lmdb.jar
7f49b8320000-7f49b8321000 r--s 0002b000 08:02 11016112                   /home/jimmy/IdeaProjects/lwjgl/lwjgl-jemalloc/lwjgl-jemalloc-natives-windows.jar
7f49b8321000-7f49b8322000 r--s 00014000 08:02 11015117                   /home/jimmy/IdeaProjects/lwjgl/lwjgl-jemalloc/lwjgl-jemalloc-natives-macos.jar
7f49b8325000-7f49b8326000 r--s 00018000 08:02 11015115                   /home/jimmy/IdeaProjects/lwjgl/lwjgl-jemalloc/lwjgl-jemalloc-natives-linux.jar
7f49b832a000-7f49b832c000 r--s 00005000 08:02 11016114                   /home/jimmy/IdeaProjects/lwjgl/lwjgl-jemalloc/lwjgl-jemalloc-sources.jar
7f49b8331000-7f49b8333000 r--s 0006c000 08:02 11015113                   /home/jimmy/IdeaProjects/lwjgl/lwjgl-jemalloc/lwjgl-jemalloc-javadoc.jar
7f49b8334000-7f49b8336000 r--s 00007000 08:02 11016116                   /home/jimmy/IdeaProjects/lwjgl/lwjgl-jemalloc/lwjgl-jemalloc.jar
7f49b8339000-7f49b833a000 r--s 00004000 08:02 11015105                   /home/jimmy/IdeaProjects/lwjgl/lwjgl-jawt/lwjgl-jawt-sources.jar
7f49b833b000-7f49b833d000 r--s 00066000 08:02 11015103                   /home/jimmy/IdeaProjects/lwjgl/lwjgl-jawt/lwjgl-jawt-javadoc.jar
7f49b8342000-7f49b8343000 r--s 00005000 08:02 11015107                   /home/jimmy/IdeaProjects/lwjgl/lwjgl-jawt/lwjgl-jawt.jar
7f49b8343000-7f49b8344000 r--s 00036000 08:02 11015095                   /home/jimmy/IdeaProjects/lwjgl/lwjgl-glfw/lwjgl-glfw-natives-windows.jar
7f49b8346000-7f49b8347000 r--s 00009000 08:02 11015093                   /home/jimmy/IdeaProjects/lwjgl/lwjgl-glfw/lwjgl-glfw-natives-macos.jar
7f49b8348000-7f49b8349000 r--s 0000b000 08:02 11015091                   /home/jimmy/IdeaProjects/lwjgl/lwjgl-glfw/lwjgl-glfw-natives-linux.jar
7f49b834e000-7f49b8350000 r--s 00011000 08:02 11015097                   /home/jimmy/IdeaProjects/lwjgl/lwjgl-glfw/lwjgl-glfw-sources.jar
7f49b8353000-7f49b8356000 r--s 00096000 08:02 11015089                   /home/jimmy/IdeaProjects/lwjgl/lwjgl-glfw/lwjgl-glfw-javadoc.jar
7f49b8359000-7f49b835c000 r--s 00014000 08:02 11015099                   /home/jimmy/IdeaProjects/lwjgl/lwjgl-glfw/lwjgl-glfw.jar
7f49b835f000-7f49b8362000 r--s 0001a000 08:02 11015078                   /home/jimmy/IdeaProjects/lwjgl/lwjgl-egl/lwjgl-egl-sources.jar
7f49b8367000-7f49b836b000 r--s 000b2000 08:02 11015077                   /home/jimmy/IdeaProjects/lwjgl/lwjgl-egl/lwjgl-egl-javadoc.jar
7f49b836e000-7f49b8371000 r--s 00019000 08:02 11015083                   /home/jimmy/IdeaProjects/lwjgl/lwjgl-egl/lwjgl-egl.jar
7f49b8372000-7f49b8373000 r--s 00035000 08:02 11013722                   /home/jimmy/IdeaProjects/lwjgl/lwjgl/lwjgl-natives-windows.jar
7f49b8376000-7f49b8377000 r--s 00009000 08:02 11013721                   /home/jimmy/IdeaProjects/lwjgl/lwjgl/lwjgl-natives-macos.jar
7f49b8379000-7f49b837a000 r--s 0000c000 08:02 11013719                   /home/jimmy/IdeaProjects/lwjgl/lwjgl/lwjgl-natives-linux.jar
7f49b8380000-7f49b8382000 r--s 00033000 08:02 11013724                   /home/jimmy/IdeaProjects/lwjgl/lwjgl/lwjgl-sources.jar
7f49b8387000-7f49b838c000 r--s 0010a000 08:02 11013693                   /home/jimmy/IdeaProjects/lwjgl/lwjgl/lwjgl-javadoc.jar
7f49b8393000-7f49b8398000 r--s 0003e000 08:02 11013725                   /home/jimmy/IdeaProjects/lwjgl/lwjgl/lwjgl.jar
7f49b839f000-7f49b83a0000 ---p 00000000 00:00 0 
7f49b83a0000-7f49b84a0000 rw-p 00000000 00:00 0 
7f49b84a0000-7f49b84a3000 ---p 00000000 00:00 0 
7f49b84a3000-7f49b85a1000 rw-p 00000000 00:00 0 
7f49b85a1000-7f49b85a4000 ---p 00000000 00:00 0 
7f49b85a4000-7f49b86a2000 rw-p 00000000 00:00 0 
7f49b86a2000-7f49b86a5000 ---p 00000000 00:00 0 
7f49b86a5000-7f49b87a3000 rw-p 00000000 00:00 0 
7f49b87a3000-7f49b87a6000 ---p 00000000 00:00 0 
7f49b87a6000-7f49b88a4000 rw-p 00000000 00:00 0 
7f49b88a4000-7f49b88a7000 ---p 00000000 00:00 0 
7f49b88a7000-7f49b89a5000 rw-p 00000000 00:00 0 
7f49b89a5000-7f49b8dfc000 r--p 00000000 08:02 9700121                    /usr/lib/locale/locale-archive
7f49b8dfe000-7f49b8e01000 ---p 00000000 00:00 0 
7f49b8e01000-7f49b8eff000 rw-p 00000000 00:00 0 
7f49b8eff000-7f49b8f02000 ---p 00000000 00:00 0 
7f49b8f02000-7f49b9000000 rw-p 00000000 00:00 0 
7f49b9000000-7f49b9310000 rwxp 00000000 00:00 0 
7f49b9310000-7f49c8000000 ---p 00000000 00:00 0 
7f49c8000000-7f49c8fb8000 rw-p 00000000 00:00 0 
7f49c8fb8000-7f49cc000000 ---p 00000000 00:00 0 
7f49cc006000-7f49cc008000 r--s 00061000 08:02 11410366                   /home/jimmy/IdeaProjects/TotalFantasyOpenGL/lib/joml-1.8.21.jar
7f49cc00b000-7f49cc01e000 r--s 00346000 08:02 10881248                   /usr/lib/jvm/java-8-openjdk-amd64/jre/lib/resources.jar
7f49cc025000-7f49cc026000 r--s 00000000 08:02 10881878                   /usr/lib/jvm/java-8-openjdk-amd64/jre/lib/management-agent.jar
7f49cc02c000-7f49cc030000 r--s 00097000 08:02 10881882                   /usr/lib/jvm/java-8-openjdk-amd64/jre/lib/jsse.jar
7f49cc032000-7f49cc035000 r--s 00015000 08:02 10881880                   /usr/lib/jvm/java-8-openjdk-amd64/jre/lib/jce.jar
7f49cc036000-7f49cc03b000 r--s 002f9000 08:02 10881877                   /usr/lib/jvm/java-8-openjdk-amd64/jre/lib/charsets.jar
7f49cc03f000-7f49cc040000 r--s 0000a000 08:02 11403826                   /usr/lib/jvm/java-8-openjdk-amd64/jre/lib/ext/jaccess.jar
7f49cc045000-7f49cc046000 r--s 00010000 08:02 11403832                   /usr/lib/jvm/java-8-openjdk-amd64/jre/lib/ext/zipfs.jar
7f49cc04c000-7f49cc050000 r--s 00037000 08:02 11403824                   /usr/lib/jvm/java-8-openjdk-amd64/jre/lib/ext/sunpkcs11.jar
7f49cc052000-7f49cc06d000 r--s 001d5000 08:02 11403820                   /usr/lib/jvm/java-8-openjdk-amd64/jre/lib/ext/nashorn.jar
7f49cc071000-7f49cc08c000 r--s 00394000 08:02 11403818                   /usr/lib/jvm/java-8-openjdk-amd64/jre/lib/ext/cldrdata.jar
7f49cc08d000-7f49cc08e000 ---p 00000000 00:00 0 
7f49cc08e000-7f49cd16e000 rw-p 00000000 00:00 0 
7f49cd16e000-7f49cd33c000 r--s 03bf1000 08:02 10881874                   /usr/lib/jvm/java-8-openjdk-amd64/jre/lib/rt.jar
7f49cd33c000-7f49cdda3000 rw-p 00000000 00:00 0 
7f49cdda3000-7f49cdda4000 ---p 00000000 00:00 0 
7f49cdda4000-7f49cdea4000 rw-p 00000000 00:00 0 
7f49cdea4000-7f49cdea5000 ---p 00000000 00:00 0 
7f49cdea5000-7f49cdfa5000 rw-p 00000000 00:00 0 
7f49cdfa5000-7f49cdfa6000 ---p 00000000 00:00 0 
7f49cdfa6000-7f49ce0a6000 rw-p 00000000 00:00 0 
7f49ce0a6000-7f49ce0a7000 ---p 00000000 00:00 0 
7f49ce0a7000-7f49ce1bd000 rw-p 00000000 00:00 0 
7f49ce1bd000-7f49ce2f3000 ---p 00000000 00:00 0 
7f49ce2f3000-7f49ce309000 rw-p 00000000 00:00 0 
7f49ce309000-7f49ce43e000 ---p 00000000 00:00 0 
7f49ce43e000-7f49ce451000 rw-p 00000000 00:00 0 
7f49ce451000-7f49ce4e4000 ---p 00000000 00:00 0 
7f49ce4e4000-7f49ce4f2000 rw-p 00000000 00:00 0 
7f49ce4f2000-7f49ce8a5000 ---p 00000000 00:00 0 
7f49ce8a5000-7f49ce8ad000 r-xp 00000000 08:02 11284709                   /usr/lib/jvm/java-8-openjdk-amd64/jre/lib/amd64/libzip.so
7f49ce8ad000-7f49ceaac000 ---p 00008000 08:02 11284709                   /usr/lib/jvm/java-8-openjdk-amd64/jre/lib/amd64/libzip.so
7f49ceaac000-7f49ceaad000 r--p 00007000 08:02 11284709                   /usr/lib/jvm/java-8-openjdk-amd64/jre/lib/amd64/libzip.so
7f49ceaad000-7f49ceaae000 rw-p 00008000 08:02 11284709                   /usr/lib/jvm/java-8-openjdk-amd64/jre/lib/amd64/libzip.so
7f49ceab5000-7f49ceac0000 r-xp 00000000 08:02 655605                     /lib/x86_64-linux-gnu/libnss_files-2.23.so
7f49ceac0000-7f49cecbf000 ---p 0000b000 08:02 655605                     /lib/x86_64-linux-gnu/libnss_files-2.23.so
7f49cecbf000-7f49cecc0000 r--p 0000a000 08:02 655605                     /lib/x86_64-linux-gnu/libnss_files-2.23.so
7f49cecc0000-7f49cecc1000 rw-p 0000b000 08:02 655605                     /lib/x86_64-linux-gnu/libnss_files-2.23.so
7f49cecc1000-7f49cecc7000 rw-p 00000000 00:00 0 
7f49ceccd000-7f49cecd8000 r-xp 00000000 08:02 655575                     /lib/x86_64-linux-gnu/libnss_nis-2.23.so
7f49cecd8000-7f49ceed7000 ---p 0000b000 08:02 655575                     /lib/x86_64-linux-gnu/libnss_nis-2.23.so
7f49ceed7000-7f49ceed8000 r--p 0000a000 08:02 655575                     /lib/x86_64-linux-gnu/libnss_nis-2.23.so
7f49ceed8000-7f49ceed9000 rw-p 0000b000 08:02 655575                     /lib/x86_64-linux-gnu/libnss_nis-2.23.so
7f49ceedd000-7f49ceef3000 r-xp 00000000 08:02 655599                     /lib/x86_64-linux-gnu/libnsl-2.23.so
7f49ceef3000-7f49cf0f2000 ---p 00016000 08:02 655599                     /lib/x86_64-linux-gnu/libnsl-2.23.so
7f49cf0f2000-7f49cf0f3000 r--p 00015000 08:02 655599                     /lib/x86_64-linux-gnu/libnsl-2.23.so
7f49cf0f3000-7f49cf0f4000 rw-p 00016000 08:02 655599                     /lib/x86_64-linux-gnu/libnsl-2.23.so
7f49cf0f4000-7f49cf0f6000 rw-p 00000000 00:00 0 
7f49cf0fd000-7f49cf105000 r-xp 00000000 08:02 655601                     /lib/x86_64-linux-gnu/libnss_compat-2.23.so
7f49cf105000-7f49cf304000 ---p 00008000 08:02 655601                     /lib/x86_64-linux-gnu/libnss_compat-2.23.so
7f49cf304000-7f49cf305000 r--p 00007000 08:02 655601                     /lib/x86_64-linux-gnu/libnss_compat-2.23.so
7f49cf305000-7f49cf306000 rw-p 00008000 08:02 655601                     /lib/x86_64-linux-gnu/libnss_compat-2.23.so
7f49cf30d000-7f49cf33a000 r-xp 00000000 08:02 11282370                   /usr/lib/jvm/java-8-openjdk-amd64/jre/lib/amd64/libjava.so
7f49cf33a000-7f49cf539000 ---p 0002d000 08:02 11282370                   /usr/lib/jvm/java-8-openjdk-amd64/jre/lib/amd64/libjava.so
7f49cf539000-7f49cf53a000 r--p 0002c000 08:02 11282370                   /usr/lib/jvm/java-8-openjdk-amd64/jre/lib/amd64/libjava.so
7f49cf53a000-7f49cf53c000 rw-p 0002d000 08:02 11282370                   /usr/lib/jvm/java-8-openjdk-amd64/jre/lib/amd64/libjava.so
7f49cf53d000-7f49cf54c000 r-xp 00000000 08:02 11284707                   /usr/lib/jvm/java-8-openjdk-amd64/jre/lib/amd64/libverify.so
7f49cf54c000-7f49cf74b000 ---p 0000f000 08:02 11284707                   /usr/lib/jvm/java-8-openjdk-amd64/jre/lib/amd64/libverify.so
7f49cf74b000-7f49cf74d000 r--p 0000e000 08:02 11284707                   /usr/lib/jvm/java-8-openjdk-amd64/jre/lib/amd64/libverify.so
7f49cf74d000-7f49cf74e000 rw-p 00010000 08:02 11284707                   /usr/lib/jvm/java-8-openjdk-amd64/jre/lib/amd64/libverify.so
7f49cf755000-7f49cf75c000 r-xp 00000000 08:02 655573                     /lib/x86_64-linux-gnu/librt-2.23.so
7f49cf75c000-7f49cf95b000 ---p 00007000 08:02 655573                     /lib/x86_64-linux-gnu/librt-2.23.so
7f49cf95b000-7f49cf95c000 r--p 00006000 08:02 655573                     /lib/x86_64-linux-gnu/librt-2.23.so
7f49cf95c000-7f49cf95d000 rw-p 00007000 08:02 655573                     /lib/x86_64-linux-gnu/librt-2.23.so
7f49cf95d000-7f49cf973000 r-xp 00000000 08:02 659912                     /lib/x86_64-linux-gnu/libgcc_s.so.1
7f49cf973000-7f49cfb72000 ---p 00016000 08:02 659912                     /lib/x86_64-linux-gnu/libgcc_s.so.1
7f49cfb72000-7f49cfb73000 rw-p 00015000 08:02 659912                     /lib/x86_64-linux-gnu/libgcc_s.so.1
7f49cfb75000-7f49cfc7d000 r-xp 00000000 08:02 655595                     /lib/x86_64-linux-gnu/libm-2.23.so
7f49cfc7d000-7f49cfe7c000 ---p 00108000 08:02 655595                     /lib/x86_64-linux-gnu/libm-2.23.so
7f49cfe7c000-7f49cfe7d000 r--p 00107000 08:02 655595                     /lib/x86_64-linux-gnu/libm-2.23.so
7f49cfe7d000-7f49cfe7e000 rw-p 00108000 08:02 655595                     /lib/x86_64-linux-gnu/libm-2.23.so
7f49cfe85000-7f49cfff7000 r-xp 00000000 08:02 9699525                    /usr/lib/x86_64-linux-gnu/libstdc++.so.6.0.21
7f49cfff7000-7f49d01f7000 ---p 00172000 08:02 9699525                    /usr/lib/x86_64-linux-gnu/libstdc++.so.6.0.21
7f49d01f7000-7f49d0201000 r--p 00172000 08:02 9699525                    /usr/lib/x86_64-linux-gnu/libstdc++.so.6.0.21
7f49d0201000-7f49d0203000 rw-p 0017c000 08:02 9699525                    /usr/lib/x86_64-linux-gnu/libstdc++.so.6.0.21
7f49d0203000-7f49d0207000 rw-p 00000000 00:00 0 
7f49d020d000-7f49d0e5c000 r-xp 00000000 08:02 11284710                   /usr/lib/jvm/java-8-openjdk-amd64/jre/lib/amd64/server/libjvm.so
7f49d0e5c000-7f49d105b000 ---p 00c4f000 08:02 11284710                   /usr/lib/jvm/java-8-openjdk-amd64/jre/lib/amd64/server/libjvm.so
7f49d105b000-7f49d10ee000 r--p 00c4e000 08:02 11284710                   /usr/lib/jvm/java-8-openjdk-amd64/jre/lib/amd64/server/libjvm.so
7f49d10ee000-7f49d1117000 rw-p 00ce1000 08:02 11284710                   /usr/lib/jvm/java-8-openjdk-amd64/jre/lib/amd64/server/libjvm.so
7f49d1117000-7f49d1147000 rw-p 00000000 00:00 0 
7f49d114d000-7f49d1165000 r-xp 00000000 08:02 655597                     /lib/x86_64-linux-gnu/libpthread-2.23.so
7f49d1165000-7f49d1364000 ---p 00018000 08:02 655597                     /lib/x86_64-linux-gnu/libpthread-2.23.so
7f49d1364000-7f49d1365000 r--p 00017000 08:02 655597                     /lib/x86_64-linux-gnu/libpthread-2.23.so
7f49d1365000-7f49d1366000 rw-p 00018000 08:02 655597                     /lib/x86_64-linux-gnu/libpthread-2.23.so
7f49d1366000-7f49d136a000 rw-p 00000000 00:00 0 
7f49d136d000-7f49d1370000 r-xp 00000000 08:02 655581                     /lib/x86_64-linux-gnu/libdl-2.23.so
7f49d1370000-7f49d156f000 ---p 00003000 08:02 655581                     /lib/x86_64-linux-gnu/libdl-2.23.so
7f49d156f000-7f49d1570000 r--p 00002000 08:02 655581                     /lib/x86_64-linux-gnu/libdl-2.23.so
7f49d1570000-7f49d1571000 rw-p 00003000 08:02 655581                     /lib/x86_64-linux-gnu/libdl-2.23.so
7f49d1575000-7f49d158e000 r-xp 00000000 08:02 660065                     /lib/x86_64-linux-gnu/libz.so.1.2.8
7f49d158e000-7f49d178d000 ---p 00019000 08:02 660065                     /lib/x86_64-linux-gnu/libz.so.1.2.8
7f49d178d000-7f49d178e000 r--p 00018000 08:02 660065                     /lib/x86_64-linux-gnu/libz.so.1.2.8
7f49d178e000-7f49d178f000 rw-p 00019000 08:02 660065                     /lib/x86_64-linux-gnu/libz.so.1.2.8
7f49d1795000-7f49d1954000 r-xp 00000000 08:02 655584                     /lib/x86_64-linux-gnu/libc-2.23.so
7f49d1954000-7f49d1b54000 ---p 001bf000 08:02 655584                     /lib/x86_64-linux-gnu/libc-2.23.so
7f49d1b54000-7f49d1b58000 r--p 001bf000 08:02 655584                     /lib/x86_64-linux-gnu/libc-2.23.so
7f49d1b58000-7f49d1b5a000 rw-p 001c3000 08:02 655584                     /lib/x86_64-linux-gnu/libc-2.23.so
7f49d1b5a000-7f49d1b5e000 rw-p 00000000 00:00 0 
7f49d1b65000-7f49d1b72000 r-xp 00000000 08:02 11284706                   /usr/lib/jvm/java-8-openjdk-amd64/jre/lib/amd64/jli/libjli.so
7f49d1b72000-7f49d1d72000 ---p 0000d000 08:02 11284706                   /usr/lib/jvm/java-8-openjdk-amd64/jre/lib/amd64/jli/libjli.so
7f49d1d72000-7f49d1d73000 r--p 0000d000 08:02 11284706                   /usr/lib/jvm/java-8-openjdk-amd64/jre/lib/amd64/jli/libjli.so
7f49d1d73000-7f49d1d74000 rw-p 0000e000 08:02 11284706                   /usr/lib/jvm/java-8-openjdk-amd64/jre/lib/amd64/jli/libjli.so
7f49d1d75000-7f49d1d9b000 r-xp 00000000 08:02 655561                     /lib/x86_64-linux-gnu/ld-2.23.so
7f49d1d9e000-7f49d1da0000 r--s 00001000 08:02 11403836                   /usr/lib/jvm/java-8-openjdk-amd64/jre/lib/ext/dnsns.jar
7f49d1da5000-7f49d1da7000 r--s 00008000 08:02 11403828                   /usr/lib/jvm/java-8-openjdk-amd64/jre/lib/ext/sunec.jar
7f49d1dab000-7f49d1db5000 r--s 00116000 08:02 11403830                   /usr/lib/jvm/java-8-openjdk-amd64/jre/lib/ext/localedata.jar
7f49d1db9000-7f49d1e71000 rw-p 00000000 00:00 0 
7f49d1e71000-7f49d1e74000 ---p 00000000 00:00 0 
7f49d1e74000-7f49d1f75000 rw-p 00000000 00:00 0 
7f49d1f7c000-7f49d1f7f000 r--s 0000f000 08:02 11403834                   /usr/lib/jvm/java-8-openjdk-amd64/jre/lib/ext/icedtea-sound.jar
7f49d1f80000-7f49d1f85000 r--s 0003b000 08:02 11403822                   /usr/lib/jvm/java-8-openjdk-amd64/jre/lib/ext/sunjce_provider.jar
7f49d1f85000-7f49d1f8d000 rw-s 00000000 08:02 1575711                    /tmp/hsperfdata_jimmy/5733
7f49d1f92000-7f49d1f94000 rwxp 00000000 00:00 0 
7f49d1f94000-7f49d1f95000 rw-p 00000000 00:00 0 
7f49d1f95000-7f49d1f96000 r--p 00000000 00:00 0 
7f49d1f96000-7f49d1f9a000 rw-p 00000000 00:00 0 
7f49d1f9a000-7f49d1f9b000 r--p 00025000 08:02 655561                     /lib/x86_64-linux-gnu/ld-2.23.so
7f49d1f9b000-7f49d1f9c000 rw-p 00026000 08:02 655561                     /lib/x86_64-linux-gnu/ld-2.23.so
7f49d1f9c000-7f49d1f9d000 rw-p 00000000 00:00 0 
7fffb2747000-7fffb276a000 rw-p 00000000 00:00 0                          [stack]
7fffb27d5000-7fffb27d7000 r--p 00000000 00:00 0                          [vvar]
7fffb27d7000-7fffb27d9000 r-xp 00000000 00:00 0                          [vdso]
ffffffffff600000-ffffffffff601000 r-xp 00000000 00:00 0                  [vsyscall]

VM Arguments:
jvm_args: -Didea.launcher.port=7533 -Didea.launcher.bin.path=/home/jimmy/Downloads/idea-IC-145.1617.8/bin -Dfile.encoding=UTF-8 
java_command: com.intellij.rt.execution.application.AppMain Main.Main
java_class_path (initial): /usr/lib/jvm/java-8-openjdk-amd64/jre/lib/charsets.jar:/usr/lib/jvm/java-8-openjdk-amd64/jre/lib/ext/cldrdata.jar:/usr/lib/jvm/java-8-openjdk-amd64/jre/lib/ext/dnsns.jar:/usr/lib/jvm/java-8-openjdk-amd64/jre/lib/ext/icedtea-sound.jar:/usr/lib/jvm/java-8-openjdk-amd64/jre/lib/ext/jaccess.jar:/usr/lib/jvm/java-8-openjdk-amd64/jre/lib/ext/localedata.jar:/usr/lib/jvm/java-8-openjdk-amd64/jre/lib/ext/nashorn.jar:/usr/lib/jvm/java-8-openjdk-amd64/jre/lib/ext/sunec.jar:/usr/lib/jvm/java-8-openjdk-amd64/jre/lib/ext/sunjce_provider.jar:/usr/lib/jvm/java-8-openjdk-amd64/jre/lib/ext/sunpkcs11.jar:/usr/lib/jvm/java-8-openjdk-amd64/jre/lib/ext/zipfs.jar:/usr/lib/jvm/java-8-openjdk-amd64/jre/lib/jce.jar:/usr/lib/jvm/java-8-openjdk-amd64/jre/lib/jsse.jar:/usr/lib/jvm/java-8-openjdk-amd64/jre/lib/management-agent.jar:/usr/lib/jvm/java-8-openjdk-amd64/jre/lib/resources.jar:/usr/lib/jvm/java-8-openjdk-amd64/jre/lib/rt.jar:/home/jimmy/IdeaProjects/TotalFantasyOpenGL/out/production/TotalFantasyOpenGL:/home/jimmy/IdeaProjects/TotalFantasyOpenGL/lib/joml-1.8.21.jar:/home/jimmy/IdeaProjects/lwjgl/lwjgl/lwjgl.jar:/home/jimmy/IdeaProjects/lwjgl/lwjgl/lwjgl-javadoc.jar:/home/jimmy/IdeaProjects/lwjgl/lwjgl/lwjgl-sources.jar:/home/jimmy/IdeaProjects/lwjgl/lwjgl/lwjgl-natives-linux.jar:/home/jimmy/IdeaProjects/lwjgl/lwjgl/lwjgl-natives-macos.jar:/home/jimmy/IdeaProjects/lwjgl/lwjgl/lwjgl-natives-windows.jar:/home/jimmy/IdeaProjects/lwjgl/lwjgl-egl/lwjgl-egl.jar:/home/jimmy/IdeaProjects/lwjgl/lwjgl-egl/lwjgl-egl-javadoc.jar:/home/jimmy/IdeaProjects/lwjgl/lwjgl-egl/lwjgl-egl-sources.jar:/home/jimmy/IdeaProjects/lwjgl/lwjgl-glfw/lwjgl-glfw.jar:/home/jimmy/IdeaProjects/lwjgl/lwjgl-glfw/lwjgl-glfw-javadoc.jar:/home/jimmy/IdeaProjects/lwjgl/lwjgl-glfw/lwjgl-glfw-sources.jar:/home/jimmy/IdeaProjects/lwjgl/lwjgl-glfw/lwjgl-glfw-natives-linux.jar:/home/jimmy/IdeaProjects/lwjgl/lwjgl-glfw/lwjgl-glfw-natives-macos.jar:/home/jimmy/IdeaProjects/lwjgl/lwjgl-glfw/lwjgl-glfw-native
Launcher Type: SUN_STANDARD

Environment Variables:
JAVA_HOME=/usr/local/java/jdk1.8.0_91
JRE_HOME=/usr/local/java/jre1.8.0_91
PATH=/usr/local/sbin:/usr/local/bin:/usr/sbin:/usr/bin:/sbin:/bin:/usr/games:/usr/local/games:/snap/bin:/usr/local/java/jre1.8.0_91/bin:/usr/local/java/jdk1.8.0_91/bin
LD_LIBRARY_PATH=/home/jimmy/Downloads/idea-IC-145.1617.8/bin:
SHELL=/bin/bash
DISPLAY=:0

Signal Handlers:
SIGSEGV: [libjvm.so+0xa65880], sa_mask[0]=11111111011111111101111111111110, sa_flags=SA_RESTART|SA_SIGINFO
SIGBUS: [libjvm.so+0xa65880], sa_mask[0]=11111111011111111101111111111110, sa_flags=SA_RESTART|SA_SIGINFO
SIGFPE: [libjvm.so+0x8af1c0], sa_mask[0]=11111111011111111101111111111110, sa_flags=SA_RESTART|SA_SIGINFO
SIGPIPE: [libjvm.so+0x8af1c0], sa_mask[0]=11111111011111111101111111111110, sa_flags=SA_RESTART|SA_SIGINFO
SIGXFSZ: [libjvm.so+0x8af1c0], sa_mask[0]=11111111011111111101111111111110, sa_flags=SA_RESTART|SA_SIGINFO
SIGILL: [libjvm.so+0x8af1c0], sa_mask[0]=11111111011111111101111111111110, sa_flags=SA_RESTART|SA_SIGINFO
SIGUSR1: SIG_DFL, sa_mask[0]=00000000000000000000000000000000, sa_flags=none
SIGUSR2: [libjvm.so+0x8af070], sa_mask[0]=00100000000000000000000000000000, sa_flags=SA_RESTART|SA_SIGINFO
SIGHUP: [libjvm.so+0x8af540], sa_mask[0]=11111111011111111101111111111110, sa_flags=SA_RESTART|SA_SIGINFO
SIGINT: [libjvm.so+0x8af540], sa_mask[0]=11111111011111111101111111111110, sa_flags=SA_RESTART|SA_SIGINFO
SIGTERM: [libjvm.so+0x8af540], sa_mask[0]=11111111011111111101111111111110, sa_flags=SA_RESTART|SA_SIGINFO
SIGQUIT: [libjvm.so+0x8af540], sa_mask[0]=11111111011111111101111111111110, sa_flags=SA_RESTART|SA_SIGINFO


---------------  S Y S T E M  ---------------

OS:DISTRIB_ID=Ubuntu
DISTRIB_RELEASE=16.04
DISTRIB_CODENAME=xenial
DISTRIB_DESCRIPTION="Ubuntu 16.04.1 LTS"

uname:Linux 4.4.0-57-generic #78-Ubuntu SMP Fri Dec 9 23:50:32 UTC 2016 x86_64
libc:glibc 2.23 NPTL 2.23 
rlimit: STACK 8192k, CORE 0k, NPROC 14625, NOFILE 65536, AS infinity
load average:1,47 1,47 1,30

/proc/meminfo:
MemTotal:        4070220 kB
MemFree:          280016 kB
MemAvailable:     811184 kB
Buffers:           24648 kB
Cached:           793632 kB
SwapCached:         4372 kB
Active:          2236220 kB
Inactive:        1279944 kB
Active(anon):    1949080 kB
Inactive(anon):   862752 kB
Active(file):     287140 kB
Inactive(file):   417192 kB
Unevictable:          32 kB
Mlocked:              32 kB
SwapTotal:       4151292 kB
SwapFree:        4104176 kB
Dirty:             15476 kB
Writeback:             0 kB
AnonPages:       2694184 kB
Mapped:           352424 kB
Shmem:            113384 kB
Slab:             103624 kB
SReclaimable:      63692 kB
SUnreclaim:        39932 kB
KernelStack:       10992 kB
PageTables:        48400 kB
NFS_Unstable:          0 kB
Bounce:                0 kB
WritebackTmp:          0 kB
CommitLimit:     6186400 kB
Committed_AS:    7160936 kB
VmallocTotal:   34359738367 kB
VmallocUsed:           0 kB
VmallocChunk:          0 kB
HardwareCorrupted:     0 kB
AnonHugePages:   1267712 kB
CmaTotal:              0 kB
CmaFree:               0 kB
HugePages_Total:       0
HugePages_Free:        0
HugePages_Rsvd:        0
HugePages_Surp:        0
Hugepagesize:       2048 kB
DirectMap4k:      215956 kB
DirectMap2M:     3936256 kB
DirectMap1G:           0 kB


CPU:total 4 (4 cores per cpu, 1 threads per core) family 21 model 48 stepping 1, cmov, cx8, fxsr, mmx, sse, sse2, sse3, ssse3, sse4.1, sse4.2, popcnt, avx, aes, clmul, mmxext, 3dnowpref, lzcnt, sse4a, tsc, tscinvbit, tscinv, bmi1

/proc/cpuinfo:
processor	: 0
vendor_id	: AuthenticAMD
cpu family	: 21
model		: 48
model name	: AMD Athlon(tm) X4 840 Quad Core Processor
stepping	: 1
microcode	: 0x6003106
cpu MHz		: 3100.000
cache size	: 2048 KB
physical id	: 0
siblings	: 4
core id		: 0
cpu cores	: 2
apicid		: 16
initial apicid	: 0
fpu		: yes
fpu_exception	: yes
cpuid level	: 13
wp		: yes
flags		: fpu vme de pse tsc msr pae mce cx8 apic sep mtrr pge mca cmov pat pse36 clflush mmx fxsr sse sse2 ht syscall nx mmxext fxsr_opt pdpe1gb rdtscp lm constant_tsc rep_good nopl nonstop_tsc extd_apicid aperfmperf eagerfpu pni pclmulqdq monitor ssse3 fma cx16 sse4_1 sse4_2 popcnt aes xsave avx f16c lahf_lm cmp_legacy svm extapic cr8_legacy abm sse4a misalignsse 3dnowprefetch osvw ibs xop skinit wdt lwp fma4 tce nodeid_msr tbm topoext perfctr_core perfctr_nb bpext cpb hw_pstate vmmcall fsgsbase bmi1 xsaveopt arat npt lbrv svm_lock nrip_save tsc_scale vmcb_clean flushbyasid decodeassists pausefilter pfthreshold
bugs		: fxsave_leak sysret_ss_attrs
bogomips	: 6188.43
TLB size	: 1536 4K pages
clflush size	: 64
cache_alignment	: 64
address sizes	: 48 bits physical, 48 bits virtual
power management: ts ttp tm 100mhzsteps hwpstate cpb eff_freq_ro [13]

processor	: 1
vendor_id	: AuthenticAMD
cpu family	: 21
model		: 48
model name	: AMD Athlon(tm) X4 840 Quad Core Processor
stepping	: 1
microcode	: 0x6003106
cpu MHz		: 3100.000
cache size	: 2048 KB
physical id	: 0
siblings	: 4
core id		: 1
cpu cores	: 2
apicid		: 17
initial apicid	: 1
fpu		: yes
fpu_exception	: yes
cpuid level	: 13
wp		: yes
flags		: fpu vme de pse tsc msr pae mce cx8 apic sep mtrr pge mca cmov pat pse36 clflush mmx fxsr sse sse2 ht syscall nx mmxext fxsr_opt pdpe1gb rdtscp lm constant_tsc rep_good nopl nonstop_tsc extd_apicid aperfmperf eagerfpu pni pclmulqdq monitor ssse3 fma cx16 sse4_1 sse4_2 popcnt aes xsave avx f16c lahf_lm cmp_legacy svm extapic cr8_legacy abm sse4a misalignsse 3dnowprefetch osvw ibs xop skinit wdt lwp fma4 tce nodeid_msr tbm topoext perfctr_core perfctr_nb bpext cpb hw_pstate vmmcall fsgsbase bmi1 xsaveopt arat npt lbrv svm_lock nrip_save tsc_scale vmcb_clean flushbyasid decodeassists pausefilter pfthreshold
bugs		: fxsave_leak sysret_ss_attrs
bogomips	: 6188.43
TLB size	: 1536 4K pages
clflush size	: 64
cache_alignment	: 64
address sizes	: 48 bits physical, 48 bits virtual
power management: ts ttp tm 100mhzsteps hwpstate cpb eff_freq_ro [13]

processor	: 2
vendor_id	: AuthenticAMD
cpu family	: 21
model		: 48
model name	: AMD Athlon(tm) X4 840 Quad Core Processor
stepping	: 1
microcode	: 0x6003106
cpu MHz		: 3100.000
cache size	: 2048 KB
physical id	: 0
siblings	: 4
core id		: 2
cpu cores	: 2
apicid		: 18
initial apicid	: 2
fpu		: yes
fpu_exception	: yes
cpuid level	: 13
wp		: yes
flags		: fpu vme de pse tsc msr pae mce cx8 apic sep mtrr pge mca cmov pat pse36 clflush mmx fxsr sse sse2 ht syscall nx mmxext fxsr_opt pdpe1gb rdtscp lm constant_tsc rep_good nopl nonstop_tsc extd_apicid aperfmperf eagerfpu pni pclmulqdq monitor ssse3 fma cx16 sse4_1 sse4_2 popcnt aes xsave avx f16c lahf_lm cmp_legacy svm extapic cr8_legacy abm sse4a misalignsse 3dnowprefetch osvw ibs xop skinit wdt lwp fma4 tce nodeid_msr tbm topoext perfctr_core perfctr_nb bpext cpb hw_pstate vmmcall fsgsbase bmi1 xsaveopt arat npt lbrv svm_lock nrip_save tsc_scale vmcb_clean flushbyasid decodeassists pausefilter pfthreshold
bugs		: fxsave_leak sysret_ss_attrs
bogomips	: 6188.43
TLB size	: 1536 4K pages
clflush size	: 64
cache_alignment	: 64
address sizes	: 48 bits physical, 48 bits virtual
power management: ts ttp tm 100mhzsteps hwpstate cpb eff_freq_ro [13]

processor	: 3
vendor_id	: AuthenticAMD
cpu family	: 21
model		: 48
model name	: AMD Athlon(tm) X4 840 Quad Core Processor
stepping	: 1
microcode	: 0x6003106
cpu MHz		: 3100.000
cache size	: 2048 KB
physical id	: 0
siblings	: 4
core id		: 3
cpu cores	: 2
apicid		: 19
initial apicid	: 3
fpu		: yes
fpu_exception	: yes
cpuid level	: 13
wp		: yes
flags		: fpu vme de pse tsc msr pae mce cx8 apic sep mtrr pge mca cmov pat pse36 clflush mmx fxsr sse sse2 ht syscall nx mmxext fxsr_opt pdpe1gb rdtscp lm constant_tsc rep_good nopl nonstop_tsc extd_apicid aperfmperf eagerfpu pni pclmulqdq monitor ssse3 fma cx16 sse4_1 sse4_2 popcnt aes xsave avx f16c lahf_lm cmp_legacy svm extapic cr8_legacy abm sse4a misalignsse 3dnowprefetch osvw ibs xop skinit wdt lwp fma4 tce nodeid_msr tbm topoext perfctr_core perfctr_nb bpext cpb hw_pstate vmmcall fsgsbase bmi1 xsaveopt arat npt lbrv svm_lock nrip_save tsc_scale vmcb_clean flushbyasid decodeassists pausefilter pfthreshold
bugs		: fxsave_leak sysret_ss_attrs
bogomips	: 6188.43
TLB size	: 1536 4K pages
clflush size	: 64
cache_alignment	: 64
address sizes	: 48 bits physical, 48 bits virtual
power management: ts ttp tm 100mhzsteps hwpstate cpb eff_freq_ro [13]



Memory: 4k page, physical 4070220k(280016k free), swap 4151292k(4104176k free)

vm_info: OpenJDK 64-Bit Server VM (25.111-b14) for linux-amd64 JRE (1.8.0_111-8u111-b14-2ubuntu0.16.04.2-b14), built on Oct 27 2016 18:10:19 by "buildd" with gcc 5.4.0 20160609

time: Thu Jan 12 05:20:11 2017
elapsed time: 2 seconds (0d 0h 0m 2s)

